Using pre-set license
Built from '2020.3/staging' branch; Version is '2020.3.18f1 (a7d1c678663c) revision 10998214'; Using compiler version '192528614'; Build Type 'Release'
OS: 'Windows 10 Home Single Language; OS build 22000.346; Version 2009; 64bit' Language: 'en' Physical Memory: 8070 MB
BatchMode: 1, IsHumanControllingUs: 0, StartBugReporterOnCrash: 0, Is64bit: 1, IsPro: 0

COMMAND LINE ARGUMENTS:
C:\Program Files\Unity\Hub\Editor\2020.3.18f1\Editor\Unity.exe
-adb2
-batchMode
-noUpm
-name
AssetImportWorker1
-projectPath
G:/Unity Games Projects/Git Repos/Ink-Shield-Clone/Ink Shield
-logFile
Logs/AssetImportWorker1.log
-srvPort
55058
Successfully changed project path to: G:/Unity Games Projects/Git Repos/Ink-Shield-Clone/Ink Shield
G:/Unity Games Projects/Git Repos/Ink-Shield-Clone/Ink Shield
Using Asset Import Pipeline V2.
Refreshing native plugins compatible for Editor in 161.95 ms, found 2 plugins.
Preloading 0 native plugins for Editor in 0.00 ms.
Initialize engine version: 2020.3.18f1 (a7d1c678663c)
[Subsystems] Discovering subsystems at path C:/Program Files/Unity/Hub/Editor/2020.3.18f1/Editor/Data/Resources/UnitySubsystems
[Subsystems] Discovering subsystems at path G:/Unity Games Projects/Git Repos/Ink-Shield-Clone/Ink Shield/Assets
GfxDevice: creating device client; threaded=0
Direct3D:
    Version:  Direct3D 11.0 [level 11.1]
    Renderer: Intel(R) UHD Graphics 620 (ID=0x3ea0)
    Vendor:   
    VRAM:     4035 MB
    Driver:   30.0.100.9976
Initialize mono
Mono path[0] = 'C:/Program Files/Unity/Hub/Editor/2020.3.18f1/Editor/Data/Managed'
Mono path[1] = 'C:/Program Files/Unity/Hub/Editor/2020.3.18f1/Editor/Data/MonoBleedingEdge/lib/mono/unityjit'
Mono config path = 'C:/Program Files/Unity/Hub/Editor/2020.3.18f1/Editor/Data/MonoBleedingEdge/etc'
Using monoOptions --debugger-agent=transport=dt_socket,embedding=1,server=y,suspend=n,address=127.0.0.1:56792
Begin MonoManager ReloadAssembly
Registering precompiled unity dll's ...
Register platform support module: C:/Program Files/Unity/Hub/Editor/2020.3.18f1/Editor/Data/PlaybackEngines/WindowsStandaloneSupport/UnityEditor.WindowsStandalone.Extensions.dll
Registered in 0.003316 seconds.
Native extension for WindowsStandalone target not found
Refreshing native plugins compatible for Editor in 109.01 ms, found 2 plugins.
Preloading 0 native plugins for Editor in 0.00 ms.
Mono: successfully reloaded assembly
- Completed reload, in 11.851 seconds
Domain Reload Profiling:
	ReloadAssembly (11851ms)
		BeginReloadAssembly (126ms)
			ExecutionOrderSort (0ms)
			DisableScriptedObjects (0ms)
			BackupInstance (0ms)
			ReleaseScriptingObjects (0ms)
			CreateAndSetChildDomain (1ms)
		EndReloadAssembly (949ms)
			LoadAssemblies (122ms)
			RebuildTransferFunctionScriptingTraits (0ms)
			SetupTypeCache (313ms)
			ReleaseScriptCaches (0ms)
			RebuildScriptCaches (84ms)
			SetupLoadedEditorAssemblies (393ms)
				LogAssemblyErrors (0ms)
				InitializePlatformSupportModulesInManaged (7ms)
				SetLoadedEditorAssemblies (0ms)
				RefreshPlugins (109ms)
				BeforeProcessingInitializeOnLoad (22ms)
				ProcessInitializeOnLoadAttributes (147ms)
				ProcessInitializeOnLoadMethodAttributes (106ms)
				AfterProcessingInitializeOnLoad (0ms)
				EditorAssembliesLoaded (1ms)
			ExecutionOrderSort2 (0ms)
			AwakeInstancesAfterBackupRestoration (0ms)
Platform modules already initialized, skipping
Registering precompiled user dll's ...
Registered in 0.016606 seconds.
Begin MonoManager ReloadAssembly
Native extension for WindowsStandalone target not found
Refreshing native plugins compatible for Editor in 166.41 ms, found 2 plugins.
Preloading 0 native plugins for Editor in 0.00 ms.
Mono: successfully reloaded assembly
- Completed reload, in  4.541 seconds
Domain Reload Profiling:
	ReloadAssembly (4543ms)
		BeginReloadAssembly (367ms)
			ExecutionOrderSort (0ms)
			DisableScriptedObjects (11ms)
			BackupInstance (0ms)
			ReleaseScriptingObjects (0ms)
			CreateAndSetChildDomain (46ms)
		EndReloadAssembly (4050ms)
			LoadAssemblies (189ms)
			RebuildTransferFunctionScriptingTraits (0ms)
			SetupTypeCache (613ms)
			ReleaseScriptCaches (1ms)
			RebuildScriptCaches (168ms)
			SetupLoadedEditorAssemblies (2520ms)
				LogAssemblyErrors (0ms)
				InitializePlatformSupportModulesInManaged (13ms)
				SetLoadedEditorAssemblies (3ms)
				RefreshPlugins (167ms)
				BeforeProcessingInitializeOnLoad (188ms)
				ProcessInitializeOnLoadAttributes (2117ms)
				ProcessInitializeOnLoadMethodAttributes (18ms)
				AfterProcessingInitializeOnLoad (14ms)
				EditorAssembliesLoaded (1ms)
			ExecutionOrderSort2 (0ms)
			AwakeInstancesAfterBackupRestoration (13ms)
Platform modules already initialized, skipping
========================================================================
Worker process is ready to serve import requests
Launched and connected shader compiler UnityShaderCompiler.exe after 0.09 seconds
Refreshing native plugins compatible for Editor in 4.66 ms, found 2 plugins.
Preloading 0 native plugins for Editor in 0.00 ms.
Unloading 3222 Unused Serialized files (Serialized files now loaded: 0)
System memory in use before: 155.5 MB.
System memory in use after: 155.7 MB.

Unloading 78 unused Assets to reduce memory usage. Loaded Objects now: 3624.
Total: 10.862600 ms (FindLiveObjects: 0.675200 ms CreateObjectMapping: 0.396600 ms MarkObjects: 9.596600 ms  DeleteObjects: 0.191000 ms)

AssetImportParameters requested are different than current active one (requested -> active):
  custom:framework-win-MediaFoundation: 216162199b28c13a410421893ffa2e32 -> 
  custom:video-decoder-ogg-theora: a1e56fd34408186e4bbccfd4996cb3dc -> 
  custom:container-muxer-webm: aa71ff27fc2769a1b78a27578f13a17b -> 
  custom:container-demuxer-webm: 4f35f7cbe854078d1ac9338744f61a02 -> 
  custom:container-demuxer-ogg: 62fdf1f143b41e24485cea50d1cbac27 -> 
  custom:video-encoder-webm-vp8: eb34c28f22e8b96e1ab97ce403110664 -> 
  custom:video-decoder-webm-vp8: 9c59270c3fd7afecdb556c50c9e8de78 -> 
  custom:audio-decoder-ogg-vorbis: bf7c407c2cedff20999df2af8eb42d56 -> 
  custom:audio-encoder-webm-vorbis: bf7c407c2cedff20999df2af8eb42d56 -> 
========================================================================
Received Prepare
Registering precompiled user dll's ...
Registered in 0.011406 seconds.
Begin MonoManager ReloadAssembly
Native extension for WindowsStandalone target not found
Refreshing native plugins compatible for Editor in 1.95 ms, found 2 plugins.
Preloading 0 native plugins for Editor in 0.00 ms.
Mono: successfully reloaded assembly
- Completed reload, in  2.871 seconds
Domain Reload Profiling:
	ReloadAssembly (2871ms)
		BeginReloadAssembly (203ms)
			ExecutionOrderSort (0ms)
			DisableScriptedObjects (11ms)
			BackupInstance (0ms)
			ReleaseScriptingObjects (0ms)
			CreateAndSetChildDomain (66ms)
		EndReloadAssembly (2541ms)
			LoadAssemblies (169ms)
			RebuildTransferFunctionScriptingTraits (0ms)
			SetupTypeCache (660ms)
			ReleaseScriptCaches (5ms)
			RebuildScriptCaches (125ms)
			SetupLoadedEditorAssemblies (1299ms)
				LogAssemblyErrors (0ms)
				InitializePlatformSupportModulesInManaged (10ms)
				SetLoadedEditorAssemblies (1ms)
				RefreshPlugins (2ms)
				BeforeProcessingInitializeOnLoad (237ms)
				ProcessInitializeOnLoadAttributes (1032ms)
				ProcessInitializeOnLoadMethodAttributes (8ms)
				AfterProcessingInitializeOnLoad (9ms)
				EditorAssembliesLoaded (1ms)
			ExecutionOrderSort2 (0ms)
			AwakeInstancesAfterBackupRestoration (19ms)
Platform modules already initialized, skipping
Switching build target platform(19) subTarget(0) extendedPlatform(0) -> platform(13) subTarget(537395200) extendedPlatform(0)
Refreshing native plugins compatible for Editor in 1.94 ms, found 2 plugins.
Preloading 0 native plugins for Editor in 0.00 ms.
Unloading 3098 Unused Serialized files (Serialized files now loaded: 0)
System memory in use before: 145.9 MB.
System memory in use after: 146.2 MB.

Unloading 73 unused Assets to reduce memory usage. Loaded Objects now: 3626.
Total: 6.868400 ms (FindLiveObjects: 0.493200 ms CreateObjectMapping: 0.219400 ms MarkObjects: 6.096000 ms  DeleteObjects: 0.057700 ms)

AssetImportParameters requested are different than current active one (requested -> active):
  custom:framework-win-MediaFoundation: 216162199b28c13a410421893ffa2e32 -> 
  custom:video-decoder-ogg-theora: a1e56fd34408186e4bbccfd4996cb3dc -> 
  custom:container-muxer-webm: aa71ff27fc2769a1b78a27578f13a17b -> 
  custom:container-demuxer-webm: 4f35f7cbe854078d1ac9338744f61a02 -> 
  custom:container-demuxer-ogg: 62fdf1f143b41e24485cea50d1cbac27 -> 
  custom:video-encoder-webm-vp8: eb34c28f22e8b96e1ab97ce403110664 -> 
  custom:video-decoder-webm-vp8: 9c59270c3fd7afecdb556c50c9e8de78 -> 
  custom:graphics/normal-map-encoding: 01000000000000000000000000000000 -> 02000000000000000000000000000000
  custom:audio-decoder-ogg-vorbis: bf7c407c2cedff20999df2af8eb42d56 -> 
  custom:audio-encoder-webm-vorbis: bf7c407c2cedff20999df2af8eb42d56 -> 
========================================================================
Received Prepare
Registering precompiled user dll's ...
Registered in 0.008611 seconds.
Begin MonoManager ReloadAssembly
Native extension for WindowsStandalone target not found
Refreshing native plugins compatible for Editor in 1.53 ms, found 2 plugins.
Preloading 0 native plugins for Editor in 0.00 ms.
Mono: successfully reloaded assembly
- Completed reload, in  2.664 seconds
Domain Reload Profiling:
	ReloadAssembly (2665ms)
		BeginReloadAssembly (196ms)
			ExecutionOrderSort (0ms)
			DisableScriptedObjects (7ms)
			BackupInstance (0ms)
			ReleaseScriptingObjects (0ms)
			CreateAndSetChildDomain (82ms)
		EndReloadAssembly (2371ms)
			LoadAssemblies (164ms)
			RebuildTransferFunctionScriptingTraits (0ms)
			SetupTypeCache (669ms)
			ReleaseScriptCaches (2ms)
			RebuildScriptCaches (94ms)
			SetupLoadedEditorAssemblies (1183ms)
				LogAssemblyErrors (0ms)
				InitializePlatformSupportModulesInManaged (9ms)
				SetLoadedEditorAssemblies (3ms)
				RefreshPlugins (2ms)
				BeforeProcessingInitializeOnLoad (208ms)
				ProcessInitializeOnLoadAttributes (944ms)
				ProcessInitializeOnLoadMethodAttributes (7ms)
				AfterProcessingInitializeOnLoad (11ms)
				EditorAssembliesLoaded (1ms)
			ExecutionOrderSort2 (0ms)
			AwakeInstancesAfterBackupRestoration (21ms)
Platform modules already initialized, skipping
Switching build target platform(19) subTarget(0) extendedPlatform(0) -> platform(13) subTarget(537395200) extendedPlatform(0)
Refreshing native plugins compatible for Editor in 2.05 ms, found 2 plugins.
Preloading 0 native plugins for Editor in 0.00 ms.
Unloading 3098 Unused Serialized files (Serialized files now loaded: 0)
System memory in use before: 146.0 MB.
System memory in use after: 146.2 MB.

Unloading 73 unused Assets to reduce memory usage. Loaded Objects now: 3628.
Total: 9.181100 ms (FindLiveObjects: 0.637500 ms CreateObjectMapping: 0.337400 ms MarkObjects: 8.127000 ms  DeleteObjects: 0.076400 ms)

AssetImportParameters requested are different than current active one (requested -> active):
  custom:framework-win-MediaFoundation: 216162199b28c13a410421893ffa2e32 -> 
  custom:video-decoder-ogg-theora: a1e56fd34408186e4bbccfd4996cb3dc -> 
  custom:container-muxer-webm: aa71ff27fc2769a1b78a27578f13a17b -> 
  custom:container-demuxer-webm: 4f35f7cbe854078d1ac9338744f61a02 -> 
  custom:container-demuxer-ogg: 62fdf1f143b41e24485cea50d1cbac27 -> 
  custom:video-encoder-webm-vp8: eb34c28f22e8b96e1ab97ce403110664 -> 
  custom:video-decoder-webm-vp8: 9c59270c3fd7afecdb556c50c9e8de78 -> 
  custom:graphics/normal-map-encoding: 01000000000000000000000000000000 -> 02000000000000000000000000000000
  custom:audio-decoder-ogg-vorbis: bf7c407c2cedff20999df2af8eb42d56 -> 
  custom:audio-encoder-webm-vorbis: bf7c407c2cedff20999df2af8eb42d56 -> 
========================================================================
Received Prepare
Registering precompiled user dll's ...
Registered in 0.008591 seconds.
Begin MonoManager ReloadAssembly
Native extension for WindowsStandalone target not found
Refreshing native plugins compatible for Editor in 1.52 ms, found 2 plugins.
Preloading 0 native plugins for Editor in 0.00 ms.
Mono: successfully reloaded assembly
- Completed reload, in  2.362 seconds
Domain Reload Profiling:
	ReloadAssembly (2363ms)
		BeginReloadAssembly (197ms)
			ExecutionOrderSort (0ms)
			DisableScriptedObjects (11ms)
			BackupInstance (0ms)
			ReleaseScriptingObjects (0ms)
			CreateAndSetChildDomain (65ms)
		EndReloadAssembly (2066ms)
			LoadAssemblies (164ms)
			RebuildTransferFunctionScriptingTraits (0ms)
			SetupTypeCache (604ms)
			ReleaseScriptCaches (2ms)
			RebuildScriptCaches (85ms)
			SetupLoadedEditorAssemblies (970ms)
				LogAssemblyErrors (0ms)
				InitializePlatformSupportModulesInManaged (7ms)
				SetLoadedEditorAssemblies (3ms)
				RefreshPlugins (2ms)
				BeforeProcessingInitializeOnLoad (163ms)
				ProcessInitializeOnLoadAttributes (780ms)
				ProcessInitializeOnLoadMethodAttributes (7ms)
				AfterProcessingInitializeOnLoad (8ms)
				EditorAssembliesLoaded (0ms)
			ExecutionOrderSort2 (0ms)
			AwakeInstancesAfterBackupRestoration (17ms)
Platform modules already initialized, skipping
Switching build target platform(19) subTarget(0) extendedPlatform(0) -> platform(13) subTarget(537395200) extendedPlatform(0)
Refreshing native plugins compatible for Editor in 3.08 ms, found 2 plugins.
Preloading 0 native plugins for Editor in 0.00 ms.
Unloading 3098 Unused Serialized files (Serialized files now loaded: 0)
System memory in use before: 146.0 MB.
System memory in use after: 146.3 MB.

Unloading 73 unused Assets to reduce memory usage. Loaded Objects now: 3630.
Total: 14.652500 ms (FindLiveObjects: 0.886500 ms CreateObjectMapping: 0.594100 ms MarkObjects: 13.002000 ms  DeleteObjects: 0.164900 ms)

AssetImportParameters requested are different than current active one (requested -> active):
  custom:framework-win-MediaFoundation: 216162199b28c13a410421893ffa2e32 -> 
  custom:video-decoder-ogg-theora: a1e56fd34408186e4bbccfd4996cb3dc -> 
  custom:container-muxer-webm: aa71ff27fc2769a1b78a27578f13a17b -> 
  custom:container-demuxer-webm: 4f35f7cbe854078d1ac9338744f61a02 -> 
  custom:container-demuxer-ogg: 62fdf1f143b41e24485cea50d1cbac27 -> 
  custom:video-encoder-webm-vp8: eb34c28f22e8b96e1ab97ce403110664 -> 
  custom:video-decoder-webm-vp8: 9c59270c3fd7afecdb556c50c9e8de78 -> 
  custom:graphics/normal-map-encoding: 01000000000000000000000000000000 -> 02000000000000000000000000000000
  custom:audio-decoder-ogg-vorbis: bf7c407c2cedff20999df2af8eb42d56 -> 
  custom:audio-encoder-webm-vorbis: bf7c407c2cedff20999df2af8eb42d56 -> 
========================================================================
Received Prepare
Registering precompiled user dll's ...
Registered in 0.011148 seconds.
Begin MonoManager ReloadAssembly
Native extension for WindowsStandalone target not found
Refreshing native plugins compatible for Editor in 1.86 ms, found 2 plugins.
Preloading 0 native plugins for Editor in 0.00 ms.
Mono: successfully reloaded assembly
- Completed reload, in  2.924 seconds
Domain Reload Profiling:
	ReloadAssembly (2924ms)
		BeginReloadAssembly (330ms)
			ExecutionOrderSort (0ms)
			DisableScriptedObjects (10ms)
			BackupInstance (0ms)
			ReleaseScriptingObjects (0ms)
			CreateAndSetChildDomain (129ms)
		EndReloadAssembly (2480ms)
			LoadAssemblies (244ms)
			RebuildTransferFunctionScriptingTraits (0ms)
			SetupTypeCache (714ms)
			ReleaseScriptCaches (3ms)
			RebuildScriptCaches (127ms)
			SetupLoadedEditorAssemblies (1101ms)
				LogAssemblyErrors (0ms)
				InitializePlatformSupportModulesInManaged (10ms)
				SetLoadedEditorAssemblies (1ms)
				RefreshPlugins (2ms)
				BeforeProcessingInitializeOnLoad (181ms)
				ProcessInitializeOnLoadAttributes (886ms)
				ProcessInitializeOnLoadMethodAttributes (9ms)
				AfterProcessingInitializeOnLoad (11ms)
				EditorAssembliesLoaded (1ms)
			ExecutionOrderSort2 (0ms)
			AwakeInstancesAfterBackupRestoration (25ms)
Platform modules already initialized, skipping
Switching build target platform(19) subTarget(0) extendedPlatform(0) -> platform(13) subTarget(537395200) extendedPlatform(0)
Refreshing native plugins compatible for Editor in 2.06 ms, found 2 plugins.
Preloading 0 native plugins for Editor in 0.00 ms.
Unloading 3098 Unused Serialized files (Serialized files now loaded: 0)
System memory in use before: 146.0 MB.
System memory in use after: 146.3 MB.

Unloading 73 unused Assets to reduce memory usage. Loaded Objects now: 3632.
Total: 7.461200 ms (FindLiveObjects: 0.513100 ms CreateObjectMapping: 0.289200 ms MarkObjects: 6.586100 ms  DeleteObjects: 0.070600 ms)

AssetImportParameters requested are different than current active one (requested -> active):
  custom:framework-win-MediaFoundation: 216162199b28c13a410421893ffa2e32 -> 
  custom:video-decoder-ogg-theora: a1e56fd34408186e4bbccfd4996cb3dc -> 
  custom:container-muxer-webm: aa71ff27fc2769a1b78a27578f13a17b -> 
  custom:container-demuxer-webm: 4f35f7cbe854078d1ac9338744f61a02 -> 
  custom:container-demuxer-ogg: 62fdf1f143b41e24485cea50d1cbac27 -> 
  custom:video-encoder-webm-vp8: eb34c28f22e8b96e1ab97ce403110664 -> 
  custom:video-decoder-webm-vp8: 9c59270c3fd7afecdb556c50c9e8de78 -> 
  custom:graphics/normal-map-encoding: 01000000000000000000000000000000 -> 02000000000000000000000000000000
  custom:audio-decoder-ogg-vorbis: bf7c407c2cedff20999df2af8eb42d56 -> 
  custom:audio-encoder-webm-vorbis: bf7c407c2cedff20999df2af8eb42d56 -> 
========================================================================
Received Prepare
Registering precompiled user dll's ...
Registered in 0.010748 seconds.
Begin MonoManager ReloadAssembly
Native extension for WindowsStandalone target not found
Refreshing native plugins compatible for Editor in 1.97 ms, found 2 plugins.
Preloading 0 native plugins for Editor in 0.00 ms.
Mono: successfully reloaded assembly
- Completed reload, in  3.350 seconds
Domain Reload Profiling:
	ReloadAssembly (3350ms)
		BeginReloadAssembly (334ms)
			ExecutionOrderSort (0ms)
			DisableScriptedObjects (10ms)
			BackupInstance (0ms)
			ReleaseScriptingObjects (0ms)
			CreateAndSetChildDomain (119ms)
		EndReloadAssembly (2857ms)
			LoadAssemblies (331ms)
			RebuildTransferFunctionScriptingTraits (0ms)
			SetupTypeCache (827ms)
			ReleaseScriptCaches (4ms)
			RebuildScriptCaches (150ms)
			SetupLoadedEditorAssemblies (1186ms)
				LogAssemblyErrors (0ms)
				InitializePlatformSupportModulesInManaged (10ms)
				SetLoadedEditorAssemblies (1ms)
				RefreshPlugins (2ms)
				BeforeProcessingInitializeOnLoad (211ms)
				ProcessInitializeOnLoadAttributes (939ms)
				ProcessInitializeOnLoadMethodAttributes (10ms)
				AfterProcessingInitializeOnLoad (12ms)
				EditorAssembliesLoaded (1ms)
			ExecutionOrderSort2 (0ms)
			AwakeInstancesAfterBackupRestoration (25ms)
Platform modules already initialized, skipping
Switching build target platform(19) subTarget(0) extendedPlatform(0) -> platform(13) subTarget(537395200) extendedPlatform(0)
Refreshing native plugins compatible for Editor in 2.18 ms, found 2 plugins.
Preloading 0 native plugins for Editor in 0.00 ms.
Unloading 3098 Unused Serialized files (Serialized files now loaded: 0)
System memory in use before: 146.1 MB.
System memory in use after: 146.3 MB.

Unloading 73 unused Assets to reduce memory usage. Loaded Objects now: 3634.
Total: 8.735200 ms (FindLiveObjects: 0.584900 ms CreateObjectMapping: 0.339400 ms MarkObjects: 7.738200 ms  DeleteObjects: 0.070300 ms)

AssetImportParameters requested are different than current active one (requested -> active):
  custom:framework-win-MediaFoundation: 216162199b28c13a410421893ffa2e32 -> 
  custom:video-decoder-ogg-theora: a1e56fd34408186e4bbccfd4996cb3dc -> 
  custom:container-muxer-webm: aa71ff27fc2769a1b78a27578f13a17b -> 
  custom:container-demuxer-webm: 4f35f7cbe854078d1ac9338744f61a02 -> 
  custom:container-demuxer-ogg: 62fdf1f143b41e24485cea50d1cbac27 -> 
  custom:video-encoder-webm-vp8: eb34c28f22e8b96e1ab97ce403110664 -> 
  custom:video-decoder-webm-vp8: 9c59270c3fd7afecdb556c50c9e8de78 -> 
  custom:graphics/normal-map-encoding: 01000000000000000000000000000000 -> 02000000000000000000000000000000
  custom:audio-decoder-ogg-vorbis: bf7c407c2cedff20999df2af8eb42d56 -> 
  custom:audio-encoder-webm-vorbis: bf7c407c2cedff20999df2af8eb42d56 -> 
========================================================================
Received Import Request.
  path: Assets/_Assets/Prefabs/pf_Wall.prefab
  artifactKey: Guid(f797313361d68064e838bfd6a3941ad7) Importer(815301076,1909f56bfc062723c751e8b465ee728b)
Start importing Assets/_Assets/Prefabs/pf_Wall.prefab using Guid(f797313361d68064e838bfd6a3941ad7) Importer(815301076,1909f56bfc062723c751e8b465ee728b)  -> (artifact id: 'e2100e0e1a9e70dcd3cd42684dd64e5a') in 0.564668 seconds 
  Import took 0.576214 seconds .

========================================================================
Received Import Request.
  Time since last request: 81.453556 seconds.
  path: Assets/_Assets/Animations/Wall/gfx Parent.controller
  artifactKey: Guid(965770981801b5f4c81b18471c8d7ffa) Importer(815301076,1909f56bfc062723c751e8b465ee728b)
Start importing Assets/_Assets/Animations/Wall/gfx Parent.controller using Guid(965770981801b5f4c81b18471c8d7ffa) Importer(815301076,1909f56bfc062723c751e8b465ee728b)  -> (artifact id: '9dae9eedabf489dc32c9c5dce2f03d75') in 0.018500 seconds 
  Import took 0.035517 seconds .

========================================================================
Received Import Request.
  Time since last request: 0.003683 seconds.
  path: Assets/_Assets/Animations/Wall/gfx Parent.controller
  artifactKey: Guid(965770981801b5f4c81b18471c8d7ffa) Importer(815301076,1909f56bfc062723c751e8b465ee728b)
Start importing Assets/_Assets/Animations/Wall/gfx Parent.controller using Guid(965770981801b5f4c81b18471c8d7ffa) Importer(815301076,1909f56bfc062723c751e8b465ee728b)  -> (artifact id: '9dae9eedabf489dc32c9c5dce2f03d75') in 0.009948 seconds 
  Import took 0.023630 seconds .

========================================================================
Received Import Request.
  Time since last request: 7.601798 seconds.
  path: Assets/_Assets/Animations/Wall/Wall Parent.controller
  artifactKey: Guid(965770981801b5f4c81b18471c8d7ffa) Importer(815301076,1909f56bfc062723c751e8b465ee728b)
Start importing Assets/_Assets/Animations/Wall/Wall Parent.controller using Guid(965770981801b5f4c81b18471c8d7ffa) Importer(815301076,1909f56bfc062723c751e8b465ee728b)  -> (artifact id: '64c334f20acdcc0ddecc3d9af798af0d') in 0.024506 seconds 
  Import took 0.045014 seconds .

========================================================================
Received Import Request.
  Time since last request: 2.117789 seconds.
  path: Assets/_Assets/Animations/Wall
  artifactKey: Guid(cdcb6351ebd72dc4d9a77b8f63a0f357) Importer(815301076,1909f56bfc062723c751e8b465ee728b)
Start importing Assets/_Assets/Animations/Wall using Guid(cdcb6351ebd72dc4d9a77b8f63a0f357) Importer(815301076,1909f56bfc062723c751e8b465ee728b)  -> (artifact id: '4dfa684119a8962ac4d714e78a709b42') in 0.006448 seconds 
  Import took 0.022516 seconds .

========================================================================
Received Import Request.
  Time since last request: 8.364134 seconds.
  path: Assets/_Assets/Animations/Wall/Wall GFX Animator.controller
  artifactKey: Guid(4253fedb2acaa4345a468b82a0016553) Importer(815301076,1909f56bfc062723c751e8b465ee728b)
Start importing Assets/_Assets/Animations/Wall/Wall GFX Animator.controller using Guid(4253fedb2acaa4345a468b82a0016553) Importer(815301076,1909f56bfc062723c751e8b465ee728b)  -> (artifact id: 'cbe0a96a28eaf18c2b96b1d1d4ac43f1') in 0.006660 seconds 
  Import took 0.019392 seconds .

========================================================================
Received Import Request.
  Time since last request: 220.218468 seconds.
  path: Assets/_Assets/Animations/Wall/New Wall Animations/New wall Grow.anim
  artifactKey: Guid(e248a68b01d0b1b44a7db43363ad2efa) Importer(815301076,1909f56bfc062723c751e8b465ee728b)
Start importing Assets/_Assets/Animations/Wall/New Wall Animations/New wall Grow.anim using Guid(e248a68b01d0b1b44a7db43363ad2efa) Importer(815301076,1909f56bfc062723c751e8b465ee728b)  -> (artifact id: 'fa9138ebe39b18ec3d517ed324f0c72b') in 0.021409 seconds 
  Import took 0.041351 seconds .

========================================================================
Received Import Request.
  Time since last request: 0.769991 seconds.
  path: Assets/_Assets/Animations/Wall/New Wall Animations/Wall Hide.anim
  artifactKey: Guid(557126d04a720f94486cfe4e73de3492) Importer(815301076,1909f56bfc062723c751e8b465ee728b)
Start importing Assets/_Assets/Animations/Wall/New Wall Animations/Wall Hide.anim using Guid(557126d04a720f94486cfe4e73de3492) Importer(815301076,1909f56bfc062723c751e8b465ee728b)  -> (artifact id: '010c5b8fcfd0da0d5e626b50ceff2a18') in 0.033322 seconds 
  Import took 0.046195 seconds .

========================================================================
Received Import Request.
  Time since last request: 14.227816 seconds.
  path: Assets/_Assets/Animations/Wall/New Wall Animations/Wall GFX Animator.controller
  artifactKey: Guid(4253fedb2acaa4345a468b82a0016553) Importer(815301076,1909f56bfc062723c751e8b465ee728b)
Start importing Assets/_Assets/Animations/Wall/New Wall Animations/Wall GFX Animator.controller using Guid(4253fedb2acaa4345a468b82a0016553) Importer(815301076,1909f56bfc062723c751e8b465ee728b)  -> (artifact id: '7bdd17e30d3937235921e2e26d3bb98f') in 0.009978 seconds 
  Import took 0.035251 seconds .

========================================================================
Received Import Request.
  Time since last request: 0.003245 seconds.
  path: Assets/_Assets/Animations/Wall/New Wall Animations/Wall GFX Animator.controller
  artifactKey: Guid(4253fedb2acaa4345a468b82a0016553) Importer(815301076,1909f56bfc062723c751e8b465ee728b)
Start importing Assets/_Assets/Animations/Wall/New Wall Animations/Wall GFX Animator.controller using Guid(4253fedb2acaa4345a468b82a0016553) Importer(815301076,1909f56bfc062723c751e8b465ee728b)  -> (artifact id: '7bdd17e30d3937235921e2e26d3bb98f') in 0.009652 seconds 
  Import took 0.021453 seconds .

========================================================================
Received Import Request.
  Time since last request: 53.482643 seconds.
  path: Assets/_Assets/Animations/Wall/New Wall Animations/Wall GFX Animator.controller
  artifactKey: Guid(4253fedb2acaa4345a468b82a0016553) Importer(815301076,1909f56bfc062723c751e8b465ee728b)
Start importing Assets/_Assets/Animations/Wall/New Wall Animations/Wall GFX Animator.controller using Guid(4253fedb2acaa4345a468b82a0016553) Importer(815301076,1909f56bfc062723c751e8b465ee728b)  -> (artifact id: 'e4587351d969b09d9b54da2fb6ed1f72') in 0.017275 seconds 
  Import took 0.078768 seconds .

========================================================================
Received Import Request.
  Time since last request: 31.983703 seconds.
  path: Assets/_Assets/Animations/Wall/Wall Grow.anim
  artifactKey: Guid(e822a7ae17122d94fb0361795724a431) Importer(815301076,1909f56bfc062723c751e8b465ee728b)
Start importing Assets/_Assets/Animations/Wall/Wall Grow.anim using Guid(e822a7ae17122d94fb0361795724a431) Importer(815301076,1909f56bfc062723c751e8b465ee728b)  -> (artifact id: 'b2a69334600e6dcb6f3fe13271b3fac6') in 0.006501 seconds 
  Import took 0.019206 seconds .

========================================================================
Received Import Request.
  Time since last request: 1.399613 seconds.
  path: Assets/_Assets/Animations/Wall/Wall Hide.anim
  artifactKey: Guid(c53c39378f03ec14ab699d8fe012f1d0) Importer(815301076,1909f56bfc062723c751e8b465ee728b)
Start importing Assets/_Assets/Animations/Wall/Wall Hide.anim using Guid(c53c39378f03ec14ab699d8fe012f1d0) Importer(815301076,1909f56bfc062723c751e8b465ee728b)  -> (artifact id: 'ae6696e0dddd82dc918946b962b403b2') in 0.006967 seconds 
  Import took 0.018496 seconds .

AssetImportWorkerClient::OnTransportError - code=2 error=End of file
