Using pre-set license
Built from '2020.3/staging' branch; Version is '2020.3.18f1 (a7d1c678663c) revision 10998214'; Using compiler version '192528614'; Build Type 'Release'
OS: 'Windows 10 Home Single Language; OS build 22000.346; Version 2009; 64bit' Language: 'en' Physical Memory: 8070 MB
BatchMode: 1, IsHumanControllingUs: 0, StartBugReporterOnCrash: 0, Is64bit: 1, IsPro: 0

COMMAND LINE ARGUMENTS:
C:\Program Files\Unity\Hub\Editor\2020.3.18f1\Editor\Unity.exe
-adb2
-batchMode
-noUpm
-name
AssetImportWorker0
-projectPath
G:/Unity Games Projects/Git Repos/Ink-Shield-Clone/Ink Shield
-logFile
Logs/AssetImportWorker0.log
-srvPort
63298
Successfully changed project path to: G:/Unity Games Projects/Git Repos/Ink-Shield-Clone/Ink Shield
G:/Unity Games Projects/Git Repos/Ink-Shield-Clone/Ink Shield
Using Asset Import Pipeline V2.
Refreshing native plugins compatible for Editor in 243.16 ms, found 2 plugins.
Preloading 0 native plugins for Editor in 0.00 ms.
Initialize engine version: 2020.3.18f1 (a7d1c678663c)
[Subsystems] Discovering subsystems at path C:/Program Files/Unity/Hub/Editor/2020.3.18f1/Editor/Data/Resources/UnitySubsystems
[Subsystems] Discovering subsystems at path G:/Unity Games Projects/Git Repos/Ink-Shield-Clone/Ink Shield/Assets
GfxDevice: creating device client; threaded=0
Direct3D:
    Version:  Direct3D 11.0 [level 11.1]
    Renderer: Intel(R) UHD Graphics 620 (ID=0x3ea0)
    Vendor:   
    VRAM:     4035 MB
    Driver:   30.0.100.9976
Initialize mono
Mono path[0] = 'C:/Program Files/Unity/Hub/Editor/2020.3.18f1/Editor/Data/Managed'
Mono path[1] = 'C:/Program Files/Unity/Hub/Editor/2020.3.18f1/Editor/Data/MonoBleedingEdge/lib/mono/unityjit'
Mono config path = 'C:/Program Files/Unity/Hub/Editor/2020.3.18f1/Editor/Data/MonoBleedingEdge/etc'
Using monoOptions --debugger-agent=transport=dt_socket,embedding=1,server=y,suspend=n,address=127.0.0.1:56656
Begin MonoManager ReloadAssembly
Registering precompiled unity dll's ...
Register platform support module: C:/Program Files/Unity/Hub/Editor/2020.3.18f1/Editor/Data/PlaybackEngines/WindowsStandaloneSupport/UnityEditor.WindowsStandalone.Extensions.dll
Registered in 0.014976 seconds.
Native extension for WindowsStandalone target not found
Refreshing native plugins compatible for Editor in 125.10 ms, found 2 plugins.
Preloading 0 native plugins for Editor in 0.00 ms.
Mono: successfully reloaded assembly
- Completed reload, in  8.186 seconds
Domain Reload Profiling:
	ReloadAssembly (8187ms)
		BeginReloadAssembly (598ms)
			ExecutionOrderSort (0ms)
			DisableScriptedObjects (0ms)
			BackupInstance (0ms)
			ReleaseScriptingObjects (0ms)
			CreateAndSetChildDomain (3ms)
		EndReloadAssembly (1242ms)
			LoadAssemblies (588ms)
			RebuildTransferFunctionScriptingTraits (0ms)
			SetupTypeCache (605ms)
			ReleaseScriptCaches (0ms)
			RebuildScriptCaches (88ms)
			SetupLoadedEditorAssemblies (382ms)
				LogAssemblyErrors (0ms)
				InitializePlatformSupportModulesInManaged (10ms)
				SetLoadedEditorAssemblies (1ms)
				RefreshPlugins (125ms)
				BeforeProcessingInitializeOnLoad (25ms)
				ProcessInitializeOnLoadAttributes (153ms)
				ProcessInitializeOnLoadMethodAttributes (68ms)
				AfterProcessingInitializeOnLoad (0ms)
				EditorAssembliesLoaded (0ms)
			ExecutionOrderSort2 (0ms)
			AwakeInstancesAfterBackupRestoration (0ms)
Platform modules already initialized, skipping
Registering precompiled user dll's ...
Registered in 0.051614 seconds.
Begin MonoManager ReloadAssembly
Native extension for WindowsStandalone target not found
Refreshing native plugins compatible for Editor in 436.93 ms, found 2 plugins.
Preloading 0 native plugins for Editor in 0.00 ms.
Mono: successfully reloaded assembly
- Completed reload, in 12.341 seconds
Domain Reload Profiling:
	ReloadAssembly (12343ms)
		BeginReloadAssembly (430ms)
			ExecutionOrderSort (0ms)
			DisableScriptedObjects (15ms)
			BackupInstance (0ms)
			ReleaseScriptingObjects (0ms)
			CreateAndSetChildDomain (48ms)
		EndReloadAssembly (11573ms)
			LoadAssemblies (531ms)
			RebuildTransferFunctionScriptingTraits (0ms)
			SetupTypeCache (1736ms)
			ReleaseScriptCaches (3ms)
			RebuildScriptCaches (413ms)
			SetupLoadedEditorAssemblies (7369ms)
				LogAssemblyErrors (0ms)
				InitializePlatformSupportModulesInManaged (30ms)
				SetLoadedEditorAssemblies (1ms)
				RefreshPlugins (437ms)
				BeforeProcessingInitializeOnLoad (606ms)
				ProcessInitializeOnLoadAttributes (6225ms)
				ProcessInitializeOnLoadMethodAttributes (35ms)
				AfterProcessingInitializeOnLoad (33ms)
				EditorAssembliesLoaded (1ms)
			ExecutionOrderSort2 (0ms)
			AwakeInstancesAfterBackupRestoration (62ms)
Platform modules already initialized, skipping
========================================================================
Worker process is ready to serve import requests
Launched and connected shader compiler UnityShaderCompiler.exe after 0.28 seconds
Refreshing native plugins compatible for Editor in 2.35 ms, found 2 plugins.
Preloading 0 native plugins for Editor in 0.00 ms.
Unloading 3222 Unused Serialized files (Serialized files now loaded: 0)
System memory in use before: 155.4 MB.
System memory in use after: 155.6 MB.

Unloading 78 unused Assets to reduce memory usage. Loaded Objects now: 3624.
Total: 18.387000 ms (FindLiveObjects: 0.795000 ms CreateObjectMapping: 1.495900 ms MarkObjects: 15.272000 ms  DeleteObjects: 0.820700 ms)

AssetImportParameters requested are different than current active one (requested -> active):
  custom:framework-win-MediaFoundation: 216162199b28c13a410421893ffa2e32 -> 
  custom:video-decoder-ogg-theora: a1e56fd34408186e4bbccfd4996cb3dc -> 
  custom:container-muxer-webm: aa71ff27fc2769a1b78a27578f13a17b -> 
  custom:container-demuxer-webm: 4f35f7cbe854078d1ac9338744f61a02 -> 
  custom:container-demuxer-ogg: 62fdf1f143b41e24485cea50d1cbac27 -> 
  custom:video-encoder-webm-vp8: eb34c28f22e8b96e1ab97ce403110664 -> 
  custom:video-decoder-webm-vp8: 9c59270c3fd7afecdb556c50c9e8de78 -> 
  custom:audio-decoder-ogg-vorbis: bf7c407c2cedff20999df2af8eb42d56 -> 
  custom:audio-encoder-webm-vorbis: bf7c407c2cedff20999df2af8eb42d56 -> 
========================================================================
Received Import Request.
  path: Assets/_Assets/FBX/Player FBX/Death Animations/Character@Standing Death Forward 02.fbx
  artifactKey: Guid(843419f79eeebd042a12b93bf2322679) Importer(815301076,1909f56bfc062723c751e8b465ee728b)
Start importing Assets/_Assets/FBX/Player FBX/Death Animations/Character@Standing Death Forward 02.fbx using Guid(843419f79eeebd042a12b93bf2322679) Importer(815301076,1909f56bfc062723c751e8b465ee728b)  -> (artifact id: '8e1d80be3864d71e5acffb367a42eae0') in 0.279878 seconds 
  Import took 0.449163 seconds .

========================================================================
Received Import Request.
  Time since last request: 0.001402 seconds.
  path: Assets/_Assets/FBX/Player FBX/Death Animations/Character@Standing React Death Backward.fbx
  artifactKey: Guid(e9f0d935d0e031f4387b571b1d7471ad) Importer(815301076,1909f56bfc062723c751e8b465ee728b)
Start importing Assets/_Assets/FBX/Player FBX/Death Animations/Character@Standing React Death Backward.fbx using Guid(e9f0d935d0e031f4387b571b1d7471ad) Importer(815301076,1909f56bfc062723c751e8b465ee728b)  -> (artifact id: '2f969de0fbfa11439371870e359d6dbf') in 0.057749 seconds 
  Import took 0.249981 seconds .

========================================================================
Received Import Request.
  Time since last request: 42.639726 seconds.
  path: Assets/_Assets/FBX/Player FBX/Character In T-Pos.fbx
  artifactKey: Guid(94b554ddcab9b6749835163344be6443) Importer(815301076,1909f56bfc062723c751e8b465ee728b)
Start importing Assets/_Assets/FBX/Player FBX/Character In T-Pos.fbx using Guid(94b554ddcab9b6749835163344be6443) Importer(815301076,1909f56bfc062723c751e8b465ee728b)  -> (artifact id: '530363b14c3cc2596fc85d1877a8e881') in 0.979383 seconds 
  Import took 1.137127 seconds .

========================================================================
Received Import Request.
  Time since last request: 0.356207 seconds.
  path: Assets/_Assets/FBX/Player FBX/Character In T-Pos 1.fbx
  artifactKey: Guid(4e6c3c1592bd32646811d636623bb0b1) Importer(815301076,1909f56bfc062723c751e8b465ee728b)
Start importing Assets/_Assets/FBX/Player FBX/Character In T-Pos 1.fbx using Guid(4e6c3c1592bd32646811d636623bb0b1) Importer(815301076,1909f56bfc062723c751e8b465ee728b)  -> (artifact id: 'ddfdc7257d4ecdd7b01e19410b711071') in 0.116686 seconds 
  Import took 0.203088 seconds .

========================================================================
Received Import Request.
  Time since last request: 6.372560 seconds.
  path: Assets/_Assets/FBX/Player FBX/Character In T-Pos.fbx
  artifactKey: Guid(94b554ddcab9b6749835163344be6443) Importer(815301076,1909f56bfc062723c751e8b465ee728b)
Start importing Assets/_Assets/FBX/Player FBX/Character In T-Pos.fbx using Guid(94b554ddcab9b6749835163344be6443) Importer(815301076,1909f56bfc062723c751e8b465ee728b)  -> (artifact id: '0c962b35871d7139aa89ea09cde93e42') in 0.103820 seconds 
  Import took 0.306892 seconds .

========================================================================
Received Import Request.
  Time since last request: 7.476258 seconds.
  path: Assets/_Assets/FBX/Player FBX/Character In T-Pos.fbx
  artifactKey: Guid(94b554ddcab9b6749835163344be6443) Importer(815301076,1909f56bfc062723c751e8b465ee728b)
Start importing Assets/_Assets/FBX/Player FBX/Character In T-Pos.fbx using Guid(94b554ddcab9b6749835163344be6443) Importer(815301076,1909f56bfc062723c751e8b465ee728b)  -> (artifact id: '66495e5828fddbf6f8b7ef17c214256e') in 0.070792 seconds 
  Import took 0.214805 seconds .

========================================================================
Received Import Request.
  Time since last request: 4.123569 seconds.
  path: Assets/_Assets/FBX/Player FBX/Death Animations/Character@Standing Death Forward 02.fbx
  artifactKey: Guid(843419f79eeebd042a12b93bf2322679) Importer(815301076,1909f56bfc062723c751e8b465ee728b)
Start importing Assets/_Assets/FBX/Player FBX/Death Animations/Character@Standing Death Forward 02.fbx using Guid(843419f79eeebd042a12b93bf2322679) Importer(815301076,1909f56bfc062723c751e8b465ee728b)  -> (artifact id: 'f97f16c0635d3e6d12b1689969c96b96') in 0.017590 seconds 
  Import took 0.100990 seconds .

========================================================================
Received Import Request.
  Time since last request: 0.483861 seconds.
  path: Assets/_Assets/FBX/Player FBX/Death Animations/Character@Standing React Death Backward.fbx
  artifactKey: Guid(e9f0d935d0e031f4387b571b1d7471ad) Importer(815301076,1909f56bfc062723c751e8b465ee728b)
Start importing Assets/_Assets/FBX/Player FBX/Death Animations/Character@Standing React Death Backward.fbx using Guid(e9f0d935d0e031f4387b571b1d7471ad) Importer(815301076,1909f56bfc062723c751e8b465ee728b)  -> (artifact id: '5ea43fb5b68608a6b6b52f64526db531') in 0.013356 seconds 
  Import took 0.155520 seconds .

========================================================================
Received Import Request.
  Time since last request: 7.591786 seconds.
  path: Assets/_Assets/FBX/Player FBX/Death Animations/Character@Standing React Death Backward.fbx
  artifactKey: Guid(e9f0d935d0e031f4387b571b1d7471ad) Importer(815301076,1909f56bfc062723c751e8b465ee728b)
Start importing Assets/_Assets/FBX/Player FBX/Death Animations/Character@Standing React Death Backward.fbx using Guid(e9f0d935d0e031f4387b571b1d7471ad) Importer(815301076,1909f56bfc062723c751e8b465ee728b)  -> (artifact id: 'fe42bbad36bfb1a8c0b5c783566853df') in 0.036927 seconds 
  Import took 0.106263 seconds .

========================================================================
Received Import Request.
  Time since last request: 11.682354 seconds.
  path: Assets/_Assets/FBX/Player FBX/Death Animations/Character@Standing React Death Backward.fbx
  artifactKey: Guid(e9f0d935d0e031f4387b571b1d7471ad) Importer(815301076,1909f56bfc062723c751e8b465ee728b)
Start importing Assets/_Assets/FBX/Player FBX/Death Animations/Character@Standing React Death Backward.fbx using Guid(e9f0d935d0e031f4387b571b1d7471ad) Importer(815301076,1909f56bfc062723c751e8b465ee728b)  -> (artifact id: 'cb86939a3000016455599f81391fb5e0') in 0.017393 seconds 
  Import took 0.031928 seconds .

========================================================================
Received Import Request.
  Time since last request: 5.710831 seconds.
  path: Assets/_Assets/FBX/Player FBX/Death Animations/Character@Standing React Death Backward.fbx
  artifactKey: Guid(e9f0d935d0e031f4387b571b1d7471ad) Importer(815301076,1909f56bfc062723c751e8b465ee728b)
Start importing Assets/_Assets/FBX/Player FBX/Death Animations/Character@Standing React Death Backward.fbx using Guid(e9f0d935d0e031f4387b571b1d7471ad) Importer(815301076,1909f56bfc062723c751e8b465ee728b)  -> (artifact id: 'd1894881e6c79982b67a4dc3f15fab2d') in 0.021528 seconds 
  Import took 0.116385 seconds .

========================================================================
Received Import Request.
  Time since last request: 10.720939 seconds.
  path: Assets/_Assets/FBX/Player FBX/Death Animations/Character@Standing Death Forward 02.fbx
  artifactKey: Guid(843419f79eeebd042a12b93bf2322679) Importer(815301076,1909f56bfc062723c751e8b465ee728b)
Start importing Assets/_Assets/FBX/Player FBX/Death Animations/Character@Standing Death Forward 02.fbx using Guid(843419f79eeebd042a12b93bf2322679) Importer(815301076,1909f56bfc062723c751e8b465ee728b)  -> (artifact id: '1ebd5b7234586b023bca19ffc2432164') in 0.022735 seconds 
  Import took 0.161816 seconds .

========================================================================
Received Import Request.
  Time since last request: 8.023446 seconds.
  path: Assets/_Assets/FBX/Player FBX/Death Animations/Character@Standing Death Forward 02.fbx
  artifactKey: Guid(843419f79eeebd042a12b93bf2322679) Importer(815301076,1909f56bfc062723c751e8b465ee728b)
Start importing Assets/_Assets/FBX/Player FBX/Death Animations/Character@Standing Death Forward 02.fbx using Guid(843419f79eeebd042a12b93bf2322679) Importer(815301076,1909f56bfc062723c751e8b465ee728b)  -> (artifact id: '475a7abc46dcb9ae38e37a1d47bcff7a') in 0.031778 seconds 
  Import took 0.201784 seconds .

========================================================================
Received Import Request.
  Time since last request: 61.125747 seconds.
  path: Assets/_Assets/FBX/Player FBX/justin-sketchfab@Dying Backwards.fbx
  artifactKey: Guid(7a1423f3a7bd91f429673ca1dca276ff) Importer(815301076,1909f56bfc062723c751e8b465ee728b)
Start importing Assets/_Assets/FBX/Player FBX/justin-sketchfab@Dying Backwards.fbx using Guid(7a1423f3a7bd91f429673ca1dca276ff) Importer(815301076,1909f56bfc062723c751e8b465ee728b)  -> (artifact id: '31fe40d5d0b8f2e463c51b5f9bcce82c') in 0.106323 seconds 
  Import took 0.204259 seconds .

========================================================================
Received Import Request.
  Time since last request: 8.762854 seconds.
  path: Assets/_Assets/FBX/Player FBX/justin-sketchfab@Dying Backwards.fbx
  artifactKey: Guid(7a1423f3a7bd91f429673ca1dca276ff) Importer(815301076,1909f56bfc062723c751e8b465ee728b)
Start importing Assets/_Assets/FBX/Player FBX/justin-sketchfab@Dying Backwards.fbx using Guid(7a1423f3a7bd91f429673ca1dca276ff) Importer(815301076,1909f56bfc062723c751e8b465ee728b)  -> (artifact id: 'e8f31fef8f37a7fa05475fa851dce689') in 0.118394 seconds 
  Import took 0.266009 seconds .

========================================================================
Received Import Request.
  Time since last request: 6.957239 seconds.
  path: Assets/_Assets/FBX/Player FBX/justin-sketchfab@Falling Back Death.fbx
  artifactKey: Guid(9122752866b0d0b41b14801bf29715cd) Importer(815301076,1909f56bfc062723c751e8b465ee728b)
Start importing Assets/_Assets/FBX/Player FBX/justin-sketchfab@Falling Back Death.fbx using Guid(9122752866b0d0b41b14801bf29715cd) Importer(815301076,1909f56bfc062723c751e8b465ee728b)  -> (artifact id: 'aa178ecba5ac24e1b4fbbc00560467b0') in 0.349048 seconds 
  Import took 0.557469 seconds .

========================================================================
Received Import Request.
  Time since last request: 9.064590 seconds.
  path: Assets/_Assets/FBX/Player FBX/justin-sketchfab@Dying Backwards.fbx
  artifactKey: Guid(7a1423f3a7bd91f429673ca1dca276ff) Importer(815301076,1909f56bfc062723c751e8b465ee728b)
Start importing Assets/_Assets/FBX/Player FBX/justin-sketchfab@Dying Backwards.fbx using Guid(7a1423f3a7bd91f429673ca1dca276ff) Importer(815301076,1909f56bfc062723c751e8b465ee728b)  -> (artifact id: '82c46e4449d867f1ce979a22b2f6a543') in 0.145988 seconds 
  Import took 0.222673 seconds .

========================================================================
Received Import Request.
  Time since last request: 0.002979 seconds.
  path: Assets/_Assets/FBX/Player FBX/justin-sketchfab@Dying Backwards.fbx
  artifactKey: Guid(7a1423f3a7bd91f429673ca1dca276ff) Importer(815301076,1909f56bfc062723c751e8b465ee728b)
Start importing Assets/_Assets/FBX/Player FBX/justin-sketchfab@Dying Backwards.fbx using Guid(7a1423f3a7bd91f429673ca1dca276ff) Importer(815301076,1909f56bfc062723c751e8b465ee728b)  -> (artifact id: '82c46e4449d867f1ce979a22b2f6a543') in 0.100034 seconds 
  Import took 0.191204 seconds .

========================================================================
Received Import Request.
  Time since last request: 43.107620 seconds.
  path: Assets/_Assets/FBX/Player FBX/justin-sketchfab@Dying Backwards.fbx
  artifactKey: Guid(7a1423f3a7bd91f429673ca1dca276ff) Importer(815301076,1909f56bfc062723c751e8b465ee728b)
Start importing Assets/_Assets/FBX/Player FBX/justin-sketchfab@Dying Backwards.fbx using Guid(7a1423f3a7bd91f429673ca1dca276ff) Importer(815301076,1909f56bfc062723c751e8b465ee728b)  -> (artifact id: '13e33ca45e47d73fcf9c26d8a25e9331') in 0.162708 seconds 
  Import took 0.334323 seconds .

========================================================================
Received Import Request.
  Time since last request: 0.005391 seconds.
  path: Assets/_Assets/FBX/Player FBX/justin-sketchfab@Dying Backwards.fbx
  artifactKey: Guid(7a1423f3a7bd91f429673ca1dca276ff) Importer(815301076,1909f56bfc062723c751e8b465ee728b)
Start importing Assets/_Assets/FBX/Player FBX/justin-sketchfab@Dying Backwards.fbx using Guid(7a1423f3a7bd91f429673ca1dca276ff) Importer(815301076,1909f56bfc062723c751e8b465ee728b)  -> (artifact id: '13e33ca45e47d73fcf9c26d8a25e9331') in 0.159547 seconds 
  Import took 0.182597 seconds .

========================================================================
Received Import Request.
  Time since last request: 12.087959 seconds.
  path: Assets/_Assets/FBX/Player FBX/justin-sketchfab@Dying Backwards.fbx
  artifactKey: Guid(7a1423f3a7bd91f429673ca1dca276ff) Importer(815301076,1909f56bfc062723c751e8b465ee728b)
Start importing Assets/_Assets/FBX/Player FBX/justin-sketchfab@Dying Backwards.fbx using Guid(7a1423f3a7bd91f429673ca1dca276ff) Importer(815301076,1909f56bfc062723c751e8b465ee728b)  -> (artifact id: 'd0d8c5f18370977d013b20812fd99922') in 0.107412 seconds 
  Import took 0.145131 seconds .

========================================================================
Received Import Request.
  Time since last request: 0.448198 seconds.
  path: Assets/_Assets/FBX/Player FBX/justin-sketchfab@Flying Back Death.fbx
  artifactKey: Guid(ff7c71d27c78de742b433e652edf7234) Importer(815301076,1909f56bfc062723c751e8b465ee728b)
Start importing Assets/_Assets/FBX/Player FBX/justin-sketchfab@Flying Back Death.fbx using Guid(ff7c71d27c78de742b433e652edf7234) Importer(815301076,1909f56bfc062723c751e8b465ee728b)  -> (artifact id: '9c99cceccfed06a2e668e043ba0cd9f8') in 0.087481 seconds 
  Import took 0.245966 seconds .

========================================================================
Received Import Request.
  Time since last request: 153.118982 seconds.
  path: Assets/_Assets/FBX/Player FBX/justin-sketchfab@Silly Dancing.fbx
  artifactKey: Guid(7fe4cdd2380b3dd429373c7d91ce4dc6) Importer(815301076,1909f56bfc062723c751e8b465ee728b)
Start importing Assets/_Assets/FBX/Player FBX/justin-sketchfab@Silly Dancing.fbx using Guid(7fe4cdd2380b3dd429373c7d91ce4dc6) Importer(815301076,1909f56bfc062723c751e8b465ee728b)  -> (artifact id: '97a8fc33dbc298e724b34b4a40483227') in 0.108323 seconds 
  Import took 0.207863 seconds .

========================================================================
Received Import Request.
  Time since last request: 137.360976 seconds.
  path: Assets/_Assets/FBX/Player FBX/Character@Idle.fbx
  artifactKey: Guid(7e964446b7036aa4eb6af93beea2b01b) Importer(815301076,1909f56bfc062723c751e8b465ee728b)
Start importing Assets/_Assets/FBX/Player FBX/Character@Idle.fbx using Guid(7e964446b7036aa4eb6af93beea2b01b) Importer(815301076,1909f56bfc062723c751e8b465ee728b)  -> (artifact id: '68c711a7dd513326801c15a1eb1dd241') in 0.019163 seconds 
  Import took 0.152734 seconds .

========================================================================
Received Import Request.
  Time since last request: 3.609161 seconds.
  path: Assets/_Assets/FBX/Player FBX/Character@Silly Dancing.fbx
  artifactKey: Guid(125ddcd07e24cf64b8a82207f62ccdcd) Importer(815301076,1909f56bfc062723c751e8b465ee728b)
Start importing Assets/_Assets/FBX/Player FBX/Character@Silly Dancing.fbx using Guid(125ddcd07e24cf64b8a82207f62ccdcd) Importer(815301076,1909f56bfc062723c751e8b465ee728b)  -> (artifact id: '05c0a954136dbc91057c831296a0dc22') in 0.016789 seconds 
  Import took 0.167188 seconds .

========================================================================
Received Import Request.
  Time since last request: 8.792714 seconds.
  path: Assets/_Assets/FBX/Player FBX/Character@Silly Dancing.fbx
  artifactKey: Guid(125ddcd07e24cf64b8a82207f62ccdcd) Importer(815301076,1909f56bfc062723c751e8b465ee728b)
Start importing Assets/_Assets/FBX/Player FBX/Character@Silly Dancing.fbx using Guid(125ddcd07e24cf64b8a82207f62ccdcd) Importer(815301076,1909f56bfc062723c751e8b465ee728b)  -> (artifact id: 'd130ca1123a5c5cd7d8e01e9e32995c4') in 0.037443 seconds 
  Import took 0.130074 seconds .

========================================================================
Received Import Request.
  Time since last request: 2.301350 seconds.
  path: Assets/_Assets/FBX/Player FBX/Character@Idle.fbx
  artifactKey: Guid(7e964446b7036aa4eb6af93beea2b01b) Importer(815301076,1909f56bfc062723c751e8b465ee728b)
Start importing Assets/_Assets/FBX/Player FBX/Character@Idle.fbx using Guid(7e964446b7036aa4eb6af93beea2b01b) Importer(815301076,1909f56bfc062723c751e8b465ee728b)  -> (artifact id: 'f17780df48684d7c34dffbc1f39cb313') in 0.017435 seconds 
  Import took 0.282037 seconds .

========================================================================
Received Import Request.
  Time since last request: 0.002728 seconds.
  path: Assets/_Assets/FBX/Player FBX/Character@Idle.fbx
  artifactKey: Guid(7e964446b7036aa4eb6af93beea2b01b) Importer(815301076,1909f56bfc062723c751e8b465ee728b)
Start importing Assets/_Assets/FBX/Player FBX/Character@Idle.fbx using Guid(7e964446b7036aa4eb6af93beea2b01b) Importer(815301076,1909f56bfc062723c751e8b465ee728b)  -> (artifact id: 'f17780df48684d7c34dffbc1f39cb313') in 0.030960 seconds 
  Import took 0.054460 seconds .

========================================================================
Received Import Request.
  Time since last request: 5.589035 seconds.
  path: Assets/_Assets/FBX/Player FBX/Character@Idle.fbx
  artifactKey: Guid(7e964446b7036aa4eb6af93beea2b01b) Importer(815301076,1909f56bfc062723c751e8b465ee728b)
Start importing Assets/_Assets/FBX/Player FBX/Character@Idle.fbx using Guid(7e964446b7036aa4eb6af93beea2b01b) Importer(815301076,1909f56bfc062723c751e8b465ee728b)  -> (artifact id: '2b010bd10e3f255e124853572f5f2207') in 0.017156 seconds 
  Import took 0.046913 seconds .

========================================================================
Received Import Request.
  Time since last request: 3.690392 seconds.
  path: Assets/_Assets/FBX/Player FBX/Character@Idle.fbx
  artifactKey: Guid(7e964446b7036aa4eb6af93beea2b01b) Importer(815301076,1909f56bfc062723c751e8b465ee728b)
Start importing Assets/_Assets/FBX/Player FBX/Character@Idle.fbx using Guid(7e964446b7036aa4eb6af93beea2b01b) Importer(815301076,1909f56bfc062723c751e8b465ee728b)  -> (artifact id: '4b7c1ed6c3e2f04c591203cb1e058791') in 0.031339 seconds 
  Import took 0.117506 seconds .

========================================================================
Received Import Request.
  Time since last request: 5.671137 seconds.
  path: Assets/_Assets/Animations/Player/Player Dying Backwards.anim
  artifactKey: Guid(4032cf57b682f3e43901967d21bf8142) Importer(815301076,1909f56bfc062723c751e8b465ee728b)
Start importing Assets/_Assets/Animations/Player/Player Dying Backwards.anim using Guid(4032cf57b682f3e43901967d21bf8142) Importer(815301076,1909f56bfc062723c751e8b465ee728b)  -> (artifact id: '1a0d6c194f2edb0a2d4fc00924dd9108') in 1.227836 seconds 
  Import took 1.418623 seconds .

========================================================================
Received Import Request.
  Time since last request: 3.809538 seconds.
  path: Assets/_Assets/Animations/Enemy/Enemy Dying Backwards 1.anim
  artifactKey: Guid(0fee116221704ce47b0de5fa3776f470) Importer(815301076,1909f56bfc062723c751e8b465ee728b)
Start importing Assets/_Assets/Animations/Enemy/Enemy Dying Backwards 1.anim using Guid(0fee116221704ce47b0de5fa3776f470) Importer(815301076,1909f56bfc062723c751e8b465ee728b)  -> (artifact id: '8322911471042dc599b0004395c40c3d') in 0.137259 seconds 
  Import took 0.147461 seconds .

========================================================================
Received Import Request.
  Time since last request: 2.314995 seconds.
  path: Assets/_Assets/Animations/Enemy/Enemy Dying Backwards 1.anim
  artifactKey: Guid(0fee116221704ce47b0de5fa3776f470) Importer(815301076,1909f56bfc062723c751e8b465ee728b)
Start importing Assets/_Assets/Animations/Enemy/Enemy Dying Backwards 1.anim using Guid(0fee116221704ce47b0de5fa3776f470) Importer(815301076,1909f56bfc062723c751e8b465ee728b)  -> (artifact id: '8322911471042dc599b0004395c40c3d') in 0.138605 seconds 
  Import took 0.149532 seconds .

========================================================================
Received Import Request.
  Time since last request: 0.054838 seconds.
  path: Assets/_Assets/Animations/Enemy/Enemy Flying Back Death 1.anim
  artifactKey: Guid(416bfb4e31f17f147a1f71277b292c4f) Importer(815301076,1909f56bfc062723c751e8b465ee728b)
Start importing Assets/_Assets/Animations/Enemy/Enemy Flying Back Death 1.anim using Guid(416bfb4e31f17f147a1f71277b292c4f) Importer(815301076,1909f56bfc062723c751e8b465ee728b)  -> (artifact id: 'd47efaaaed1b2aa1facb59a381b23de7') in 0.137904 seconds 
  Import took 0.235735 seconds .

========================================================================
Received Import Request.
  Time since last request: 13.437671 seconds.
  path: Assets/_Assets/FBX/Player FBX/Character@Standing Death Left 01.fbx
  artifactKey: Guid(f6edb0809aedce14aad4a47851729f7a) Importer(815301076,1909f56bfc062723c751e8b465ee728b)
Start importing Assets/_Assets/FBX/Player FBX/Character@Standing Death Left 01.fbx using Guid(f6edb0809aedce14aad4a47851729f7a) Importer(815301076,1909f56bfc062723c751e8b465ee728b)  -> (artifact id: '792fcd7c1cfaec84668ae9831506db18') in 0.016685 seconds 
  Import took 0.109884 seconds .

========================================================================
Received Import Request.
  Time since last request: 2.147717 seconds.
  path: Assets/_Assets/FBX/Player FBX/Standing Death Left 01.anim
  artifactKey: Guid(d6abe852f4f2a6343b7dfca51954c1cf) Importer(815301076,1909f56bfc062723c751e8b465ee728b)
Start importing Assets/_Assets/FBX/Player FBX/Standing Death Left 01.anim using Guid(d6abe852f4f2a6343b7dfca51954c1cf) Importer(815301076,1909f56bfc062723c751e8b465ee728b)  -> (artifact id: 'a1152f72d6148a92c7e07fb81b32ae31') in 0.064761 seconds 
  Import took 0.168832 seconds .

========================================================================
Received Import Request.
  Time since last request: 2.352579 seconds.
  path: Assets/_Assets/FBX/Player FBX/Silly Dancing.anim
  artifactKey: Guid(9392ee2c8e6d72043b1dcc1422e004ed) Importer(815301076,1909f56bfc062723c751e8b465ee728b)
Start importing Assets/_Assets/FBX/Player FBX/Silly Dancing.anim using Guid(9392ee2c8e6d72043b1dcc1422e004ed) Importer(815301076,1909f56bfc062723c751e8b465ee728b)  -> (artifact id: 'c4be7cd1f2e40e0a6540670446edd28e') in 0.140234 seconds 
  Import took 0.226437 seconds .

========================================================================
Received Import Request.
  Time since last request: 0.419436 seconds.
  path: Assets/_Assets/FBX/Player FBX/Character@Silly Dancing 2.fbx
  artifactKey: Guid(5daa9720ea35b6c4094c9407663a5afa) Importer(815301076,1909f56bfc062723c751e8b465ee728b)
Start importing Assets/_Assets/FBX/Player FBX/Character@Silly Dancing 2.fbx using Guid(5daa9720ea35b6c4094c9407663a5afa) Importer(815301076,1909f56bfc062723c751e8b465ee728b)  -> (artifact id: 'a79b124a505aeb4d5c50796ef54ee5bf') in 0.020130 seconds 
  Import took 0.161672 seconds .

========================================================================
Received Import Request.
  Time since last request: 0.666177 seconds.
  path: Assets/_Assets/FBX/Player FBX/Silly Dancing 2.anim
  artifactKey: Guid(48a43cbb753770a4b849f862e3b0c415) Importer(815301076,1909f56bfc062723c751e8b465ee728b)
Start importing Assets/_Assets/FBX/Player FBX/Silly Dancing 2.anim using Guid(48a43cbb753770a4b849f862e3b0c415) Importer(815301076,1909f56bfc062723c751e8b465ee728b)  -> (artifact id: '4ebe078d915cb810d019190261ebe5a4') in 0.056351 seconds 
  Import took 0.146959 seconds .

========================================================================
Received Import Request.
  Time since last request: 15.964393 seconds.
  path: Assets/_Assets/FBX/Player FBX/Player Silly Dancing 2.anim
  artifactKey: Guid(48a43cbb753770a4b849f862e3b0c415) Importer(815301076,1909f56bfc062723c751e8b465ee728b)
Start importing Assets/_Assets/FBX/Player FBX/Player Silly Dancing 2.anim using Guid(48a43cbb753770a4b849f862e3b0c415) Importer(815301076,1909f56bfc062723c751e8b465ee728b)  -> (artifact id: 'bfc1958ad3b3355ce6e1825db6185587') in 0.083126 seconds 
  Import took 0.098789 seconds .

========================================================================
Received Import Request.
  Time since last request: 1.963226 seconds.
  path: Assets/_Assets/Animations/Enemy/Enemy Controller.controller
  artifactKey: Guid(c6621fa88e137404eaf58def51eb871f) Importer(815301076,1909f56bfc062723c751e8b465ee728b)
Start importing Assets/_Assets/Animations/Enemy/Enemy Controller.controller using Guid(c6621fa88e137404eaf58def51eb871f) Importer(815301076,1909f56bfc062723c751e8b465ee728b)  -> (artifact id: '1ee242934f2d1aedc372633c2bb441f2') in 0.161979 seconds 
  Import took 0.176103 seconds .

========================================================================
Received Import Request.
  Time since last request: 0.282805 seconds.
  path: Assets/_Assets/FBX/Player FBX/Death Animations
  artifactKey: Guid(64487ac1f6d2e414a871c84c9ed0f829) Importer(815301076,1909f56bfc062723c751e8b465ee728b)
Start importing Assets/_Assets/FBX/Player FBX/Death Animations using Guid(64487ac1f6d2e414a871c84c9ed0f829) Importer(815301076,1909f56bfc062723c751e8b465ee728b)  -> (artifact id: 'd29aeeb79b234acd7e7ca7ede91356c6') in 0.004864 seconds 
  Import took 0.040575 seconds .

========================================================================
Received Import Request.
  Time since last request: 16.731962 seconds.
  path: Assets/_Assets/FBX/Player FBX/Death Animations/Standing React Death Backward.anim
  artifactKey: Guid(cfa267980c133994f974bae77cb9cd48) Importer(815301076,1909f56bfc062723c751e8b465ee728b)
Start importing Assets/_Assets/FBX/Player FBX/Death Animations/Standing React Death Backward.anim using Guid(cfa267980c133994f974bae77cb9cd48) Importer(815301076,1909f56bfc062723c751e8b465ee728b)  -> (artifact id: 'b583dc4db286d40e048fe08efdfe1e25') in 0.087678 seconds 
  Import took 0.101017 seconds .

========================================================================
Received Import Request.
  Time since last request: 0.004594 seconds.
  path: Assets/_Assets/FBX/Player FBX/Death Animations/Standing React Death Backward.anim
  artifactKey: Guid(cfa267980c133994f974bae77cb9cd48) Importer(815301076,1909f56bfc062723c751e8b465ee728b)
Start importing Assets/_Assets/FBX/Player FBX/Death Animations/Standing React Death Backward.anim using Guid(cfa267980c133994f974bae77cb9cd48) Importer(815301076,1909f56bfc062723c751e8b465ee728b)  -> (artifact id: 'b583dc4db286d40e048fe08efdfe1e25') in 0.123218 seconds 
  Import took 0.139269 seconds .

========================================================================
Received Import Request.
  Time since last request: 1.446488 seconds.
  path: Assets/_Assets/FBX/Player FBX/Death Animations/Standing Death Forward 02.anim
  artifactKey: Guid(024a0ce805757244c80ca9d4cac170f2) Importer(815301076,1909f56bfc062723c751e8b465ee728b)
Start importing Assets/_Assets/FBX/Player FBX/Death Animations/Standing Death Forward 02.anim using Guid(024a0ce805757244c80ca9d4cac170f2) Importer(815301076,1909f56bfc062723c751e8b465ee728b)  -> (artifact id: '70cf76ff0ade0b3a8cdfd47542e0944e') in 0.050566 seconds 
  Import took 0.110870 seconds .

========================================================================
Received Import Request.
  Time since last request: 8.996202 seconds.
  path: Assets/_Assets/FBX/Player FBX/Death Animations/Player Standing Death Forward 02.anim
  artifactKey: Guid(024a0ce805757244c80ca9d4cac170f2) Importer(815301076,1909f56bfc062723c751e8b465ee728b)
Start importing Assets/_Assets/FBX/Player FBX/Death Animations/Player Standing Death Forward 02.anim using Guid(024a0ce805757244c80ca9d4cac170f2) Importer(815301076,1909f56bfc062723c751e8b465ee728b)  -> (artifact id: 'cce8d507fa17fd55927aac68e6cbcef4') in 0.049026 seconds 
  Import took 0.061911 seconds .

========================================================================
Received Import Request.
  Time since last request: 1.530967 seconds.
  path: Assets/_Assets/Animations/Player
  artifactKey: Guid(908ae5acdf9c05d42beb9996b6b82539) Importer(815301076,1909f56bfc062723c751e8b465ee728b)
Start importing Assets/_Assets/Animations/Player using Guid(908ae5acdf9c05d42beb9996b6b82539) Importer(815301076,1909f56bfc062723c751e8b465ee728b)  -> (artifact id: '070c509392b073fe04a377e2ebd1bdc8') in 0.037028 seconds 
  Import took 0.049277 seconds .

========================================================================
Received Import Request.
  Time since last request: 0.174931 seconds.
  path: Assets/_Assets/FBX/pistol-26
  artifactKey: Guid(1f26309d95f4f3d45b76ead6ea4be00a) Importer(815301076,1909f56bfc062723c751e8b465ee728b)
Start importing Assets/_Assets/FBX/pistol-26 using Guid(1f26309d95f4f3d45b76ead6ea4be00a) Importer(815301076,1909f56bfc062723c751e8b465ee728b)  -> (artifact id: '9b3e2e9b0cfdc0bf27ab2ad3031775ca') in 0.036276 seconds 
  Import took 0.083857 seconds .

========================================================================
Received Import Request.
  Time since last request: 4.860097 seconds.
  path: Assets/_Assets/FBX/Player FBX/Death Animations/Player Standing React Death Backward.anim
  artifactKey: Guid(cfa267980c133994f974bae77cb9cd48) Importer(815301076,1909f56bfc062723c751e8b465ee728b)
Start importing Assets/_Assets/FBX/Player FBX/Death Animations/Player Standing React Death Backward.anim using Guid(cfa267980c133994f974bae77cb9cd48) Importer(815301076,1909f56bfc062723c751e8b465ee728b)  -> (artifact id: 'b637f72e9731d0821e587cd27bcb3339') in 0.063174 seconds 
  Import took 0.175479 seconds .

========================================================================
Received Import Request.
  Time since last request: 35.591759 seconds.
  path: Assets/_Assets/FBX/Player FBX/Death Animations/Player Standing Death Left 01.anim
  artifactKey: Guid(d6abe852f4f2a6343b7dfca51954c1cf) Importer(815301076,1909f56bfc062723c751e8b465ee728b)
Start importing Assets/_Assets/FBX/Player FBX/Death Animations/Player Standing Death Left 01.anim using Guid(d6abe852f4f2a6343b7dfca51954c1cf) Importer(815301076,1909f56bfc062723c751e8b465ee728b)  -> (artifact id: '4826cba6b91f43365e18acef57990852') in 0.052045 seconds 
  Import took 0.091416 seconds .

========================================================================
Received Import Request.
  Time since last request: 17.367413 seconds.
  path: Assets/_Assets/Animations/Player/Player Standing Death Forward 03.anim
  artifactKey: Guid(f2919ae89a607bb4a874d8d3abfbda53) Importer(815301076,1909f56bfc062723c751e8b465ee728b)
Start importing Assets/_Assets/Animations/Player/Player Standing Death Forward 03.anim using Guid(f2919ae89a607bb4a874d8d3abfbda53) Importer(815301076,1909f56bfc062723c751e8b465ee728b)  -> (artifact id: '1a3d4b4a5894ee59178d65fd6e5e5d17') in 0.060524 seconds 
  Import took 0.073991 seconds .

========================================================================
Received Import Request.
  Time since last request: 1.513293 seconds.
  path: Assets/_Assets/Animations/Player/Player Standing Death Left 02.anim
  artifactKey: Guid(e6278de76249b3e468624822580f99a0) Importer(815301076,1909f56bfc062723c751e8b465ee728b)
Start importing Assets/_Assets/Animations/Player/Player Standing Death Left 02.anim using Guid(e6278de76249b3e468624822580f99a0) Importer(815301076,1909f56bfc062723c751e8b465ee728b)  -> (artifact id: '0edd40c85bc0fb980d118b3c6603f705') in 0.065769 seconds 
  Import took 0.267825 seconds .

========================================================================
Received Import Request.
  Time since last request: 7.983086 seconds.
  path: Assets/_Assets/Animations/Player/Enemy Standing Death Forward 03.anim
  artifactKey: Guid(f2919ae89a607bb4a874d8d3abfbda53) Importer(815301076,1909f56bfc062723c751e8b465ee728b)
Start importing Assets/_Assets/Animations/Player/Enemy Standing Death Forward 03.anim using Guid(f2919ae89a607bb4a874d8d3abfbda53) Importer(815301076,1909f56bfc062723c751e8b465ee728b)  -> (artifact id: 'b425111846347210cec42c2eb3d84267') in 0.066590 seconds 
  Import took 0.202743 seconds .

========================================================================
Received Import Request.
  Time since last request: 9.584456 seconds.
  path: Assets/_Assets/Animations/Player/Player Standing React Death Backward 1.anim
  artifactKey: Guid(911002882f7b9404b984a99dddd965ef) Importer(815301076,1909f56bfc062723c751e8b465ee728b)
Start importing Assets/_Assets/Animations/Player/Player Standing React Death Backward 1.anim using Guid(911002882f7b9404b984a99dddd965ef) Importer(815301076,1909f56bfc062723c751e8b465ee728b)  -> (artifact id: 'c0dcdff21bce97b6442c6ddb5a09bd95') in 0.191982 seconds 
  Import took 0.287996 seconds .

========================================================================
Received Import Request.
  Time since last request: 9.487680 seconds.
  path: Assets/_Assets/Animations/Player/Enemy Standing React Death Backward.anim
  artifactKey: Guid(911002882f7b9404b984a99dddd965ef) Importer(815301076,1909f56bfc062723c751e8b465ee728b)
Start importing Assets/_Assets/Animations/Player/Enemy Standing React Death Backward.anim using Guid(911002882f7b9404b984a99dddd965ef) Importer(815301076,1909f56bfc062723c751e8b465ee728b)  -> (artifact id: '0d734aaf3e9add33ad4886759b52e9a9') in 0.139498 seconds 
  Import took 0.231912 seconds .

========================================================================
Received Import Request.
  Time since last request: 7.518675 seconds.
  path: Assets/_Assets/Animations/Player/Enemy Standing Death Left 02.anim
  artifactKey: Guid(e6278de76249b3e468624822580f99a0) Importer(815301076,1909f56bfc062723c751e8b465ee728b)
Start importing Assets/_Assets/Animations/Player/Enemy Standing Death Left 02.anim using Guid(e6278de76249b3e468624822580f99a0) Importer(815301076,1909f56bfc062723c751e8b465ee728b)  -> (artifact id: 'e3b4542da4928619ef1265122ed5584a') in 0.046185 seconds 
  Import took 0.125641 seconds .

========================================================================
Received Import Request.
  Time since last request: 78.803068 seconds.
  path: Assets/_Assets/Animations/Player/Player Controller.controller
  artifactKey: Guid(73ded82df1431e34a83ea2b2772466fd) Importer(815301076,1909f56bfc062723c751e8b465ee728b)
Start importing Assets/_Assets/Animations/Player/Player Controller.controller using Guid(73ded82df1431e34a83ea2b2772466fd) Importer(815301076,1909f56bfc062723c751e8b465ee728b)  -> (artifact id: '0cdea8f38721c4401ef57d71aae27252') in 0.242762 seconds 
  Import took 0.330336 seconds .

========================================================================
Received Import Request.
  Time since last request: 48.934568 seconds.
  path: Assets/_Assets/Prefabs/pf_Enemy.prefab
  artifactKey: Guid(f2997e5004cf99343bd8b97b8a43673e) Importer(815301076,1909f56bfc062723c751e8b465ee728b)
Start importing Assets/_Assets/Prefabs/pf_Enemy.prefab using Guid(f2997e5004cf99343bd8b97b8a43673e) Importer(815301076,1909f56bfc062723c751e8b465ee728b)  -> (artifact id: '4d8025c4b5e2b9e778d123e294cc96a6') in 0.463536 seconds 
  Import took 0.541318 seconds .

========================================================================
Received Import Request.
  Time since last request: 168.246760 seconds.
  path: Assets/_Assets/Animations/Enemy/Enemy Controller.controller
  artifactKey: Guid(c6621fa88e137404eaf58def51eb871f) Importer(815301076,1909f56bfc062723c751e8b465ee728b)
Start importing Assets/_Assets/Animations/Enemy/Enemy Controller.controller using Guid(c6621fa88e137404eaf58def51eb871f) Importer(815301076,1909f56bfc062723c751e8b465ee728b)  -> (artifact id: 'c08e6631a4d23c019655cb545310b6bb') in 0.450495 seconds 
  Import took 0.469469 seconds .

========================================================================
Received Import Request.
  Time since last request: 398.203872 seconds.
  path: Assets/_Assets/FBX/Enemy/Character@Shooting.fbx
  artifactKey: Guid(761f7e52bf8a99d4299001bf65149db5) Importer(815301076,1909f56bfc062723c751e8b465ee728b)
Start importing Assets/_Assets/FBX/Enemy/Character@Shooting.fbx using Guid(761f7e52bf8a99d4299001bf65149db5) Importer(815301076,1909f56bfc062723c751e8b465ee728b)  -> (artifact id: 'e805563c57add2cbb454a6860bfb8b85') in 0.019594 seconds 
  Import took 0.166815 seconds .

========================================================================
Received Import Request.
  Time since last request: 8.735314 seconds.
  path: Assets/_Assets/FBX/Enemy/Character@Shooting.fbx
  artifactKey: Guid(761f7e52bf8a99d4299001bf65149db5) Importer(815301076,1909f56bfc062723c751e8b465ee728b)
Start importing Assets/_Assets/FBX/Enemy/Character@Shooting.fbx using Guid(761f7e52bf8a99d4299001bf65149db5) Importer(815301076,1909f56bfc062723c751e8b465ee728b)  -> (artifact id: 'd03857558d9a00a9ed83b6132d8d3468') in 0.018888 seconds 
  Import took 0.081436 seconds .

========================================================================
Received Import Request.
  Time since last request: 14.840360 seconds.
  path: Assets/_Assets/FBX/Enemy/Character@Shooting.fbx
  artifactKey: Guid(761f7e52bf8a99d4299001bf65149db5) Importer(815301076,1909f56bfc062723c751e8b465ee728b)
Start importing Assets/_Assets/FBX/Enemy/Character@Shooting.fbx using Guid(761f7e52bf8a99d4299001bf65149db5) Importer(815301076,1909f56bfc062723c751e8b465ee728b)  -> (artifact id: '4887f971902573dc3641622c3e86ffd5') in 0.017330 seconds 
  Import took 0.142992 seconds .

========================================================================
Received Import Request.
  Time since last request: 7.684075 seconds.
  path: Assets/_Assets/FBX/Enemy/Character@Shooting.fbx
  artifactKey: Guid(761f7e52bf8a99d4299001bf65149db5) Importer(815301076,1909f56bfc062723c751e8b465ee728b)
Start importing Assets/_Assets/FBX/Enemy/Character@Shooting.fbx using Guid(761f7e52bf8a99d4299001bf65149db5) Importer(815301076,1909f56bfc062723c751e8b465ee728b)  -> (artifact id: 'e02ee937be62fe9dbadb4d4a07db9741') in 0.014930 seconds 
  Import took 0.194999 seconds .

========================================================================
Received Import Request.
  Time since last request: 10.630656 seconds.
  path: Assets/_Assets/Animations/Enemy/Enemy Controller.controller
  artifactKey: Guid(c6621fa88e137404eaf58def51eb871f) Importer(815301076,1909f56bfc062723c751e8b465ee728b)
Start importing Assets/_Assets/Animations/Enemy/Enemy Controller.controller using Guid(c6621fa88e137404eaf58def51eb871f) Importer(815301076,1909f56bfc062723c751e8b465ee728b)  -> (artifact id: '97f6b6d63b23835b734a12a0997a7cff') in 0.330211 seconds 
  Import took 0.501554 seconds .

========================================================================
Received Import Request.
  Time since last request: 11.793246 seconds.
  path: Assets/_Assets/Animations/Player/Player Controller.controller
  artifactKey: Guid(73ded82df1431e34a83ea2b2772466fd) Importer(815301076,1909f56bfc062723c751e8b465ee728b)
Start importing Assets/_Assets/Animations/Player/Player Controller.controller using Guid(73ded82df1431e34a83ea2b2772466fd) Importer(815301076,1909f56bfc062723c751e8b465ee728b)  -> (artifact id: 'b93a9e7ee7bf2af7caa067ff99bc0e66') in 0.581555 seconds 
  Import took 0.657841 seconds .

========================================================================
Received Import Request.
  Time since last request: 36.290108 seconds.
  path: Assets/_Assets/Animations/Player/Player Controller.controller
  artifactKey: Guid(73ded82df1431e34a83ea2b2772466fd) Importer(815301076,1909f56bfc062723c751e8b465ee728b)
Start importing Assets/_Assets/Animations/Player/Player Controller.controller using Guid(73ded82df1431e34a83ea2b2772466fd) Importer(815301076,1909f56bfc062723c751e8b465ee728b)  -> (artifact id: '5d7568d9d07b8347a18ed2d553e2ccba') in 0.941905 seconds 
  Import took 0.957786 seconds .

========================================================================
Received Import Request.
  Time since last request: 97.210744 seconds.
  path: Assets/_Assets/Animations/Dancing Animations
  artifactKey: Guid(25a4e7a5023409d4db74a84cd4908fd9) Importer(815301076,1909f56bfc062723c751e8b465ee728b)
Start importing Assets/_Assets/Animations/Dancing Animations using Guid(25a4e7a5023409d4db74a84cd4908fd9) Importer(815301076,1909f56bfc062723c751e8b465ee728b)  -> (artifact id: '4abfbd3723db73da55ebf575749affc9') in 0.005085 seconds 
  Import took 0.076391 seconds .

========================================================================
Received Import Request.
  Time since last request: 43.082433 seconds.
  path: Assets/_Assets/FBX/Player FBX/Character In T-Pos.fbx
  artifactKey: Guid(94b554ddcab9b6749835163344be6443) Importer(815301076,1909f56bfc062723c751e8b465ee728b)
Start importing Assets/_Assets/FBX/Player FBX/Character In T-Pos.fbx using Guid(94b554ddcab9b6749835163344be6443) Importer(815301076,1909f56bfc062723c751e8b465ee728b)  -> (artifact id: '06295447c7511d22ffd555cf005ac7ad') in 0.078370 seconds 
  Import took 0.109504 seconds .

========================================================================
Received Import Request.
  Time since last request: 18.807962 seconds.
  path: Assets/_Assets/FBX/Player FBX/Character In T-Pos.fbx
  artifactKey: Guid(94b554ddcab9b6749835163344be6443) Importer(815301076,1909f56bfc062723c751e8b465ee728b)
Start importing Assets/_Assets/FBX/Player FBX/Character In T-Pos.fbx using Guid(94b554ddcab9b6749835163344be6443) Importer(815301076,1909f56bfc062723c751e8b465ee728b)  -> (artifact id: 'fc471419268aaca0fc527b5cc7f81545') in 0.084500 seconds 
  Import took 0.117559 seconds .

========================================================================
Received Import Request.
  Time since last request: 2286.524788 seconds.
  path: Assets/_Assets/Prefabs/pf_Enemy.prefab
  artifactKey: Guid(f2997e5004cf99343bd8b97b8a43673e) Importer(815301076,1909f56bfc062723c751e8b465ee728b)
Start importing Assets/_Assets/Prefabs/pf_Enemy.prefab using Guid(f2997e5004cf99343bd8b97b8a43673e) Importer(815301076,1909f56bfc062723c751e8b465ee728b)  -> (artifact id: '24a272f498f6041539aa8a1a6f40189c') in 0.518975 seconds 
  Import took 0.541228 seconds .

========================================================================
Received Import Request.
  Time since last request: 1424.467328 seconds.
  path: Assets/_Assets/Animations/Wall/New Wall Animations/Wall GFX Animator.controller
  artifactKey: Guid(4253fedb2acaa4345a468b82a0016553) Importer(815301076,1909f56bfc062723c751e8b465ee728b)
Start importing Assets/_Assets/Animations/Wall/New Wall Animations/Wall GFX Animator.controller using Guid(4253fedb2acaa4345a468b82a0016553) Importer(815301076,1909f56bfc062723c751e8b465ee728b)  -> (artifact id: 'cafd76cbd9f4430f01df797ad3af50a5') in 0.221765 seconds 
  Import took 0.278735 seconds .

========================================================================
Received Import Request.
  Time since last request: 43.585892 seconds.
  path: Assets/_Assets/Prefabs/pf_Enemy.prefab
  artifactKey: Guid(f2997e5004cf99343bd8b97b8a43673e) Importer(815301076,1909f56bfc062723c751e8b465ee728b)
Start importing Assets/_Assets/Prefabs/pf_Enemy.prefab using Guid(f2997e5004cf99343bd8b97b8a43673e) Importer(815301076,1909f56bfc062723c751e8b465ee728b)  -> (artifact id: '464a59e607113d740ac7183959015de6') in 0.423251 seconds 
  Import took 0.535309 seconds .

========================================================================
Received Prepare
Registering precompiled user dll's ...
Registered in 0.008367 seconds.
Begin MonoManager ReloadAssembly
Native extension for WindowsStandalone target not found
Refreshing native plugins compatible for Editor in 1.55 ms, found 2 plugins.
Preloading 0 native plugins for Editor in 0.00 ms.
Mono: successfully reloaded assembly
- Completed reload, in  2.562 seconds
Domain Reload Profiling:
	ReloadAssembly (2564ms)
		BeginReloadAssembly (437ms)
			ExecutionOrderSort (0ms)
			DisableScriptedObjects (53ms)
			BackupInstance (0ms)
			ReleaseScriptingObjects (0ms)
			CreateAndSetChildDomain (199ms)
		EndReloadAssembly (2024ms)
			LoadAssemblies (169ms)
			RebuildTransferFunctionScriptingTraits (0ms)
			SetupTypeCache (576ms)
			ReleaseScriptCaches (2ms)
			RebuildScriptCaches (98ms)
			SetupLoadedEditorAssemblies (919ms)
				LogAssemblyErrors (0ms)
				InitializePlatformSupportModulesInManaged (8ms)
				SetLoadedEditorAssemblies (1ms)
				RefreshPlugins (2ms)
				BeforeProcessingInitializeOnLoad (159ms)
				ProcessInitializeOnLoadAttributes (735ms)
				ProcessInitializeOnLoadMethodAttributes (7ms)
				AfterProcessingInitializeOnLoad (8ms)
				EditorAssembliesLoaded (0ms)
			ExecutionOrderSort2 (0ms)
			AwakeInstancesAfterBackupRestoration (26ms)
Platform modules already initialized, skipping
Switching build target platform(19) subTarget(0) extendedPlatform(0) -> platform(13) subTarget(537395200) extendedPlatform(0)
Refreshing native plugins compatible for Editor in 1.57 ms, found 2 plugins.
Preloading 0 native plugins for Editor in 0.00 ms.
Unloading 3098 Unused Serialized files (Serialized files now loaded: 0)
System memory in use before: 165.8 MB.
System memory in use after: 166.0 MB.

Unloading 73 unused Assets to reduce memory usage. Loaded Objects now: 3708.
Total: 7.565800 ms (FindLiveObjects: 0.533600 ms CreateObjectMapping: 0.281500 ms MarkObjects: 6.681900 ms  DeleteObjects: 0.067200 ms)

AssetImportParameters requested are different than current active one (requested -> active):
  custom:framework-win-MediaFoundation: 216162199b28c13a410421893ffa2e32 -> 
  custom:video-decoder-ogg-theora: a1e56fd34408186e4bbccfd4996cb3dc -> 
  custom:container-muxer-webm: aa71ff27fc2769a1b78a27578f13a17b -> 
  custom:container-demuxer-webm: 4f35f7cbe854078d1ac9338744f61a02 -> 
  custom:container-demuxer-ogg: 62fdf1f143b41e24485cea50d1cbac27 -> 
  custom:video-encoder-webm-vp8: eb34c28f22e8b96e1ab97ce403110664 -> 
  custom:video-decoder-webm-vp8: 9c59270c3fd7afecdb556c50c9e8de78 -> 
  custom:graphics/normal-map-encoding: 01000000000000000000000000000000 -> 02000000000000000000000000000000
  custom:audio-decoder-ogg-vorbis: bf7c407c2cedff20999df2af8eb42d56 -> 
  custom:audio-encoder-webm-vorbis: bf7c407c2cedff20999df2af8eb42d56 -> 
========================================================================
Received Prepare
Registering precompiled user dll's ...
Registered in 0.011563 seconds.
Begin MonoManager ReloadAssembly
Native extension for WindowsStandalone target not found
Refreshing native plugins compatible for Editor in 1.51 ms, found 2 plugins.
Preloading 0 native plugins for Editor in 0.00 ms.
Mono: successfully reloaded assembly
- Completed reload, in  2.704 seconds
Domain Reload Profiling:
	ReloadAssembly (2705ms)
		BeginReloadAssembly (232ms)
			ExecutionOrderSort (0ms)
			DisableScriptedObjects (11ms)
			BackupInstance (0ms)
			ReleaseScriptingObjects (0ms)
			CreateAndSetChildDomain (86ms)
		EndReloadAssembly (2358ms)
			LoadAssemblies (182ms)
			RebuildTransferFunctionScriptingTraits (0ms)
			SetupTypeCache (591ms)
			ReleaseScriptCaches (2ms)
			RebuildScriptCaches (128ms)
			SetupLoadedEditorAssemblies (1114ms)
				LogAssemblyErrors (0ms)
				InitializePlatformSupportModulesInManaged (7ms)
				SetLoadedEditorAssemblies (1ms)
				RefreshPlugins (2ms)
				BeforeProcessingInitializeOnLoad (165ms)
				ProcessInitializeOnLoadAttributes (922ms)
				ProcessInitializeOnLoadMethodAttributes (8ms)
				AfterProcessingInitializeOnLoad (8ms)
				EditorAssembliesLoaded (0ms)
			ExecutionOrderSort2 (0ms)
			AwakeInstancesAfterBackupRestoration (27ms)
Platform modules already initialized, skipping
Switching build target platform(19) subTarget(0) extendedPlatform(0) -> platform(13) subTarget(537395200) extendedPlatform(0)
Refreshing native plugins compatible for Editor in 2.92 ms, found 2 plugins.
Preloading 0 native plugins for Editor in 0.00 ms.
Unloading 3098 Unused Serialized files (Serialized files now loaded: 0)
System memory in use before: 165.8 MB.
System memory in use after: 166.1 MB.

Unloading 73 unused Assets to reduce memory usage. Loaded Objects now: 3710.
Total: 8.321800 ms (FindLiveObjects: 0.502000 ms CreateObjectMapping: 0.242200 ms MarkObjects: 7.510000 ms  DeleteObjects: 0.062800 ms)

AssetImportParameters requested are different than current active one (requested -> active):
  custom:framework-win-MediaFoundation: 216162199b28c13a410421893ffa2e32 -> 
  custom:video-decoder-ogg-theora: a1e56fd34408186e4bbccfd4996cb3dc -> 
  custom:container-muxer-webm: aa71ff27fc2769a1b78a27578f13a17b -> 
  custom:container-demuxer-webm: 4f35f7cbe854078d1ac9338744f61a02 -> 
  custom:container-demuxer-ogg: 62fdf1f143b41e24485cea50d1cbac27 -> 
  custom:video-encoder-webm-vp8: eb34c28f22e8b96e1ab97ce403110664 -> 
  custom:video-decoder-webm-vp8: 9c59270c3fd7afecdb556c50c9e8de78 -> 
  custom:graphics/normal-map-encoding: 01000000000000000000000000000000 -> 02000000000000000000000000000000
  custom:audio-decoder-ogg-vorbis: bf7c407c2cedff20999df2af8eb42d56 -> 
  custom:audio-encoder-webm-vorbis: bf7c407c2cedff20999df2af8eb42d56 -> 
========================================================================
Received Import Request.
  Time since last request: 77.637234 seconds.
  path: Assets/_Assets/Prefabs/pf_Enemy.prefab
  artifactKey: Guid(f2997e5004cf99343bd8b97b8a43673e) Importer(815301076,1909f56bfc062723c751e8b465ee728b)
Start importing Assets/_Assets/Prefabs/pf_Enemy.prefab using Guid(f2997e5004cf99343bd8b97b8a43673e) Importer(815301076,1909f56bfc062723c751e8b465ee728b)  -> (artifact id: '94a86e019480dfd77fc97e363a388113') in 0.763782 seconds 
  Import took 0.879317 seconds .

========================================================================
Received Prepare
Registering precompiled user dll's ...
Registered in 0.009084 seconds.
Begin MonoManager ReloadAssembly
Native extension for WindowsStandalone target not found
Refreshing native plugins compatible for Editor in 1.53 ms, found 2 plugins.
Preloading 0 native plugins for Editor in 0.00 ms.
Mono: successfully reloaded assembly
- Completed reload, in  2.253 seconds
Domain Reload Profiling:
	ReloadAssembly (2254ms)
		BeginReloadAssembly (196ms)
			ExecutionOrderSort (0ms)
			DisableScriptedObjects (11ms)
			BackupInstance (0ms)
			ReleaseScriptingObjects (0ms)
			CreateAndSetChildDomain (72ms)
		EndReloadAssembly (1960ms)
			LoadAssemblies (152ms)
			RebuildTransferFunctionScriptingTraits (0ms)
			SetupTypeCache (560ms)
			ReleaseScriptCaches (2ms)
			RebuildScriptCaches (84ms)
			SetupLoadedEditorAssemblies (883ms)
				LogAssemblyErrors (0ms)
				InitializePlatformSupportModulesInManaged (7ms)
				SetLoadedEditorAssemblies (1ms)
				RefreshPlugins (2ms)
				BeforeProcessingInitializeOnLoad (153ms)
				ProcessInitializeOnLoadAttributes (701ms)
				ProcessInitializeOnLoadMethodAttributes (9ms)
				AfterProcessingInitializeOnLoad (10ms)
				EditorAssembliesLoaded (1ms)
			ExecutionOrderSort2 (0ms)
			AwakeInstancesAfterBackupRestoration (39ms)
Platform modules already initialized, skipping
Switching build target platform(19) subTarget(0) extendedPlatform(0) -> platform(13) subTarget(537395200) extendedPlatform(0)
Refreshing native plugins compatible for Editor in 1.70 ms, found 2 plugins.
Preloading 0 native plugins for Editor in 0.00 ms.
Unloading 3098 Unused Serialized files (Serialized files now loaded: 0)
System memory in use before: 166.0 MB.
System memory in use after: 166.2 MB.

Unloading 73 unused Assets to reduce memory usage. Loaded Objects now: 3748.
Total: 7.944800 ms (FindLiveObjects: 0.765000 ms CreateObjectMapping: 0.288900 ms MarkObjects: 6.824100 ms  DeleteObjects: 0.061500 ms)

AssetImportParameters requested are different than current active one (requested -> active):
  custom:framework-win-MediaFoundation: 216162199b28c13a410421893ffa2e32 -> 
  custom:video-decoder-ogg-theora: a1e56fd34408186e4bbccfd4996cb3dc -> 
  custom:container-muxer-webm: aa71ff27fc2769a1b78a27578f13a17b -> 
  custom:container-demuxer-webm: 4f35f7cbe854078d1ac9338744f61a02 -> 
  custom:container-demuxer-ogg: 62fdf1f143b41e24485cea50d1cbac27 -> 
  custom:video-encoder-webm-vp8: eb34c28f22e8b96e1ab97ce403110664 -> 
  custom:video-decoder-webm-vp8: 9c59270c3fd7afecdb556c50c9e8de78 -> 
  custom:graphics/normal-map-encoding: 01000000000000000000000000000000 -> 02000000000000000000000000000000
  custom:audio-decoder-ogg-vorbis: bf7c407c2cedff20999df2af8eb42d56 -> 
  custom:audio-encoder-webm-vorbis: bf7c407c2cedff20999df2af8eb42d56 -> 
========================================================================
Received Prepare
Registering precompiled user dll's ...
Registered in 0.009048 seconds.
Begin MonoManager ReloadAssembly
Native extension for WindowsStandalone target not found
Refreshing native plugins compatible for Editor in 1.52 ms, found 2 plugins.
Preloading 0 native plugins for Editor in 0.00 ms.
Mono: successfully reloaded assembly
- Completed reload, in  2.901 seconds
Domain Reload Profiling:
	ReloadAssembly (2902ms)
		BeginReloadAssembly (298ms)
			ExecutionOrderSort (0ms)
			DisableScriptedObjects (12ms)
			BackupInstance (0ms)
			ReleaseScriptingObjects (0ms)
			CreateAndSetChildDomain (136ms)
		EndReloadAssembly (2470ms)
			LoadAssemblies (204ms)
			RebuildTransferFunctionScriptingTraits (0ms)
			SetupTypeCache (701ms)
			ReleaseScriptCaches (2ms)
			RebuildScriptCaches (106ms)
			SetupLoadedEditorAssemblies (1172ms)
				LogAssemblyErrors (0ms)
				InitializePlatformSupportModulesInManaged (7ms)
				SetLoadedEditorAssemblies (1ms)
				RefreshPlugins (2ms)
				BeforeProcessingInitializeOnLoad (166ms)
				ProcessInitializeOnLoadAttributes (973ms)
				ProcessInitializeOnLoadMethodAttributes (10ms)
				AfterProcessingInitializeOnLoad (13ms)
				EditorAssembliesLoaded (1ms)
			ExecutionOrderSort2 (0ms)
			AwakeInstancesAfterBackupRestoration (38ms)
Platform modules already initialized, skipping
Switching build target platform(19) subTarget(0) extendedPlatform(0) -> platform(13) subTarget(537395200) extendedPlatform(0)
Refreshing native plugins compatible for Editor in 1.63 ms, found 2 plugins.
Preloading 0 native plugins for Editor in 0.00 ms.
Unloading 3098 Unused Serialized files (Serialized files now loaded: 0)
System memory in use before: 166.0 MB.
System memory in use after: 166.2 MB.

Unloading 73 unused Assets to reduce memory usage. Loaded Objects now: 3750.
Total: 7.884500 ms (FindLiveObjects: 0.608400 ms CreateObjectMapping: 0.270900 ms MarkObjects: 6.939000 ms  DeleteObjects: 0.064600 ms)

AssetImportParameters requested are different than current active one (requested -> active):
  custom:framework-win-MediaFoundation: 216162199b28c13a410421893ffa2e32 -> 
  custom:video-decoder-ogg-theora: a1e56fd34408186e4bbccfd4996cb3dc -> 
  custom:container-muxer-webm: aa71ff27fc2769a1b78a27578f13a17b -> 
  custom:container-demuxer-webm: 4f35f7cbe854078d1ac9338744f61a02 -> 
  custom:container-demuxer-ogg: 62fdf1f143b41e24485cea50d1cbac27 -> 
  custom:video-encoder-webm-vp8: eb34c28f22e8b96e1ab97ce403110664 -> 
  custom:video-decoder-webm-vp8: 9c59270c3fd7afecdb556c50c9e8de78 -> 
  custom:graphics/normal-map-encoding: 01000000000000000000000000000000 -> 02000000000000000000000000000000
  custom:audio-decoder-ogg-vorbis: bf7c407c2cedff20999df2af8eb42d56 -> 
  custom:audio-encoder-webm-vorbis: bf7c407c2cedff20999df2af8eb42d56 -> 
========================================================================
Received Import Request.
  Time since last request: 203.153645 seconds.
  path: Assets/_Assets/Prefabs/pf_Enemy.prefab
  artifactKey: Guid(f2997e5004cf99343bd8b97b8a43673e) Importer(815301076,1909f56bfc062723c751e8b465ee728b)
Start importing Assets/_Assets/Prefabs/pf_Enemy.prefab using Guid(f2997e5004cf99343bd8b97b8a43673e) Importer(815301076,1909f56bfc062723c751e8b465ee728b)  -> (artifact id: 'fe4380f1c7f069d449b5939930e1127b') in 0.750445 seconds 
  Import took 0.764043 seconds .

========================================================================
Received Prepare
Registering precompiled user dll's ...
Registered in 0.010455 seconds.
Begin MonoManager ReloadAssembly
Native extension for WindowsStandalone target not found
Refreshing native plugins compatible for Editor in 1.90 ms, found 2 plugins.
Preloading 0 native plugins for Editor in 0.00 ms.
Mono: successfully reloaded assembly
- Completed reload, in  3.649 seconds
Domain Reload Profiling:
	ReloadAssembly (3651ms)
		BeginReloadAssembly (284ms)
			ExecutionOrderSort (0ms)
			DisableScriptedObjects (20ms)
			BackupInstance (0ms)
			ReleaseScriptingObjects (0ms)
			CreateAndSetChildDomain (90ms)
		EndReloadAssembly (3222ms)
			LoadAssemblies (260ms)
			RebuildTransferFunctionScriptingTraits (0ms)
			SetupTypeCache (956ms)
			ReleaseScriptCaches (3ms)
			RebuildScriptCaches (130ms)
			SetupLoadedEditorAssemblies (1426ms)
				LogAssemblyErrors (0ms)
				InitializePlatformSupportModulesInManaged (11ms)
				SetLoadedEditorAssemblies (1ms)
				RefreshPlugins (2ms)
				BeforeProcessingInitializeOnLoad (209ms)
				ProcessInitializeOnLoadAttributes (1166ms)
				ProcessInitializeOnLoadMethodAttributes (18ms)
				AfterProcessingInitializeOnLoad (19ms)
				EditorAssembliesLoaded (1ms)
			ExecutionOrderSort2 (0ms)
			AwakeInstancesAfterBackupRestoration (70ms)
Platform modules already initialized, skipping
Switching build target platform(19) subTarget(0) extendedPlatform(0) -> platform(13) subTarget(537395200) extendedPlatform(0)
Refreshing native plugins compatible for Editor in 1.51 ms, found 2 plugins.
Preloading 0 native plugins for Editor in 0.00 ms.
Unloading 3098 Unused Serialized files (Serialized files now loaded: 0)
System memory in use before: 166.1 MB.
System memory in use after: 166.4 MB.

Unloading 73 unused Assets to reduce memory usage. Loaded Objects now: 3788.
Total: 9.001400 ms (FindLiveObjects: 0.658500 ms CreateObjectMapping: 0.319700 ms MarkObjects: 7.935200 ms  DeleteObjects: 0.085700 ms)

AssetImportParameters requested are different than current active one (requested -> active):
  custom:framework-win-MediaFoundation: 216162199b28c13a410421893ffa2e32 -> 
  custom:video-decoder-ogg-theora: a1e56fd34408186e4bbccfd4996cb3dc -> 
  custom:container-muxer-webm: aa71ff27fc2769a1b78a27578f13a17b -> 
  custom:container-demuxer-webm: 4f35f7cbe854078d1ac9338744f61a02 -> 
  custom:container-demuxer-ogg: 62fdf1f143b41e24485cea50d1cbac27 -> 
  custom:video-encoder-webm-vp8: eb34c28f22e8b96e1ab97ce403110664 -> 
  custom:video-decoder-webm-vp8: 9c59270c3fd7afecdb556c50c9e8de78 -> 
  custom:graphics/normal-map-encoding: 01000000000000000000000000000000 -> 02000000000000000000000000000000
  custom:audio-decoder-ogg-vorbis: bf7c407c2cedff20999df2af8eb42d56 -> 
  custom:audio-encoder-webm-vorbis: bf7c407c2cedff20999df2af8eb42d56 -> 
========================================================================
Received Import Request.
  Time since last request: 77.616865 seconds.
  path: Assets/_Assets/Animations/Enemy/Enemy Controller.controller
  artifactKey: Guid(c6621fa88e137404eaf58def51eb871f) Importer(815301076,1909f56bfc062723c751e8b465ee728b)
Start importing Assets/_Assets/Animations/Enemy/Enemy Controller.controller using Guid(c6621fa88e137404eaf58def51eb871f) Importer(815301076,1909f56bfc062723c751e8b465ee728b)  -> (artifact id: '2c7c35f82a1d7db5405cbcbabe16da95') in 0.291065 seconds 
  Import took 0.303028 seconds .

========================================================================
Received Import Request.
  Time since last request: 21.186105 seconds.
  path: Assets/_Assets/Animations/Enemy/Standing React Death Backward.anim
  artifactKey: Guid(911002882f7b9404b984a99dddd965ef) Importer(815301076,1909f56bfc062723c751e8b465ee728b)
Start importing Assets/_Assets/Animations/Enemy/Standing React Death Backward.anim using Guid(911002882f7b9404b984a99dddd965ef) Importer(815301076,1909f56bfc062723c751e8b465ee728b)  -> (artifact id: 'c3f9ac2a2b2d015ade6e9fe203a4ac29') in 0.123466 seconds 
  Import took 0.157026 seconds .

========================================================================
Received Prepare
Registering precompiled user dll's ...
Registered in 0.009777 seconds.
Begin MonoManager ReloadAssembly
Native extension for WindowsStandalone target not found
Refreshing native plugins compatible for Editor in 1.69 ms, found 2 plugins.
Preloading 0 native plugins for Editor in 0.00 ms.
Mono: successfully reloaded assembly
- Completed reload, in  2.767 seconds
Domain Reload Profiling:
	ReloadAssembly (2767ms)
		BeginReloadAssembly (309ms)
			ExecutionOrderSort (0ms)
			DisableScriptedObjects (12ms)
			BackupInstance (0ms)
			ReleaseScriptingObjects (0ms)
			CreateAndSetChildDomain (144ms)
		EndReloadAssembly (2343ms)
			LoadAssemblies (195ms)
			RebuildTransferFunctionScriptingTraits (0ms)
			SetupTypeCache (633ms)
			ReleaseScriptCaches (2ms)
			RebuildScriptCaches (158ms)
			SetupLoadedEditorAssemblies (1047ms)
				LogAssemblyErrors (0ms)
				InitializePlatformSupportModulesInManaged (7ms)
				SetLoadedEditorAssemblies (1ms)
				RefreshPlugins (2ms)
				BeforeProcessingInitializeOnLoad (207ms)
				ProcessInitializeOnLoadAttributes (807ms)
				ProcessInitializeOnLoadMethodAttributes (13ms)
				AfterProcessingInitializeOnLoad (11ms)
				EditorAssembliesLoaded (1ms)
			ExecutionOrderSort2 (0ms)
			AwakeInstancesAfterBackupRestoration (37ms)
Platform modules already initialized, skipping
Switching build target platform(19) subTarget(0) extendedPlatform(0) -> platform(13) subTarget(537395200) extendedPlatform(0)
Refreshing native plugins compatible for Editor in 2.00 ms, found 2 plugins.
Preloading 0 native plugins for Editor in 0.00 ms.
Unloading 3098 Unused Serialized files (Serialized files now loaded: 0)
System memory in use before: 166.1 MB.
System memory in use after: 166.4 MB.

Unloading 73 unused Assets to reduce memory usage. Loaded Objects now: 3790.
Total: 9.261100 ms (FindLiveObjects: 0.625900 ms CreateObjectMapping: 0.305300 ms MarkObjects: 8.253600 ms  DeleteObjects: 0.073600 ms)

AssetImportParameters requested are different than current active one (requested -> active):
  custom:framework-win-MediaFoundation: 216162199b28c13a410421893ffa2e32 -> 
  custom:video-decoder-ogg-theora: a1e56fd34408186e4bbccfd4996cb3dc -> 
  custom:container-muxer-webm: aa71ff27fc2769a1b78a27578f13a17b -> 
  custom:container-demuxer-webm: 4f35f7cbe854078d1ac9338744f61a02 -> 
  custom:container-demuxer-ogg: 62fdf1f143b41e24485cea50d1cbac27 -> 
  custom:video-encoder-webm-vp8: eb34c28f22e8b96e1ab97ce403110664 -> 
  custom:video-decoder-webm-vp8: 9c59270c3fd7afecdb556c50c9e8de78 -> 
  custom:graphics/normal-map-encoding: 01000000000000000000000000000000 -> 02000000000000000000000000000000
  custom:audio-decoder-ogg-vorbis: bf7c407c2cedff20999df2af8eb42d56 -> 
  custom:audio-encoder-webm-vorbis: bf7c407c2cedff20999df2af8eb42d56 -> 
========================================================================
Received Import Request.
  Time since last request: 238.053288 seconds.
  path: Assets/_Assets/Materials/Physics Materials
  artifactKey: Guid(901cf7a685e829b4897d76848c2a596c) Importer(815301076,1909f56bfc062723c751e8b465ee728b)
Start importing Assets/_Assets/Materials/Physics Materials using Guid(901cf7a685e829b4897d76848c2a596c) Importer(815301076,1909f56bfc062723c751e8b465ee728b)  -> (artifact id: 'b2b3befc2443ad2bbbee83ff02ef8b7c') in 0.015132 seconds 
  Import took 0.069514 seconds .

========================================================================
Received Import Request.
  Time since last request: 59.085416 seconds.
  path: Assets/_Assets/Materials/Physics Materials/Zero Friction.physicMaterial
  artifactKey: Guid(2e9d75fe3e4f0174aa5fa6882a003daf) Importer(815301076,1909f56bfc062723c751e8b465ee728b)
Start importing Assets/_Assets/Materials/Physics Materials/Zero Friction.physicMaterial using Guid(2e9d75fe3e4f0174aa5fa6882a003daf) Importer(815301076,1909f56bfc062723c751e8b465ee728b)  -> (artifact id: '83ddc8be5e6f8a14620f955042b7e917') in 0.044992 seconds 
  Import took 0.062303 seconds .

========================================================================
Received Import Request.
  Time since last request: 0.018827 seconds.
  path: Assets/_Assets/Materials/Physics Materials/Zero Friction.physicMaterial
  artifactKey: Guid(2e9d75fe3e4f0174aa5fa6882a003daf) Importer(815301076,1909f56bfc062723c751e8b465ee728b)
Start importing Assets/_Assets/Materials/Physics Materials/Zero Friction.physicMaterial using Guid(2e9d75fe3e4f0174aa5fa6882a003daf) Importer(815301076,1909f56bfc062723c751e8b465ee728b)  -> (artifact id: '83ddc8be5e6f8a14620f955042b7e917') in 0.007113 seconds 
  Import took 0.022035 seconds .

========================================================================
Received Import Request.
  Time since last request: 131.104266 seconds.
  path: Assets/_Assets/Prefabs/pf_Enemy.prefab
  artifactKey: Guid(f2997e5004cf99343bd8b97b8a43673e) Importer(815301076,1909f56bfc062723c751e8b465ee728b)
Start importing Assets/_Assets/Prefabs/pf_Enemy.prefab using Guid(f2997e5004cf99343bd8b97b8a43673e) Importer(815301076,1909f56bfc062723c751e8b465ee728b)  -> (artifact id: '81db2a5b78a2b104bd07177b46036f04') in 0.782051 seconds 
  Import took 0.794985 seconds .

========================================================================
Received Prepare
Registering precompiled user dll's ...
Registered in 0.016673 seconds.
Begin MonoManager ReloadAssembly
Native extension for WindowsStandalone target not found
Refreshing native plugins compatible for Editor in 2.05 ms, found 2 plugins.
Preloading 0 native plugins for Editor in 0.00 ms.
Mono: successfully reloaded assembly
- Completed reload, in  2.714 seconds
Domain Reload Profiling:
	ReloadAssembly (2715ms)
		BeginReloadAssembly (257ms)
			ExecutionOrderSort (0ms)
			DisableScriptedObjects (15ms)
			BackupInstance (0ms)
			ReleaseScriptingObjects (0ms)
			CreateAndSetChildDomain (89ms)
		EndReloadAssembly (2329ms)
			LoadAssemblies (183ms)
			RebuildTransferFunctionScriptingTraits (0ms)
			SetupTypeCache (685ms)
			ReleaseScriptCaches (2ms)
			RebuildScriptCaches (119ms)
			SetupLoadedEditorAssemblies (969ms)
				LogAssemblyErrors (0ms)
				InitializePlatformSupportModulesInManaged (11ms)
				SetLoadedEditorAssemblies (1ms)
				RefreshPlugins (2ms)
				BeforeProcessingInitializeOnLoad (213ms)
				ProcessInitializeOnLoadAttributes (727ms)
				ProcessInitializeOnLoadMethodAttributes (7ms)
				AfterProcessingInitializeOnLoad (8ms)
				EditorAssembliesLoaded (0ms)
			ExecutionOrderSort2 (0ms)
			AwakeInstancesAfterBackupRestoration (27ms)
Platform modules already initialized, skipping
Switching build target platform(19) subTarget(0) extendedPlatform(0) -> platform(13) subTarget(537395200) extendedPlatform(0)
Refreshing native plugins compatible for Editor in 1.47 ms, found 2 plugins.
Preloading 0 native plugins for Editor in 0.00 ms.
Unloading 3098 Unused Serialized files (Serialized files now loaded: 0)
System memory in use before: 166.3 MB.
System memory in use after: 166.5 MB.

Unloading 73 unused Assets to reduce memory usage. Loaded Objects now: 3828.
Total: 6.814400 ms (FindLiveObjects: 0.515700 ms CreateObjectMapping: 0.256600 ms MarkObjects: 5.974900 ms  DeleteObjects: 0.065300 ms)

AssetImportParameters requested are different than current active one (requested -> active):
  custom:framework-win-MediaFoundation: 216162199b28c13a410421893ffa2e32 -> 
  custom:video-decoder-ogg-theora: a1e56fd34408186e4bbccfd4996cb3dc -> 
  custom:container-muxer-webm: aa71ff27fc2769a1b78a27578f13a17b -> 
  custom:container-demuxer-webm: 4f35f7cbe854078d1ac9338744f61a02 -> 
  custom:container-demuxer-ogg: 62fdf1f143b41e24485cea50d1cbac27 -> 
  custom:video-encoder-webm-vp8: eb34c28f22e8b96e1ab97ce403110664 -> 
  custom:video-decoder-webm-vp8: 9c59270c3fd7afecdb556c50c9e8de78 -> 
  custom:graphics/normal-map-encoding: 01000000000000000000000000000000 -> 02000000000000000000000000000000
  custom:audio-decoder-ogg-vorbis: bf7c407c2cedff20999df2af8eb42d56 -> 
  custom:audio-encoder-webm-vorbis: bf7c407c2cedff20999df2af8eb42d56 -> 
========================================================================
Received Import Request.
  Time since last request: 175.588783 seconds.
  path: Assets/_Assets/Materials/Physics Materials/Zero Friction.physicMaterial
  artifactKey: Guid(2e9d75fe3e4f0174aa5fa6882a003daf) Importer(815301076,1909f56bfc062723c751e8b465ee728b)
Start importing Assets/_Assets/Materials/Physics Materials/Zero Friction.physicMaterial using Guid(2e9d75fe3e4f0174aa5fa6882a003daf) Importer(815301076,1909f56bfc062723c751e8b465ee728b)  -> (artifact id: 'c4421e186a89933595322524b4586872') in 0.031287 seconds 
  Import took 0.043112 seconds .

========================================================================
Received Import Request.
  Time since last request: 0.001200 seconds.
  path: Assets/_Assets/Materials/Physics Materials/Zero Friction.physicMaterial
  artifactKey: Guid(2e9d75fe3e4f0174aa5fa6882a003daf) Importer(815301076,1909f56bfc062723c751e8b465ee728b)
Start importing Assets/_Assets/Materials/Physics Materials/Zero Friction.physicMaterial using Guid(2e9d75fe3e4f0174aa5fa6882a003daf) Importer(815301076,1909f56bfc062723c751e8b465ee728b)  -> (artifact id: 'c4421e186a89933595322524b4586872') in 0.006380 seconds 
  Import took 0.016474 seconds .

========================================================================
Received Prepare
Registering precompiled user dll's ...
Registered in 0.010809 seconds.
Begin MonoManager ReloadAssembly
Native extension for WindowsStandalone target not found
Refreshing native plugins compatible for Editor in 2.02 ms, found 2 plugins.
Preloading 0 native plugins for Editor in 0.00 ms.
Mono: successfully reloaded assembly
- Completed reload, in  3.026 seconds
Domain Reload Profiling:
	ReloadAssembly (3027ms)
		BeginReloadAssembly (215ms)
			ExecutionOrderSort (0ms)
			DisableScriptedObjects (11ms)
			BackupInstance (0ms)
			ReleaseScriptingObjects (0ms)
			CreateAndSetChildDomain (81ms)
		EndReloadAssembly (2682ms)
			LoadAssemblies (207ms)
			RebuildTransferFunctionScriptingTraits (0ms)
			SetupTypeCache (715ms)
			ReleaseScriptCaches (2ms)
			RebuildScriptCaches (135ms)
			SetupLoadedEditorAssemblies (1178ms)
				LogAssemblyErrors (0ms)
				InitializePlatformSupportModulesInManaged (10ms)
				SetLoadedEditorAssemblies (1ms)
				RefreshPlugins (2ms)
				BeforeProcessingInitializeOnLoad (206ms)
				ProcessInitializeOnLoadAttributes (938ms)
				ProcessInitializeOnLoadMethodAttributes (9ms)
				AfterProcessingInitializeOnLoad (11ms)
				EditorAssembliesLoaded (1ms)
			ExecutionOrderSort2 (0ms)
			AwakeInstancesAfterBackupRestoration (47ms)
Platform modules already initialized, skipping
Switching build target platform(19) subTarget(0) extendedPlatform(0) -> platform(13) subTarget(537395200) extendedPlatform(0)
Refreshing native plugins compatible for Editor in 1.72 ms, found 2 plugins.
Preloading 0 native plugins for Editor in 0.00 ms.
Unloading 3098 Unused Serialized files (Serialized files now loaded: 0)
System memory in use before: 166.3 MB.
System memory in use after: 166.5 MB.

Unloading 73 unused Assets to reduce memory usage. Loaded Objects now: 3830.
Total: 9.377200 ms (FindLiveObjects: 0.637600 ms CreateObjectMapping: 0.351500 ms MarkObjects: 8.285200 ms  DeleteObjects: 0.100300 ms)

AssetImportParameters requested are different than current active one (requested -> active):
  custom:framework-win-MediaFoundation: 216162199b28c13a410421893ffa2e32 -> 
  custom:video-decoder-ogg-theora: a1e56fd34408186e4bbccfd4996cb3dc -> 
  custom:container-muxer-webm: aa71ff27fc2769a1b78a27578f13a17b -> 
  custom:container-demuxer-webm: 4f35f7cbe854078d1ac9338744f61a02 -> 
  custom:container-demuxer-ogg: 62fdf1f143b41e24485cea50d1cbac27 -> 
  custom:video-encoder-webm-vp8: eb34c28f22e8b96e1ab97ce403110664 -> 
  custom:video-decoder-webm-vp8: 9c59270c3fd7afecdb556c50c9e8de78 -> 
  custom:graphics/normal-map-encoding: 01000000000000000000000000000000 -> 02000000000000000000000000000000
  custom:audio-decoder-ogg-vorbis: bf7c407c2cedff20999df2af8eb42d56 -> 
  custom:audio-encoder-webm-vorbis: bf7c407c2cedff20999df2af8eb42d56 -> 
========================================================================
Received Prepare
Registering precompiled user dll's ...
Registered in 0.010802 seconds.
Begin MonoManager ReloadAssembly
Native extension for WindowsStandalone target not found
Refreshing native plugins compatible for Editor in 1.63 ms, found 2 plugins.
Preloading 0 native plugins for Editor in 0.00 ms.
Mono: successfully reloaded assembly
- Completed reload, in  2.948 seconds
Domain Reload Profiling:
	ReloadAssembly (2949ms)
		BeginReloadAssembly (236ms)
			ExecutionOrderSort (0ms)
			DisableScriptedObjects (9ms)
			BackupInstance (0ms)
			ReleaseScriptingObjects (0ms)
			CreateAndSetChildDomain (88ms)
		EndReloadAssembly (2600ms)
			LoadAssemblies (178ms)
			RebuildTransferFunctionScriptingTraits (0ms)
			SetupTypeCache (794ms)
			ReleaseScriptCaches (2ms)
			RebuildScriptCaches (81ms)
			SetupLoadedEditorAssemblies (1181ms)
				LogAssemblyErrors (0ms)
				InitializePlatformSupportModulesInManaged (8ms)
				SetLoadedEditorAssemblies (1ms)
				RefreshPlugins (2ms)
				BeforeProcessingInitializeOnLoad (199ms)
				ProcessInitializeOnLoadAttributes (951ms)
				ProcessInitializeOnLoadMethodAttributes (10ms)
				AfterProcessingInitializeOnLoad (9ms)
				EditorAssembliesLoaded (0ms)
			ExecutionOrderSort2 (0ms)
			AwakeInstancesAfterBackupRestoration (28ms)
Platform modules already initialized, skipping
Switching build target platform(19) subTarget(0) extendedPlatform(0) -> platform(13) subTarget(537395200) extendedPlatform(0)
Refreshing native plugins compatible for Editor in 1.46 ms, found 2 plugins.
Preloading 0 native plugins for Editor in 0.00 ms.
Unloading 3098 Unused Serialized files (Serialized files now loaded: 0)
System memory in use before: 166.3 MB.
System memory in use after: 166.6 MB.

Unloading 73 unused Assets to reduce memory usage. Loaded Objects now: 3832.
Total: 8.470600 ms (FindLiveObjects: 0.547200 ms CreateObjectMapping: 0.260200 ms MarkObjects: 7.576500 ms  DeleteObjects: 0.084700 ms)

AssetImportParameters requested are different than current active one (requested -> active):
  custom:framework-win-MediaFoundation: 216162199b28c13a410421893ffa2e32 -> 
  custom:video-decoder-ogg-theora: a1e56fd34408186e4bbccfd4996cb3dc -> 
  custom:container-muxer-webm: aa71ff27fc2769a1b78a27578f13a17b -> 
  custom:container-demuxer-webm: 4f35f7cbe854078d1ac9338744f61a02 -> 
  custom:container-demuxer-ogg: 62fdf1f143b41e24485cea50d1cbac27 -> 
  custom:video-encoder-webm-vp8: eb34c28f22e8b96e1ab97ce403110664 -> 
  custom:video-decoder-webm-vp8: 9c59270c3fd7afecdb556c50c9e8de78 -> 
  custom:graphics/normal-map-encoding: 01000000000000000000000000000000 -> 02000000000000000000000000000000
  custom:audio-decoder-ogg-vorbis: bf7c407c2cedff20999df2af8eb42d56 -> 
  custom:audio-encoder-webm-vorbis: bf7c407c2cedff20999df2af8eb42d56 -> 
========================================================================
Received Prepare
Registering precompiled user dll's ...
Registered in 0.012435 seconds.
Begin MonoManager ReloadAssembly
Native extension for WindowsStandalone target not found
Refreshing native plugins compatible for Editor in 1.71 ms, found 2 plugins.
Preloading 0 native plugins for Editor in 0.00 ms.
Mono: successfully reloaded assembly
- Completed reload, in  3.444 seconds
Domain Reload Profiling:
	ReloadAssembly (3445ms)
		BeginReloadAssembly (326ms)
			ExecutionOrderSort (0ms)
			DisableScriptedObjects (11ms)
			BackupInstance (0ms)
			ReleaseScriptingObjects (0ms)
			CreateAndSetChildDomain (80ms)
		EndReloadAssembly (2933ms)
			LoadAssemblies (303ms)
			RebuildTransferFunctionScriptingTraits (0ms)
			SetupTypeCache (875ms)
			ReleaseScriptCaches (3ms)
			RebuildScriptCaches (100ms)
			SetupLoadedEditorAssemblies (1369ms)
				LogAssemblyErrors (0ms)
				InitializePlatformSupportModulesInManaged (7ms)
				SetLoadedEditorAssemblies (2ms)
				RefreshPlugins (2ms)
				BeforeProcessingInitializeOnLoad (353ms)
				ProcessInitializeOnLoadAttributes (983ms)
				ProcessInitializeOnLoadMethodAttributes (10ms)
				AfterProcessingInitializeOnLoad (11ms)
				EditorAssembliesLoaded (1ms)
			ExecutionOrderSort2 (0ms)
			AwakeInstancesAfterBackupRestoration (39ms)
Platform modules already initialized, skipping
Switching build target platform(19) subTarget(0) extendedPlatform(0) -> platform(13) subTarget(537395200) extendedPlatform(0)
Refreshing native plugins compatible for Editor in 1.49 ms, found 2 plugins.
Preloading 0 native plugins for Editor in 0.00 ms.
Unloading 3098 Unused Serialized files (Serialized files now loaded: 0)
System memory in use before: 166.3 MB.
System memory in use after: 166.6 MB.

Unloading 73 unused Assets to reduce memory usage. Loaded Objects now: 3834.
Total: 7.858200 ms (FindLiveObjects: 0.603900 ms CreateObjectMapping: 0.282000 ms MarkObjects: 6.910200 ms  DeleteObjects: 0.059900 ms)

AssetImportParameters requested are different than current active one (requested -> active):
  custom:framework-win-MediaFoundation: 216162199b28c13a410421893ffa2e32 -> 
  custom:video-decoder-ogg-theora: a1e56fd34408186e4bbccfd4996cb3dc -> 
  custom:container-muxer-webm: aa71ff27fc2769a1b78a27578f13a17b -> 
  custom:container-demuxer-webm: 4f35f7cbe854078d1ac9338744f61a02 -> 
  custom:container-demuxer-ogg: 62fdf1f143b41e24485cea50d1cbac27 -> 
  custom:video-encoder-webm-vp8: eb34c28f22e8b96e1ab97ce403110664 -> 
  custom:video-decoder-webm-vp8: 9c59270c3fd7afecdb556c50c9e8de78 -> 
  custom:graphics/normal-map-encoding: 01000000000000000000000000000000 -> 02000000000000000000000000000000
  custom:audio-decoder-ogg-vorbis: bf7c407c2cedff20999df2af8eb42d56 -> 
  custom:audio-encoder-webm-vorbis: bf7c407c2cedff20999df2af8eb42d56 -> 
========================================================================
Received Import Request.
  Time since last request: 548.590143 seconds.
  path: Assets/_Assets/Prefabs/pf_Enemy.prefab
  artifactKey: Guid(f2997e5004cf99343bd8b97b8a43673e) Importer(815301076,1909f56bfc062723c751e8b465ee728b)
Start importing Assets/_Assets/Prefabs/pf_Enemy.prefab using Guid(f2997e5004cf99343bd8b97b8a43673e) Importer(815301076,1909f56bfc062723c751e8b465ee728b)  -> (artifact id: '4a1dee7aca6748bba3b8bcfbcf9cdc77') in 0.905916 seconds 
  Import took 0.939039 seconds .

========================================================================
Received Prepare
Registering precompiled user dll's ...
Registered in 0.012653 seconds.
Begin MonoManager ReloadAssembly
Native extension for WindowsStandalone target not found
Refreshing native plugins compatible for Editor in 2.32 ms, found 2 plugins.
Preloading 0 native plugins for Editor in 0.00 ms.
Mono: successfully reloaded assembly
- Completed reload, in  5.628 seconds
Domain Reload Profiling:
	ReloadAssembly (5629ms)
		BeginReloadAssembly (544ms)
			ExecutionOrderSort (0ms)
			DisableScriptedObjects (20ms)
			BackupInstance (0ms)
			ReleaseScriptingObjects (0ms)
			CreateAndSetChildDomain (191ms)
		EndReloadAssembly (4732ms)
			LoadAssemblies (569ms)
			RebuildTransferFunctionScriptingTraits (0ms)
			SetupTypeCache (1792ms)
			ReleaseScriptCaches (3ms)
			RebuildScriptCaches (103ms)
			SetupLoadedEditorAssemblies (1769ms)
				LogAssemblyErrors (0ms)
				InitializePlatformSupportModulesInManaged (12ms)
				SetLoadedEditorAssemblies (1ms)
				RefreshPlugins (2ms)
				BeforeProcessingInitializeOnLoad (328ms)
				ProcessInitializeOnLoadAttributes (1382ms)
				ProcessInitializeOnLoadMethodAttributes (22ms)
				AfterProcessingInitializeOnLoad (20ms)
				EditorAssembliesLoaded (1ms)
			ExecutionOrderSort2 (0ms)
			AwakeInstancesAfterBackupRestoration (80ms)
Platform modules already initialized, skipping
Switching build target platform(19) subTarget(0) extendedPlatform(0) -> platform(13) subTarget(537395200) extendedPlatform(0)
Refreshing native plugins compatible for Editor in 1.61 ms, found 2 plugins.
Preloading 0 native plugins for Editor in 0.00 ms.
Unloading 3098 Unused Serialized files (Serialized files now loaded: 0)
System memory in use before: 166.6 MB.
System memory in use after: 166.9 MB.

Unloading 73 unused Assets to reduce memory usage. Loaded Objects now: 3872.
Total: 7.128800 ms (FindLiveObjects: 0.540600 ms CreateObjectMapping: 0.313100 ms MarkObjects: 6.206900 ms  DeleteObjects: 0.065700 ms)

AssetImportParameters requested are different than current active one (requested -> active):
  custom:framework-win-MediaFoundation: 216162199b28c13a410421893ffa2e32 -> 
  custom:video-decoder-ogg-theora: a1e56fd34408186e4bbccfd4996cb3dc -> 
  custom:container-muxer-webm: aa71ff27fc2769a1b78a27578f13a17b -> 
  custom:container-demuxer-webm: 4f35f7cbe854078d1ac9338744f61a02 -> 
  custom:container-demuxer-ogg: 62fdf1f143b41e24485cea50d1cbac27 -> 
  custom:video-encoder-webm-vp8: eb34c28f22e8b96e1ab97ce403110664 -> 
  custom:video-decoder-webm-vp8: 9c59270c3fd7afecdb556c50c9e8de78 -> 
  custom:graphics/normal-map-encoding: 01000000000000000000000000000000 -> 02000000000000000000000000000000
  custom:audio-decoder-ogg-vorbis: bf7c407c2cedff20999df2af8eb42d56 -> 
  custom:audio-encoder-webm-vorbis: bf7c407c2cedff20999df2af8eb42d56 -> 
========================================================================
Received Import Request.
  Time since last request: 178.732430 seconds.
  path: Assets/Cinemachine Assets/Main Camera Blends.asset
  artifactKey: Guid(7d721d813deef324fb25cf18bf7e3862) Importer(815301076,1909f56bfc062723c751e8b465ee728b)
Start importing Assets/Cinemachine Assets/Main Camera Blends.asset using Guid(7d721d813deef324fb25cf18bf7e3862) Importer(815301076,1909f56bfc062723c751e8b465ee728b)  -> (artifact id: 'd1280ba6975b2b8ffc9e56704c931ec3') in 0.054574 seconds 
  Import took 0.065194 seconds .

========================================================================
Received Prepare
Registering precompiled user dll's ...
Registered in 0.012030 seconds.
Begin MonoManager ReloadAssembly
Native extension for WindowsStandalone target not found
Refreshing native plugins compatible for Editor in 2.01 ms, found 2 plugins.
Preloading 0 native plugins for Editor in 0.00 ms.
Mono: successfully reloaded assembly
- Completed reload, in  3.039 seconds
Domain Reload Profiling:
	ReloadAssembly (3040ms)
		BeginReloadAssembly (232ms)
			ExecutionOrderSort (0ms)
			DisableScriptedObjects (10ms)
			BackupInstance (0ms)
			ReleaseScriptingObjects (0ms)
			CreateAndSetChildDomain (81ms)
		EndReloadAssembly (2697ms)
			LoadAssemblies (230ms)
			RebuildTransferFunctionScriptingTraits (0ms)
			SetupTypeCache (654ms)
			ReleaseScriptCaches (2ms)
			RebuildScriptCaches (122ms)
			SetupLoadedEditorAssemblies (1212ms)
				LogAssemblyErrors (0ms)
				InitializePlatformSupportModulesInManaged (10ms)
				SetLoadedEditorAssemblies (1ms)
				RefreshPlugins (2ms)
				BeforeProcessingInitializeOnLoad (210ms)
				ProcessInitializeOnLoadAttributes (958ms)
				ProcessInitializeOnLoadMethodAttributes (12ms)
				AfterProcessingInitializeOnLoad (17ms)
				EditorAssembliesLoaded (1ms)
			ExecutionOrderSort2 (0ms)
			AwakeInstancesAfterBackupRestoration (49ms)
Platform modules already initialized, skipping
Switching build target platform(19) subTarget(0) extendedPlatform(0) -> platform(13) subTarget(537395200) extendedPlatform(0)
Refreshing native plugins compatible for Editor in 3.02 ms, found 2 plugins.
Preloading 0 native plugins for Editor in 0.00 ms.
Unloading 3098 Unused Serialized files (Serialized files now loaded: 0)
System memory in use before: 166.6 MB.
System memory in use after: 166.9 MB.

Unloading 73 unused Assets to reduce memory usage. Loaded Objects now: 3874.
Total: 9.327200 ms (FindLiveObjects: 0.693200 ms CreateObjectMapping: 0.774700 ms MarkObjects: 7.792100 ms  DeleteObjects: 0.065000 ms)

AssetImportParameters requested are different than current active one (requested -> active):
  custom:framework-win-MediaFoundation: 216162199b28c13a410421893ffa2e32 -> 
  custom:video-decoder-ogg-theora: a1e56fd34408186e4bbccfd4996cb3dc -> 
  custom:container-muxer-webm: aa71ff27fc2769a1b78a27578f13a17b -> 
  custom:container-demuxer-webm: 4f35f7cbe854078d1ac9338744f61a02 -> 
  custom:container-demuxer-ogg: 62fdf1f143b41e24485cea50d1cbac27 -> 
  custom:video-encoder-webm-vp8: eb34c28f22e8b96e1ab97ce403110664 -> 
  custom:video-decoder-webm-vp8: 9c59270c3fd7afecdb556c50c9e8de78 -> 
  custom:graphics/normal-map-encoding: 01000000000000000000000000000000 -> 02000000000000000000000000000000
  custom:audio-decoder-ogg-vorbis: bf7c407c2cedff20999df2af8eb42d56 -> 
  custom:audio-encoder-webm-vorbis: bf7c407c2cedff20999df2af8eb42d56 -> 
========================================================================
Received Prepare
Refreshing native plugins compatible for Editor in 59.19 ms, found 2 plugins.
Preloading 0 native plugins for Editor in 0.00 ms.
Unloading 70 Unused Serialized files (Serialized files now loaded: 0)
System memory in use before: 107.5 MB.
System memory in use after: 107.7 MB.

Unloading 70 unused Assets to reduce memory usage. Loaded Objects now: 3874.
Total: 15.461600 ms (FindLiveObjects: 0.955000 ms CreateObjectMapping: 0.511200 ms MarkObjects: 13.879800 ms  DeleteObjects: 0.110700 ms)

AssetImportParameters requested are different than current active one (requested -> active):
  custom:framework-win-MediaFoundation: 216162199b28c13a410421893ffa2e32 -> 
  custom:video-decoder-ogg-theora: a1e56fd34408186e4bbccfd4996cb3dc -> 
  custom:container-muxer-webm: aa71ff27fc2769a1b78a27578f13a17b -> 
  custom:container-demuxer-webm: 4f35f7cbe854078d1ac9338744f61a02 -> 
  custom:container-demuxer-ogg: 62fdf1f143b41e24485cea50d1cbac27 -> 
  custom:video-encoder-webm-vp8: eb34c28f22e8b96e1ab97ce403110664 -> 
  custom:video-decoder-webm-vp8: 9c59270c3fd7afecdb556c50c9e8de78 -> 
  custom:audio-decoder-ogg-vorbis: bf7c407c2cedff20999df2af8eb42d56 -> 
  custom:audio-encoder-webm-vorbis: bf7c407c2cedff20999df2af8eb42d56 -> 
========================================================================
Received Prepare
Refreshing native plugins compatible for Editor in 59.22 ms, found 2 plugins.
Preloading 0 native plugins for Editor in 0.00 ms.
Unloading 70 Unused Serialized files (Serialized files now loaded: 0)
System memory in use before: 107.5 MB.
System memory in use after: 107.7 MB.

Unloading 70 unused Assets to reduce memory usage. Loaded Objects now: 3874.
Total: 11.701000 ms (FindLiveObjects: 0.765500 ms CreateObjectMapping: 0.299000 ms MarkObjects: 10.560300 ms  DeleteObjects: 0.073300 ms)

AssetImportParameters requested are different than current active one (requested -> active):
  custom:framework-win-MediaFoundation: 216162199b28c13a410421893ffa2e32 -> 
  custom:video-decoder-ogg-theora: a1e56fd34408186e4bbccfd4996cb3dc -> 
  custom:container-muxer-webm: aa71ff27fc2769a1b78a27578f13a17b -> 
  custom:container-demuxer-webm: 4f35f7cbe854078d1ac9338744f61a02 -> 
  custom:container-demuxer-ogg: 62fdf1f143b41e24485cea50d1cbac27 -> 
  custom:video-encoder-webm-vp8: eb34c28f22e8b96e1ab97ce403110664 -> 
  custom:video-decoder-webm-vp8: 9c59270c3fd7afecdb556c50c9e8de78 -> 
  custom:audio-decoder-ogg-vorbis: bf7c407c2cedff20999df2af8eb42d56 -> 
  custom:audio-encoder-webm-vorbis: bf7c407c2cedff20999df2af8eb42d56 -> 
========================================================================
Received Prepare
Registering precompiled user dll's ...
Registered in 1.148451 seconds.
Begin MonoManager ReloadAssembly
Native extension for WindowsStandalone target not found
Refreshing native plugins compatible for Editor in 2.63 ms, found 2 plugins.
Preloading 0 native plugins for Editor in 0.00 ms.
Mono: successfully reloaded assembly
- Completed reload, in 10.990 seconds
Domain Reload Profiling:
	ReloadAssembly (10999ms)
		BeginReloadAssembly (898ms)
			ExecutionOrderSort (0ms)
			DisableScriptedObjects (72ms)
			BackupInstance (0ms)
			ReleaseScriptingObjects (1ms)
			CreateAndSetChildDomain (353ms)
		EndReloadAssembly (9930ms)
			LoadAssemblies (4326ms)
			RebuildTransferFunctionScriptingTraits (1ms)
			SetupTypeCache (2104ms)
			ReleaseScriptCaches (10ms)
			RebuildScriptCaches (299ms)
			SetupLoadedEditorAssemblies (1784ms)
				LogAssemblyErrors (0ms)
				InitializePlatformSupportModulesInManaged (18ms)
				SetLoadedEditorAssemblies (2ms)
				RefreshPlugins (3ms)
				BeforeProcessingInitializeOnLoad (283ms)
				ProcessInitializeOnLoadAttributes (1436ms)
				ProcessInitializeOnLoadMethodAttributes (19ms)
				AfterProcessingInitializeOnLoad (22ms)
				EditorAssembliesLoaded (2ms)
			ExecutionOrderSort2 (0ms)
			AwakeInstancesAfterBackupRestoration (83ms)
Platform modules already initialized, skipping
Switching build target platform(19) subTarget(0) extendedPlatform(0) -> platform(13) subTarget(537395200) extendedPlatform(0)
Refreshing native plugins compatible for Editor in 3.53 ms, found 2 plugins.
Preloading 0 native plugins for Editor in 0.00 ms.
Unloading 3098 Unused Serialized files (Serialized files now loaded: 0)
System memory in use before: 166.7 MB.
System memory in use after: 166.9 MB.

Unloading 73 unused Assets to reduce memory usage. Loaded Objects now: 3876.
Total: 23.236000 ms (FindLiveObjects: 1.119100 ms CreateObjectMapping: 0.640400 ms MarkObjects: 21.202100 ms  DeleteObjects: 0.269200 ms)

AssetImportParameters requested are different than current active one (requested -> active):
  custom:framework-win-MediaFoundation: 216162199b28c13a410421893ffa2e32 -> 
  custom:video-decoder-ogg-theora: a1e56fd34408186e4bbccfd4996cb3dc -> 
  custom:container-muxer-webm: aa71ff27fc2769a1b78a27578f13a17b -> 
  custom:container-demuxer-webm: 4f35f7cbe854078d1ac9338744f61a02 -> 
  custom:container-demuxer-ogg: 62fdf1f143b41e24485cea50d1cbac27 -> 
  custom:video-encoder-webm-vp8: eb34c28f22e8b96e1ab97ce403110664 -> 
  custom:video-decoder-webm-vp8: 9c59270c3fd7afecdb556c50c9e8de78 -> 
  custom:graphics/normal-map-encoding: 01000000000000000000000000000000 -> 02000000000000000000000000000000
  custom:audio-decoder-ogg-vorbis: bf7c407c2cedff20999df2af8eb42d56 -> 
  custom:audio-encoder-webm-vorbis: bf7c407c2cedff20999df2af8eb42d56 -> 
AssetImportWorkerClient::OnTransportError - code=2 error=End of file
