Using pre-set license
Built from '2020.3/staging' branch; Version is '2020.3.23f1 (c5d91304a876) revision 12966163'; Using compiler version '192528614'; Build Type 'Release'
OS: 'Windows 10 Home Single Language; OS build 22000.376; Version 2009; 64bit' Language: 'en' Physical Memory: 8070 MB
BatchMode: 1, IsHumanControllingUs: 0, StartBugReporterOnCrash: 0, Is64bit: 1, IsPro: 0

COMMAND LINE ARGUMENTS:
C:\Program Files\Unity\Hub\Editor\2020.3.23f1\Editor\Unity.exe
-adb2
-batchMode
-noUpm
-name
AssetImportWorker6
-projectPath
G:/Unity Games Projects/Git Repos/Ink-Shield-Clone/Sheild Master
-logFile
Logs/AssetImportWorker6.log
-srvPort
53346
Successfully changed project path to: G:/Unity Games Projects/Git Repos/Ink-Shield-Clone/Sheild Master
G:/Unity Games Projects/Git Repos/Ink-Shield-Clone/Sheild Master
Using Asset Import Pipeline V2.
Refreshing native plugins compatible for Editor in 2749.50 ms, found 5 plugins.
Preloading 0 native plugins for Editor in 0.00 ms.
Initialize engine version: 2020.3.23f1 (c5d91304a876)
[Subsystems] Discovering subsystems at path C:/Program Files/Unity/Hub/Editor/2020.3.23f1/Editor/Data/Resources/UnitySubsystems
[Subsystems] Discovering subsystems at path G:/Unity Games Projects/Git Repos/Ink-Shield-Clone/Sheild Master/Assets
GfxDevice: creating device client; threaded=0
Direct3D:
    Version:  Direct3D 11.0 [level 11.0]
    Renderer: NVIDIA GeForce MX110 (ID=0x174e)
    Vendor:   
    VRAM:     2010 MB
    Driver:   27.21.14.6280
Initialize mono
Mono path[0] = 'C:/Program Files/Unity/Hub/Editor/2020.3.23f1/Editor/Data/Managed'
Mono path[1] = 'C:/Program Files/Unity/Hub/Editor/2020.3.23f1/Editor/Data/MonoBleedingEdge/lib/mono/unityjit'
Mono config path = 'C:/Program Files/Unity/Hub/Editor/2020.3.23f1/Editor/Data/MonoBleedingEdge/etc'
Using monoOptions --debugger-agent=transport=dt_socket,embedding=1,server=y,suspend=n,address=127.0.0.1:56056
Begin MonoManager ReloadAssembly
Registering precompiled unity dll's ...
Register platform support module: C:/Program Files/Unity/Hub/Editor/2020.3.23f1/Editor/Data/PlaybackEngines/WindowsStandaloneSupport/UnityEditor.WindowsStandalone.Extensions.dll
Registered in 0.003271 seconds.
Native extension for WindowsStandalone target not found
Refreshing native plugins compatible for Editor in 290.67 ms, found 5 plugins.
Preloading 0 native plugins for Editor in 0.00 ms.
Mono: successfully reloaded assembly
- Completed reload, in  1.840 seconds
Domain Reload Profiling:
	ReloadAssembly (1841ms)
		BeginReloadAssembly (122ms)
			ExecutionOrderSort (0ms)
			DisableScriptedObjects (0ms)
			BackupInstance (0ms)
			ReleaseScriptingObjects (0ms)
			CreateAndSetChildDomain (1ms)
		EndReloadAssembly (1525ms)
			LoadAssemblies (120ms)
			RebuildTransferFunctionScriptingTraits (0ms)
			SetupTypeCache (570ms)
			ReleaseScriptCaches (0ms)
			RebuildScriptCaches (142ms)
			SetupLoadedEditorAssemblies (562ms)
				LogAssemblyErrors (0ms)
				InitializePlatformSupportModulesInManaged (20ms)
				SetLoadedEditorAssemblies (1ms)
				RefreshPlugins (291ms)
				BeforeProcessingInitializeOnLoad (24ms)
				ProcessInitializeOnLoadAttributes (170ms)
				ProcessInitializeOnLoadMethodAttributes (56ms)
				AfterProcessingInitializeOnLoad (0ms)
				EditorAssembliesLoaded (0ms)
			ExecutionOrderSort2 (0ms)
			AwakeInstancesAfterBackupRestoration (0ms)
Platform modules already initialized, skipping
Registering precompiled user dll's ...
Registered in 0.015005 seconds.
Begin MonoManager ReloadAssembly
Native extension for WindowsStandalone target not found
Refreshing native plugins compatible for Editor in 229.07 ms, found 5 plugins.
Preloading 0 native plugins for Editor in 0.00 ms.
GPGSUpgrader start
UnityEngine.StackTraceUtility:ExtractStackTrace ()
UnityEngine.DebugLogHandler:LogFormat (UnityEngine.LogType,UnityEngine.Object,string,object[])
UnityEngine.Logger:Log (UnityEngine.LogType,object)
UnityEngine.Debug:Log (object)
GooglePlayGames.Editor.GPGSUpgrader:.cctor () (at Assets/GooglePlayGames/Editor/GPGSUpgrader.cs:38)
System.Runtime.CompilerServices.RuntimeHelpers:RunClassConstructor (System.RuntimeTypeHandle)
UnityEditor.EditorAssemblies:ProcessInitializeOnLoadAttributes (System.Type[])

(Filename: Assets/GooglePlayGames/Editor/GPGSUpgrader.cs Line: 38)

GPGSUpgrader done
UnityEngine.StackTraceUtility:ExtractStackTrace ()
UnityEngine.DebugLogHandler:LogFormat (UnityEngine.LogType,UnityEngine.Object,string,object[])
UnityEngine.Logger:Log (UnityEngine.LogType,object)
UnityEngine.Debug:Log (object)
GooglePlayGames.Editor.GPGSUpgrader:.cctor () (at Assets/GooglePlayGames/Editor/GPGSUpgrader.cs:105)
System.Runtime.CompilerServices.RuntimeHelpers:RunClassConstructor (System.RuntimeTypeHandle)
UnityEditor.EditorAssemblies:ProcessInitializeOnLoadAttributes (System.Type[])

(Filename: Assets/GooglePlayGames/Editor/GPGSUpgrader.cs Line: 105)

Mono: successfully reloaded assembly
- Completed reload, in 12.302 seconds
Domain Reload Profiling:
	ReloadAssembly (12339ms)
		BeginReloadAssembly (358ms)
			ExecutionOrderSort (0ms)
			DisableScriptedObjects (11ms)
			BackupInstance (0ms)
			ReleaseScriptingObjects (0ms)
			CreateAndSetChildDomain (39ms)
		EndReloadAssembly (11851ms)
			LoadAssemblies (300ms)
			RebuildTransferFunctionScriptingTraits (0ms)
			SetupTypeCache (1091ms)
			ReleaseScriptCaches (2ms)
			RebuildScriptCaches (238ms)
			SetupLoadedEditorAssemblies (9514ms)
				LogAssemblyErrors (0ms)
				InitializePlatformSupportModulesInManaged (10ms)
				SetLoadedEditorAssemblies (1ms)
				RefreshPlugins (229ms)
				BeforeProcessingInitializeOnLoad (346ms)
				ProcessInitializeOnLoadAttributes (8640ms)
				ProcessInitializeOnLoadMethodAttributes (259ms)
				AfterProcessingInitializeOnLoad (28ms)
				EditorAssembliesLoaded (1ms)
			ExecutionOrderSort2 (0ms)
			AwakeInstancesAfterBackupRestoration (31ms)
Platform modules already initialized, skipping
========================================================================
Worker process is ready to serve import requests
Launched and connected shader compiler UnityShaderCompiler.exe after 0.24 seconds
Refreshing native plugins compatible for Editor in 12.40 ms, found 5 plugins.
Preloading 0 native plugins for Editor in 0.00 ms.
Unloading 4245 Unused Serialized files (Serialized files now loaded: 0)
System memory in use before: 177.6 MB.
System memory in use after: 177.8 MB.

Unloading 264 unused Assets to reduce memory usage. Loaded Objects now: 4459.
Total: 33.432300 ms (FindLiveObjects: 1.768600 ms CreateObjectMapping: 1.005700 ms MarkObjects: 29.830800 ms  DeleteObjects: 0.819500 ms)

AssetImportParameters requested are different than current active one (requested -> active):
  custom:framework-win-MediaFoundation: 216162199b28c13a410421893ffa2e32 -> 
  custom:video-decoder-ogg-theora: a1e56fd34408186e4bbccfd4996cb3dc -> 
  custom:container-muxer-webm: aa71ff27fc2769a1b78a27578f13a17b -> 
  custom:container-demuxer-webm: 4f35f7cbe854078d1ac9338744f61a02 -> 
  custom:container-demuxer-ogg: 62fdf1f143b41e24485cea50d1cbac27 -> 
  custom:video-encoder-webm-vp8: eb34c28f22e8b96e1ab97ce403110664 -> 
  custom:video-decoder-webm-vp8: 9c59270c3fd7afecdb556c50c9e8de78 -> 
  custom:audio-decoder-ogg-vorbis: bf7c407c2cedff20999df2af8eb42d56 -> 
  custom:audio-encoder-webm-vorbis: bf7c407c2cedff20999df2af8eb42d56 -> 
========================================================================
Received Import Request.
  path: Assets/Scenes/Game Scene.unity
  artifactKey: Guid(18859b39fb58bee45a3d5400e3aa211e) Importer(815301076,1909f56bfc062723c751e8b465ee728b)
Start importing Assets/Scenes/Game Scene.unity using Guid(18859b39fb58bee45a3d5400e3aa211e) Importer(815301076,1909f56bfc062723c751e8b465ee728b)  -> (artifact id: '266daeca2bae517147305c9237120ca5') in 0.110982 seconds 
  Import took 0.192846 seconds .

========================================================================
Received Prepare
Registering precompiled user dll's ...
Registered in 0.445407 seconds.
Begin MonoManager ReloadAssembly
Native extension for WindowsStandalone target not found
Refreshing native plugins compatible for Editor in 5.19 ms, found 5 plugins.
Preloading 0 native plugins for Editor in 0.00 ms.
GPGSUpgrader start
UnityEngine.StackTraceUtility:ExtractStackTrace ()
UnityEngine.DebugLogHandler:LogFormat (UnityEngine.LogType,UnityEngine.Object,string,object[])
UnityEngine.Logger:Log (UnityEngine.LogType,object)
UnityEngine.Debug:Log (object)
GooglePlayGames.Editor.GPGSUpgrader:.cctor () (at Assets/GooglePlayGames/Editor/GPGSUpgrader.cs:38)
System.Runtime.CompilerServices.RuntimeHelpers:RunClassConstructor (System.RuntimeTypeHandle)
UnityEditor.EditorAssemblies:ProcessInitializeOnLoadAttributes (System.Type[])

(Filename: Assets/GooglePlayGames/Editor/GPGSUpgrader.cs Line: 38)

GPGSUpgrader done
UnityEngine.StackTraceUtility:ExtractStackTrace ()
UnityEngine.DebugLogHandler:LogFormat (UnityEngine.LogType,UnityEngine.Object,string,object[])
UnityEngine.Logger:Log (UnityEngine.LogType,object)
UnityEngine.Debug:Log (object)
GooglePlayGames.Editor.GPGSUpgrader:.cctor () (at Assets/GooglePlayGames/Editor/GPGSUpgrader.cs:105)
System.Runtime.CompilerServices.RuntimeHelpers:RunClassConstructor (System.RuntimeTypeHandle)
UnityEditor.EditorAssemblies:ProcessInitializeOnLoadAttributes (System.Type[])

(Filename: Assets/GooglePlayGames/Editor/GPGSUpgrader.cs Line: 105)

Mono: successfully reloaded assembly
- Completed reload, in  6.996 seconds
Domain Reload Profiling:
	ReloadAssembly (6997ms)
		BeginReloadAssembly (303ms)
			ExecutionOrderSort (0ms)
			DisableScriptedObjects (12ms)
			BackupInstance (0ms)
			ReleaseScriptingObjects (0ms)
			CreateAndSetChildDomain (116ms)
		EndReloadAssembly (6492ms)
			LoadAssemblies (357ms)
			RebuildTransferFunctionScriptingTraits (0ms)
			SetupTypeCache (849ms)
			ReleaseScriptCaches (3ms)
			RebuildScriptCaches (117ms)
			SetupLoadedEditorAssemblies (4638ms)
				LogAssemblyErrors (0ms)
				InitializePlatformSupportModulesInManaged (8ms)
				SetLoadedEditorAssemblies (1ms)
				RefreshPlugins (5ms)
				BeforeProcessingInitializeOnLoad (410ms)
				ProcessInitializeOnLoadAttributes (4093ms)
				ProcessInitializeOnLoadMethodAttributes (106ms)
				AfterProcessingInitializeOnLoad (13ms)
				EditorAssembliesLoaded (1ms)
			ExecutionOrderSort2 (0ms)
			AwakeInstancesAfterBackupRestoration (31ms)
Platform modules already initialized, skipping
Switching build target platform(19) subTarget(0) extendedPlatform(0) -> platform(13) subTarget(537395200) extendedPlatform(0)
Refreshing native plugins compatible for Editor in 9.45 ms, found 5 plugins.
Preloading 0 native plugins for Editor in 0.00 ms.
Unloading 4166 Unused Serialized files (Serialized files now loaded: 0)
System memory in use before: 167.1 MB.
System memory in use after: 167.4 MB.

Unloading 396 unused Assets to reduce memory usage. Loaded Objects now: 4461.
Total: 19.675400 ms (FindLiveObjects: 0.829100 ms CreateObjectMapping: 0.484700 ms MarkObjects: 18.105900 ms  DeleteObjects: 0.253500 ms)

AssetImportParameters requested are different than current active one (requested -> active):
  custom:framework-win-MediaFoundation: 216162199b28c13a410421893ffa2e32 -> 
  custom:video-decoder-ogg-theora: a1e56fd34408186e4bbccfd4996cb3dc -> 
  custom:container-muxer-webm: aa71ff27fc2769a1b78a27578f13a17b -> 
  custom:container-demuxer-webm: 4f35f7cbe854078d1ac9338744f61a02 -> 
  custom:container-demuxer-ogg: 62fdf1f143b41e24485cea50d1cbac27 -> 
  custom:video-encoder-webm-vp8: eb34c28f22e8b96e1ab97ce403110664 -> 
  custom:video-decoder-webm-vp8: 9c59270c3fd7afecdb556c50c9e8de78 -> 
  custom:graphics/normal-map-encoding: 01000000000000000000000000000000 -> 02000000000000000000000000000000
  custom:audio-decoder-ogg-vorbis: bf7c407c2cedff20999df2af8eb42d56 -> 
  custom:audio-encoder-webm-vorbis: bf7c407c2cedff20999df2af8eb42d56 -> 
========================================================================
Received Import Request.
  Time since last request: 248.700157 seconds.
  path: Assets/Scenes/Main Menu.unity
  artifactKey: Guid(625db5eaf937cfe41889282f5f04f354) Importer(815301076,1909f56bfc062723c751e8b465ee728b)
Start importing Assets/Scenes/Main Menu.unity using Guid(625db5eaf937cfe41889282f5f04f354) Importer(815301076,1909f56bfc062723c751e8b465ee728b)  -> (artifact id: '5e7ac9d5f36ad7ced35c53d12561b0b6') in 0.082806 seconds 
  Import took 0.174480 seconds .

========================================================================
Received Prepare
Registering precompiled user dll's ...
Registered in 0.016461 seconds.
Begin MonoManager ReloadAssembly
Native extension for WindowsStandalone target not found
Refreshing native plugins compatible for Editor in 3.97 ms, found 5 plugins.
Preloading 0 native plugins for Editor in 0.00 ms.
GPGSUpgrader start
UnityEngine.StackTraceUtility:ExtractStackTrace ()
UnityEngine.DebugLogHandler:LogFormat (UnityEngine.LogType,UnityEngine.Object,string,object[])
UnityEngine.Logger:Log (UnityEngine.LogType,object)
UnityEngine.Debug:Log (object)
GooglePlayGames.Editor.GPGSUpgrader:.cctor () (at Assets/GooglePlayGames/Editor/GPGSUpgrader.cs:38)
System.Runtime.CompilerServices.RuntimeHelpers:RunClassConstructor (System.RuntimeTypeHandle)
UnityEditor.EditorAssemblies:ProcessInitializeOnLoadAttributes (System.Type[])

(Filename: Assets/GooglePlayGames/Editor/GPGSUpgrader.cs Line: 38)

GPGSUpgrader done
UnityEngine.StackTraceUtility:ExtractStackTrace ()
UnityEngine.DebugLogHandler:LogFormat (UnityEngine.LogType,UnityEngine.Object,string,object[])
UnityEngine.Logger:Log (UnityEngine.LogType,object)
UnityEngine.Debug:Log (object)
GooglePlayGames.Editor.GPGSUpgrader:.cctor () (at Assets/GooglePlayGames/Editor/GPGSUpgrader.cs:105)
System.Runtime.CompilerServices.RuntimeHelpers:RunClassConstructor (System.RuntimeTypeHandle)
UnityEditor.EditorAssemblies:ProcessInitializeOnLoadAttributes (System.Type[])

(Filename: Assets/GooglePlayGames/Editor/GPGSUpgrader.cs Line: 105)

Mono: successfully reloaded assembly
- Completed reload, in  3.871 seconds
Domain Reload Profiling:
	ReloadAssembly (3872ms)
		BeginReloadAssembly (375ms)
			ExecutionOrderSort (0ms)
			DisableScriptedObjects (7ms)
			BackupInstance (0ms)
			ReleaseScriptingObjects (0ms)
			CreateAndSetChildDomain (123ms)
		EndReloadAssembly (3237ms)
			LoadAssemblies (336ms)
			RebuildTransferFunctionScriptingTraits (0ms)
			SetupTypeCache (714ms)
			ReleaseScriptCaches (2ms)
			RebuildScriptCaches (88ms)
			SetupLoadedEditorAssemblies (1928ms)
				LogAssemblyErrors (0ms)
				InitializePlatformSupportModulesInManaged (8ms)
				SetLoadedEditorAssemblies (1ms)
				RefreshPlugins (4ms)
				BeforeProcessingInitializeOnLoad (308ms)
				ProcessInitializeOnLoadAttributes (1475ms)
				ProcessInitializeOnLoadMethodAttributes (118ms)
				AfterProcessingInitializeOnLoad (12ms)
				EditorAssembliesLoaded (1ms)
			ExecutionOrderSort2 (0ms)
			AwakeInstancesAfterBackupRestoration (39ms)
Platform modules already initialized, skipping
Switching build target platform(19) subTarget(0) extendedPlatform(0) -> platform(13) subTarget(537395200) extendedPlatform(0)
Refreshing native plugins compatible for Editor in 5.66 ms, found 5 plugins.
Preloading 0 native plugins for Editor in 0.00 ms.
Unloading 4166 Unused Serialized files (Serialized files now loaded: 0)
System memory in use before: 167.2 MB.
System memory in use after: 167.4 MB.

Unloading 396 unused Assets to reduce memory usage. Loaded Objects now: 4463.
Total: 30.854200 ms (FindLiveObjects: 1.207800 ms CreateObjectMapping: 0.795400 ms MarkObjects: 28.336800 ms  DeleteObjects: 0.509800 ms)

AssetImportParameters requested are different than current active one (requested -> active):
  custom:framework-win-MediaFoundation: 216162199b28c13a410421893ffa2e32 -> 
  custom:video-decoder-ogg-theora: a1e56fd34408186e4bbccfd4996cb3dc -> 
  custom:container-muxer-webm: aa71ff27fc2769a1b78a27578f13a17b -> 
  custom:container-demuxer-webm: 4f35f7cbe854078d1ac9338744f61a02 -> 
  custom:container-demuxer-ogg: 62fdf1f143b41e24485cea50d1cbac27 -> 
  custom:video-encoder-webm-vp8: eb34c28f22e8b96e1ab97ce403110664 -> 
  custom:video-decoder-webm-vp8: 9c59270c3fd7afecdb556c50c9e8de78 -> 
  custom:graphics/normal-map-encoding: 01000000000000000000000000000000 -> 02000000000000000000000000000000
  custom:audio-decoder-ogg-vorbis: bf7c407c2cedff20999df2af8eb42d56 -> 
  custom:audio-encoder-webm-vorbis: bf7c407c2cedff20999df2af8eb42d56 -> 
========================================================================
Received Prepare
Registering precompiled user dll's ...
Registered in 0.017071 seconds.
Begin MonoManager ReloadAssembly
Native extension for WindowsStandalone target not found
Refreshing native plugins compatible for Editor in 4.60 ms, found 5 plugins.
Preloading 0 native plugins for Editor in 0.00 ms.
GPGSUpgrader start
UnityEngine.StackTraceUtility:ExtractStackTrace ()
UnityEngine.DebugLogHandler:LogFormat (UnityEngine.LogType,UnityEngine.Object,string,object[])
UnityEngine.Logger:Log (UnityEngine.LogType,object)
UnityEngine.Debug:Log (object)
GooglePlayGames.Editor.GPGSUpgrader:.cctor () (at Assets/GooglePlayGames/Editor/GPGSUpgrader.cs:38)
System.Runtime.CompilerServices.RuntimeHelpers:RunClassConstructor (System.RuntimeTypeHandle)
UnityEditor.EditorAssemblies:ProcessInitializeOnLoadAttributes (System.Type[])

(Filename: Assets/GooglePlayGames/Editor/GPGSUpgrader.cs Line: 38)

GPGSUpgrader done
UnityEngine.StackTraceUtility:ExtractStackTrace ()
UnityEngine.DebugLogHandler:LogFormat (UnityEngine.LogType,UnityEngine.Object,string,object[])
UnityEngine.Logger:Log (UnityEngine.LogType,object)
UnityEngine.Debug:Log (object)
GooglePlayGames.Editor.GPGSUpgrader:.cctor () (at Assets/GooglePlayGames/Editor/GPGSUpgrader.cs:105)
System.Runtime.CompilerServices.RuntimeHelpers:RunClassConstructor (System.RuntimeTypeHandle)
UnityEditor.EditorAssemblies:ProcessInitializeOnLoadAttributes (System.Type[])

(Filename: Assets/GooglePlayGames/Editor/GPGSUpgrader.cs Line: 105)

Mono: successfully reloaded assembly
- Completed reload, in  3.846 seconds
Domain Reload Profiling:
	ReloadAssembly (3847ms)
		BeginReloadAssembly (419ms)
			ExecutionOrderSort (0ms)
			DisableScriptedObjects (18ms)
			BackupInstance (0ms)
			ReleaseScriptingObjects (0ms)
			CreateAndSetChildDomain (154ms)
		EndReloadAssembly (3214ms)
			LoadAssemblies (288ms)
			RebuildTransferFunctionScriptingTraits (0ms)
			SetupTypeCache (691ms)
			ReleaseScriptCaches (3ms)
			RebuildScriptCaches (110ms)
			SetupLoadedEditorAssemblies (1928ms)
				LogAssemblyErrors (0ms)
				InitializePlatformSupportModulesInManaged (7ms)
				SetLoadedEditorAssemblies (1ms)
				RefreshPlugins (5ms)
				BeforeProcessingInitializeOnLoad (262ms)
				ProcessInitializeOnLoadAttributes (1549ms)
				ProcessInitializeOnLoadMethodAttributes (95ms)
				AfterProcessingInitializeOnLoad (8ms)
				EditorAssembliesLoaded (1ms)
			ExecutionOrderSort2 (0ms)
			AwakeInstancesAfterBackupRestoration (29ms)
Platform modules already initialized, skipping
Switching build target platform(19) subTarget(0) extendedPlatform(0) -> platform(13) subTarget(537395200) extendedPlatform(0)
Refreshing native plugins compatible for Editor in 5.41 ms, found 5 plugins.
Preloading 0 native plugins for Editor in 0.00 ms.
Unloading 4166 Unused Serialized files (Serialized files now loaded: 0)
System memory in use before: 167.2 MB.
System memory in use after: 167.5 MB.

Unloading 396 unused Assets to reduce memory usage. Loaded Objects now: 4465.
Total: 18.332400 ms (FindLiveObjects: 0.771300 ms CreateObjectMapping: 0.433700 ms MarkObjects: 16.853400 ms  DeleteObjects: 0.271700 ms)

AssetImportParameters requested are different than current active one (requested -> active):
  custom:framework-win-MediaFoundation: 216162199b28c13a410421893ffa2e32 -> 
  custom:video-decoder-ogg-theora: a1e56fd34408186e4bbccfd4996cb3dc -> 
  custom:container-muxer-webm: aa71ff27fc2769a1b78a27578f13a17b -> 
  custom:container-demuxer-webm: 4f35f7cbe854078d1ac9338744f61a02 -> 
  custom:container-demuxer-ogg: 62fdf1f143b41e24485cea50d1cbac27 -> 
  custom:video-encoder-webm-vp8: eb34c28f22e8b96e1ab97ce403110664 -> 
  custom:video-decoder-webm-vp8: 9c59270c3fd7afecdb556c50c9e8de78 -> 
  custom:graphics/normal-map-encoding: 01000000000000000000000000000000 -> 02000000000000000000000000000000
  custom:audio-decoder-ogg-vorbis: bf7c407c2cedff20999df2af8eb42d56 -> 
  custom:audio-encoder-webm-vorbis: bf7c407c2cedff20999df2af8eb42d56 -> 
========================================================================
Received Import Request.
  Time since last request: 286.418204 seconds.
  path: Assets/Scenes/Main Menu.unity
  artifactKey: Guid(625db5eaf937cfe41889282f5f04f354) Importer(815301076,1909f56bfc062723c751e8b465ee728b)
Start importing Assets/Scenes/Main Menu.unity using Guid(625db5eaf937cfe41889282f5f04f354) Importer(815301076,1909f56bfc062723c751e8b465ee728b)  -> (artifact id: '0d835de2182de82e5719bf9da0397d75') in 0.038859 seconds 
  Import took 0.193923 seconds .

========================================================================
Received Import Request.
  Time since last request: 32.470536 seconds.
  path: Assets/_Assets/Fonts/Net Arlong Bold/RifficFree-Bold SDF With Outline and Underlay.asset
  artifactKey: Guid(b8b9c0ac9b725df47b45384cca381e02) Importer(815301076,1909f56bfc062723c751e8b465ee728b)
Start importing Assets/_Assets/Fonts/Net Arlong Bold/RifficFree-Bold SDF With Outline and Underlay.asset using Guid(b8b9c0ac9b725df47b45384cca381e02) Importer(815301076,1909f56bfc062723c751e8b465ee728b)  -> (artifact id: 'b34fdabff28b33d8440ca580a9f2b478') in 1.017892 seconds 
  Import took 1.092754 seconds .

========================================================================
Received Prepare
Registering precompiled user dll's ...
Registered in 0.017381 seconds.
Begin MonoManager ReloadAssembly
Native extension for WindowsStandalone target not found
Refreshing native plugins compatible for Editor in 4.15 ms, found 5 plugins.
Preloading 0 native plugins for Editor in 0.00 ms.
GPGSUpgrader start
UnityEngine.StackTraceUtility:ExtractStackTrace ()
UnityEngine.DebugLogHandler:LogFormat (UnityEngine.LogType,UnityEngine.Object,string,object[])
UnityEngine.Logger:Log (UnityEngine.LogType,object)
UnityEngine.Debug:Log (object)
GooglePlayGames.Editor.GPGSUpgrader:.cctor () (at Assets/GooglePlayGames/Editor/GPGSUpgrader.cs:38)
System.Runtime.CompilerServices.RuntimeHelpers:RunClassConstructor (System.RuntimeTypeHandle)
UnityEditor.EditorAssemblies:ProcessInitializeOnLoadAttributes (System.Type[])

(Filename: Assets/GooglePlayGames/Editor/GPGSUpgrader.cs Line: 38)

GPGSUpgrader done
UnityEngine.StackTraceUtility:ExtractStackTrace ()
UnityEngine.DebugLogHandler:LogFormat (UnityEngine.LogType,UnityEngine.Object,string,object[])
UnityEngine.Logger:Log (UnityEngine.LogType,object)
UnityEngine.Debug:Log (object)
GooglePlayGames.Editor.GPGSUpgrader:.cctor () (at Assets/GooglePlayGames/Editor/GPGSUpgrader.cs:105)
System.Runtime.CompilerServices.RuntimeHelpers:RunClassConstructor (System.RuntimeTypeHandle)
UnityEditor.EditorAssemblies:ProcessInitializeOnLoadAttributes (System.Type[])

(Filename: Assets/GooglePlayGames/Editor/GPGSUpgrader.cs Line: 105)

Mono: successfully reloaded assembly
- Completed reload, in  3.870 seconds
Domain Reload Profiling:
	ReloadAssembly (3870ms)
		BeginReloadAssembly (294ms)
			ExecutionOrderSort (0ms)
			DisableScriptedObjects (15ms)
			BackupInstance (0ms)
			ReleaseScriptingObjects (0ms)
			CreateAndSetChildDomain (107ms)
		EndReloadAssembly (3478ms)
			LoadAssemblies (224ms)
			RebuildTransferFunctionScriptingTraits (0ms)
			SetupTypeCache (708ms)
			ReleaseScriptCaches (3ms)
			RebuildScriptCaches (130ms)
			SetupLoadedEditorAssemblies (2037ms)
				LogAssemblyErrors (0ms)
				InitializePlatformSupportModulesInManaged (6ms)
				SetLoadedEditorAssemblies (1ms)
				RefreshPlugins (4ms)
				BeforeProcessingInitializeOnLoad (224ms)
				ProcessInitializeOnLoadAttributes (1681ms)
				ProcessInitializeOnLoadMethodAttributes (109ms)
				AfterProcessingInitializeOnLoad (10ms)
				EditorAssembliesLoaded (1ms)
			ExecutionOrderSort2 (0ms)
			AwakeInstancesAfterBackupRestoration (45ms)
Platform modules already initialized, skipping
Switching build target platform(19) subTarget(0) extendedPlatform(0) -> platform(13) subTarget(537395200) extendedPlatform(0)
Refreshing native plugins compatible for Editor in 8.86 ms, found 5 plugins.
Preloading 0 native plugins for Editor in 0.00 ms.
Unloading 4166 Unused Serialized files (Serialized files now loaded: 0)
System memory in use before: 173.0 MB.
System memory in use after: 173.2 MB.

Unloading 396 unused Assets to reduce memory usage. Loaded Objects now: 4549.
Total: 30.440800 ms (FindLiveObjects: 1.185900 ms CreateObjectMapping: 0.765100 ms MarkObjects: 28.036300 ms  DeleteObjects: 0.449100 ms)

AssetImportParameters requested are different than current active one (requested -> active):
  custom:framework-win-MediaFoundation: 216162199b28c13a410421893ffa2e32 -> 
  custom:video-decoder-ogg-theora: a1e56fd34408186e4bbccfd4996cb3dc -> 
  custom:container-muxer-webm: aa71ff27fc2769a1b78a27578f13a17b -> 
  custom:container-demuxer-webm: 4f35f7cbe854078d1ac9338744f61a02 -> 
  custom:container-demuxer-ogg: 62fdf1f143b41e24485cea50d1cbac27 -> 
  custom:video-encoder-webm-vp8: eb34c28f22e8b96e1ab97ce403110664 -> 
  custom:video-decoder-webm-vp8: 9c59270c3fd7afecdb556c50c9e8de78 -> 
  custom:graphics/normal-map-encoding: 01000000000000000000000000000000 -> 02000000000000000000000000000000
  custom:audio-decoder-ogg-vorbis: bf7c407c2cedff20999df2af8eb42d56 -> 
  custom:audio-encoder-webm-vorbis: bf7c407c2cedff20999df2af8eb42d56 -> 
========================================================================
Received Prepare
Registering precompiled user dll's ...
Registered in 0.023634 seconds.
Begin MonoManager ReloadAssembly
Native extension for WindowsStandalone target not found
Refreshing native plugins compatible for Editor in 3.88 ms, found 5 plugins.
Preloading 0 native plugins for Editor in 0.00 ms.
GPGSUpgrader start
UnityEngine.StackTraceUtility:ExtractStackTrace ()
UnityEngine.DebugLogHandler:LogFormat (UnityEngine.LogType,UnityEngine.Object,string,object[])
UnityEngine.Logger:Log (UnityEngine.LogType,object)
UnityEngine.Debug:Log (object)
GooglePlayGames.Editor.GPGSUpgrader:.cctor () (at Assets/GooglePlayGames/Editor/GPGSUpgrader.cs:38)
System.Runtime.CompilerServices.RuntimeHelpers:RunClassConstructor (System.RuntimeTypeHandle)
UnityEditor.EditorAssemblies:ProcessInitializeOnLoadAttributes (System.Type[])

(Filename: Assets/GooglePlayGames/Editor/GPGSUpgrader.cs Line: 38)

GPGSUpgrader done
UnityEngine.StackTraceUtility:ExtractStackTrace ()
UnityEngine.DebugLogHandler:LogFormat (UnityEngine.LogType,UnityEngine.Object,string,object[])
UnityEngine.Logger:Log (UnityEngine.LogType,object)
UnityEngine.Debug:Log (object)
GooglePlayGames.Editor.GPGSUpgrader:.cctor () (at Assets/GooglePlayGames/Editor/GPGSUpgrader.cs:105)
System.Runtime.CompilerServices.RuntimeHelpers:RunClassConstructor (System.RuntimeTypeHandle)
UnityEditor.EditorAssemblies:ProcessInitializeOnLoadAttributes (System.Type[])

(Filename: Assets/GooglePlayGames/Editor/GPGSUpgrader.cs Line: 105)

Mono: successfully reloaded assembly
- Completed reload, in  3.343 seconds
Domain Reload Profiling:
	ReloadAssembly (3344ms)
		BeginReloadAssembly (228ms)
			ExecutionOrderSort (0ms)
			DisableScriptedObjects (11ms)
			BackupInstance (0ms)
			ReleaseScriptingObjects (0ms)
			CreateAndSetChildDomain (85ms)
		EndReloadAssembly (3007ms)
			LoadAssemblies (200ms)
			RebuildTransferFunctionScriptingTraits (0ms)
			SetupTypeCache (655ms)
			ReleaseScriptCaches (2ms)
			RebuildScriptCaches (90ms)
			SetupLoadedEditorAssemblies (1693ms)
				LogAssemblyErrors (0ms)
				InitializePlatformSupportModulesInManaged (6ms)
				SetLoadedEditorAssemblies (1ms)
				RefreshPlugins (4ms)
				BeforeProcessingInitializeOnLoad (263ms)
				ProcessInitializeOnLoadAttributes (1287ms)
				ProcessInitializeOnLoadMethodAttributes (116ms)
				AfterProcessingInitializeOnLoad (15ms)
				EditorAssembliesLoaded (1ms)
			ExecutionOrderSort2 (0ms)
			AwakeInstancesAfterBackupRestoration (59ms)
Platform modules already initialized, skipping
Switching build target platform(19) subTarget(0) extendedPlatform(0) -> platform(13) subTarget(537395200) extendedPlatform(0)
Refreshing native plugins compatible for Editor in 4.24 ms, found 5 plugins.
Preloading 0 native plugins for Editor in 0.00 ms.
Unloading 4166 Unused Serialized files (Serialized files now loaded: 0)
System memory in use before: 173.0 MB.
System memory in use after: 173.3 MB.

Unloading 396 unused Assets to reduce memory usage. Loaded Objects now: 4551.
Total: 22.409900 ms (FindLiveObjects: 0.904700 ms CreateObjectMapping: 0.541600 ms MarkObjects: 20.615700 ms  DeleteObjects: 0.345100 ms)

AssetImportParameters requested are different than current active one (requested -> active):
  custom:framework-win-MediaFoundation: 216162199b28c13a410421893ffa2e32 -> 
  custom:video-decoder-ogg-theora: a1e56fd34408186e4bbccfd4996cb3dc -> 
  custom:container-muxer-webm: aa71ff27fc2769a1b78a27578f13a17b -> 
  custom:container-demuxer-webm: 4f35f7cbe854078d1ac9338744f61a02 -> 
  custom:container-demuxer-ogg: 62fdf1f143b41e24485cea50d1cbac27 -> 
  custom:video-encoder-webm-vp8: eb34c28f22e8b96e1ab97ce403110664 -> 
  custom:video-decoder-webm-vp8: 9c59270c3fd7afecdb556c50c9e8de78 -> 
  custom:graphics/normal-map-encoding: 01000000000000000000000000000000 -> 02000000000000000000000000000000
  custom:audio-decoder-ogg-vorbis: bf7c407c2cedff20999df2af8eb42d56 -> 
  custom:audio-encoder-webm-vorbis: bf7c407c2cedff20999df2af8eb42d56 -> 
========================================================================
Received Import Request.
  Time since last request: 211.262605 seconds.
  path: Assets/Scenes/Game Scene.unity
  artifactKey: Guid(18859b39fb58bee45a3d5400e3aa211e) Importer(815301076,1909f56bfc062723c751e8b465ee728b)
Start importing Assets/Scenes/Game Scene.unity using Guid(18859b39fb58bee45a3d5400e3aa211e) Importer(815301076,1909f56bfc062723c751e8b465ee728b)  -> (artifact id: 'd2b2342975c94d1e33165d29b76faa13') in 0.067292 seconds 
  Import took 0.197831 seconds .

========================================================================
Received Import Request.
  Time since last request: 26.260409 seconds.
  path: Assets/Scenes/Game Scene.unity
  artifactKey: Guid(18859b39fb58bee45a3d5400e3aa211e) Importer(815301076,1909f56bfc062723c751e8b465ee728b)
Start importing Assets/Scenes/Game Scene.unity using Guid(18859b39fb58bee45a3d5400e3aa211e) Importer(815301076,1909f56bfc062723c751e8b465ee728b)  -> (artifact id: 'd66f2cdcc8f287592a5dd36216643970') in 0.005532 seconds 
  Import took 0.044095 seconds .

========================================================================
Received Import Request.
  Time since last request: 11.050951 seconds.
  path: Assets/Scenes/Game Scene.unity
  artifactKey: Guid(18859b39fb58bee45a3d5400e3aa211e) Importer(815301076,1909f56bfc062723c751e8b465ee728b)
Start importing Assets/Scenes/Game Scene.unity using Guid(18859b39fb58bee45a3d5400e3aa211e) Importer(815301076,1909f56bfc062723c751e8b465ee728b)  -> (artifact id: '2719c3bff69448a18bb2f09a10f48110') in 0.005247 seconds 
  Import took 0.119965 seconds .

========================================================================
Received Import Request.
  Time since last request: 8.009787 seconds.
  path: Assets/_Assets/Fonts/Net Arlong Bold/RifficFree-Bold SDF With Outline and Underlay.asset
  artifactKey: Guid(b8b9c0ac9b725df47b45384cca381e02) Importer(815301076,1909f56bfc062723c751e8b465ee728b)
Start importing Assets/_Assets/Fonts/Net Arlong Bold/RifficFree-Bold SDF With Outline and Underlay.asset using Guid(b8b9c0ac9b725df47b45384cca381e02) Importer(815301076,1909f56bfc062723c751e8b465ee728b)  -> (artifact id: '43a57642ac361eec6a52ac5b29cf631e') in 0.501778 seconds 
  Import took 0.554492 seconds .

========================================================================
Received Import Request.
  Time since last request: 30.198124 seconds.
  path: Assets/_Assets/Scriptable Objects/Level Data/Level 7.asset
  artifactKey: Guid(3be545d6dfb5ea647a84a7e725913b9c) Importer(815301076,1909f56bfc062723c751e8b465ee728b)
Start importing Assets/_Assets/Scriptable Objects/Level Data/Level 7.asset using Guid(3be545d6dfb5ea647a84a7e725913b9c) Importer(815301076,1909f56bfc062723c751e8b465ee728b)  -> (artifact id: 'b56bb2d916f2b4ba8356746445e2361b') in 0.615297 seconds 
  Import took 0.653441 seconds .

========================================================================
Received Import Request.
  Time since last request: 0.000445 seconds.
  path: Assets/_Assets/Scriptable Objects/Level Data/Level 11.asset
  artifactKey: Guid(c4e06d3d6e9fc86449f0b72a1dc7e4cc) Importer(815301076,1909f56bfc062723c751e8b465ee728b)
Start importing Assets/_Assets/Scriptable Objects/Level Data/Level 11.asset using Guid(c4e06d3d6e9fc86449f0b72a1dc7e4cc) Importer(815301076,1909f56bfc062723c751e8b465ee728b)  -> (artifact id: '32fca0d8fd2844b42a28dc9d819e727d') in 0.137078 seconds 
  Import took 0.176846 seconds .

========================================================================
Received Import Request.
  Time since last request: 0.000606 seconds.
  path: Assets/_Assets/Scriptable Objects/Level Data/Level 12.asset
  artifactKey: Guid(2ff6587ada0efd64fa98e54369ffab7f) Importer(815301076,1909f56bfc062723c751e8b465ee728b)
Start importing Assets/_Assets/Scriptable Objects/Level Data/Level 12.asset using Guid(2ff6587ada0efd64fa98e54369ffab7f) Importer(815301076,1909f56bfc062723c751e8b465ee728b)  -> (artifact id: '007926dca4cf310cdc85f32d97567618') in 0.076911 seconds 
  Import took 0.142544 seconds .

========================================================================
Received Import Request.
  Time since last request: 15.657792 seconds.
  path: Assets/Scenes/Main Menu.unity
  artifactKey: Guid(625db5eaf937cfe41889282f5f04f354) Importer(815301076,1909f56bfc062723c751e8b465ee728b)
Start importing Assets/Scenes/Main Menu.unity using Guid(625db5eaf937cfe41889282f5f04f354) Importer(815301076,1909f56bfc062723c751e8b465ee728b)  -> (artifact id: '312b60b800a0551d0493a11b12d82ade') in 0.005577 seconds 
  Import took 0.134879 seconds .

========================================================================
Received Import Request.
  Time since last request: 45.162969 seconds.
  path: Assets/Scenes/Main Menu.unity
  artifactKey: Guid(625db5eaf937cfe41889282f5f04f354) Importer(815301076,1909f56bfc062723c751e8b465ee728b)
Start importing Assets/Scenes/Main Menu.unity using Guid(625db5eaf937cfe41889282f5f04f354) Importer(815301076,1909f56bfc062723c751e8b465ee728b)  -> (artifact id: 'e9802bb1725ac82192d2c650feda2aa8') in 0.008134 seconds 
  Import took 0.098271 seconds .

========================================================================
Received Import Request.
  Time since last request: 145.918172 seconds.
  path: Assets/_Assets/FBX/Items/wall/Materials/Wall.mat
  artifactKey: Guid(e92e5b4fabcb20046bc13ae28e65838d) Importer(815301076,1909f56bfc062723c751e8b465ee728b)
Start importing Assets/_Assets/FBX/Items/wall/Materials/Wall.mat using Guid(e92e5b4fabcb20046bc13ae28e65838d) Importer(815301076,1909f56bfc062723c751e8b465ee728b)  -> (artifact id: '0600ecaeef846bd5bb67d05784b7ce7f') in 0.762779 seconds 
  Import took 0.835505 seconds .

========================================================================
Received Import Request.
  Time since last request: 0.001106 seconds.
  path: Assets/_Assets/Scriptable Objects/Shop Item/Non IAP Items/Player Skin/White Spider Man/White Spider Man.mat
  artifactKey: Guid(60578d8070f6fbe42ae8cc3e593ccc09) Importer(815301076,1909f56bfc062723c751e8b465ee728b)
Start importing Assets/_Assets/Scriptable Objects/Shop Item/Non IAP Items/Player Skin/White Spider Man/White Spider Man.mat using Guid(60578d8070f6fbe42ae8cc3e593ccc09) Importer(815301076,1909f56bfc062723c751e8b465ee728b)  -> (artifact id: 'c7ea4a14929319cbb9ae4224ff5733b2') in 0.720029 seconds 
  Import took 0.779275 seconds .

========================================================================
Received Import Request.
  Time since last request: 0.000993 seconds.
  path: Assets/_Assets/Fonts/Net Arlong Bold/Without UnderLine and OverLay.mat
  artifactKey: Guid(6b15c210c117f3f449fe2c99d71162f9) Importer(815301076,1909f56bfc062723c751e8b465ee728b)
Start importing Assets/_Assets/Fonts/Net Arlong Bold/Without UnderLine and OverLay.mat using Guid(6b15c210c117f3f449fe2c99d71162f9) Importer(815301076,1909f56bfc062723c751e8b465ee728b)  -> (artifact id: 'e65b3b550b85d9a720e841b2805c4ae8') in 0.075533 seconds 
  Import took 0.164761 seconds .

========================================================================
Received Import Request.
  Time since last request: 0.000960 seconds.
  path: Assets/_Assets/Fonts/Net Arlong Bold/With outline with underlay 1.mat
  artifactKey: Guid(a45e7b0f0b01436428d4422cc6c19784) Importer(815301076,1909f56bfc062723c751e8b465ee728b)
Start importing Assets/_Assets/Fonts/Net Arlong Bold/With outline with underlay 1.mat using Guid(a45e7b0f0b01436428d4422cc6c19784) Importer(815301076,1909f56bfc062723c751e8b465ee728b)  -> (artifact id: 'c9f70679e6dccffcdbabac14ece5eb7c') in 0.062935 seconds 
  Import took 0.106900 seconds .

========================================================================
Received Import Request.
  Time since last request: 0.388676 seconds.
  path: Assets/_Assets/Scriptable Objects/Shop Item/Non IAP Items/Player Skin/Defult Skin/Red Spider Man.mat
  artifactKey: Guid(decfc4d3cc2295a489fe9d60edb2f947) Importer(815301076,1909f56bfc062723c751e8b465ee728b)
Start importing Assets/_Assets/Scriptable Objects/Shop Item/Non IAP Items/Player Skin/Defult Skin/Red Spider Man.mat using Guid(decfc4d3cc2295a489fe9d60edb2f947) Importer(815301076,1909f56bfc062723c751e8b465ee728b)  -> (artifact id: '561cdf1d29acc25d056cdcb26467f366') in 0.154805 seconds 
  Import took 0.215248 seconds .

========================================================================
Received Prepare
Refreshing native plugins compatible for Editor in 201.86 ms, found 5 plugins.
Preloading 0 native plugins for Editor in 0.00 ms.
Unloading 255 Unused Serialized files (Serialized files now loaded: 0)
System memory in use before: 98.9 MB.
System memory in use after: 99.2 MB.

Unloading 255 unused Assets to reduce memory usage. Loaded Objects now: 4615.
Total: 42.325200 ms (FindLiveObjects: 1.519700 ms CreateObjectMapping: 0.922700 ms MarkObjects: 39.539600 ms  DeleteObjects: 0.339100 ms)

AssetImportParameters requested are different than current active one (requested -> active):
  custom:framework-win-MediaFoundation: 216162199b28c13a410421893ffa2e32 -> 
  custom:video-decoder-ogg-theora: a1e56fd34408186e4bbccfd4996cb3dc -> 
  custom:container-muxer-webm: aa71ff27fc2769a1b78a27578f13a17b -> 
  custom:container-demuxer-webm: 4f35f7cbe854078d1ac9338744f61a02 -> 
  custom:container-demuxer-ogg: 62fdf1f143b41e24485cea50d1cbac27 -> 
  custom:video-encoder-webm-vp8: eb34c28f22e8b96e1ab97ce403110664 -> 
  custom:video-decoder-webm-vp8: 9c59270c3fd7afecdb556c50c9e8de78 -> 
  custom:audio-decoder-ogg-vorbis: bf7c407c2cedff20999df2af8eb42d56 -> 
  custom:audio-encoder-webm-vorbis: bf7c407c2cedff20999df2af8eb42d56 -> 
========================================================================
Received Import Request.
  Time since last request: 2119.413421 seconds.
  path: Assets/_Assets/Textures/UI/Other Assets/Popup/Popup_EXPORT_0000_Rectangle-3.png
  artifactKey: Guid(11b068cdf4ba5bc4d848358ee5dc47f1) Importer(815301076,1909f56bfc062723c751e8b465ee728b)
Start importing Assets/_Assets/Textures/UI/Other Assets/Popup/Popup_EXPORT_0000_Rectangle-3.png using Guid(11b068cdf4ba5bc4d848358ee5dc47f1) Importer(815301076,1909f56bfc062723c751e8b465ee728b)  -> (artifact id: 'a54147dcf0c6823ea974a9f5f7902ace') in 1.189754 seconds 
  Import took 1.733868 seconds .

========================================================================
Received Import Request.
  Time since last request: 0.001716 seconds.
  path: Assets/_Assets/Textures/UI/Other Assets/Popup/Popup_EXPORT_0002_Layer-2-copy-4.png
  artifactKey: Guid(3fa740a2f1ccaee45b6cb796806b8927) Importer(815301076,1909f56bfc062723c751e8b465ee728b)
Start importing Assets/_Assets/Textures/UI/Other Assets/Popup/Popup_EXPORT_0002_Layer-2-copy-4.png using Guid(3fa740a2f1ccaee45b6cb796806b8927) Importer(815301076,1909f56bfc062723c751e8b465ee728b)  -> (artifact id: '3c24b75c81fdeb41907c846f34cb483c') in 0.226240 seconds 
  Import took 0.401441 seconds .

========================================================================
Received Prepare
Refreshing native plugins compatible for Editor in 14189.06 ms, found 5 plugins.
Preloading 0 native plugins for Editor in 0.00 ms.
Unloading 255 Unused Serialized files (Serialized files now loaded: 0)
System memory in use before: 99.0 MB.
System memory in use after: 99.2 MB.

Unloading 255 unused Assets to reduce memory usage. Loaded Objects now: 4620.
Total: 122.025500 ms (FindLiveObjects: 0.783700 ms CreateObjectMapping: 0.345900 ms MarkObjects: 120.727700 ms  DeleteObjects: 0.165500 ms)

AssetImportParameters requested are different than current active one (requested -> active):
  custom:framework-win-MediaFoundation: 216162199b28c13a410421893ffa2e32 -> 
  custom:video-decoder-ogg-theora: a1e56fd34408186e4bbccfd4996cb3dc -> 
  custom:container-muxer-webm: aa71ff27fc2769a1b78a27578f13a17b -> 
  custom:container-demuxer-webm: 4f35f7cbe854078d1ac9338744f61a02 -> 
  custom:container-demuxer-ogg: 62fdf1f143b41e24485cea50d1cbac27 -> 
  custom:video-encoder-webm-vp8: eb34c28f22e8b96e1ab97ce403110664 -> 
  custom:video-decoder-webm-vp8: 9c59270c3fd7afecdb556c50c9e8de78 -> 
  custom:audio-decoder-ogg-vorbis: bf7c407c2cedff20999df2af8eb42d56 -> 
  custom:audio-encoder-webm-vorbis: bf7c407c2cedff20999df2af8eb42d56 -> 
========================================================================
Received Prepare
Refreshing native plugins compatible for Editor in 112.65 ms, found 5 plugins.
Preloading 0 native plugins for Editor in 0.00 ms.
Unloading 255 Unused Serialized files (Serialized files now loaded: 0)
System memory in use before: 99.0 MB.
System memory in use after: 99.2 MB.

Unloading 255 unused Assets to reduce memory usage. Loaded Objects now: 4620.
Total: 15.259200 ms (FindLiveObjects: 1.086300 ms CreateObjectMapping: 0.359500 ms MarkObjects: 13.694600 ms  DeleteObjects: 0.117100 ms)

AssetImportParameters requested are different than current active one (requested -> active):
  custom:framework-win-MediaFoundation: 216162199b28c13a410421893ffa2e32 -> 
  custom:video-decoder-ogg-theora: a1e56fd34408186e4bbccfd4996cb3dc -> 
  custom:container-muxer-webm: aa71ff27fc2769a1b78a27578f13a17b -> 
  custom:container-demuxer-webm: 4f35f7cbe854078d1ac9338744f61a02 -> 
  custom:container-demuxer-ogg: 62fdf1f143b41e24485cea50d1cbac27 -> 
  custom:video-encoder-webm-vp8: eb34c28f22e8b96e1ab97ce403110664 -> 
  custom:video-decoder-webm-vp8: 9c59270c3fd7afecdb556c50c9e8de78 -> 
  custom:audio-decoder-ogg-vorbis: bf7c407c2cedff20999df2af8eb42d56 -> 
  custom:audio-encoder-webm-vorbis: bf7c407c2cedff20999df2af8eb42d56 -> 
========================================================================
Received Prepare
Registering precompiled user dll's ...
Registered in 1.232678 seconds.
Begin MonoManager ReloadAssembly
Native extension for WindowsStandalone target not found
Refreshing native plugins compatible for Editor in 3.17 ms, found 5 plugins.
Preloading 0 native plugins for Editor in 0.00 ms.
GPGSUpgrader start
UnityEngine.StackTraceUtility:ExtractStackTrace ()
UnityEngine.DebugLogHandler:LogFormat (UnityEngine.LogType,UnityEngine.Object,string,object[])
UnityEngine.Logger:Log (UnityEngine.LogType,object)
UnityEngine.Debug:Log (object)
GooglePlayGames.Editor.GPGSUpgrader:.cctor () (at Assets/GooglePlayGames/Editor/GPGSUpgrader.cs:38)
System.Runtime.CompilerServices.RuntimeHelpers:RunClassConstructor (System.RuntimeTypeHandle)
UnityEditor.EditorAssemblies:ProcessInitializeOnLoadAttributes (System.Type[])

(Filename: Assets/GooglePlayGames/Editor/GPGSUpgrader.cs Line: 38)

GPGSUpgrader done
UnityEngine.StackTraceUtility:ExtractStackTrace ()
UnityEngine.DebugLogHandler:LogFormat (UnityEngine.LogType,UnityEngine.Object,string,object[])
UnityEngine.Logger:Log (UnityEngine.LogType,object)
UnityEngine.Debug:Log (object)
GooglePlayGames.Editor.GPGSUpgrader:.cctor () (at Assets/GooglePlayGames/Editor/GPGSUpgrader.cs:105)
System.Runtime.CompilerServices.RuntimeHelpers:RunClassConstructor (System.RuntimeTypeHandle)
UnityEditor.EditorAssemblies:ProcessInitializeOnLoadAttributes (System.Type[])

(Filename: Assets/GooglePlayGames/Editor/GPGSUpgrader.cs Line: 105)

[YodoMas] Creating new Yodo1AdSettings.asset
UnityEngine.StackTraceUtility:ExtractStackTrace ()
UnityEngine.DebugLogHandler:LogFormat (UnityEngine.LogType,UnityEngine.Object,string,object[])
UnityEngine.Logger:Log (UnityEngine.LogType,object)
UnityEngine.Debug:Log (object)
Yodo1.MAS.Yodo1AdSettingsSave:Load () (at Assets/Yodo1/MAS/Editor/Scripts/Yodo1AdSettingsSave.cs:22)
Yodo1.MAS.Yodo1AdAssetsImporter:UpdateAppInfo () (at Assets/Yodo1/MAS/Editor/Scripts/Yodo1AdAssetsImporter.cs:182)
Yodo1.MAS.Yodo1AdAssetsImporter:OnProjectLoadedInEditor () (at Assets/Yodo1/MAS/Editor/Scripts/Yodo1AdAssetsImporter.cs:172)
System.Reflection.MonoMethod:Invoke (object,System.Reflection.BindingFlags,System.Reflection.Binder,object[],System.Globalization.CultureInfo)
System.Reflection.MethodBase:Invoke (object,object[])
UnityEditor.EditorAssemblies:ProcessInitializeOnLoadMethodAttributes ()

(Filename: Assets/Yodo1/MAS/Editor/Scripts/Yodo1AdSettingsSave.cs Line: 22)

CreateSerializedAsset is not supported while importing out-of-process
UnityEngine.StackTraceUtility:ExtractStackTrace ()
Yodo1.MAS.Yodo1AdSettingsSave:Load () (at Assets/Yodo1/MAS/Editor/Scripts/Yodo1AdSettingsSave.cs:28)
Yodo1.MAS.Yodo1AdAssetsImporter:UpdateAppInfo () (at Assets/Yodo1/MAS/Editor/Scripts/Yodo1AdAssetsImporter.cs:182)
Yodo1.MAS.Yodo1AdAssetsImporter:OnProjectLoadedInEditor () (at Assets/Yodo1/MAS/Editor/Scripts/Yodo1AdAssetsImporter.cs:172)
System.Reflection.MonoMethod:Invoke (object,System.Reflection.BindingFlags,System.Reflection.Binder,object[],System.Globalization.CultureInfo)
System.Reflection.MethodBase:Invoke (object,object[])
UnityEditor.EditorAssemblies:ProcessInitializeOnLoadMethodAttributes ()

[Assets/Yodo1/MAS/Editor/Scripts/Yodo1AdSettingsSave.cs line 28]

[YodoMas] Failed to create the Yodo1 Ad Settings asset.
UnityEngine.StackTraceUtility:ExtractStackTrace ()
UnityEngine.DebugLogHandler:LogFormat (UnityEngine.LogType,UnityEngine.Object,string,object[])
UnityEngine.Logger:Log (UnityEngine.LogType,object)
UnityEngine.Debug:LogError (object)
Yodo1.MAS.Yodo1AdSettingsSave:Load () (at Assets/Yodo1/MAS/Editor/Scripts/Yodo1AdSettingsSave.cs:37)
Yodo1.MAS.Yodo1AdAssetsImporter:UpdateAppInfo () (at Assets/Yodo1/MAS/Editor/Scripts/Yodo1AdAssetsImporter.cs:182)
Yodo1.MAS.Yodo1AdAssetsImporter:OnProjectLoadedInEditor () (at Assets/Yodo1/MAS/Editor/Scripts/Yodo1AdAssetsImporter.cs:172)
System.Reflection.MonoMethod:Invoke (object,System.Reflection.BindingFlags,System.Reflection.Binder,object[],System.Globalization.CultureInfo)
System.Reflection.MethodBase:Invoke (object,object[])
UnityEditor.EditorAssemblies:ProcessInitializeOnLoadMethodAttributes ()

(Filename: Assets/Yodo1/MAS/Editor/Scripts/Yodo1AdSettingsSave.cs Line: 37)

[YodoMas] HttpPost request - {"timestamp":"1640977071509","bundle_id":"com.PlayResume.SheildMaster","plugin_version":"4.4.5","platform":"android","sign":"8bc1e71eeb6533dc6c2460e98a8a3946"}
UnityEngine.StackTraceUtility:ExtractStackTrace ()
UnityEngine.DebugLogHandler:LogFormat (UnityEngine.LogType,UnityEngine.Object,string,object[])
UnityEngine.Logger:Log (UnityEngine.LogType,object)
UnityEngine.Debug:Log (object)
Yodo1.MAS.Yodo1AdAssetsImporter:HttpPost (string,string) (at Assets/Yodo1/MAS/Editor/Scripts/Yodo1AdAssetsImporter.cs:276)
Yodo1.MAS.Yodo1AdAssetsImporter:GetAppInfo (string,string) (at Assets/Yodo1/MAS/Editor/Scripts/Yodo1AdAssetsImporter.cs:265)
Yodo1.MAS.Yodo1AdAssetsImporter:UpdateAppInfo () (at Assets/Yodo1/MAS/Editor/Scripts/Yodo1AdAssetsImporter.cs:188)
Yodo1.MAS.Yodo1AdAssetsImporter:OnProjectLoadedInEditor () (at Assets/Yodo1/MAS/Editor/Scripts/Yodo1AdAssetsImporter.cs:172)
System.Reflection.MonoMethod:Invoke (object,System.Reflection.BindingFlags,System.Reflection.Binder,object[],System.Globalization.CultureInfo)
System.Reflection.MethodBase:Invoke (object,object[])
UnityEditor.EditorAssemblies:ProcessInitializeOnLoadMethodAttributes ()

(Filename: Assets/Yodo1/MAS/Editor/Scripts/Yodo1AdAssetsImporter.cs Line: 276)

[YodoMas] HttpPost Exception.Status - ProtocolError, please check your bundle id or package name.
UnityEngine.StackTraceUtility:ExtractStackTrace ()
UnityEngine.DebugLogHandler:LogFormat (UnityEngine.LogType,UnityEngine.Object,string,object[])
UnityEngine.Logger:Log (UnityEngine.LogType,object)
UnityEngine.Debug:LogWarning (object)
Yodo1.MAS.Yodo1AdAssetsImporter:HttpPost (string,string) (at Assets/Yodo1/MAS/Editor/Scripts/Yodo1AdAssetsImporter.cs:306)
Yodo1.MAS.Yodo1AdAssetsImporter:GetAppInfo (string,string) (at Assets/Yodo1/MAS/Editor/Scripts/Yodo1AdAssetsImporter.cs:265)
Yodo1.MAS.Yodo1AdAssetsImporter:UpdateAppInfo () (at Assets/Yodo1/MAS/Editor/Scripts/Yodo1AdAssetsImporter.cs:188)
Yodo1.MAS.Yodo1AdAssetsImporter:OnProjectLoadedInEditor () (at Assets/Yodo1/MAS/Editor/Scripts/Yodo1AdAssetsImporter.cs:172)
System.Reflection.MonoMethod:Invoke (object,System.Reflection.BindingFlags,System.Reflection.Binder,object[],System.Globalization.CultureInfo)
System.Reflection.MethodBase:Invoke (object,object[])
UnityEditor.EditorAssemblies:ProcessInitializeOnLoadMethodAttributes ()

(Filename: Assets/Yodo1/MAS/Editor/Scripts/Yodo1AdAssetsImporter.cs Line: 306)

[YodoMas] HttpPost request - {"timestamp":"1640977085897","bundle_id":"com.PlayResume.SheildMaster","plugin_version":"4.4.5","platform":"iOS","sign":"8905658a07f93ae0204429b2028dc2a0"}
UnityEngine.StackTraceUtility:ExtractStackTrace ()
UnityEngine.DebugLogHandler:LogFormat (UnityEngine.LogType,UnityEngine.Object,string,object[])
UnityEngine.Logger:Log (UnityEngine.LogType,object)
UnityEngine.Debug:Log (object)
Yodo1.MAS.Yodo1AdAssetsImporter:HttpPost (string,string) (at Assets/Yodo1/MAS/Editor/Scripts/Yodo1AdAssetsImporter.cs:276)
Yodo1.MAS.Yodo1AdAssetsImporter:GetAppInfo (string,string) (at Assets/Yodo1/MAS/Editor/Scripts/Yodo1AdAssetsImporter.cs:265)
Yodo1.MAS.Yodo1AdAssetsImporter:UpdateAppInfo () (at Assets/Yodo1/MAS/Editor/Scripts/Yodo1AdAssetsImporter.cs:195)
Yodo1.MAS.Yodo1AdAssetsImporter:OnProjectLoadedInEditor () (at Assets/Yodo1/MAS/Editor/Scripts/Yodo1AdAssetsImporter.cs:172)
System.Reflection.MonoMethod:Invoke (object,System.Reflection.BindingFlags,System.Reflection.Binder,object[],System.Globalization.CultureInfo)
System.Reflection.MethodBase:Invoke (object,object[])
UnityEditor.EditorAssemblies:ProcessInitializeOnLoadMethodAttributes ()

(Filename: Assets/Yodo1/MAS/Editor/Scripts/Yodo1AdAssetsImporter.cs Line: 276)

[YodoMas] HttpPost Exception.Status - ProtocolError, please check your bundle id or package name.
UnityEngine.StackTraceUtility:ExtractStackTrace ()
UnityEngine.DebugLogHandler:LogFormat (UnityEngine.LogType,UnityEngine.Object,string,object[])
UnityEngine.Logger:Log (UnityEngine.LogType,object)
UnityEngine.Debug:LogWarning (object)
Yodo1.MAS.Yodo1AdAssetsImporter:HttpPost (string,string) (at Assets/Yodo1/MAS/Editor/Scripts/Yodo1AdAssetsImporter.cs:306)
Yodo1.MAS.Yodo1AdAssetsImporter:GetAppInfo (string,string) (at Assets/Yodo1/MAS/Editor/Scripts/Yodo1AdAssetsImporter.cs:265)
Yodo1.MAS.Yodo1AdAssetsImporter:UpdateAppInfo () (at Assets/Yodo1/MAS/Editor/Scripts/Yodo1AdAssetsImporter.cs:195)
Yodo1.MAS.Yodo1AdAssetsImporter:OnProjectLoadedInEditor () (at Assets/Yodo1/MAS/Editor/Scripts/Yodo1AdAssetsImporter.cs:172)
System.Reflection.MonoMethod:Invoke (object,System.Reflection.BindingFlags,System.Reflection.Binder,object[],System.Globalization.CultureInfo)
System.Reflection.MethodBase:Invoke (object,object[])
UnityEditor.EditorAssemblies:ProcessInitializeOnLoadMethodAttributes ()

(Filename: Assets/Yodo1/MAS/Editor/Scripts/Yodo1AdAssetsImporter.cs Line: 306)

Mono: successfully reloaded assembly
- Completed reload, in 33.406 seconds
Domain Reload Profiling:
	ReloadAssembly (33430ms)
		BeginReloadAssembly (859ms)
			ExecutionOrderSort (0ms)
			DisableScriptedObjects (192ms)
			BackupInstance (0ms)
			ReleaseScriptingObjects (0ms)
			CreateAndSetChildDomain (447ms)
		EndReloadAssembly (32449ms)
			LoadAssemblies (6579ms)
			RebuildTransferFunctionScriptingTraits (0ms)
			SetupTypeCache (590ms)
			ReleaseScriptCaches (2ms)
			RebuildScriptCaches (80ms)
			SetupLoadedEditorAssemblies (24516ms)
				LogAssemblyErrors (0ms)
				InitializePlatformSupportModulesInManaged (8ms)
				SetLoadedEditorAssemblies (1ms)
				RefreshPlugins (3ms)
				BeforeProcessingInitializeOnLoad (186ms)
				ProcessInitializeOnLoadAttributes (4144ms)
				ProcessInitializeOnLoadMethodAttributes (20161ms)
				AfterProcessingInitializeOnLoad (12ms)
				EditorAssembliesLoaded (1ms)
			ExecutionOrderSort2 (0ms)
			AwakeInstancesAfterBackupRestoration (39ms)
Platform modules already initialized, skipping
Switching build target platform(19) subTarget(0) extendedPlatform(0) -> platform(13) subTarget(537395200) extendedPlatform(0)
Refreshing native plugins compatible for Editor in 9.22 ms, found 5 plugins.
Preloading 0 native plugins for Editor in 0.00 ms.
Unloading 4167 Unused Serialized files (Serialized files now loaded: 0)
System memory in use before: 173.5 MB.
System memory in use after: 173.7 MB.

Unloading 397 unused Assets to reduce memory usage. Loaded Objects now: 4596.
Total: 22.889800 ms (FindLiveObjects: 1.599400 ms CreateObjectMapping: 0.437200 ms MarkObjects: 20.375500 ms  DeleteObjects: 0.472800 ms)

AssetImportParameters requested are different than current active one (requested -> active):
  custom:framework-win-MediaFoundation: 216162199b28c13a410421893ffa2e32 -> 
  custom:video-decoder-ogg-theora: a1e56fd34408186e4bbccfd4996cb3dc -> 
  custom:container-muxer-webm: aa71ff27fc2769a1b78a27578f13a17b -> 
  custom:container-demuxer-webm: 4f35f7cbe854078d1ac9338744f61a02 -> 
  custom:container-demuxer-ogg: 62fdf1f143b41e24485cea50d1cbac27 -> 
  custom:video-encoder-webm-vp8: eb34c28f22e8b96e1ab97ce403110664 -> 
  custom:video-decoder-webm-vp8: 9c59270c3fd7afecdb556c50c9e8de78 -> 
  custom:graphics/normal-map-encoding: 01000000000000000000000000000000 -> 02000000000000000000000000000000
  custom:audio-decoder-ogg-vorbis: bf7c407c2cedff20999df2af8eb42d56 -> 
  custom:audio-encoder-webm-vorbis: bf7c407c2cedff20999df2af8eb42d56 -> 
========================================================================
Received Import Request.
  Time since last request: 2030.073948 seconds.
  path: Assets/_Assets/Scriptable Objects/Abiltiy Data/Armour.asset
  artifactKey: Guid(bdd96a405d83a6e4197e2f92396bc21a) Importer(815301076,1909f56bfc062723c751e8b465ee728b)
Start importing Assets/_Assets/Scriptable Objects/Abiltiy Data/Armour.asset using Guid(bdd96a405d83a6e4197e2f92396bc21a) Importer(815301076,1909f56bfc062723c751e8b465ee728b)  -> (artifact id: '6c15c5c95c0b2774b38a761b64b7ae18') in 0.105120 seconds 
  Import took 0.219492 seconds .

========================================================================
Received Import Request.
  Time since last request: 76.691660 seconds.
  path: Assets/_Assets/Scriptable Objects/PlayerData/Player Data.asset
  artifactKey: Guid(e8274db418ab89f42b503eac970bd4b3) Importer(815301076,1909f56bfc062723c751e8b465ee728b)
Start importing Assets/_Assets/Scriptable Objects/PlayerData/Player Data.asset using Guid(e8274db418ab89f42b503eac970bd4b3) Importer(815301076,1909f56bfc062723c751e8b465ee728b)  -> (artifact id: 'c128a6793cc6518714548a2944f093b7') in 0.139093 seconds 
  Import took 0.243258 seconds .

========================================================================
Received Prepare
Registering precompiled user dll's ...
Registered in 0.012363 seconds.
Begin MonoManager ReloadAssembly
Native extension for WindowsStandalone target not found
Refreshing native plugins compatible for Editor in 3.07 ms, found 5 plugins.
Preloading 0 native plugins for Editor in 0.00 ms.
GPGSUpgrader start
UnityEngine.StackTraceUtility:ExtractStackTrace ()
UnityEngine.DebugLogHandler:LogFormat (UnityEngine.LogType,UnityEngine.Object,string,object[])
UnityEngine.Logger:Log (UnityEngine.LogType,object)
UnityEngine.Debug:Log (object)
GooglePlayGames.Editor.GPGSUpgrader:.cctor () (at Assets/GooglePlayGames/Editor/GPGSUpgrader.cs:38)
System.Runtime.CompilerServices.RuntimeHelpers:RunClassConstructor (System.RuntimeTypeHandle)
UnityEditor.EditorAssemblies:ProcessInitializeOnLoadAttributes (System.Type[])

(Filename: Assets/GooglePlayGames/Editor/GPGSUpgrader.cs Line: 38)

GPGSUpgrader done
UnityEngine.StackTraceUtility:ExtractStackTrace ()
UnityEngine.DebugLogHandler:LogFormat (UnityEngine.LogType,UnityEngine.Object,string,object[])
UnityEngine.Logger:Log (UnityEngine.LogType,object)
UnityEngine.Debug:Log (object)
GooglePlayGames.Editor.GPGSUpgrader:.cctor () (at Assets/GooglePlayGames/Editor/GPGSUpgrader.cs:105)
System.Runtime.CompilerServices.RuntimeHelpers:RunClassConstructor (System.RuntimeTypeHandle)
UnityEditor.EditorAssemblies:ProcessInitializeOnLoadAttributes (System.Type[])

(Filename: Assets/GooglePlayGames/Editor/GPGSUpgrader.cs Line: 105)

[YodoMas] Creating new Yodo1AdSettings.asset
UnityEngine.StackTraceUtility:ExtractStackTrace ()
UnityEngine.DebugLogHandler:LogFormat (UnityEngine.LogType,UnityEngine.Object,string,object[])
UnityEngine.Logger:Log (UnityEngine.LogType,object)
UnityEngine.Debug:Log (object)
Yodo1.MAS.Yodo1AdSettingsSave:Load () (at Assets/Yodo1/MAS/Editor/Scripts/Yodo1AdSettingsSave.cs:22)
Yodo1.MAS.Yodo1AdAssetsImporter:UpdateAppInfo () (at Assets/Yodo1/MAS/Editor/Scripts/Yodo1AdAssetsImporter.cs:182)
Yodo1.MAS.Yodo1AdAssetsImporter:OnProjectLoadedInEditor () (at Assets/Yodo1/MAS/Editor/Scripts/Yodo1AdAssetsImporter.cs:172)
System.Reflection.MonoMethod:Invoke (object,System.Reflection.BindingFlags,System.Reflection.Binder,object[],System.Globalization.CultureInfo)
System.Reflection.MethodBase:Invoke (object,object[])
UnityEditor.EditorAssemblies:ProcessInitializeOnLoadMethodAttributes ()

(Filename: Assets/Yodo1/MAS/Editor/Scripts/Yodo1AdSettingsSave.cs Line: 22)

CreateSerializedAsset is not supported while importing out-of-process
UnityEngine.StackTraceUtility:ExtractStackTrace ()
Yodo1.MAS.Yodo1AdSettingsSave:Load () (at Assets/Yodo1/MAS/Editor/Scripts/Yodo1AdSettingsSave.cs:28)
Yodo1.MAS.Yodo1AdAssetsImporter:UpdateAppInfo () (at Assets/Yodo1/MAS/Editor/Scripts/Yodo1AdAssetsImporter.cs:182)
Yodo1.MAS.Yodo1AdAssetsImporter:OnProjectLoadedInEditor () (at Assets/Yodo1/MAS/Editor/Scripts/Yodo1AdAssetsImporter.cs:172)
System.Reflection.MonoMethod:Invoke (object,System.Reflection.BindingFlags,System.Reflection.Binder,object[],System.Globalization.CultureInfo)
System.Reflection.MethodBase:Invoke (object,object[])
UnityEditor.EditorAssemblies:ProcessInitializeOnLoadMethodAttributes ()

[Assets/Yodo1/MAS/Editor/Scripts/Yodo1AdSettingsSave.cs line 28]

[YodoMas] Failed to create the Yodo1 Ad Settings asset.
UnityEngine.StackTraceUtility:ExtractStackTrace ()
UnityEngine.DebugLogHandler:LogFormat (UnityEngine.LogType,UnityEngine.Object,string,object[])
UnityEngine.Logger:Log (UnityEngine.LogType,object)
UnityEngine.Debug:LogError (object)
Yodo1.MAS.Yodo1AdSettingsSave:Load () (at Assets/Yodo1/MAS/Editor/Scripts/Yodo1AdSettingsSave.cs:37)
Yodo1.MAS.Yodo1AdAssetsImporter:UpdateAppInfo () (at Assets/Yodo1/MAS/Editor/Scripts/Yodo1AdAssetsImporter.cs:182)
Yodo1.MAS.Yodo1AdAssetsImporter:OnProjectLoadedInEditor () (at Assets/Yodo1/MAS/Editor/Scripts/Yodo1AdAssetsImporter.cs:172)
System.Reflection.MonoMethod:Invoke (object,System.Reflection.BindingFlags,System.Reflection.Binder,object[],System.Globalization.CultureInfo)
System.Reflection.MethodBase:Invoke (object,object[])
UnityEditor.EditorAssemblies:ProcessInitializeOnLoadMethodAttributes ()

(Filename: Assets/Yodo1/MAS/Editor/Scripts/Yodo1AdSettingsSave.cs Line: 37)

[YodoMas] HttpPost request - {"timestamp":"1640977255444","bundle_id":"com.PlayResume.SheildMaster","plugin_version":"4.4.5","platform":"android","sign":"5778a6e12cd90cd7bee941b36e6ff7ad"}
UnityEngine.StackTraceUtility:ExtractStackTrace ()
UnityEngine.DebugLogHandler:LogFormat (UnityEngine.LogType,UnityEngine.Object,string,object[])
UnityEngine.Logger:Log (UnityEngine.LogType,object)
UnityEngine.Debug:Log (object)
Yodo1.MAS.Yodo1AdAssetsImporter:HttpPost (string,string) (at Assets/Yodo1/MAS/Editor/Scripts/Yodo1AdAssetsImporter.cs:276)
Yodo1.MAS.Yodo1AdAssetsImporter:GetAppInfo (string,string) (at Assets/Yodo1/MAS/Editor/Scripts/Yodo1AdAssetsImporter.cs:265)
Yodo1.MAS.Yodo1AdAssetsImporter:UpdateAppInfo () (at Assets/Yodo1/MAS/Editor/Scripts/Yodo1AdAssetsImporter.cs:188)
Yodo1.MAS.Yodo1AdAssetsImporter:OnProjectLoadedInEditor () (at Assets/Yodo1/MAS/Editor/Scripts/Yodo1AdAssetsImporter.cs:172)
System.Reflection.MonoMethod:Invoke (object,System.Reflection.BindingFlags,System.Reflection.Binder,object[],System.Globalization.CultureInfo)
System.Reflection.MethodBase:Invoke (object,object[])
UnityEditor.EditorAssemblies:ProcessInitializeOnLoadMethodAttributes ()

(Filename: Assets/Yodo1/MAS/Editor/Scripts/Yodo1AdAssetsImporter.cs Line: 276)

[YodoMas] HttpPost Exception.Status - ProtocolError, please check your bundle id or package name.
UnityEngine.StackTraceUtility:ExtractStackTrace ()
UnityEngine.DebugLogHandler:LogFormat (UnityEngine.LogType,UnityEngine.Object,string,object[])
UnityEngine.Logger:Log (UnityEngine.LogType,object)
UnityEngine.Debug:LogWarning (object)
Yodo1.MAS.Yodo1AdAssetsImporter:HttpPost (string,string) (at Assets/Yodo1/MAS/Editor/Scripts/Yodo1AdAssetsImporter.cs:306)
Yodo1.MAS.Yodo1AdAssetsImporter:GetAppInfo (string,string) (at Assets/Yodo1/MAS/Editor/Scripts/Yodo1AdAssetsImporter.cs:265)
Yodo1.MAS.Yodo1AdAssetsImporter:UpdateAppInfo () (at Assets/Yodo1/MAS/Editor/Scripts/Yodo1AdAssetsImporter.cs:188)
Yodo1.MAS.Yodo1AdAssetsImporter:OnProjectLoadedInEditor () (at Assets/Yodo1/MAS/Editor/Scripts/Yodo1AdAssetsImporter.cs:172)
System.Reflection.MonoMethod:Invoke (object,System.Reflection.BindingFlags,System.Reflection.Binder,object[],System.Globalization.CultureInfo)
System.Reflection.MethodBase:Invoke (object,object[])
UnityEditor.EditorAssemblies:ProcessInitializeOnLoadMethodAttributes ()

(Filename: Assets/Yodo1/MAS/Editor/Scripts/Yodo1AdAssetsImporter.cs Line: 306)

[YodoMas] HttpPost request - {"timestamp":"1640977260300","bundle_id":"com.PlayResume.SheildMaster","plugin_version":"4.4.5","platform":"iOS","sign":"63a973f7cd61dc2b3eee45da706f1d41"}
UnityEngine.StackTraceUtility:ExtractStackTrace ()
UnityEngine.DebugLogHandler:LogFormat (UnityEngine.LogType,UnityEngine.Object,string,object[])
UnityEngine.Logger:Log (UnityEngine.LogType,object)
UnityEngine.Debug:Log (object)
Yodo1.MAS.Yodo1AdAssetsImporter:HttpPost (string,string) (at Assets/Yodo1/MAS/Editor/Scripts/Yodo1AdAssetsImporter.cs:276)
Yodo1.MAS.Yodo1AdAssetsImporter:GetAppInfo (string,string) (at Assets/Yodo1/MAS/Editor/Scripts/Yodo1AdAssetsImporter.cs:265)
Yodo1.MAS.Yodo1AdAssetsImporter:UpdateAppInfo () (at Assets/Yodo1/MAS/Editor/Scripts/Yodo1AdAssetsImporter.cs:195)
Yodo1.MAS.Yodo1AdAssetsImporter:OnProjectLoadedInEditor () (at Assets/Yodo1/MAS/Editor/Scripts/Yodo1AdAssetsImporter.cs:172)
System.Reflection.MonoMethod:Invoke (object,System.Reflection.BindingFlags,System.Reflection.Binder,object[],System.Globalization.CultureInfo)
System.Reflection.MethodBase:Invoke (object,object[])
UnityEditor.EditorAssemblies:ProcessInitializeOnLoadMethodAttributes ()

(Filename: Assets/Yodo1/MAS/Editor/Scripts/Yodo1AdAssetsImporter.cs Line: 276)

[YodoMas] HttpPost Exception.Status - ProtocolError, please check your bundle id or package name.
UnityEngine.StackTraceUtility:ExtractStackTrace ()
UnityEngine.DebugLogHandler:LogFormat (UnityEngine.LogType,UnityEngine.Object,string,object[])
UnityEngine.Logger:Log (UnityEngine.LogType,object)
UnityEngine.Debug:LogWarning (object)
Yodo1.MAS.Yodo1AdAssetsImporter:HttpPost (string,string) (at Assets/Yodo1/MAS/Editor/Scripts/Yodo1AdAssetsImporter.cs:306)
Yodo1.MAS.Yodo1AdAssetsImporter:GetAppInfo (string,string) (at Assets/Yodo1/MAS/Editor/Scripts/Yodo1AdAssetsImporter.cs:265)
Yodo1.MAS.Yodo1AdAssetsImporter:UpdateAppInfo () (at Assets/Yodo1/MAS/Editor/Scripts/Yodo1AdAssetsImporter.cs:195)
Yodo1.MAS.Yodo1AdAssetsImporter:OnProjectLoadedInEditor () (at Assets/Yodo1/MAS/Editor/Scripts/Yodo1AdAssetsImporter.cs:172)
System.Reflection.MonoMethod:Invoke (object,System.Reflection.BindingFlags,System.Reflection.Binder,object[],System.Globalization.CultureInfo)
System.Reflection.MethodBase:Invoke (object,object[])
UnityEditor.EditorAssemblies:ProcessInitializeOnLoadMethodAttributes ()

(Filename: Assets/Yodo1/MAS/Editor/Scripts/Yodo1AdAssetsImporter.cs Line: 306)

Mono: successfully reloaded assembly
- Completed reload, in 10.751 seconds
Domain Reload Profiling:
	ReloadAssembly (10751ms)
		BeginReloadAssembly (339ms)
			ExecutionOrderSort (0ms)
			DisableScriptedObjects (17ms)
			BackupInstance (0ms)
			ReleaseScriptingObjects (0ms)
			CreateAndSetChildDomain (140ms)
		EndReloadAssembly (10243ms)
			LoadAssemblies (325ms)
			RebuildTransferFunctionScriptingTraits (0ms)
			SetupTypeCache (569ms)
			ReleaseScriptCaches (2ms)
			RebuildScriptCaches (55ms)
			SetupLoadedEditorAssemblies (9145ms)
				LogAssemblyErrors (0ms)
				InitializePlatformSupportModulesInManaged (4ms)
				SetLoadedEditorAssemblies (1ms)
				RefreshPlugins (3ms)
				BeforeProcessingInitializeOnLoad (125ms)
				ProcessInitializeOnLoadAttributes (787ms)
				ProcessInitializeOnLoadMethodAttributes (8217ms)
				AfterProcessingInitializeOnLoad (6ms)
				EditorAssembliesLoaded (1ms)
			ExecutionOrderSort2 (0ms)
			AwakeInstancesAfterBackupRestoration (25ms)
Platform modules already initialized, skipping
Switching build target platform(19) subTarget(0) extendedPlatform(0) -> platform(13) subTarget(537395200) extendedPlatform(0)
Refreshing native plugins compatible for Editor in 2.78 ms, found 5 plugins.
Preloading 0 native plugins for Editor in 0.00 ms.
Unloading 4167 Unused Serialized files (Serialized files now loaded: 0)
System memory in use before: 173.5 MB.
System memory in use after: 173.8 MB.

Unloading 397 unused Assets to reduce memory usage. Loaded Objects now: 4599.
Total: 10.801000 ms (FindLiveObjects: 0.534600 ms CreateObjectMapping: 0.208500 ms MarkObjects: 9.861900 ms  DeleteObjects: 0.194600 ms)

AssetImportParameters requested are different than current active one (requested -> active):
  custom:framework-win-MediaFoundation: 216162199b28c13a410421893ffa2e32 -> 
  custom:video-decoder-ogg-theora: a1e56fd34408186e4bbccfd4996cb3dc -> 
  custom:container-muxer-webm: aa71ff27fc2769a1b78a27578f13a17b -> 
  custom:container-demuxer-webm: 4f35f7cbe854078d1ac9338744f61a02 -> 
  custom:container-demuxer-ogg: 62fdf1f143b41e24485cea50d1cbac27 -> 
  custom:video-encoder-webm-vp8: eb34c28f22e8b96e1ab97ce403110664 -> 
  custom:video-decoder-webm-vp8: 9c59270c3fd7afecdb556c50c9e8de78 -> 
  custom:graphics/normal-map-encoding: 01000000000000000000000000000000 -> 02000000000000000000000000000000
  custom:audio-decoder-ogg-vorbis: bf7c407c2cedff20999df2af8eb42d56 -> 
  custom:audio-encoder-webm-vorbis: bf7c407c2cedff20999df2af8eb42d56 -> 
========================================================================
Received Import Request.
  Time since last request: 358.675665 seconds.
  path: Assets/Scenes/Main Menu.unity
  artifactKey: Guid(625db5eaf937cfe41889282f5f04f354) Importer(815301076,1909f56bfc062723c751e8b465ee728b)
Start importing Assets/Scenes/Main Menu.unity using Guid(625db5eaf937cfe41889282f5f04f354) Importer(815301076,1909f56bfc062723c751e8b465ee728b)  -> (artifact id: '11336c21e4dac666ea14b298f46566e1') in 0.032018 seconds 
  Import took 0.495370 seconds .

========================================================================
Received Prepare
Registering precompiled user dll's ...
Registered in 0.010417 seconds.
Begin MonoManager ReloadAssembly
Native extension for WindowsStandalone target not found
Refreshing native plugins compatible for Editor in 5.11 ms, found 5 plugins.
Preloading 0 native plugins for Editor in 0.00 ms.
GPGSUpgrader start
UnityEngine.StackTraceUtility:ExtractStackTrace ()
UnityEngine.DebugLogHandler:LogFormat (UnityEngine.LogType,UnityEngine.Object,string,object[])
UnityEngine.Logger:Log (UnityEngine.LogType,object)
UnityEngine.Debug:Log (object)
GooglePlayGames.Editor.GPGSUpgrader:.cctor () (at Assets/GooglePlayGames/Editor/GPGSUpgrader.cs:38)
System.Runtime.CompilerServices.RuntimeHelpers:RunClassConstructor (System.RuntimeTypeHandle)
UnityEditor.EditorAssemblies:ProcessInitializeOnLoadAttributes (System.Type[])

(Filename: Assets/GooglePlayGames/Editor/GPGSUpgrader.cs Line: 38)

GPGSUpgrader done
UnityEngine.StackTraceUtility:ExtractStackTrace ()
UnityEngine.DebugLogHandler:LogFormat (UnityEngine.LogType,UnityEngine.Object,string,object[])
UnityEngine.Logger:Log (UnityEngine.LogType,object)
UnityEngine.Debug:Log (object)
GooglePlayGames.Editor.GPGSUpgrader:.cctor () (at Assets/GooglePlayGames/Editor/GPGSUpgrader.cs:105)
System.Runtime.CompilerServices.RuntimeHelpers:RunClassConstructor (System.RuntimeTypeHandle)
UnityEditor.EditorAssemblies:ProcessInitializeOnLoadAttributes (System.Type[])

(Filename: Assets/GooglePlayGames/Editor/GPGSUpgrader.cs Line: 105)

[YodoMas] Creating new Yodo1AdSettings.asset
UnityEngine.StackTraceUtility:ExtractStackTrace ()
UnityEngine.DebugLogHandler:LogFormat (UnityEngine.LogType,UnityEngine.Object,string,object[])
UnityEngine.Logger:Log (UnityEngine.LogType,object)
UnityEngine.Debug:Log (object)
Yodo1.MAS.Yodo1AdSettingsSave:Load () (at Assets/Yodo1/MAS/Editor/Scripts/Yodo1AdSettingsSave.cs:22)
Yodo1.MAS.Yodo1AdAssetsImporter:UpdateAppInfo () (at Assets/Yodo1/MAS/Editor/Scripts/Yodo1AdAssetsImporter.cs:182)
Yodo1.MAS.Yodo1AdAssetsImporter:OnProjectLoadedInEditor () (at Assets/Yodo1/MAS/Editor/Scripts/Yodo1AdAssetsImporter.cs:172)
System.Reflection.MonoMethod:Invoke (object,System.Reflection.BindingFlags,System.Reflection.Binder,object[],System.Globalization.CultureInfo)
System.Reflection.MethodBase:Invoke (object,object[])
UnityEditor.EditorAssemblies:ProcessInitializeOnLoadMethodAttributes ()

(Filename: Assets/Yodo1/MAS/Editor/Scripts/Yodo1AdSettingsSave.cs Line: 22)

CreateSerializedAsset is not supported while importing out-of-process
UnityEngine.StackTraceUtility:ExtractStackTrace ()
Yodo1.MAS.Yodo1AdSettingsSave:Load () (at Assets/Yodo1/MAS/Editor/Scripts/Yodo1AdSettingsSave.cs:28)
Yodo1.MAS.Yodo1AdAssetsImporter:UpdateAppInfo () (at Assets/Yodo1/MAS/Editor/Scripts/Yodo1AdAssetsImporter.cs:182)
Yodo1.MAS.Yodo1AdAssetsImporter:OnProjectLoadedInEditor () (at Assets/Yodo1/MAS/Editor/Scripts/Yodo1AdAssetsImporter.cs:172)
System.Reflection.MonoMethod:Invoke (object,System.Reflection.BindingFlags,System.Reflection.Binder,object[],System.Globalization.CultureInfo)
System.Reflection.MethodBase:Invoke (object,object[])
UnityEditor.EditorAssemblies:ProcessInitializeOnLoadMethodAttributes ()

[Assets/Yodo1/MAS/Editor/Scripts/Yodo1AdSettingsSave.cs line 28]

[YodoMas] Failed to create the Yodo1 Ad Settings asset.
UnityEngine.StackTraceUtility:ExtractStackTrace ()
UnityEngine.DebugLogHandler:LogFormat (UnityEngine.LogType,UnityEngine.Object,string,object[])
UnityEngine.Logger:Log (UnityEngine.LogType,object)
UnityEngine.Debug:LogError (object)
Yodo1.MAS.Yodo1AdSettingsSave:Load () (at Assets/Yodo1/MAS/Editor/Scripts/Yodo1AdSettingsSave.cs:37)
Yodo1.MAS.Yodo1AdAssetsImporter:UpdateAppInfo () (at Assets/Yodo1/MAS/Editor/Scripts/Yodo1AdAssetsImporter.cs:182)
Yodo1.MAS.Yodo1AdAssetsImporter:OnProjectLoadedInEditor () (at Assets/Yodo1/MAS/Editor/Scripts/Yodo1AdAssetsImporter.cs:172)
System.Reflection.MonoMethod:Invoke (object,System.Reflection.BindingFlags,System.Reflection.Binder,object[],System.Globalization.CultureInfo)
System.Reflection.MethodBase:Invoke (object,object[])
UnityEditor.EditorAssemblies:ProcessInitializeOnLoadMethodAttributes ()

(Filename: Assets/Yodo1/MAS/Editor/Scripts/Yodo1AdSettingsSave.cs Line: 37)

[YodoMas] HttpPost request - {"timestamp":"1640977614997","bundle_id":"com.PlayResume.SheildMaster","plugin_version":"4.4.5","platform":"android","sign":"0ee44ef16465bc6a70f318842967d684"}
UnityEngine.StackTraceUtility:ExtractStackTrace ()
UnityEngine.DebugLogHandler:LogFormat (UnityEngine.LogType,UnityEngine.Object,string,object[])
UnityEngine.Logger:Log (UnityEngine.LogType,object)
UnityEngine.Debug:Log (object)
Yodo1.MAS.Yodo1AdAssetsImporter:HttpPost (string,string) (at Assets/Yodo1/MAS/Editor/Scripts/Yodo1AdAssetsImporter.cs:276)
Yodo1.MAS.Yodo1AdAssetsImporter:GetAppInfo (string,string) (at Assets/Yodo1/MAS/Editor/Scripts/Yodo1AdAssetsImporter.cs:265)
Yodo1.MAS.Yodo1AdAssetsImporter:UpdateAppInfo () (at Assets/Yodo1/MAS/Editor/Scripts/Yodo1AdAssetsImporter.cs:188)
Yodo1.MAS.Yodo1AdAssetsImporter:OnProjectLoadedInEditor () (at Assets/Yodo1/MAS/Editor/Scripts/Yodo1AdAssetsImporter.cs:172)
System.Reflection.MonoMethod:Invoke (object,System.Reflection.BindingFlags,System.Reflection.Binder,object[],System.Globalization.CultureInfo)
System.Reflection.MethodBase:Invoke (object,object[])
UnityEditor.EditorAssemblies:ProcessInitializeOnLoadMethodAttributes ()

(Filename: Assets/Yodo1/MAS/Editor/Scripts/Yodo1AdAssetsImporter.cs Line: 276)

[YodoMas] HttpPost Exception.Status - ProtocolError, please check your bundle id or package name.
UnityEngine.StackTraceUtility:ExtractStackTrace ()
UnityEngine.DebugLogHandler:LogFormat (UnityEngine.LogType,UnityEngine.Object,string,object[])
UnityEngine.Logger:Log (UnityEngine.LogType,object)
UnityEngine.Debug:LogWarning (object)
Yodo1.MAS.Yodo1AdAssetsImporter:HttpPost (string,string) (at Assets/Yodo1/MAS/Editor/Scripts/Yodo1AdAssetsImporter.cs:306)
Yodo1.MAS.Yodo1AdAssetsImporter:GetAppInfo (string,string) (at Assets/Yodo1/MAS/Editor/Scripts/Yodo1AdAssetsImporter.cs:265)
Yodo1.MAS.Yodo1AdAssetsImporter:UpdateAppInfo () (at Assets/Yodo1/MAS/Editor/Scripts/Yodo1AdAssetsImporter.cs:188)
Yodo1.MAS.Yodo1AdAssetsImporter:OnProjectLoadedInEditor () (at Assets/Yodo1/MAS/Editor/Scripts/Yodo1AdAssetsImporter.cs:172)
System.Reflection.MonoMethod:Invoke (object,System.Reflection.BindingFlags,System.Reflection.Binder,object[],System.Globalization.CultureInfo)
System.Reflection.MethodBase:Invoke (object,object[])
UnityEditor.EditorAssemblies:ProcessInitializeOnLoadMethodAttributes ()

(Filename: Assets/Yodo1/MAS/Editor/Scripts/Yodo1AdAssetsImporter.cs Line: 306)

[YodoMas] HttpPost request - {"timestamp":"1640977616322","bundle_id":"com.PlayResume.SheildMaster","plugin_version":"4.4.5","platform":"iOS","sign":"a7f319510ef0d4bfb9a4638837160aa3"}
UnityEngine.StackTraceUtility:ExtractStackTrace ()
UnityEngine.DebugLogHandler:LogFormat (UnityEngine.LogType,UnityEngine.Object,string,object[])
UnityEngine.Logger:Log (UnityEngine.LogType,object)
UnityEngine.Debug:Log (object)
Yodo1.MAS.Yodo1AdAssetsImporter:HttpPost (string,string) (at Assets/Yodo1/MAS/Editor/Scripts/Yodo1AdAssetsImporter.cs:276)
Yodo1.MAS.Yodo1AdAssetsImporter:GetAppInfo (string,string) (at Assets/Yodo1/MAS/Editor/Scripts/Yodo1AdAssetsImporter.cs:265)
Yodo1.MAS.Yodo1AdAssetsImporter:UpdateAppInfo () (at Assets/Yodo1/MAS/Editor/Scripts/Yodo1AdAssetsImporter.cs:195)
Yodo1.MAS.Yodo1AdAssetsImporter:OnProjectLoadedInEditor () (at Assets/Yodo1/MAS/Editor/Scripts/Yodo1AdAssetsImporter.cs:172)
System.Reflection.MonoMethod:Invoke (object,System.Reflection.BindingFlags,System.Reflection.Binder,object[],System.Globalization.CultureInfo)
System.Reflection.MethodBase:Invoke (object,object[])
UnityEditor.EditorAssemblies:ProcessInitializeOnLoadMethodAttributes ()

(Filename: Assets/Yodo1/MAS/Editor/Scripts/Yodo1AdAssetsImporter.cs Line: 276)

[YodoMas] HttpPost Exception.Status - ProtocolError, please check your bundle id or package name.
UnityEngine.StackTraceUtility:ExtractStackTrace ()
UnityEngine.DebugLogHandler:LogFormat (UnityEngine.LogType,UnityEngine.Object,string,object[])
UnityEngine.Logger:Log (UnityEngine.LogType,object)
UnityEngine.Debug:LogWarning (object)
Yodo1.MAS.Yodo1AdAssetsImporter:HttpPost (string,string) (at Assets/Yodo1/MAS/Editor/Scripts/Yodo1AdAssetsImporter.cs:306)
Yodo1.MAS.Yodo1AdAssetsImporter:GetAppInfo (string,string) (at Assets/Yodo1/MAS/Editor/Scripts/Yodo1AdAssetsImporter.cs:265)
Yodo1.MAS.Yodo1AdAssetsImporter:UpdateAppInfo () (at Assets/Yodo1/MAS/Editor/Scripts/Yodo1AdAssetsImporter.cs:195)
Yodo1.MAS.Yodo1AdAssetsImporter:OnProjectLoadedInEditor () (at Assets/Yodo1/MAS/Editor/Scripts/Yodo1AdAssetsImporter.cs:172)
System.Reflection.MonoMethod:Invoke (object,System.Reflection.BindingFlags,System.Reflection.Binder,object[],System.Globalization.CultureInfo)
System.Reflection.MethodBase:Invoke (object,object[])
UnityEditor.EditorAssemblies:ProcessInitializeOnLoadMethodAttributes ()

(Filename: Assets/Yodo1/MAS/Editor/Scripts/Yodo1AdAssetsImporter.cs Line: 306)

Mono: successfully reloaded assembly
- Completed reload, in  4.237 seconds
Domain Reload Profiling:
	ReloadAssembly (4237ms)
		BeginReloadAssembly (139ms)
			ExecutionOrderSort (0ms)
			DisableScriptedObjects (8ms)
			BackupInstance (0ms)
			ReleaseScriptingObjects (0ms)
			CreateAndSetChildDomain (51ms)
		EndReloadAssembly (4023ms)
			LoadAssemblies (119ms)
			RebuildTransferFunctionScriptingTraits (0ms)
			SetupTypeCache (439ms)
			ReleaseScriptCaches (2ms)
			RebuildScriptCaches (61ms)
			SetupLoadedEditorAssemblies (3158ms)
				LogAssemblyErrors (0ms)
				InitializePlatformSupportModulesInManaged (8ms)
				SetLoadedEditorAssemblies (1ms)
				RefreshPlugins (5ms)
				BeforeProcessingInitializeOnLoad (273ms)
				ProcessInitializeOnLoadAttributes (1286ms)
				ProcessInitializeOnLoadMethodAttributes (1573ms)
				AfterProcessingInitializeOnLoad (11ms)
				EditorAssembliesLoaded (1ms)
			ExecutionOrderSort2 (0ms)
			AwakeInstancesAfterBackupRestoration (28ms)
Platform modules already initialized, skipping
Switching build target platform(19) subTarget(0) extendedPlatform(0) -> platform(13) subTarget(537395200) extendedPlatform(0)
Refreshing native plugins compatible for Editor in 2.89 ms, found 5 plugins.
Preloading 0 native plugins for Editor in 0.00 ms.
Unloading 4167 Unused Serialized files (Serialized files now loaded: 0)
System memory in use before: 173.6 MB.
System memory in use after: 173.8 MB.

Unloading 397 unused Assets to reduce memory usage. Loaded Objects now: 4602.
Total: 10.258600 ms (FindLiveObjects: 0.574400 ms CreateObjectMapping: 0.253100 ms MarkObjects: 9.221800 ms  DeleteObjects: 0.207600 ms)

AssetImportParameters requested are different than current active one (requested -> active):
  custom:framework-win-MediaFoundation: 216162199b28c13a410421893ffa2e32 -> 
  custom:video-decoder-ogg-theora: a1e56fd34408186e4bbccfd4996cb3dc -> 
  custom:container-muxer-webm: aa71ff27fc2769a1b78a27578f13a17b -> 
  custom:container-demuxer-webm: 4f35f7cbe854078d1ac9338744f61a02 -> 
  custom:container-demuxer-ogg: 62fdf1f143b41e24485cea50d1cbac27 -> 
  custom:video-encoder-webm-vp8: eb34c28f22e8b96e1ab97ce403110664 -> 
  custom:video-decoder-webm-vp8: 9c59270c3fd7afecdb556c50c9e8de78 -> 
  custom:graphics/normal-map-encoding: 01000000000000000000000000000000 -> 02000000000000000000000000000000
  custom:audio-decoder-ogg-vorbis: bf7c407c2cedff20999df2af8eb42d56 -> 
  custom:audio-encoder-webm-vorbis: bf7c407c2cedff20999df2af8eb42d56 -> 
========================================================================
Received Prepare
Registering precompiled user dll's ...
Registered in 0.009207 seconds.
Begin MonoManager ReloadAssembly
Native extension for WindowsStandalone target not found
Refreshing native plugins compatible for Editor in 2.69 ms, found 5 plugins.
Preloading 0 native plugins for Editor in 0.00 ms.
GPGSUpgrader start
UnityEngine.StackTraceUtility:ExtractStackTrace ()
UnityEngine.DebugLogHandler:LogFormat (UnityEngine.LogType,UnityEngine.Object,string,object[])
UnityEngine.Logger:Log (UnityEngine.LogType,object)
UnityEngine.Debug:Log (object)
GooglePlayGames.Editor.GPGSUpgrader:.cctor () (at Assets/GooglePlayGames/Editor/GPGSUpgrader.cs:38)
System.Runtime.CompilerServices.RuntimeHelpers:RunClassConstructor (System.RuntimeTypeHandle)
UnityEditor.EditorAssemblies:ProcessInitializeOnLoadAttributes (System.Type[])

(Filename: Assets/GooglePlayGames/Editor/GPGSUpgrader.cs Line: 38)

GPGSUpgrader done
UnityEngine.StackTraceUtility:ExtractStackTrace ()
UnityEngine.DebugLogHandler:LogFormat (UnityEngine.LogType,UnityEngine.Object,string,object[])
UnityEngine.Logger:Log (UnityEngine.LogType,object)
UnityEngine.Debug:Log (object)
GooglePlayGames.Editor.GPGSUpgrader:.cctor () (at Assets/GooglePlayGames/Editor/GPGSUpgrader.cs:105)
System.Runtime.CompilerServices.RuntimeHelpers:RunClassConstructor (System.RuntimeTypeHandle)
UnityEditor.EditorAssemblies:ProcessInitializeOnLoadAttributes (System.Type[])

(Filename: Assets/GooglePlayGames/Editor/GPGSUpgrader.cs Line: 105)

[YodoMas] Creating new Yodo1AdSettings.asset
UnityEngine.StackTraceUtility:ExtractStackTrace ()
UnityEngine.DebugLogHandler:LogFormat (UnityEngine.LogType,UnityEngine.Object,string,object[])
UnityEngine.Logger:Log (UnityEngine.LogType,object)
UnityEngine.Debug:Log (object)
Yodo1.MAS.Yodo1AdSettingsSave:Load () (at Assets/Yodo1/MAS/Editor/Scripts/Yodo1AdSettingsSave.cs:22)
Yodo1.MAS.Yodo1AdAssetsImporter:UpdateAppInfo () (at Assets/Yodo1/MAS/Editor/Scripts/Yodo1AdAssetsImporter.cs:182)
Yodo1.MAS.Yodo1AdAssetsImporter:OnProjectLoadedInEditor () (at Assets/Yodo1/MAS/Editor/Scripts/Yodo1AdAssetsImporter.cs:172)
System.Reflection.MonoMethod:Invoke (object,System.Reflection.BindingFlags,System.Reflection.Binder,object[],System.Globalization.CultureInfo)
System.Reflection.MethodBase:Invoke (object,object[])
UnityEditor.EditorAssemblies:ProcessInitializeOnLoadMethodAttributes ()

(Filename: Assets/Yodo1/MAS/Editor/Scripts/Yodo1AdSettingsSave.cs Line: 22)

CreateSerializedAsset is not supported while importing out-of-process
UnityEngine.StackTraceUtility:ExtractStackTrace ()
Yodo1.MAS.Yodo1AdSettingsSave:Load () (at Assets/Yodo1/MAS/Editor/Scripts/Yodo1AdSettingsSave.cs:28)
Yodo1.MAS.Yodo1AdAssetsImporter:UpdateAppInfo () (at Assets/Yodo1/MAS/Editor/Scripts/Yodo1AdAssetsImporter.cs:182)
Yodo1.MAS.Yodo1AdAssetsImporter:OnProjectLoadedInEditor () (at Assets/Yodo1/MAS/Editor/Scripts/Yodo1AdAssetsImporter.cs:172)
System.Reflection.MonoMethod:Invoke (object,System.Reflection.BindingFlags,System.Reflection.Binder,object[],System.Globalization.CultureInfo)
System.Reflection.MethodBase:Invoke (object,object[])
UnityEditor.EditorAssemblies:ProcessInitializeOnLoadMethodAttributes ()

[Assets/Yodo1/MAS/Editor/Scripts/Yodo1AdSettingsSave.cs line 28]

[YodoMas] Failed to create the Yodo1 Ad Settings asset.
UnityEngine.StackTraceUtility:ExtractStackTrace ()
UnityEngine.DebugLogHandler:LogFormat (UnityEngine.LogType,UnityEngine.Object,string,object[])
UnityEngine.Logger:Log (UnityEngine.LogType,object)
UnityEngine.Debug:LogError (object)
Yodo1.MAS.Yodo1AdSettingsSave:Load () (at Assets/Yodo1/MAS/Editor/Scripts/Yodo1AdSettingsSave.cs:37)
Yodo1.MAS.Yodo1AdAssetsImporter:UpdateAppInfo () (at Assets/Yodo1/MAS/Editor/Scripts/Yodo1AdAssetsImporter.cs:182)
Yodo1.MAS.Yodo1AdAssetsImporter:OnProjectLoadedInEditor () (at Assets/Yodo1/MAS/Editor/Scripts/Yodo1AdAssetsImporter.cs:172)
System.Reflection.MonoMethod:Invoke (object,System.Reflection.BindingFlags,System.Reflection.Binder,object[],System.Globalization.CultureInfo)
System.Reflection.MethodBase:Invoke (object,object[])
UnityEditor.EditorAssemblies:ProcessInitializeOnLoadMethodAttributes ()

(Filename: Assets/Yodo1/MAS/Editor/Scripts/Yodo1AdSettingsSave.cs Line: 37)

[YodoMas] HttpPost request - {"timestamp":"1640977751938","bundle_id":"com.PlayResume.SheildMaster","plugin_version":"4.4.5","platform":"android","sign":"a898647028b21e1b6f367bf5273612ff"}
UnityEngine.StackTraceUtility:ExtractStackTrace ()
UnityEngine.DebugLogHandler:LogFormat (UnityEngine.LogType,UnityEngine.Object,string,object[])
UnityEngine.Logger:Log (UnityEngine.LogType,object)
UnityEngine.Debug:Log (object)
Yodo1.MAS.Yodo1AdAssetsImporter:HttpPost (string,string) (at Assets/Yodo1/MAS/Editor/Scripts/Yodo1AdAssetsImporter.cs:276)
Yodo1.MAS.Yodo1AdAssetsImporter:GetAppInfo (string,string) (at Assets/Yodo1/MAS/Editor/Scripts/Yodo1AdAssetsImporter.cs:265)
Yodo1.MAS.Yodo1AdAssetsImporter:UpdateAppInfo () (at Assets/Yodo1/MAS/Editor/Scripts/Yodo1AdAssetsImporter.cs:188)
Yodo1.MAS.Yodo1AdAssetsImporter:OnProjectLoadedInEditor () (at Assets/Yodo1/MAS/Editor/Scripts/Yodo1AdAssetsImporter.cs:172)
System.Reflection.MonoMethod:Invoke (object,System.Reflection.BindingFlags,System.Reflection.Binder,object[],System.Globalization.CultureInfo)
System.Reflection.MethodBase:Invoke (object,object[])
UnityEditor.EditorAssemblies:ProcessInitializeOnLoadMethodAttributes ()

(Filename: Assets/Yodo1/MAS/Editor/Scripts/Yodo1AdAssetsImporter.cs Line: 276)

[YodoMas] HttpPost Exception.Status - ProtocolError, please check your bundle id or package name.
UnityEngine.StackTraceUtility:ExtractStackTrace ()
UnityEngine.DebugLogHandler:LogFormat (UnityEngine.LogType,UnityEngine.Object,string,object[])
UnityEngine.Logger:Log (UnityEngine.LogType,object)
UnityEngine.Debug:LogWarning (object)
Yodo1.MAS.Yodo1AdAssetsImporter:HttpPost (string,string) (at Assets/Yodo1/MAS/Editor/Scripts/Yodo1AdAssetsImporter.cs:306)
Yodo1.MAS.Yodo1AdAssetsImporter:GetAppInfo (string,string) (at Assets/Yodo1/MAS/Editor/Scripts/Yodo1AdAssetsImporter.cs:265)
Yodo1.MAS.Yodo1AdAssetsImporter:UpdateAppInfo () (at Assets/Yodo1/MAS/Editor/Scripts/Yodo1AdAssetsImporter.cs:188)
Yodo1.MAS.Yodo1AdAssetsImporter:OnProjectLoadedInEditor () (at Assets/Yodo1/MAS/Editor/Scripts/Yodo1AdAssetsImporter.cs:172)
System.Reflection.MonoMethod:Invoke (object,System.Reflection.BindingFlags,System.Reflection.Binder,object[],System.Globalization.CultureInfo)
System.Reflection.MethodBase:Invoke (object,object[])
UnityEditor.EditorAssemblies:ProcessInitializeOnLoadMethodAttributes ()

(Filename: Assets/Yodo1/MAS/Editor/Scripts/Yodo1AdAssetsImporter.cs Line: 306)

[YodoMas] HttpPost request - {"timestamp":"1640977752876","bundle_id":"com.PlayResume.SheildMaster","plugin_version":"4.4.5","platform":"iOS","sign":"e7385016225673b7602b3f717de4c702"}
UnityEngine.StackTraceUtility:ExtractStackTrace ()
UnityEngine.DebugLogHandler:LogFormat (UnityEngine.LogType,UnityEngine.Object,string,object[])
UnityEngine.Logger:Log (UnityEngine.LogType,object)
UnityEngine.Debug:Log (object)
Yodo1.MAS.Yodo1AdAssetsImporter:HttpPost (string,string) (at Assets/Yodo1/MAS/Editor/Scripts/Yodo1AdAssetsImporter.cs:276)
Yodo1.MAS.Yodo1AdAssetsImporter:GetAppInfo (string,string) (at Assets/Yodo1/MAS/Editor/Scripts/Yodo1AdAssetsImporter.cs:265)
Yodo1.MAS.Yodo1AdAssetsImporter:UpdateAppInfo () (at Assets/Yodo1/MAS/Editor/Scripts/Yodo1AdAssetsImporter.cs:195)
Yodo1.MAS.Yodo1AdAssetsImporter:OnProjectLoadedInEditor () (at Assets/Yodo1/MAS/Editor/Scripts/Yodo1AdAssetsImporter.cs:172)
System.Reflection.MonoMethod:Invoke (object,System.Reflection.BindingFlags,System.Reflection.Binder,object[],System.Globalization.CultureInfo)
System.Reflection.MethodBase:Invoke (object,object[])
UnityEditor.EditorAssemblies:ProcessInitializeOnLoadMethodAttributes ()

(Filename: Assets/Yodo1/MAS/Editor/Scripts/Yodo1AdAssetsImporter.cs Line: 276)

[YodoMas] HttpPost Exception.Status - ProtocolError, please check your bundle id or package name.
UnityEngine.StackTraceUtility:ExtractStackTrace ()
UnityEngine.DebugLogHandler:LogFormat (UnityEngine.LogType,UnityEngine.Object,string,object[])
UnityEngine.Logger:Log (UnityEngine.LogType,object)
UnityEngine.Debug:LogWarning (object)
Yodo1.MAS.Yodo1AdAssetsImporter:HttpPost (string,string) (at Assets/Yodo1/MAS/Editor/Scripts/Yodo1AdAssetsImporter.cs:306)
Yodo1.MAS.Yodo1AdAssetsImporter:GetAppInfo (string,string) (at Assets/Yodo1/MAS/Editor/Scripts/Yodo1AdAssetsImporter.cs:265)
Yodo1.MAS.Yodo1AdAssetsImporter:UpdateAppInfo () (at Assets/Yodo1/MAS/Editor/Scripts/Yodo1AdAssetsImporter.cs:195)
Yodo1.MAS.Yodo1AdAssetsImporter:OnProjectLoadedInEditor () (at Assets/Yodo1/MAS/Editor/Scripts/Yodo1AdAssetsImporter.cs:172)
System.Reflection.MonoMethod:Invoke (object,System.Reflection.BindingFlags,System.Reflection.Binder,object[],System.Globalization.CultureInfo)
System.Reflection.MethodBase:Invoke (object,object[])
UnityEditor.EditorAssemblies:ProcessInitializeOnLoadMethodAttributes ()

(Filename: Assets/Yodo1/MAS/Editor/Scripts/Yodo1AdAssetsImporter.cs Line: 306)

Mono: successfully reloaded assembly
- Completed reload, in  3.796 seconds
Domain Reload Profiling:
	ReloadAssembly (3796ms)
		BeginReloadAssembly (145ms)
			ExecutionOrderSort (0ms)
			DisableScriptedObjects (5ms)
			BackupInstance (0ms)
			ReleaseScriptingObjects (0ms)
			CreateAndSetChildDomain (53ms)
		EndReloadAssembly (3585ms)
			LoadAssemblies (126ms)
			RebuildTransferFunctionScriptingTraits (0ms)
			SetupTypeCache (368ms)
			ReleaseScriptCaches (2ms)
			RebuildScriptCaches (57ms)
			SetupLoadedEditorAssemblies (2818ms)
				LogAssemblyErrors (0ms)
				InitializePlatformSupportModulesInManaged (4ms)
				SetLoadedEditorAssemblies (3ms)
				RefreshPlugins (3ms)
				BeforeProcessingInitializeOnLoad (150ms)
				ProcessInitializeOnLoadAttributes (1433ms)
				ProcessInitializeOnLoadMethodAttributes (1215ms)
				AfterProcessingInitializeOnLoad (9ms)
				EditorAssembliesLoaded (0ms)
			ExecutionOrderSort2 (0ms)
			AwakeInstancesAfterBackupRestoration (26ms)
Platform modules already initialized, skipping
Switching build target platform(19) subTarget(0) extendedPlatform(0) -> platform(13) subTarget(537395200) extendedPlatform(0)
Refreshing native plugins compatible for Editor in 2.69 ms, found 5 plugins.
Preloading 0 native plugins for Editor in 0.00 ms.
Unloading 4167 Unused Serialized files (Serialized files now loaded: 0)
System memory in use before: 173.6 MB.
System memory in use after: 173.8 MB.

Unloading 397 unused Assets to reduce memory usage. Loaded Objects now: 4605.
Total: 10.490800 ms (FindLiveObjects: 0.713600 ms CreateObjectMapping: 0.218700 ms MarkObjects: 9.415300 ms  DeleteObjects: 0.141600 ms)

AssetImportParameters requested are different than current active one (requested -> active):
  custom:framework-win-MediaFoundation: 216162199b28c13a410421893ffa2e32 -> 
  custom:video-decoder-ogg-theora: a1e56fd34408186e4bbccfd4996cb3dc -> 
  custom:container-muxer-webm: aa71ff27fc2769a1b78a27578f13a17b -> 
  custom:container-demuxer-webm: 4f35f7cbe854078d1ac9338744f61a02 -> 
  custom:container-demuxer-ogg: 62fdf1f143b41e24485cea50d1cbac27 -> 
  custom:video-encoder-webm-vp8: eb34c28f22e8b96e1ab97ce403110664 -> 
  custom:video-decoder-webm-vp8: 9c59270c3fd7afecdb556c50c9e8de78 -> 
  custom:graphics/normal-map-encoding: 01000000000000000000000000000000 -> 02000000000000000000000000000000
  custom:audio-decoder-ogg-vorbis: bf7c407c2cedff20999df2af8eb42d56 -> 
  custom:audio-encoder-webm-vorbis: bf7c407c2cedff20999df2af8eb42d56 -> 
========================================================================
Received Import Request.
  Time since last request: 198.946894 seconds.
  path: Assets/_Assets/Scriptable Objects/Shop Item/Non IAP Items/Player Skin/Thug Skin/Thug Guy.asset
  artifactKey: Guid(01dd971e13af62a4ab7c6b8b212807e6) Importer(815301076,1909f56bfc062723c751e8b465ee728b)
Start importing Assets/_Assets/Scriptable Objects/Shop Item/Non IAP Items/Player Skin/Thug Skin/Thug Guy.asset using Guid(01dd971e13af62a4ab7c6b8b212807e6) Importer(815301076,1909f56bfc062723c751e8b465ee728b)  -> (artifact id: 'cbc52d688e6d82b6105ac9f9d6192fa5') in 0.168939 seconds 
  Import took 0.218203 seconds .

AssetImportWorkerClient::OnTransportError - code=2 error=End of file
