Using pre-set license
Built from '2020.3/staging' branch; Version is '2020.3.23f1 (c5d91304a876) revision 12966163'; Using compiler version '192528614'; Build Type 'Release'
OS: 'Windows 10 Home Single Language; OS build 22000.348; Version 2009; 64bit' Language: 'en' Physical Memory: 8070 MB
BatchMode: 1, IsHumanControllingUs: 0, StartBugReporterOnCrash: 0, Is64bit: 1, IsPro: 0

COMMAND LINE ARGUMENTS:
C:\Program Files\Unity\Hub\Editor\2020.3.23f1\Editor\Unity.exe
-adb2
-batchMode
-noUpm
-name
AssetImportWorker0
-projectPath
G:/Unity Games Projects/Git Repos/Ink-Shield-Clone/Sheild Master
-logFile
Logs/AssetImportWorker0.log
-srvPort
56820
Successfully changed project path to: G:/Unity Games Projects/Git Repos/Ink-Shield-Clone/Sheild Master
G:/Unity Games Projects/Git Repos/Ink-Shield-Clone/Sheild Master
Using Asset Import Pipeline V2.
Refreshing native plugins compatible for Editor in 559.44 ms, found 5 plugins.
Preloading 0 native plugins for Editor in 0.00 ms.
Initialize engine version: 2020.3.23f1 (c5d91304a876)
[Subsystems] Discovering subsystems at path C:/Program Files/Unity/Hub/Editor/2020.3.23f1/Editor/Data/Resources/UnitySubsystems
[Subsystems] Discovering subsystems at path G:/Unity Games Projects/Git Repos/Ink-Shield-Clone/Sheild Master/Assets
GfxDevice: creating device client; threaded=0
Direct3D:
    Version:  Direct3D 11.0 [level 11.0]
    Renderer: NVIDIA GeForce MX110 (ID=0x174e)
    Vendor:   
    VRAM:     2010 MB
    Driver:   27.21.14.6280
Initialize mono
Mono path[0] = 'C:/Program Files/Unity/Hub/Editor/2020.3.23f1/Editor/Data/Managed'
Mono path[1] = 'C:/Program Files/Unity/Hub/Editor/2020.3.23f1/Editor/Data/MonoBleedingEdge/lib/mono/unityjit'
Mono config path = 'C:/Program Files/Unity/Hub/Editor/2020.3.23f1/Editor/Data/MonoBleedingEdge/etc'
Using monoOptions --debugger-agent=transport=dt_socket,embedding=1,server=y,suspend=n,address=127.0.0.1:56816
Begin MonoManager ReloadAssembly
Registering precompiled unity dll's ...
Register platform support module: C:/Program Files/Unity/Hub/Editor/2020.3.23f1/Editor/Data/PlaybackEngines/WindowsStandaloneSupport/UnityEditor.WindowsStandalone.Extensions.dll
Registered in 0.002331 seconds.
Native extension for WindowsStandalone target not found
Refreshing native plugins compatible for Editor in 205.37 ms, found 5 plugins.
Preloading 0 native plugins for Editor in 0.00 ms.
Mono: successfully reloaded assembly
- Completed reload, in  1.444 seconds
Domain Reload Profiling:
	ReloadAssembly (1444ms)
		BeginReloadAssembly (124ms)
			ExecutionOrderSort (0ms)
			DisableScriptedObjects (0ms)
			BackupInstance (0ms)
			ReleaseScriptingObjects (0ms)
			CreateAndSetChildDomain (2ms)
		EndReloadAssembly (1116ms)
			LoadAssemblies (120ms)
			RebuildTransferFunctionScriptingTraits (0ms)
			SetupTypeCache (296ms)
			ReleaseScriptCaches (0ms)
			RebuildScriptCaches (81ms)
			SetupLoadedEditorAssemblies (516ms)
				LogAssemblyErrors (0ms)
				InitializePlatformSupportModulesInManaged (11ms)
				SetLoadedEditorAssemblies (1ms)
				RefreshPlugins (205ms)
				BeforeProcessingInitializeOnLoad (27ms)
				ProcessInitializeOnLoadAttributes (204ms)
				ProcessInitializeOnLoadMethodAttributes (68ms)
				AfterProcessingInitializeOnLoad (0ms)
				EditorAssembliesLoaded (0ms)
			ExecutionOrderSort2 (0ms)
			AwakeInstancesAfterBackupRestoration (0ms)
Platform modules already initialized, skipping
Registering precompiled user dll's ...
Registered in 0.022483 seconds.
Begin MonoManager ReloadAssembly
Native extension for WindowsStandalone target not found
Refreshing native plugins compatible for Editor in 188.77 ms, found 5 plugins.
Preloading 0 native plugins for Editor in 0.00 ms.
GPGSUpgrader start
UnityEngine.StackTraceUtility:ExtractStackTrace ()
UnityEngine.DebugLogHandler:LogFormat (UnityEngine.LogType,UnityEngine.Object,string,object[])
UnityEngine.Logger:Log (UnityEngine.LogType,object)
UnityEngine.Debug:Log (object)
GooglePlayGames.Editor.GPGSUpgrader:.cctor () (at Assets/GooglePlayGames/Editor/GPGSUpgrader.cs:38)
System.Runtime.CompilerServices.RuntimeHelpers:RunClassConstructor (System.RuntimeTypeHandle)
UnityEditor.EditorAssemblies:ProcessInitializeOnLoadAttributes (System.Type[])

(Filename: Assets/GooglePlayGames/Editor/GPGSUpgrader.cs Line: 38)

GPGSUpgrader done
UnityEngine.StackTraceUtility:ExtractStackTrace ()
UnityEngine.DebugLogHandler:LogFormat (UnityEngine.LogType,UnityEngine.Object,string,object[])
UnityEngine.Logger:Log (UnityEngine.LogType,object)
UnityEngine.Debug:Log (object)
GooglePlayGames.Editor.GPGSUpgrader:.cctor () (at Assets/GooglePlayGames/Editor/GPGSUpgrader.cs:105)
System.Runtime.CompilerServices.RuntimeHelpers:RunClassConstructor (System.RuntimeTypeHandle)
UnityEditor.EditorAssemblies:ProcessInitializeOnLoadAttributes (System.Type[])

(Filename: Assets/GooglePlayGames/Editor/GPGSUpgrader.cs Line: 105)

Mono: successfully reloaded assembly
- Completed reload, in  4.659 seconds
Domain Reload Profiling:
	ReloadAssembly (4662ms)
		BeginReloadAssembly (394ms)
			ExecutionOrderSort (0ms)
			DisableScriptedObjects (20ms)
			BackupInstance (0ms)
			ReleaseScriptingObjects (0ms)
			CreateAndSetChildDomain (39ms)
		EndReloadAssembly (4162ms)
			LoadAssemblies (239ms)
			RebuildTransferFunctionScriptingTraits (0ms)
			SetupTypeCache (755ms)
			ReleaseScriptCaches (1ms)
			RebuildScriptCaches (166ms)
			SetupLoadedEditorAssemblies (2568ms)
				LogAssemblyErrors (0ms)
				InitializePlatformSupportModulesInManaged (7ms)
				SetLoadedEditorAssemblies (1ms)
				RefreshPlugins (189ms)
				BeforeProcessingInitializeOnLoad (238ms)
				ProcessInitializeOnLoadAttributes (2018ms)
				ProcessInitializeOnLoadMethodAttributes (105ms)
				AfterProcessingInitializeOnLoad (11ms)
				EditorAssembliesLoaded (0ms)
			ExecutionOrderSort2 (0ms)
			AwakeInstancesAfterBackupRestoration (13ms)
Platform modules already initialized, skipping
========================================================================
Worker process is ready to serve import requests
Launched and connected shader compiler UnityShaderCompiler.exe after 0.10 seconds
Refreshing native plugins compatible for Editor in 6.67 ms, found 5 plugins.
Preloading 0 native plugins for Editor in 0.00 ms.
Unloading 4232 Unused Serialized files (Serialized files now loaded: 0)
System memory in use before: 174.6 MB.
System memory in use after: 174.8 MB.

Unloading 387 unused Assets to reduce memory usage. Loaded Objects now: 4321.
Total: 17.777100 ms (FindLiveObjects: 1.225700 ms CreateObjectMapping: 0.593900 ms MarkObjects: 15.523900 ms  DeleteObjects: 0.429900 ms)

AssetImportParameters requested are different than current active one (requested -> active):
  custom:framework-win-MediaFoundation: 216162199b28c13a410421893ffa2e32 -> 
  custom:video-decoder-ogg-theora: a1e56fd34408186e4bbccfd4996cb3dc -> 
  custom:container-muxer-webm: aa71ff27fc2769a1b78a27578f13a17b -> 
  custom:container-demuxer-webm: 4f35f7cbe854078d1ac9338744f61a02 -> 
  custom:container-demuxer-ogg: 62fdf1f143b41e24485cea50d1cbac27 -> 
  custom:video-encoder-webm-vp8: eb34c28f22e8b96e1ab97ce403110664 -> 
  custom:video-decoder-webm-vp8: 9c59270c3fd7afecdb556c50c9e8de78 -> 
  custom:audio-decoder-ogg-vorbis: bf7c407c2cedff20999df2af8eb42d56 -> 
  custom:audio-encoder-webm-vorbis: bf7c407c2cedff20999df2af8eb42d56 -> 
========================================================================
Received Import Request.
  path: Assets/_Assets/Materials/shader
  artifactKey: Guid(fb71cee08ee19dd4cb6b5c193c6dacbd) Importer(815301076,1909f56bfc062723c751e8b465ee728b)
Start importing Assets/_Assets/Materials/shader using Guid(fb71cee08ee19dd4cb6b5c193c6dacbd) Importer(815301076,1909f56bfc062723c751e8b465ee728b)  -> (artifact id: '2143d96990fec09c447a9044052dae32') in 0.090012 seconds 
  Import took 0.103983 seconds .

========================================================================
Received Import Request.
  Time since last request: 82.780822 seconds.
  path: Assets/_Assets/Materials/shader/TMP_SDF-Mobile ExternalOutline.shader
  artifactKey: Guid(e05d178058de6804a94aa26491318fac) Importer(815301076,1909f56bfc062723c751e8b465ee728b)
Start importing Assets/_Assets/Materials/shader/TMP_SDF-Mobile ExternalOutline.shader using Guid(e05d178058de6804a94aa26491318fac) Importer(815301076,1909f56bfc062723c751e8b465ee728b)  -> (artifact id: '2249ee43c3aea338d03f241a9791ca19') in 0.073464 seconds 
  Import took 0.087679 seconds .

========================================================================
Received Import Request.
  Time since last request: 30.594710 seconds.
  path: Assets/_Assets/Fonts/futura_xblkcnit_bt/futura_xblkcn_bt/FuturaExtraBlackCondensedItalicBT SDF.asset
  artifactKey: Guid(dfe3e638778ddde47aea1ec1240760ab) Importer(815301076,1909f56bfc062723c751e8b465ee728b)
Start importing Assets/_Assets/Fonts/futura_xblkcnit_bt/futura_xblkcn_bt/FuturaExtraBlackCondensedItalicBT SDF.asset using Guid(dfe3e638778ddde47aea1ec1240760ab) Importer(815301076,1909f56bfc062723c751e8b465ee728b)  -> (artifact id: 'a47257153531046f79d3fdd9a388223c') in 0.717606 seconds 
  Import took 0.891499 seconds .

========================================================================
Received Import Request.
  Time since last request: 24.164365 seconds.
  path: Assets/_Assets/Fonts/futura_xblkcnit_bt/futura_xblkcn_bt/FuturaExtraBlackCondensedItalicBT SDF.asset
  artifactKey: Guid(dfe3e638778ddde47aea1ec1240760ab) Importer(815301076,1909f56bfc062723c751e8b465ee728b)
Start importing Assets/_Assets/Fonts/futura_xblkcnit_bt/futura_xblkcn_bt/FuturaExtraBlackCondensedItalicBT SDF.asset using Guid(dfe3e638778ddde47aea1ec1240760ab) Importer(815301076,1909f56bfc062723c751e8b465ee728b)  -> (artifact id: '711a1d1936c43986fab6324a5b484fbd') in 0.090073 seconds 
  Import took 0.189042 seconds .

========================================================================
Received Import Request.
  Time since last request: 88.949201 seconds.
  path: Assets/Scenes/Main Menu.unity
  artifactKey: Guid(625db5eaf937cfe41889282f5f04f354) Importer(815301076,1909f56bfc062723c751e8b465ee728b)
Start importing Assets/Scenes/Main Menu.unity using Guid(625db5eaf937cfe41889282f5f04f354) Importer(815301076,1909f56bfc062723c751e8b465ee728b)  -> (artifact id: '3a0a57ecb468e25c4f41bbd77459145a') in 0.007958 seconds 
  Import took 0.041061 seconds .

========================================================================
Received Import Request.
  Time since last request: 169.243938 seconds.
  path: Assets/Scenes/Game Scene.unity
  artifactKey: Guid(18859b39fb58bee45a3d5400e3aa211e) Importer(815301076,1909f56bfc062723c751e8b465ee728b)
Start importing Assets/Scenes/Game Scene.unity using Guid(18859b39fb58bee45a3d5400e3aa211e) Importer(815301076,1909f56bfc062723c751e8b465ee728b)  -> (artifact id: '68f9363b43cb29e642ba1752a256f241') in 0.037805 seconds 
  Import took 0.115242 seconds .

========================================================================
Received Prepare
Registering precompiled user dll's ...
Registered in 0.033830 seconds.
Begin MonoManager ReloadAssembly
Native extension for WindowsStandalone target not found
Refreshing native plugins compatible for Editor in 8.34 ms, found 5 plugins.
Preloading 0 native plugins for Editor in 0.00 ms.
GPGSUpgrader start
UnityEngine.StackTraceUtility:ExtractStackTrace ()
UnityEngine.DebugLogHandler:LogFormat (UnityEngine.LogType,UnityEngine.Object,string,object[])
UnityEngine.Logger:Log (UnityEngine.LogType,object)
UnityEngine.Debug:Log (object)
GooglePlayGames.Editor.GPGSUpgrader:.cctor () (at Assets/GooglePlayGames/Editor/GPGSUpgrader.cs:38)
System.Runtime.CompilerServices.RuntimeHelpers:RunClassConstructor (System.RuntimeTypeHandle)
UnityEditor.EditorAssemblies:ProcessInitializeOnLoadAttributes (System.Type[])

(Filename: Assets/GooglePlayGames/Editor/GPGSUpgrader.cs Line: 38)

GPGSUpgrader done
UnityEngine.StackTraceUtility:ExtractStackTrace ()
UnityEngine.DebugLogHandler:LogFormat (UnityEngine.LogType,UnityEngine.Object,string,object[])
UnityEngine.Logger:Log (UnityEngine.LogType,object)
UnityEngine.Debug:Log (object)
GooglePlayGames.Editor.GPGSUpgrader:.cctor () (at Assets/GooglePlayGames/Editor/GPGSUpgrader.cs:105)
System.Runtime.CompilerServices.RuntimeHelpers:RunClassConstructor (System.RuntimeTypeHandle)
UnityEditor.EditorAssemblies:ProcessInitializeOnLoadAttributes (System.Type[])

(Filename: Assets/GooglePlayGames/Editor/GPGSUpgrader.cs Line: 105)

Mono: successfully reloaded assembly
- Completed reload, in  4.330 seconds
Domain Reload Profiling:
	ReloadAssembly (4331ms)
		BeginReloadAssembly (486ms)
			ExecutionOrderSort (0ms)
			DisableScriptedObjects (15ms)
			BackupInstance (0ms)
			ReleaseScriptingObjects (0ms)
			CreateAndSetChildDomain (162ms)
		EndReloadAssembly (3703ms)
			LoadAssemblies (324ms)
			RebuildTransferFunctionScriptingTraits (0ms)
			SetupTypeCache (894ms)
			ReleaseScriptCaches (3ms)
			RebuildScriptCaches (122ms)
			SetupLoadedEditorAssemblies (2064ms)
				LogAssemblyErrors (0ms)
				InitializePlatformSupportModulesInManaged (10ms)
				SetLoadedEditorAssemblies (2ms)
				RefreshPlugins (8ms)
				BeforeProcessingInitializeOnLoad (325ms)
				ProcessInitializeOnLoadAttributes (1623ms)
				ProcessInitializeOnLoadMethodAttributes (85ms)
				AfterProcessingInitializeOnLoad (9ms)
				EditorAssembliesLoaded (1ms)
			ExecutionOrderSort2 (0ms)
			AwakeInstancesAfterBackupRestoration (33ms)
Platform modules already initialized, skipping
Switching build target platform(19) subTarget(0) extendedPlatform(0) -> platform(13) subTarget(537395200) extendedPlatform(0)
Refreshing native plugins compatible for Editor in 9.77 ms, found 5 plugins.
Preloading 0 native plugins for Editor in 0.00 ms.
Unloading 4172 Unused Serialized files (Serialized files now loaded: 0)
System memory in use before: 172.1 MB.
System memory in use after: 172.3 MB.

Unloading 518 unused Assets to reduce memory usage. Loaded Objects now: 4405.
Total: 23.950800 ms (FindLiveObjects: 1.143600 ms CreateObjectMapping: 1.076200 ms MarkObjects: 21.197100 ms  DeleteObjects: 0.529000 ms)

AssetImportParameters requested are different than current active one (requested -> active):
  custom:framework-win-MediaFoundation: 216162199b28c13a410421893ffa2e32 -> 
  custom:video-decoder-ogg-theora: a1e56fd34408186e4bbccfd4996cb3dc -> 
  custom:container-muxer-webm: aa71ff27fc2769a1b78a27578f13a17b -> 
  custom:container-demuxer-webm: 4f35f7cbe854078d1ac9338744f61a02 -> 
  custom:container-demuxer-ogg: 62fdf1f143b41e24485cea50d1cbac27 -> 
  custom:video-encoder-webm-vp8: eb34c28f22e8b96e1ab97ce403110664 -> 
  custom:video-decoder-webm-vp8: 9c59270c3fd7afecdb556c50c9e8de78 -> 
  custom:graphics/normal-map-encoding: 01000000000000000000000000000000 -> 02000000000000000000000000000000
  custom:audio-decoder-ogg-vorbis: bf7c407c2cedff20999df2af8eb42d56 -> 
  custom:audio-encoder-webm-vorbis: bf7c407c2cedff20999df2af8eb42d56 -> 
========================================================================
Received Prepare
Registering precompiled user dll's ...
Registered in 0.015950 seconds.
Begin MonoManager ReloadAssembly
Native extension for WindowsStandalone target not found
Refreshing native plugins compatible for Editor in 10.67 ms, found 5 plugins.
Preloading 0 native plugins for Editor in 0.00 ms.
GPGSUpgrader start
UnityEngine.StackTraceUtility:ExtractStackTrace ()
UnityEngine.DebugLogHandler:LogFormat (UnityEngine.LogType,UnityEngine.Object,string,object[])
UnityEngine.Logger:Log (UnityEngine.LogType,object)
UnityEngine.Debug:Log (object)
GooglePlayGames.Editor.GPGSUpgrader:.cctor () (at Assets/GooglePlayGames/Editor/GPGSUpgrader.cs:38)
System.Runtime.CompilerServices.RuntimeHelpers:RunClassConstructor (System.RuntimeTypeHandle)
UnityEditor.EditorAssemblies:ProcessInitializeOnLoadAttributes (System.Type[])

(Filename: Assets/GooglePlayGames/Editor/GPGSUpgrader.cs Line: 38)

GPGSUpgrader done
UnityEngine.StackTraceUtility:ExtractStackTrace ()
UnityEngine.DebugLogHandler:LogFormat (UnityEngine.LogType,UnityEngine.Object,string,object[])
UnityEngine.Logger:Log (UnityEngine.LogType,object)
UnityEngine.Debug:Log (object)
GooglePlayGames.Editor.GPGSUpgrader:.cctor () (at Assets/GooglePlayGames/Editor/GPGSUpgrader.cs:105)
System.Runtime.CompilerServices.RuntimeHelpers:RunClassConstructor (System.RuntimeTypeHandle)
UnityEditor.EditorAssemblies:ProcessInitializeOnLoadAttributes (System.Type[])

(Filename: Assets/GooglePlayGames/Editor/GPGSUpgrader.cs Line: 105)

Mono: successfully reloaded assembly
- Completed reload, in  3.824 seconds
Domain Reload Profiling:
	ReloadAssembly (3825ms)
		BeginReloadAssembly (206ms)
			ExecutionOrderSort (0ms)
			DisableScriptedObjects (8ms)
			BackupInstance (0ms)
			ReleaseScriptingObjects (0ms)
			CreateAndSetChildDomain (76ms)
		EndReloadAssembly (3511ms)
			LoadAssemblies (248ms)
			RebuildTransferFunctionScriptingTraits (0ms)
			SetupTypeCache (815ms)
			ReleaseScriptCaches (3ms)
			RebuildScriptCaches (122ms)
			SetupLoadedEditorAssemblies (1929ms)
				LogAssemblyErrors (0ms)
				InitializePlatformSupportModulesInManaged (9ms)
				SetLoadedEditorAssemblies (2ms)
				RefreshPlugins (11ms)
				BeforeProcessingInitializeOnLoad (298ms)
				ProcessInitializeOnLoadAttributes (1501ms)
				ProcessInitializeOnLoadMethodAttributes (97ms)
				AfterProcessingInitializeOnLoad (10ms)
				EditorAssembliesLoaded (1ms)
			ExecutionOrderSort2 (0ms)
			AwakeInstancesAfterBackupRestoration (41ms)
Platform modules already initialized, skipping
Switching build target platform(19) subTarget(0) extendedPlatform(0) -> platform(13) subTarget(537395200) extendedPlatform(0)
Refreshing native plugins compatible for Editor in 5.30 ms, found 5 plugins.
Preloading 0 native plugins for Editor in 0.00 ms.
Unloading 4172 Unused Serialized files (Serialized files now loaded: 0)
System memory in use before: 172.2 MB.
System memory in use after: 172.4 MB.

Unloading 518 unused Assets to reduce memory usage. Loaded Objects now: 4407.
Total: 13.666800 ms (FindLiveObjects: 0.634600 ms CreateObjectMapping: 0.348900 ms MarkObjects: 12.404700 ms  DeleteObjects: 0.276900 ms)

AssetImportParameters requested are different than current active one (requested -> active):
  custom:framework-win-MediaFoundation: 216162199b28c13a410421893ffa2e32 -> 
  custom:video-decoder-ogg-theora: a1e56fd34408186e4bbccfd4996cb3dc -> 
  custom:container-muxer-webm: aa71ff27fc2769a1b78a27578f13a17b -> 
  custom:container-demuxer-webm: 4f35f7cbe854078d1ac9338744f61a02 -> 
  custom:container-demuxer-ogg: 62fdf1f143b41e24485cea50d1cbac27 -> 
  custom:video-encoder-webm-vp8: eb34c28f22e8b96e1ab97ce403110664 -> 
  custom:video-decoder-webm-vp8: 9c59270c3fd7afecdb556c50c9e8de78 -> 
  custom:graphics/normal-map-encoding: 01000000000000000000000000000000 -> 02000000000000000000000000000000
  custom:audio-decoder-ogg-vorbis: bf7c407c2cedff20999df2af8eb42d56 -> 
  custom:audio-encoder-webm-vorbis: bf7c407c2cedff20999df2af8eb42d56 -> 
========================================================================
Received Import Request.
  Time since last request: 306.602299 seconds.
  path: Assets/_Assets/Fonts/futura_xblkcnit_bt/futura_xblkcn_bt/1.asset
  artifactKey: Guid(71bf936372b423a43900aaa5d11f737b) Importer(815301076,1909f56bfc062723c751e8b465ee728b)
Start importing Assets/_Assets/Fonts/futura_xblkcnit_bt/futura_xblkcn_bt/1.asset using Guid(71bf936372b423a43900aaa5d11f737b) Importer(815301076,1909f56bfc062723c751e8b465ee728b)  -> (artifact id: '7740fca1c468cfac61a7e5ea9ba3c1f6') in 0.499632 seconds 
  Import took 0.648452 seconds .

========================================================================
Received Prepare
Registering precompiled user dll's ...
Registered in 0.019057 seconds.
Begin MonoManager ReloadAssembly
Native extension for WindowsStandalone target not found
Refreshing native plugins compatible for Editor in 5.77 ms, found 5 plugins.
Preloading 0 native plugins for Editor in 0.00 ms.
GPGSUpgrader start
UnityEngine.StackTraceUtility:ExtractStackTrace ()
UnityEngine.DebugLogHandler:LogFormat (UnityEngine.LogType,UnityEngine.Object,string,object[])
UnityEngine.Logger:Log (UnityEngine.LogType,object)
UnityEngine.Debug:Log (object)
GooglePlayGames.Editor.GPGSUpgrader:.cctor () (at Assets/GooglePlayGames/Editor/GPGSUpgrader.cs:38)
System.Runtime.CompilerServices.RuntimeHelpers:RunClassConstructor (System.RuntimeTypeHandle)
UnityEditor.EditorAssemblies:ProcessInitializeOnLoadAttributes (System.Type[])

(Filename: Assets/GooglePlayGames/Editor/GPGSUpgrader.cs Line: 38)

GPGSUpgrader done
UnityEngine.StackTraceUtility:ExtractStackTrace ()
UnityEngine.DebugLogHandler:LogFormat (UnityEngine.LogType,UnityEngine.Object,string,object[])
UnityEngine.Logger:Log (UnityEngine.LogType,object)
UnityEngine.Debug:Log (object)
GooglePlayGames.Editor.GPGSUpgrader:.cctor () (at Assets/GooglePlayGames/Editor/GPGSUpgrader.cs:105)
System.Runtime.CompilerServices.RuntimeHelpers:RunClassConstructor (System.RuntimeTypeHandle)
UnityEditor.EditorAssemblies:ProcessInitializeOnLoadAttributes (System.Type[])

(Filename: Assets/GooglePlayGames/Editor/GPGSUpgrader.cs Line: 105)

Mono: successfully reloaded assembly
- Completed reload, in  4.170 seconds
Domain Reload Profiling:
	ReloadAssembly (4170ms)
		BeginReloadAssembly (224ms)
			ExecutionOrderSort (0ms)
			DisableScriptedObjects (11ms)
			BackupInstance (0ms)
			ReleaseScriptingObjects (0ms)
			CreateAndSetChildDomain (76ms)
		EndReloadAssembly (3831ms)
			LoadAssemblies (248ms)
			RebuildTransferFunctionScriptingTraits (0ms)
			SetupTypeCache (903ms)
			ReleaseScriptCaches (3ms)
			RebuildScriptCaches (122ms)
			SetupLoadedEditorAssemblies (2156ms)
				LogAssemblyErrors (0ms)
				InitializePlatformSupportModulesInManaged (6ms)
				SetLoadedEditorAssemblies (1ms)
				RefreshPlugins (6ms)
				BeforeProcessingInitializeOnLoad (382ms)
				ProcessInitializeOnLoadAttributes (1626ms)
				ProcessInitializeOnLoadMethodAttributes (126ms)
				AfterProcessingInitializeOnLoad (8ms)
				EditorAssembliesLoaded (1ms)
			ExecutionOrderSort2 (0ms)
			AwakeInstancesAfterBackupRestoration (35ms)
Platform modules already initialized, skipping
Switching build target platform(19) subTarget(0) extendedPlatform(0) -> platform(13) subTarget(537395200) extendedPlatform(0)
Refreshing native plugins compatible for Editor in 5.85 ms, found 5 plugins.
Preloading 0 native plugins for Editor in 0.00 ms.
Unloading 4172 Unused Serialized files (Serialized files now loaded: 0)
System memory in use before: 172.4 MB.
System memory in use after: 172.6 MB.

Unloading 518 unused Assets to reduce memory usage. Loaded Objects now: 4446.
Total: 17.205900 ms (FindLiveObjects: 0.746400 ms CreateObjectMapping: 0.558800 ms MarkObjects: 15.530500 ms  DeleteObjects: 0.368400 ms)

AssetImportParameters requested are different than current active one (requested -> active):
  custom:framework-win-MediaFoundation: 216162199b28c13a410421893ffa2e32 -> 
  custom:video-decoder-ogg-theora: a1e56fd34408186e4bbccfd4996cb3dc -> 
  custom:container-muxer-webm: aa71ff27fc2769a1b78a27578f13a17b -> 
  custom:container-demuxer-webm: 4f35f7cbe854078d1ac9338744f61a02 -> 
  custom:container-demuxer-ogg: 62fdf1f143b41e24485cea50d1cbac27 -> 
  custom:video-encoder-webm-vp8: eb34c28f22e8b96e1ab97ce403110664 -> 
  custom:video-decoder-webm-vp8: 9c59270c3fd7afecdb556c50c9e8de78 -> 
  custom:graphics/normal-map-encoding: 01000000000000000000000000000000 -> 02000000000000000000000000000000
  custom:audio-decoder-ogg-vorbis: bf7c407c2cedff20999df2af8eb42d56 -> 
  custom:audio-encoder-webm-vorbis: bf7c407c2cedff20999df2af8eb42d56 -> 
========================================================================
Received Import Request.
  Time since last request: 176.613351 seconds.
  path: Assets/_Assets/Fonts/futura_xblkcnit_bt/futura_xblkcn_bt/FUTURA_E.asset
  artifactKey: Guid(1debbb5ac6606d5428f8af08e3ec385a) Importer(815301076,1909f56bfc062723c751e8b465ee728b)
Start importing Assets/_Assets/Fonts/futura_xblkcnit_bt/futura_xblkcn_bt/FUTURA_E.asset using Guid(1debbb5ac6606d5428f8af08e3ec385a) Importer(815301076,1909f56bfc062723c751e8b465ee728b)  -> (artifact id: '7023475591a5a1338bbc8689e5322f50') in 0.516454 seconds 
  Import took 0.561454 seconds .

========================================================================
Received Import Request.
  Time since last request: 4.233866 seconds.
  path: Assets/_Assets/Fonts/futura_xblkcnit_bt/futura_xblkcn_bt/futura_xblkcn_bt.png
  artifactKey: Guid(f5c90ff84a779d348b6c88d5fda9a686) Importer(815301076,1909f56bfc062723c751e8b465ee728b)
Start importing Assets/_Assets/Fonts/futura_xblkcnit_bt/futura_xblkcn_bt/futura_xblkcn_bt.png using Guid(f5c90ff84a779d348b6c88d5fda9a686) Importer(815301076,1909f56bfc062723c751e8b465ee728b)  -> (artifact id: '305f188210981bc92d53b22e0313e9fa') in 0.081102 seconds 
  Import took 0.226521 seconds .

========================================================================
Received Prepare
Registering precompiled user dll's ...
Registered in 0.030922 seconds.
Begin MonoManager ReloadAssembly
Native extension for WindowsStandalone target not found
Refreshing native plugins compatible for Editor in 8.92 ms, found 5 plugins.
Preloading 0 native plugins for Editor in 0.00 ms.
GPGSUpgrader start
UnityEngine.StackTraceUtility:ExtractStackTrace ()
UnityEngine.DebugLogHandler:LogFormat (UnityEngine.LogType,UnityEngine.Object,string,object[])
UnityEngine.Logger:Log (UnityEngine.LogType,object)
UnityEngine.Debug:Log (object)
GooglePlayGames.Editor.GPGSUpgrader:.cctor () (at Assets/GooglePlayGames/Editor/GPGSUpgrader.cs:38)
System.Runtime.CompilerServices.RuntimeHelpers:RunClassConstructor (System.RuntimeTypeHandle)
UnityEditor.EditorAssemblies:ProcessInitializeOnLoadAttributes (System.Type[])

(Filename: Assets/GooglePlayGames/Editor/GPGSUpgrader.cs Line: 38)

GPGSUpgrader done
UnityEngine.StackTraceUtility:ExtractStackTrace ()
UnityEngine.DebugLogHandler:LogFormat (UnityEngine.LogType,UnityEngine.Object,string,object[])
UnityEngine.Logger:Log (UnityEngine.LogType,object)
UnityEngine.Debug:Log (object)
GooglePlayGames.Editor.GPGSUpgrader:.cctor () (at Assets/GooglePlayGames/Editor/GPGSUpgrader.cs:105)
System.Runtime.CompilerServices.RuntimeHelpers:RunClassConstructor (System.RuntimeTypeHandle)
UnityEditor.EditorAssemblies:ProcessInitializeOnLoadAttributes (System.Type[])

(Filename: Assets/GooglePlayGames/Editor/GPGSUpgrader.cs Line: 105)

[YodoMas] Creating new Yodo1AdSettings.asset
UnityEngine.StackTraceUtility:ExtractStackTrace ()
UnityEngine.DebugLogHandler:LogFormat (UnityEngine.LogType,UnityEngine.Object,string,object[])
UnityEngine.Logger:Log (UnityEngine.LogType,object)
UnityEngine.Debug:Log (object)
Yodo1.MAS.Yodo1AdSettingsSave:Load () (at Assets/Yodo1/MAS/Editor/Scripts/Yodo1AdSettingsSave.cs:22)
Yodo1.MAS.Yodo1AdAssetsImporter:UpdateAppInfo () (at Assets/Yodo1/MAS/Editor/Scripts/Yodo1AdAssetsImporter.cs:182)
Yodo1.MAS.Yodo1AdAssetsImporter:OnProjectLoadedInEditor () (at Assets/Yodo1/MAS/Editor/Scripts/Yodo1AdAssetsImporter.cs:172)
System.Reflection.MonoMethod:Invoke (object,System.Reflection.BindingFlags,System.Reflection.Binder,object[],System.Globalization.CultureInfo)
System.Reflection.MethodBase:Invoke (object,object[])
UnityEditor.EditorAssemblies:ProcessInitializeOnLoadMethodAttributes ()

(Filename: Assets/Yodo1/MAS/Editor/Scripts/Yodo1AdSettingsSave.cs Line: 22)

CreateSerializedAsset is not supported while importing out-of-process
UnityEngine.StackTraceUtility:ExtractStackTrace ()
Yodo1.MAS.Yodo1AdSettingsSave:Load () (at Assets/Yodo1/MAS/Editor/Scripts/Yodo1AdSettingsSave.cs:28)
Yodo1.MAS.Yodo1AdAssetsImporter:UpdateAppInfo () (at Assets/Yodo1/MAS/Editor/Scripts/Yodo1AdAssetsImporter.cs:182)
Yodo1.MAS.Yodo1AdAssetsImporter:OnProjectLoadedInEditor () (at Assets/Yodo1/MAS/Editor/Scripts/Yodo1AdAssetsImporter.cs:172)
System.Reflection.MonoMethod:Invoke (object,System.Reflection.BindingFlags,System.Reflection.Binder,object[],System.Globalization.CultureInfo)
System.Reflection.MethodBase:Invoke (object,object[])
UnityEditor.EditorAssemblies:ProcessInitializeOnLoadMethodAttributes ()

[Assets/Yodo1/MAS/Editor/Scripts/Yodo1AdSettingsSave.cs line 28]

[YodoMas] Failed to create the Yodo1 Ad Settings asset.
UnityEngine.StackTraceUtility:ExtractStackTrace ()
UnityEngine.DebugLogHandler:LogFormat (UnityEngine.LogType,UnityEngine.Object,string,object[])
UnityEngine.Logger:Log (UnityEngine.LogType,object)
UnityEngine.Debug:LogError (object)
Yodo1.MAS.Yodo1AdSettingsSave:Load () (at Assets/Yodo1/MAS/Editor/Scripts/Yodo1AdSettingsSave.cs:37)
Yodo1.MAS.Yodo1AdAssetsImporter:UpdateAppInfo () (at Assets/Yodo1/MAS/Editor/Scripts/Yodo1AdAssetsImporter.cs:182)
Yodo1.MAS.Yodo1AdAssetsImporter:OnProjectLoadedInEditor () (at Assets/Yodo1/MAS/Editor/Scripts/Yodo1AdAssetsImporter.cs:172)
System.Reflection.MonoMethod:Invoke (object,System.Reflection.BindingFlags,System.Reflection.Binder,object[],System.Globalization.CultureInfo)
System.Reflection.MethodBase:Invoke (object,object[])
UnityEditor.EditorAssemblies:ProcessInitializeOnLoadMethodAttributes ()

(Filename: Assets/Yodo1/MAS/Editor/Scripts/Yodo1AdSettingsSave.cs Line: 37)

[YodoMas] HttpPost request - {"timestamp":"1639753978740","bundle_id":"com.PlayResume.SheildMaster","plugin_version":"4.4.5","platform":"android","sign":"6c13327289d72ba142122b0cd97eb3ab"}
UnityEngine.StackTraceUtility:ExtractStackTrace ()
UnityEngine.DebugLogHandler:LogFormat (UnityEngine.LogType,UnityEngine.Object,string,object[])
UnityEngine.Logger:Log (UnityEngine.LogType,object)
UnityEngine.Debug:Log (object)
Yodo1.MAS.Yodo1AdAssetsImporter:HttpPost (string,string) (at Assets/Yodo1/MAS/Editor/Scripts/Yodo1AdAssetsImporter.cs:276)
Yodo1.MAS.Yodo1AdAssetsImporter:GetAppInfo (string,string) (at Assets/Yodo1/MAS/Editor/Scripts/Yodo1AdAssetsImporter.cs:265)
Yodo1.MAS.Yodo1AdAssetsImporter:UpdateAppInfo () (at Assets/Yodo1/MAS/Editor/Scripts/Yodo1AdAssetsImporter.cs:188)
Yodo1.MAS.Yodo1AdAssetsImporter:OnProjectLoadedInEditor () (at Assets/Yodo1/MAS/Editor/Scripts/Yodo1AdAssetsImporter.cs:172)
System.Reflection.MonoMethod:Invoke (object,System.Reflection.BindingFlags,System.Reflection.Binder,object[],System.Globalization.CultureInfo)
System.Reflection.MethodBase:Invoke (object,object[])
UnityEditor.EditorAssemblies:ProcessInitializeOnLoadMethodAttributes ()

(Filename: Assets/Yodo1/MAS/Editor/Scripts/Yodo1AdAssetsImporter.cs Line: 276)

[YodoMas] HttpPost Exception.Status - ProtocolError, please check your bundle id or package name.
UnityEngine.StackTraceUtility:ExtractStackTrace ()
UnityEngine.DebugLogHandler:LogFormat (UnityEngine.LogType,UnityEngine.Object,string,object[])
UnityEngine.Logger:Log (UnityEngine.LogType,object)
UnityEngine.Debug:LogWarning (object)
Yodo1.MAS.Yodo1AdAssetsImporter:HttpPost (string,string) (at Assets/Yodo1/MAS/Editor/Scripts/Yodo1AdAssetsImporter.cs:306)
Yodo1.MAS.Yodo1AdAssetsImporter:GetAppInfo (string,string) (at Assets/Yodo1/MAS/Editor/Scripts/Yodo1AdAssetsImporter.cs:265)
Yodo1.MAS.Yodo1AdAssetsImporter:UpdateAppInfo () (at Assets/Yodo1/MAS/Editor/Scripts/Yodo1AdAssetsImporter.cs:188)
Yodo1.MAS.Yodo1AdAssetsImporter:OnProjectLoadedInEditor () (at Assets/Yodo1/MAS/Editor/Scripts/Yodo1AdAssetsImporter.cs:172)
System.Reflection.MonoMethod:Invoke (object,System.Reflection.BindingFlags,System.Reflection.Binder,object[],System.Globalization.CultureInfo)
System.Reflection.MethodBase:Invoke (object,object[])
UnityEditor.EditorAssemblies:ProcessInitializeOnLoadMethodAttributes ()

(Filename: Assets/Yodo1/MAS/Editor/Scripts/Yodo1AdAssetsImporter.cs Line: 306)

[YodoMas] HttpPost request - {"timestamp":"1639753980432","bundle_id":"com.PlayResume.SheildMaster","plugin_version":"4.4.5","platform":"iOS","sign":"b86cf7bc6f5b8e0c89055974729b2d08"}
UnityEngine.StackTraceUtility:ExtractStackTrace ()
UnityEngine.DebugLogHandler:LogFormat (UnityEngine.LogType,UnityEngine.Object,string,object[])
UnityEngine.Logger:Log (UnityEngine.LogType,object)
UnityEngine.Debug:Log (object)
Yodo1.MAS.Yodo1AdAssetsImporter:HttpPost (string,string) (at Assets/Yodo1/MAS/Editor/Scripts/Yodo1AdAssetsImporter.cs:276)
Yodo1.MAS.Yodo1AdAssetsImporter:GetAppInfo (string,string) (at Assets/Yodo1/MAS/Editor/Scripts/Yodo1AdAssetsImporter.cs:265)
Yodo1.MAS.Yodo1AdAssetsImporter:UpdateAppInfo () (at Assets/Yodo1/MAS/Editor/Scripts/Yodo1AdAssetsImporter.cs:195)
Yodo1.MAS.Yodo1AdAssetsImporter:OnProjectLoadedInEditor () (at Assets/Yodo1/MAS/Editor/Scripts/Yodo1AdAssetsImporter.cs:172)
System.Reflection.MonoMethod:Invoke (object,System.Reflection.BindingFlags,System.Reflection.Binder,object[],System.Globalization.CultureInfo)
System.Reflection.MethodBase:Invoke (object,object[])
UnityEditor.EditorAssemblies:ProcessInitializeOnLoadMethodAttributes ()

(Filename: Assets/Yodo1/MAS/Editor/Scripts/Yodo1AdAssetsImporter.cs Line: 276)

[YodoMas] HttpPost Exception.Status - ProtocolError, please check your bundle id or package name.
UnityEngine.StackTraceUtility:ExtractStackTrace ()
UnityEngine.DebugLogHandler:LogFormat (UnityEngine.LogType,UnityEngine.Object,string,object[])
UnityEngine.Logger:Log (UnityEngine.LogType,object)
UnityEngine.Debug:LogWarning (object)
Yodo1.MAS.Yodo1AdAssetsImporter:HttpPost (string,string) (at Assets/Yodo1/MAS/Editor/Scripts/Yodo1AdAssetsImporter.cs:306)
Yodo1.MAS.Yodo1AdAssetsImporter:GetAppInfo (string,string) (at Assets/Yodo1/MAS/Editor/Scripts/Yodo1AdAssetsImporter.cs:265)
Yodo1.MAS.Yodo1AdAssetsImporter:UpdateAppInfo () (at Assets/Yodo1/MAS/Editor/Scripts/Yodo1AdAssetsImporter.cs:195)
Yodo1.MAS.Yodo1AdAssetsImporter:OnProjectLoadedInEditor () (at Assets/Yodo1/MAS/Editor/Scripts/Yodo1AdAssetsImporter.cs:172)
System.Reflection.MonoMethod:Invoke (object,System.Reflection.BindingFlags,System.Reflection.Binder,object[],System.Globalization.CultureInfo)
System.Reflection.MethodBase:Invoke (object,object[])
UnityEditor.EditorAssemblies:ProcessInitializeOnLoadMethodAttributes ()

(Filename: Assets/Yodo1/MAS/Editor/Scripts/Yodo1AdAssetsImporter.cs Line: 306)

Mono: successfully reloaded assembly
- Completed reload, in  6.713 seconds
Domain Reload Profiling:
	ReloadAssembly (6714ms)
		BeginReloadAssembly (352ms)
			ExecutionOrderSort (0ms)
			DisableScriptedObjects (14ms)
			BackupInstance (0ms)
			ReleaseScriptingObjects (0ms)
			CreateAndSetChildDomain (138ms)
		EndReloadAssembly (6157ms)
			LoadAssemblies (306ms)
			RebuildTransferFunctionScriptingTraits (0ms)
			SetupTypeCache (1005ms)
			ReleaseScriptCaches (4ms)
			RebuildScriptCaches (158ms)
			SetupLoadedEditorAssemblies (4088ms)
				LogAssemblyErrors (0ms)
				InitializePlatformSupportModulesInManaged (11ms)
				SetLoadedEditorAssemblies (2ms)
				RefreshPlugins (9ms)
				BeforeProcessingInitializeOnLoad (323ms)
				ProcessInitializeOnLoadAttributes (1694ms)
				ProcessInitializeOnLoadMethodAttributes (2007ms)
				AfterProcessingInitializeOnLoad (40ms)
				EditorAssembliesLoaded (2ms)
			ExecutionOrderSort2 (0ms)
			AwakeInstancesAfterBackupRestoration (139ms)
Platform modules already initialized, skipping
Switching build target platform(19) subTarget(0) extendedPlatform(0) -> platform(13) subTarget(537395200) extendedPlatform(0)
Refreshing native plugins compatible for Editor in 5.22 ms, found 5 plugins.
Preloading 0 native plugins for Editor in 0.00 ms.
Unloading 4173 Unused Serialized files (Serialized files now loaded: 0)
System memory in use before: 172.7 MB.
System memory in use after: 172.9 MB.

Unloading 519 unused Assets to reduce memory usage. Loaded Objects now: 4488.
Total: 19.771900 ms (FindLiveObjects: 0.786500 ms CreateObjectMapping: 0.501300 ms MarkObjects: 18.127200 ms  DeleteObjects: 0.354300 ms)

AssetImportParameters requested are different than current active one (requested -> active):
  custom:framework-win-MediaFoundation: 216162199b28c13a410421893ffa2e32 -> 
  custom:video-decoder-ogg-theora: a1e56fd34408186e4bbccfd4996cb3dc -> 
  custom:container-muxer-webm: aa71ff27fc2769a1b78a27578f13a17b -> 
  custom:container-demuxer-webm: 4f35f7cbe854078d1ac9338744f61a02 -> 
  custom:container-demuxer-ogg: 62fdf1f143b41e24485cea50d1cbac27 -> 
  custom:video-encoder-webm-vp8: eb34c28f22e8b96e1ab97ce403110664 -> 
  custom:video-decoder-webm-vp8: 9c59270c3fd7afecdb556c50c9e8de78 -> 
  custom:graphics/normal-map-encoding: 01000000000000000000000000000000 -> 02000000000000000000000000000000
  custom:audio-decoder-ogg-vorbis: bf7c407c2cedff20999df2af8eb42d56 -> 
  custom:audio-encoder-webm-vorbis: bf7c407c2cedff20999df2af8eb42d56 -> 
========================================================================
Received Prepare
Registering precompiled user dll's ...
Registered in 0.017057 seconds.
Begin MonoManager ReloadAssembly
Native extension for WindowsStandalone target not found
Refreshing native plugins compatible for Editor in 5.08 ms, found 5 plugins.
Preloading 0 native plugins for Editor in 0.00 ms.
GPGSUpgrader start
UnityEngine.StackTraceUtility:ExtractStackTrace ()
UnityEngine.DebugLogHandler:LogFormat (UnityEngine.LogType,UnityEngine.Object,string,object[])
UnityEngine.Logger:Log (UnityEngine.LogType,object)
UnityEngine.Debug:Log (object)
GooglePlayGames.Editor.GPGSUpgrader:.cctor () (at Assets/GooglePlayGames/Editor/GPGSUpgrader.cs:38)
System.Runtime.CompilerServices.RuntimeHelpers:RunClassConstructor (System.RuntimeTypeHandle)
UnityEditor.EditorAssemblies:ProcessInitializeOnLoadAttributes (System.Type[])

(Filename: Assets/GooglePlayGames/Editor/GPGSUpgrader.cs Line: 38)

GPGSUpgrader done
UnityEngine.StackTraceUtility:ExtractStackTrace ()
UnityEngine.DebugLogHandler:LogFormat (UnityEngine.LogType,UnityEngine.Object,string,object[])
UnityEngine.Logger:Log (UnityEngine.LogType,object)
UnityEngine.Debug:Log (object)
GooglePlayGames.Editor.GPGSUpgrader:.cctor () (at Assets/GooglePlayGames/Editor/GPGSUpgrader.cs:105)
System.Runtime.CompilerServices.RuntimeHelpers:RunClassConstructor (System.RuntimeTypeHandle)
UnityEditor.EditorAssemblies:ProcessInitializeOnLoadAttributes (System.Type[])

(Filename: Assets/GooglePlayGames/Editor/GPGSUpgrader.cs Line: 105)

[YodoMas] Creating new Yodo1AdSettings.asset
UnityEngine.StackTraceUtility:ExtractStackTrace ()
UnityEngine.DebugLogHandler:LogFormat (UnityEngine.LogType,UnityEngine.Object,string,object[])
UnityEngine.Logger:Log (UnityEngine.LogType,object)
UnityEngine.Debug:Log (object)
Yodo1.MAS.Yodo1AdSettingsSave:Load () (at Assets/Yodo1/MAS/Editor/Scripts/Yodo1AdSettingsSave.cs:22)
Yodo1.MAS.Yodo1AdAssetsImporter:UpdateAppInfo () (at Assets/Yodo1/MAS/Editor/Scripts/Yodo1AdAssetsImporter.cs:182)
Yodo1.MAS.Yodo1AdAssetsImporter:OnProjectLoadedInEditor () (at Assets/Yodo1/MAS/Editor/Scripts/Yodo1AdAssetsImporter.cs:172)
System.Reflection.MonoMethod:Invoke (object,System.Reflection.BindingFlags,System.Reflection.Binder,object[],System.Globalization.CultureInfo)
System.Reflection.MethodBase:Invoke (object,object[])
UnityEditor.EditorAssemblies:ProcessInitializeOnLoadMethodAttributes ()

(Filename: Assets/Yodo1/MAS/Editor/Scripts/Yodo1AdSettingsSave.cs Line: 22)

CreateSerializedAsset is not supported while importing out-of-process
UnityEngine.StackTraceUtility:ExtractStackTrace ()
Yodo1.MAS.Yodo1AdSettingsSave:Load () (at Assets/Yodo1/MAS/Editor/Scripts/Yodo1AdSettingsSave.cs:28)
Yodo1.MAS.Yodo1AdAssetsImporter:UpdateAppInfo () (at Assets/Yodo1/MAS/Editor/Scripts/Yodo1AdAssetsImporter.cs:182)
Yodo1.MAS.Yodo1AdAssetsImporter:OnProjectLoadedInEditor () (at Assets/Yodo1/MAS/Editor/Scripts/Yodo1AdAssetsImporter.cs:172)
System.Reflection.MonoMethod:Invoke (object,System.Reflection.BindingFlags,System.Reflection.Binder,object[],System.Globalization.CultureInfo)
System.Reflection.MethodBase:Invoke (object,object[])
UnityEditor.EditorAssemblies:ProcessInitializeOnLoadMethodAttributes ()

[Assets/Yodo1/MAS/Editor/Scripts/Yodo1AdSettingsSave.cs line 28]

[YodoMas] Failed to create the Yodo1 Ad Settings asset.
UnityEngine.StackTraceUtility:ExtractStackTrace ()
UnityEngine.DebugLogHandler:LogFormat (UnityEngine.LogType,UnityEngine.Object,string,object[])
UnityEngine.Logger:Log (UnityEngine.LogType,object)
UnityEngine.Debug:LogError (object)
Yodo1.MAS.Yodo1AdSettingsSave:Load () (at Assets/Yodo1/MAS/Editor/Scripts/Yodo1AdSettingsSave.cs:37)
Yodo1.MAS.Yodo1AdAssetsImporter:UpdateAppInfo () (at Assets/Yodo1/MAS/Editor/Scripts/Yodo1AdAssetsImporter.cs:182)
Yodo1.MAS.Yodo1AdAssetsImporter:OnProjectLoadedInEditor () (at Assets/Yodo1/MAS/Editor/Scripts/Yodo1AdAssetsImporter.cs:172)
System.Reflection.MonoMethod:Invoke (object,System.Reflection.BindingFlags,System.Reflection.Binder,object[],System.Globalization.CultureInfo)
System.Reflection.MethodBase:Invoke (object,object[])
UnityEditor.EditorAssemblies:ProcessInitializeOnLoadMethodAttributes ()

(Filename: Assets/Yodo1/MAS/Editor/Scripts/Yodo1AdSettingsSave.cs Line: 37)

[YodoMas] HttpPost request - {"timestamp":"1639754106847","bundle_id":"com.PlayResume.SheildMaster","plugin_version":"4.4.5","platform":"android","sign":"e6f793bfc5281197169e5b24ae5d1036"}
UnityEngine.StackTraceUtility:ExtractStackTrace ()
UnityEngine.DebugLogHandler:LogFormat (UnityEngine.LogType,UnityEngine.Object,string,object[])
UnityEngine.Logger:Log (UnityEngine.LogType,object)
UnityEngine.Debug:Log (object)
Yodo1.MAS.Yodo1AdAssetsImporter:HttpPost (string,string) (at Assets/Yodo1/MAS/Editor/Scripts/Yodo1AdAssetsImporter.cs:276)
Yodo1.MAS.Yodo1AdAssetsImporter:GetAppInfo (string,string) (at Assets/Yodo1/MAS/Editor/Scripts/Yodo1AdAssetsImporter.cs:265)
Yodo1.MAS.Yodo1AdAssetsImporter:UpdateAppInfo () (at Assets/Yodo1/MAS/Editor/Scripts/Yodo1AdAssetsImporter.cs:188)
Yodo1.MAS.Yodo1AdAssetsImporter:OnProjectLoadedInEditor () (at Assets/Yodo1/MAS/Editor/Scripts/Yodo1AdAssetsImporter.cs:172)
System.Reflection.MonoMethod:Invoke (object,System.Reflection.BindingFlags,System.Reflection.Binder,object[],System.Globalization.CultureInfo)
System.Reflection.MethodBase:Invoke (object,object[])
UnityEditor.EditorAssemblies:ProcessInitializeOnLoadMethodAttributes ()

(Filename: Assets/Yodo1/MAS/Editor/Scripts/Yodo1AdAssetsImporter.cs Line: 276)

[YodoMas] HttpPost Exception.Status - ProtocolError, please check your bundle id or package name.
UnityEngine.StackTraceUtility:ExtractStackTrace ()
UnityEngine.DebugLogHandler:LogFormat (UnityEngine.LogType,UnityEngine.Object,string,object[])
UnityEngine.Logger:Log (UnityEngine.LogType,object)
UnityEngine.Debug:LogWarning (object)
Yodo1.MAS.Yodo1AdAssetsImporter:HttpPost (string,string) (at Assets/Yodo1/MAS/Editor/Scripts/Yodo1AdAssetsImporter.cs:306)
Yodo1.MAS.Yodo1AdAssetsImporter:GetAppInfo (string,string) (at Assets/Yodo1/MAS/Editor/Scripts/Yodo1AdAssetsImporter.cs:265)
Yodo1.MAS.Yodo1AdAssetsImporter:UpdateAppInfo () (at Assets/Yodo1/MAS/Editor/Scripts/Yodo1AdAssetsImporter.cs:188)
Yodo1.MAS.Yodo1AdAssetsImporter:OnProjectLoadedInEditor () (at Assets/Yodo1/MAS/Editor/Scripts/Yodo1AdAssetsImporter.cs:172)
System.Reflection.MonoMethod:Invoke (object,System.Reflection.BindingFlags,System.Reflection.Binder,object[],System.Globalization.CultureInfo)
System.Reflection.MethodBase:Invoke (object,object[])
UnityEditor.EditorAssemblies:ProcessInitializeOnLoadMethodAttributes ()

(Filename: Assets/Yodo1/MAS/Editor/Scripts/Yodo1AdAssetsImporter.cs Line: 306)

[YodoMas] HttpPost request - {"timestamp":"1639754108225","bundle_id":"com.PlayResume.SheildMaster","plugin_version":"4.4.5","platform":"iOS","sign":"25890cb4e7737d6ec902c9eb9e5a8eac"}
UnityEngine.StackTraceUtility:ExtractStackTrace ()
UnityEngine.DebugLogHandler:LogFormat (UnityEngine.LogType,UnityEngine.Object,string,object[])
UnityEngine.Logger:Log (UnityEngine.LogType,object)
UnityEngine.Debug:Log (object)
Yodo1.MAS.Yodo1AdAssetsImporter:HttpPost (string,string) (at Assets/Yodo1/MAS/Editor/Scripts/Yodo1AdAssetsImporter.cs:276)
Yodo1.MAS.Yodo1AdAssetsImporter:GetAppInfo (string,string) (at Assets/Yodo1/MAS/Editor/Scripts/Yodo1AdAssetsImporter.cs:265)
Yodo1.MAS.Yodo1AdAssetsImporter:UpdateAppInfo () (at Assets/Yodo1/MAS/Editor/Scripts/Yodo1AdAssetsImporter.cs:195)
Yodo1.MAS.Yodo1AdAssetsImporter:OnProjectLoadedInEditor () (at Assets/Yodo1/MAS/Editor/Scripts/Yodo1AdAssetsImporter.cs:172)
System.Reflection.MonoMethod:Invoke (object,System.Reflection.BindingFlags,System.Reflection.Binder,object[],System.Globalization.CultureInfo)
System.Reflection.MethodBase:Invoke (object,object[])
UnityEditor.EditorAssemblies:ProcessInitializeOnLoadMethodAttributes ()

(Filename: Assets/Yodo1/MAS/Editor/Scripts/Yodo1AdAssetsImporter.cs Line: 276)

[YodoMas] HttpPost Exception.Status - ProtocolError, please check your bundle id or package name.
UnityEngine.StackTraceUtility:ExtractStackTrace ()
UnityEngine.DebugLogHandler:LogFormat (UnityEngine.LogType,UnityEngine.Object,string,object[])
UnityEngine.Logger:Log (UnityEngine.LogType,object)
UnityEngine.Debug:LogWarning (object)
Yodo1.MAS.Yodo1AdAssetsImporter:HttpPost (string,string) (at Assets/Yodo1/MAS/Editor/Scripts/Yodo1AdAssetsImporter.cs:306)
Yodo1.MAS.Yodo1AdAssetsImporter:GetAppInfo (string,string) (at Assets/Yodo1/MAS/Editor/Scripts/Yodo1AdAssetsImporter.cs:265)
Yodo1.MAS.Yodo1AdAssetsImporter:UpdateAppInfo () (at Assets/Yodo1/MAS/Editor/Scripts/Yodo1AdAssetsImporter.cs:195)
Yodo1.MAS.Yodo1AdAssetsImporter:OnProjectLoadedInEditor () (at Assets/Yodo1/MAS/Editor/Scripts/Yodo1AdAssetsImporter.cs:172)
System.Reflection.MonoMethod:Invoke (object,System.Reflection.BindingFlags,System.Reflection.Binder,object[],System.Globalization.CultureInfo)
System.Reflection.MethodBase:Invoke (object,object[])
UnityEditor.EditorAssemblies:ProcessInitializeOnLoadMethodAttributes ()

(Filename: Assets/Yodo1/MAS/Editor/Scripts/Yodo1AdAssetsImporter.cs Line: 306)

Mono: successfully reloaded assembly
- Completed reload, in  5.152 seconds
Domain Reload Profiling:
	ReloadAssembly (5152ms)
		BeginReloadAssembly (235ms)
			ExecutionOrderSort (0ms)
			DisableScriptedObjects (8ms)
			BackupInstance (0ms)
			ReleaseScriptingObjects (0ms)
			CreateAndSetChildDomain (98ms)
		EndReloadAssembly (4803ms)
			LoadAssemblies (186ms)
			RebuildTransferFunctionScriptingTraits (0ms)
			SetupTypeCache (741ms)
			ReleaseScriptCaches (2ms)
			RebuildScriptCaches (117ms)
			SetupLoadedEditorAssemblies (3374ms)
				LogAssemblyErrors (0ms)
				InitializePlatformSupportModulesInManaged (6ms)
				SetLoadedEditorAssemblies (1ms)
				RefreshPlugins (5ms)
				BeforeProcessingInitializeOnLoad (196ms)
				ProcessInitializeOnLoadAttributes (1399ms)
				ProcessInitializeOnLoadMethodAttributes (1744ms)
				AfterProcessingInitializeOnLoad (22ms)
				EditorAssembliesLoaded (1ms)
			ExecutionOrderSort2 (0ms)
			AwakeInstancesAfterBackupRestoration (71ms)
Platform modules already initialized, skipping
Switching build target platform(19) subTarget(0) extendedPlatform(0) -> platform(13) subTarget(537395200) extendedPlatform(0)
Refreshing native plugins compatible for Editor in 5.39 ms, found 5 plugins.
Preloading 0 native plugins for Editor in 0.00 ms.
Unloading 4173 Unused Serialized files (Serialized files now loaded: 0)
System memory in use before: 172.7 MB.
System memory in use after: 173.0 MB.

Unloading 519 unused Assets to reduce memory usage. Loaded Objects now: 4491.
Total: 20.717500 ms (FindLiveObjects: 0.786600 ms CreateObjectMapping: 0.476100 ms MarkObjects: 19.092000 ms  DeleteObjects: 0.360500 ms)

AssetImportParameters requested are different than current active one (requested -> active):
  custom:framework-win-MediaFoundation: 216162199b28c13a410421893ffa2e32 -> 
  custom:video-decoder-ogg-theora: a1e56fd34408186e4bbccfd4996cb3dc -> 
  custom:container-muxer-webm: aa71ff27fc2769a1b78a27578f13a17b -> 
  custom:container-demuxer-webm: 4f35f7cbe854078d1ac9338744f61a02 -> 
  custom:container-demuxer-ogg: 62fdf1f143b41e24485cea50d1cbac27 -> 
  custom:video-encoder-webm-vp8: eb34c28f22e8b96e1ab97ce403110664 -> 
  custom:video-decoder-webm-vp8: 9c59270c3fd7afecdb556c50c9e8de78 -> 
  custom:graphics/normal-map-encoding: 01000000000000000000000000000000 -> 02000000000000000000000000000000
  custom:audio-decoder-ogg-vorbis: bf7c407c2cedff20999df2af8eb42d56 -> 
  custom:audio-encoder-webm-vorbis: bf7c407c2cedff20999df2af8eb42d56 -> 
========================================================================
Received Import Request.
  Time since last request: 790.232357 seconds.
  path: Assets/_Assets/Audio/Breaking Ice Sounds/breaking-ice-01.wav
  artifactKey: Guid(752d3aaa9631678409ed5ce6df705656) Importer(815301076,1909f56bfc062723c751e8b465ee728b)
Start importing Assets/_Assets/Audio/Breaking Ice Sounds/breaking-ice-01.wav using Guid(752d3aaa9631678409ed5ce6df705656) Importer(815301076,1909f56bfc062723c751e8b465ee728b)  -> (artifact id: '1ac735073e695c4711127af8d4f6388b') in 0.115709 seconds 
  Import took 0.334717 seconds .

========================================================================
Received Import Request.
  Time since last request: 0.738463 seconds.
  path: Assets/_Assets/Audio/Breaking Ice Sounds/breaking-ice-07.wav
  artifactKey: Guid(671b73f859b15c24d9ea650b2400ddb6) Importer(815301076,1909f56bfc062723c751e8b465ee728b)
Start importing Assets/_Assets/Audio/Breaking Ice Sounds/breaking-ice-07.wav using Guid(671b73f859b15c24d9ea650b2400ddb6) Importer(815301076,1909f56bfc062723c751e8b465ee728b)  -> (artifact id: 'b2366531ad0fee143bc3662ecb750e7a') in 0.019590 seconds 
  Import took 0.122225 seconds .

========================================================================
Received Import Request.
  Time since last request: 15.702586 seconds.
  path: Assets/_Assets/Audio/Breaking Ice Sounds/breaking-ice-07.wav
  artifactKey: Guid(671b73f859b15c24d9ea650b2400ddb6) Importer(815301076,1909f56bfc062723c751e8b465ee728b)
Start importing Assets/_Assets/Audio/Breaking Ice Sounds/breaking-ice-07.wav using Guid(671b73f859b15c24d9ea650b2400ddb6) Importer(815301076,1909f56bfc062723c751e8b465ee728b)  -> (artifact id: 'dd1e2f0b2a849c31785e537f8d9b3f51') in 0.038696 seconds 
  Import took 0.200184 seconds .

========================================================================
Received Import Request.
  Time since last request: 103.347645 seconds.
  path: Assets/_Assets/Audio/Breaking Ice Sounds/breaking-ice-01.wav
  artifactKey: Guid(752d3aaa9631678409ed5ce6df705656) Importer(815301076,1909f56bfc062723c751e8b465ee728b)
Start importing Assets/_Assets/Audio/Breaking Ice Sounds/breaking-ice-01.wav using Guid(752d3aaa9631678409ed5ce6df705656) Importer(815301076,1909f56bfc062723c751e8b465ee728b)  -> (artifact id: '14bfb2edaddd340441028bf29250a48f') in 0.021993 seconds 
  Import took 0.085653 seconds .

========================================================================
Received Prepare
Registering precompiled user dll's ...
Registered in 0.342699 seconds.
Begin MonoManager ReloadAssembly
Native extension for WindowsStandalone target not found
Refreshing native plugins compatible for Editor in 14.28 ms, found 5 plugins.
Preloading 0 native plugins for Editor in 0.00 ms.
GPGSUpgrader start
UnityEngine.StackTraceUtility:ExtractStackTrace ()
UnityEngine.DebugLogHandler:LogFormat (UnityEngine.LogType,UnityEngine.Object,string,object[])
UnityEngine.Logger:Log (UnityEngine.LogType,object)
UnityEngine.Debug:Log (object)
GooglePlayGames.Editor.GPGSUpgrader:.cctor () (at Assets/GooglePlayGames/Editor/GPGSUpgrader.cs:38)
System.Runtime.CompilerServices.RuntimeHelpers:RunClassConstructor (System.RuntimeTypeHandle)
UnityEditor.EditorAssemblies:ProcessInitializeOnLoadAttributes (System.Type[])

(Filename: Assets/GooglePlayGames/Editor/GPGSUpgrader.cs Line: 38)

GPGSUpgrader done
UnityEngine.StackTraceUtility:ExtractStackTrace ()
UnityEngine.DebugLogHandler:LogFormat (UnityEngine.LogType,UnityEngine.Object,string,object[])
UnityEngine.Logger:Log (UnityEngine.LogType,object)
UnityEngine.Debug:Log (object)
GooglePlayGames.Editor.GPGSUpgrader:.cctor () (at Assets/GooglePlayGames/Editor/GPGSUpgrader.cs:105)
System.Runtime.CompilerServices.RuntimeHelpers:RunClassConstructor (System.RuntimeTypeHandle)
UnityEditor.EditorAssemblies:ProcessInitializeOnLoadAttributes (System.Type[])

(Filename: Assets/GooglePlayGames/Editor/GPGSUpgrader.cs Line: 105)

Mono: successfully reloaded assembly
- Completed reload, in  8.181 seconds
Domain Reload Profiling:
	ReloadAssembly (8184ms)
		BeginReloadAssembly (273ms)
			ExecutionOrderSort (0ms)
			DisableScriptedObjects (25ms)
			BackupInstance (0ms)
			ReleaseScriptingObjects (0ms)
			CreateAndSetChildDomain (91ms)
		EndReloadAssembly (7758ms)
			LoadAssemblies (261ms)
			RebuildTransferFunctionScriptingTraits (0ms)
			SetupTypeCache (980ms)
			ReleaseScriptCaches (4ms)
			RebuildScriptCaches (141ms)
			SetupLoadedEditorAssemblies (5352ms)
				LogAssemblyErrors (0ms)
				InitializePlatformSupportModulesInManaged (15ms)
				SetLoadedEditorAssemblies (2ms)
				RefreshPlugins (15ms)
				BeforeProcessingInitializeOnLoad (553ms)
				ProcessInitializeOnLoadAttributes (4574ms)
				ProcessInitializeOnLoadMethodAttributes (174ms)
				AfterProcessingInitializeOnLoad (18ms)
				EditorAssembliesLoaded (1ms)
			ExecutionOrderSort2 (0ms)
			AwakeInstancesAfterBackupRestoration (79ms)
Platform modules already initialized, skipping
Switching build target platform(19) subTarget(0) extendedPlatform(0) -> platform(13) subTarget(537395200) extendedPlatform(0)
Refreshing native plugins compatible for Editor in 14.15 ms, found 5 plugins.
Preloading 0 native plugins for Editor in 0.00 ms.
Unloading 4172 Unused Serialized files (Serialized files now loaded: 0)
System memory in use before: 172.8 MB.
System memory in use after: 173.0 MB.

Unloading 518 unused Assets to reduce memory usage. Loaded Objects now: 4496.
Total: 37.493600 ms (FindLiveObjects: 2.082500 ms CreateObjectMapping: 1.157500 ms MarkObjects: 33.588700 ms  DeleteObjects: 0.658700 ms)

AssetImportParameters requested are different than current active one (requested -> active):
  custom:framework-win-MediaFoundation: 216162199b28c13a410421893ffa2e32 -> 
  custom:video-decoder-ogg-theora: a1e56fd34408186e4bbccfd4996cb3dc -> 
  custom:container-muxer-webm: aa71ff27fc2769a1b78a27578f13a17b -> 
  custom:container-demuxer-webm: 4f35f7cbe854078d1ac9338744f61a02 -> 
  custom:container-demuxer-ogg: 62fdf1f143b41e24485cea50d1cbac27 -> 
  custom:video-encoder-webm-vp8: eb34c28f22e8b96e1ab97ce403110664 -> 
  custom:video-decoder-webm-vp8: 9c59270c3fd7afecdb556c50c9e8de78 -> 
  custom:graphics/normal-map-encoding: 01000000000000000000000000000000 -> 02000000000000000000000000000000
  custom:audio-decoder-ogg-vorbis: bf7c407c2cedff20999df2af8eb42d56 -> 
  custom:audio-encoder-webm-vorbis: bf7c407c2cedff20999df2af8eb42d56 -> 
========================================================================
Received Prepare
Registering precompiled user dll's ...
Registered in 0.019913 seconds.
Begin MonoManager ReloadAssembly
Native extension for WindowsStandalone target not found
Refreshing native plugins compatible for Editor in 5.62 ms, found 5 plugins.
Preloading 0 native plugins for Editor in 0.00 ms.
GPGSUpgrader start
UnityEngine.StackTraceUtility:ExtractStackTrace ()
UnityEngine.DebugLogHandler:LogFormat (UnityEngine.LogType,UnityEngine.Object,string,object[])
UnityEngine.Logger:Log (UnityEngine.LogType,object)
UnityEngine.Debug:Log (object)
GooglePlayGames.Editor.GPGSUpgrader:.cctor () (at Assets/GooglePlayGames/Editor/GPGSUpgrader.cs:38)
System.Runtime.CompilerServices.RuntimeHelpers:RunClassConstructor (System.RuntimeTypeHandle)
UnityEditor.EditorAssemblies:ProcessInitializeOnLoadAttributes (System.Type[])

(Filename: Assets/GooglePlayGames/Editor/GPGSUpgrader.cs Line: 38)

GPGSUpgrader done
UnityEngine.StackTraceUtility:ExtractStackTrace ()
UnityEngine.DebugLogHandler:LogFormat (UnityEngine.LogType,UnityEngine.Object,string,object[])
UnityEngine.Logger:Log (UnityEngine.LogType,object)
UnityEngine.Debug:Log (object)
GooglePlayGames.Editor.GPGSUpgrader:.cctor () (at Assets/GooglePlayGames/Editor/GPGSUpgrader.cs:105)
System.Runtime.CompilerServices.RuntimeHelpers:RunClassConstructor (System.RuntimeTypeHandle)
UnityEditor.EditorAssemblies:ProcessInitializeOnLoadAttributes (System.Type[])

(Filename: Assets/GooglePlayGames/Editor/GPGSUpgrader.cs Line: 105)

Mono: successfully reloaded assembly
- Completed reload, in  3.390 seconds
Domain Reload Profiling:
	ReloadAssembly (3390ms)
		BeginReloadAssembly (216ms)
			ExecutionOrderSort (0ms)
			DisableScriptedObjects (11ms)
			BackupInstance (0ms)
			ReleaseScriptingObjects (0ms)
			CreateAndSetChildDomain (83ms)
		EndReloadAssembly (3074ms)
			LoadAssemblies (173ms)
			RebuildTransferFunctionScriptingTraits (0ms)
			SetupTypeCache (690ms)
			ReleaseScriptCaches (3ms)
			RebuildScriptCaches (103ms)
			SetupLoadedEditorAssemblies (1743ms)
				LogAssemblyErrors (0ms)
				InitializePlatformSupportModulesInManaged (6ms)
				SetLoadedEditorAssemblies (2ms)
				RefreshPlugins (6ms)
				BeforeProcessingInitializeOnLoad (221ms)
				ProcessInitializeOnLoadAttributes (1423ms)
				ProcessInitializeOnLoadMethodAttributes (78ms)
				AfterProcessingInitializeOnLoad (7ms)
				EditorAssembliesLoaded (0ms)
			ExecutionOrderSort2 (0ms)
			AwakeInstancesAfterBackupRestoration (31ms)
Platform modules already initialized, skipping
Switching build target platform(19) subTarget(0) extendedPlatform(0) -> platform(13) subTarget(537395200) extendedPlatform(0)
Refreshing native plugins compatible for Editor in 7.76 ms, found 5 plugins.
Preloading 0 native plugins for Editor in 0.00 ms.
Unloading 4172 Unused Serialized files (Serialized files now loaded: 0)
System memory in use before: 172.8 MB.
System memory in use after: 173.0 MB.

Unloading 518 unused Assets to reduce memory usage. Loaded Objects now: 4498.
Total: 17.085600 ms (FindLiveObjects: 1.024600 ms CreateObjectMapping: 0.867900 ms MarkObjects: 14.795900 ms  DeleteObjects: 0.394800 ms)

AssetImportParameters requested are different than current active one (requested -> active):
  custom:framework-win-MediaFoundation: 216162199b28c13a410421893ffa2e32 -> 
  custom:video-decoder-ogg-theora: a1e56fd34408186e4bbccfd4996cb3dc -> 
  custom:container-muxer-webm: aa71ff27fc2769a1b78a27578f13a17b -> 
  custom:container-demuxer-webm: 4f35f7cbe854078d1ac9338744f61a02 -> 
  custom:container-demuxer-ogg: 62fdf1f143b41e24485cea50d1cbac27 -> 
  custom:video-encoder-webm-vp8: eb34c28f22e8b96e1ab97ce403110664 -> 
  custom:video-decoder-webm-vp8: 9c59270c3fd7afecdb556c50c9e8de78 -> 
  custom:graphics/normal-map-encoding: 01000000000000000000000000000000 -> 02000000000000000000000000000000
  custom:audio-decoder-ogg-vorbis: bf7c407c2cedff20999df2af8eb42d56 -> 
  custom:audio-encoder-webm-vorbis: bf7c407c2cedff20999df2af8eb42d56 -> 
========================================================================
Received Import Request.
  Time since last request: 288.486379 seconds.
  path: Assets/_Assets/Audio/Breaking Ice Sounds/breaking-ice-08.wav
  artifactKey: Guid(39a609676777d6f4fb6d70797ac46e97) Importer(815301076,1909f56bfc062723c751e8b465ee728b)
Start importing Assets/_Assets/Audio/Breaking Ice Sounds/breaking-ice-08.wav using Guid(39a609676777d6f4fb6d70797ac46e97) Importer(815301076,1909f56bfc062723c751e8b465ee728b)  -> (artifact id: '0feeabd27838645e9964b47a325bebad') in 0.106906 seconds 
  Import took 0.146988 seconds .

========================================================================
Received Prepare
Registering precompiled user dll's ...
Registered in 0.058843 seconds.
Begin MonoManager ReloadAssembly
Native extension for WindowsStandalone target not found
Refreshing native plugins compatible for Editor in 7.77 ms, found 5 plugins.
Preloading 0 native plugins for Editor in 0.00 ms.
GPGSUpgrader start
UnityEngine.StackTraceUtility:ExtractStackTrace ()
UnityEngine.DebugLogHandler:LogFormat (UnityEngine.LogType,UnityEngine.Object,string,object[])
UnityEngine.Logger:Log (UnityEngine.LogType,object)
UnityEngine.Debug:Log (object)
GooglePlayGames.Editor.GPGSUpgrader:.cctor () (at Assets/GooglePlayGames/Editor/GPGSUpgrader.cs:38)
System.Runtime.CompilerServices.RuntimeHelpers:RunClassConstructor (System.RuntimeTypeHandle)
UnityEditor.EditorAssemblies:ProcessInitializeOnLoadAttributes (System.Type[])

(Filename: Assets/GooglePlayGames/Editor/GPGSUpgrader.cs Line: 38)

GPGSUpgrader done
UnityEngine.StackTraceUtility:ExtractStackTrace ()
UnityEngine.DebugLogHandler:LogFormat (UnityEngine.LogType,UnityEngine.Object,string,object[])
UnityEngine.Logger:Log (UnityEngine.LogType,object)
UnityEngine.Debug:Log (object)
GooglePlayGames.Editor.GPGSUpgrader:.cctor () (at Assets/GooglePlayGames/Editor/GPGSUpgrader.cs:105)
System.Runtime.CompilerServices.RuntimeHelpers:RunClassConstructor (System.RuntimeTypeHandle)
UnityEditor.EditorAssemblies:ProcessInitializeOnLoadAttributes (System.Type[])

(Filename: Assets/GooglePlayGames/Editor/GPGSUpgrader.cs Line: 105)

Mono: successfully reloaded assembly
- Completed reload, in  3.522 seconds
Domain Reload Profiling:
	ReloadAssembly (3523ms)
		BeginReloadAssembly (223ms)
			ExecutionOrderSort (0ms)
			DisableScriptedObjects (14ms)
			BackupInstance (0ms)
			ReleaseScriptingObjects (0ms)
			CreateAndSetChildDomain (76ms)
		EndReloadAssembly (3181ms)
			LoadAssemblies (198ms)
			RebuildTransferFunctionScriptingTraits (0ms)
			SetupTypeCache (670ms)
			ReleaseScriptCaches (2ms)
			RebuildScriptCaches (108ms)
			SetupLoadedEditorAssemblies (1794ms)
				LogAssemblyErrors (0ms)
				InitializePlatformSupportModulesInManaged (8ms)
				SetLoadedEditorAssemblies (1ms)
				RefreshPlugins (8ms)
				BeforeProcessingInitializeOnLoad (243ms)
				ProcessInitializeOnLoadAttributes (1456ms)
				ProcessInitializeOnLoadMethodAttributes (70ms)
				AfterProcessingInitializeOnLoad (7ms)
				EditorAssembliesLoaded (0ms)
			ExecutionOrderSort2 (0ms)
			AwakeInstancesAfterBackupRestoration (34ms)
Platform modules already initialized, skipping
Switching build target platform(19) subTarget(0) extendedPlatform(0) -> platform(13) subTarget(537395200) extendedPlatform(0)
Refreshing native plugins compatible for Editor in 6.03 ms, found 5 plugins.
Preloading 0 native plugins for Editor in 0.00 ms.
Unloading 4172 Unused Serialized files (Serialized files now loaded: 0)
System memory in use before: 172.8 MB.
System memory in use after: 173.0 MB.

Unloading 518 unused Assets to reduce memory usage. Loaded Objects now: 4501.
Total: 18.743400 ms (FindLiveObjects: 0.776500 ms CreateObjectMapping: 0.462900 ms MarkObjects: 17.140600 ms  DeleteObjects: 0.361000 ms)

AssetImportParameters requested are different than current active one (requested -> active):
  custom:framework-win-MediaFoundation: 216162199b28c13a410421893ffa2e32 -> 
  custom:video-decoder-ogg-theora: a1e56fd34408186e4bbccfd4996cb3dc -> 
  custom:container-muxer-webm: aa71ff27fc2769a1b78a27578f13a17b -> 
  custom:container-demuxer-webm: 4f35f7cbe854078d1ac9338744f61a02 -> 
  custom:container-demuxer-ogg: 62fdf1f143b41e24485cea50d1cbac27 -> 
  custom:video-encoder-webm-vp8: eb34c28f22e8b96e1ab97ce403110664 -> 
  custom:video-decoder-webm-vp8: 9c59270c3fd7afecdb556c50c9e8de78 -> 
  custom:graphics/normal-map-encoding: 01000000000000000000000000000000 -> 02000000000000000000000000000000
  custom:audio-decoder-ogg-vorbis: bf7c407c2cedff20999df2af8eb42d56 -> 
  custom:audio-encoder-webm-vorbis: bf7c407c2cedff20999df2af8eb42d56 -> 
========================================================================
Received Import Request.
  Time since last request: 11.846828 seconds.
  path: Assets/_Assets/Audio/breaking-ice-03.wav
  artifactKey: Guid(92a60804e1a38d24bb130326f55e5dad) Importer(815301076,1909f56bfc062723c751e8b465ee728b)
Start importing Assets/_Assets/Audio/breaking-ice-03.wav using Guid(92a60804e1a38d24bb130326f55e5dad) Importer(815301076,1909f56bfc062723c751e8b465ee728b)  -> (artifact id: 'e582b8adf75d79b0093d188a6d467b80') in 0.088619 seconds 
  Import took 0.363269 seconds .

========================================================================
Received Import Request.
  Time since last request: 0.465685 seconds.
  path: Assets/_Assets/Audio/Breaking Ice Sounds
  artifactKey: Guid(ede324219948ff548b16907834ae4503) Importer(815301076,1909f56bfc062723c751e8b465ee728b)
Start importing Assets/_Assets/Audio/Breaking Ice Sounds using Guid(ede324219948ff548b16907834ae4503) Importer(815301076,1909f56bfc062723c751e8b465ee728b)  -> (artifact id: 'c37dd2d9cef01314b33fb39f7abc8a6d') in 0.004945 seconds 
  Import took 0.018607 seconds .

========================================================================
Received Import Request.
  Time since last request: 6.093058 seconds.
  path: Assets/Scenes/Game Scene.unity
  artifactKey: Guid(18859b39fb58bee45a3d5400e3aa211e) Importer(815301076,1909f56bfc062723c751e8b465ee728b)
Start importing Assets/Scenes/Game Scene.unity using Guid(18859b39fb58bee45a3d5400e3aa211e) Importer(815301076,1909f56bfc062723c751e8b465ee728b)  -> (artifact id: '763027ec268cc5f4762e8b3d7d99ba69') in 0.005056 seconds 
  Import took 0.061020 seconds .

========================================================================
Received Import Request.
  Time since last request: 49.063739 seconds.
  path: Assets/_Assets/Textures/UI/GamePlay/cash_icon.png
  artifactKey: Guid(49134cf4c01c38840bcbcb3c69b4dd5c) Importer(815301076,1909f56bfc062723c751e8b465ee728b)
Start importing Assets/_Assets/Textures/UI/GamePlay/cash_icon.png using Guid(49134cf4c01c38840bcbcb3c69b4dd5c) Importer(815301076,1909f56bfc062723c751e8b465ee728b)  -> (artifact id: '9c607c910f0118da7578e96f82321de1') in 0.106514 seconds 
  Import took 0.167067 seconds .

========================================================================
Received Import Request.
  Time since last request: 80.051342 seconds.
  path: Assets/_Assets/Fonts/futura_xblkcnit_bt/futura_xblkcn_bt/1.asset
  artifactKey: Guid(71bf936372b423a43900aaa5d11f737b) Importer(815301076,1909f56bfc062723c751e8b465ee728b)
Start importing Assets/_Assets/Fonts/futura_xblkcnit_bt/futura_xblkcn_bt/1.asset using Guid(71bf936372b423a43900aaa5d11f737b) Importer(815301076,1909f56bfc062723c751e8b465ee728b)  -> (artifact id: '01a03b0ab685c05224d212c1aac58204') in 0.655922 seconds 
  Import took 0.739343 seconds .

========================================================================
Received Import Request.
  Time since last request: 226.479072 seconds.
  path: Assets/_Assets/Fonts/futura_xblkcnit_bt/futura_xblkcn_bt/1.asset
  artifactKey: Guid(71bf936372b423a43900aaa5d11f737b) Importer(815301076,1909f56bfc062723c751e8b465ee728b)
Start importing Assets/_Assets/Fonts/futura_xblkcnit_bt/futura_xblkcn_bt/1.asset using Guid(71bf936372b423a43900aaa5d11f737b) Importer(815301076,1909f56bfc062723c751e8b465ee728b)  -> (artifact id: '62ead7c675fb55bcef4ee43230cdc517') in 0.117926 seconds 
  Import took 0.201773 seconds .

========================================================================
Received Import Request.
  Time since last request: 0.000973 seconds.
  path: Assets/_Assets/Fonts/futura_xblkcnit_bt/FuturaExtraBlackCondensedItalicBT SDF.asset
  artifactKey: Guid(6ea9327fd8d609b45bc9e3346621d161) Importer(815301076,1909f56bfc062723c751e8b465ee728b)
Start importing Assets/_Assets/Fonts/futura_xblkcnit_bt/FuturaExtraBlackCondensedItalicBT SDF.asset using Guid(6ea9327fd8d609b45bc9e3346621d161) Importer(815301076,1909f56bfc062723c751e8b465ee728b)  -> (artifact id: 'bdc5c0ee14c64053e29a6e34a008db5e') in 0.076948 seconds 
  Import took 0.120828 seconds .

========================================================================
Received Import Request.
  Time since last request: 222.186483 seconds.
  path: Assets/Scenes/Main Menu.unity
  artifactKey: Guid(625db5eaf937cfe41889282f5f04f354) Importer(815301076,1909f56bfc062723c751e8b465ee728b)
Start importing Assets/Scenes/Main Menu.unity using Guid(625db5eaf937cfe41889282f5f04f354) Importer(815301076,1909f56bfc062723c751e8b465ee728b)  -> (artifact id: 'e28fc0bfd7470d7d6787b24c635752c0') in 0.007154 seconds 
  Import took 0.160342 seconds .

========================================================================
Received Import Request.
  Time since last request: 16.289745 seconds.
  path: Assets/Scenes/Initial Scene.unity
  artifactKey: Guid(8b6270e23368b8f47bea204f35f06b43) Importer(815301076,1909f56bfc062723c751e8b465ee728b)
Start importing Assets/Scenes/Initial Scene.unity using Guid(8b6270e23368b8f47bea204f35f06b43) Importer(815301076,1909f56bfc062723c751e8b465ee728b)  -> (artifact id: '422a4e3afec33426ea418c01ab0d74e7') in 0.103006 seconds 
  Import took 0.193338 seconds .

========================================================================
Received Import Request.
  Time since last request: 33.555093 seconds.
  path: Assets/_Assets/Fonts/futura_xblkcnit_bt/FuturaExtraBlackCondensedItalicBT SDF.asset
  artifactKey: Guid(6ea9327fd8d609b45bc9e3346621d161) Importer(815301076,1909f56bfc062723c751e8b465ee728b)
Start importing Assets/_Assets/Fonts/futura_xblkcnit_bt/FuturaExtraBlackCondensedItalicBT SDF.asset using Guid(6ea9327fd8d609b45bc9e3346621d161) Importer(815301076,1909f56bfc062723c751e8b465ee728b)  -> (artifact id: 'c63fa012ef90ad6ee74f9938856a8520') in 0.051111 seconds 
  Import took 0.156365 seconds .

========================================================================
Received Prepare
Registering precompiled user dll's ...
Registered in 0.019050 seconds.
Begin MonoManager ReloadAssembly
Native extension for WindowsStandalone target not found
Refreshing native plugins compatible for Editor in 5.25 ms, found 5 plugins.
Preloading 0 native plugins for Editor in 0.00 ms.
GPGSUpgrader start
UnityEngine.StackTraceUtility:ExtractStackTrace ()
UnityEngine.DebugLogHandler:LogFormat (UnityEngine.LogType,UnityEngine.Object,string,object[])
UnityEngine.Logger:Log (UnityEngine.LogType,object)
UnityEngine.Debug:Log (object)
GooglePlayGames.Editor.GPGSUpgrader:.cctor () (at Assets/GooglePlayGames/Editor/GPGSUpgrader.cs:38)
System.Runtime.CompilerServices.RuntimeHelpers:RunClassConstructor (System.RuntimeTypeHandle)
UnityEditor.EditorAssemblies:ProcessInitializeOnLoadAttributes (System.Type[])

(Filename: Assets/GooglePlayGames/Editor/GPGSUpgrader.cs Line: 38)

GPGSUpgrader done
UnityEngine.StackTraceUtility:ExtractStackTrace ()
UnityEngine.DebugLogHandler:LogFormat (UnityEngine.LogType,UnityEngine.Object,string,object[])
UnityEngine.Logger:Log (UnityEngine.LogType,object)
UnityEngine.Debug:Log (object)
GooglePlayGames.Editor.GPGSUpgrader:.cctor () (at Assets/GooglePlayGames/Editor/GPGSUpgrader.cs:105)
System.Runtime.CompilerServices.RuntimeHelpers:RunClassConstructor (System.RuntimeTypeHandle)
UnityEditor.EditorAssemblies:ProcessInitializeOnLoadAttributes (System.Type[])

(Filename: Assets/GooglePlayGames/Editor/GPGSUpgrader.cs Line: 105)

Mono: successfully reloaded assembly
- Completed reload, in  3.595 seconds
Domain Reload Profiling:
	ReloadAssembly (3596ms)
		BeginReloadAssembly (350ms)
			ExecutionOrderSort (0ms)
			DisableScriptedObjects (15ms)
			BackupInstance (0ms)
			ReleaseScriptingObjects (0ms)
			CreateAndSetChildDomain (144ms)
		EndReloadAssembly (3110ms)
			LoadAssemblies (289ms)
			RebuildTransferFunctionScriptingTraits (0ms)
			SetupTypeCache (740ms)
			ReleaseScriptCaches (3ms)
			RebuildScriptCaches (95ms)
			SetupLoadedEditorAssemblies (1653ms)
				LogAssemblyErrors (0ms)
				InitializePlatformSupportModulesInManaged (6ms)
				SetLoadedEditorAssemblies (1ms)
				RefreshPlugins (5ms)
				BeforeProcessingInitializeOnLoad (186ms)
				ProcessInitializeOnLoadAttributes (1348ms)
				ProcessInitializeOnLoadMethodAttributes (96ms)
				AfterProcessingInitializeOnLoad (9ms)
				EditorAssembliesLoaded (1ms)
			ExecutionOrderSort2 (0ms)
			AwakeInstancesAfterBackupRestoration (44ms)
Platform modules already initialized, skipping
Switching build target platform(19) subTarget(0) extendedPlatform(0) -> platform(13) subTarget(537395200) extendedPlatform(0)
Refreshing native plugins compatible for Editor in 6.17 ms, found 5 plugins.
Preloading 0 native plugins for Editor in 0.00 ms.
Unloading 4172 Unused Serialized files (Serialized files now loaded: 0)
System memory in use before: 173.0 MB.
System memory in use after: 173.2 MB.

Unloading 518 unused Assets to reduce memory usage. Loaded Objects now: 4542.
Total: 19.162300 ms (FindLiveObjects: 0.854500 ms CreateObjectMapping: 0.518600 ms MarkObjects: 17.438200 ms  DeleteObjects: 0.348700 ms)

AssetImportParameters requested are different than current active one (requested -> active):
  custom:framework-win-MediaFoundation: 216162199b28c13a410421893ffa2e32 -> 
  custom:video-decoder-ogg-theora: a1e56fd34408186e4bbccfd4996cb3dc -> 
  custom:container-muxer-webm: aa71ff27fc2769a1b78a27578f13a17b -> 
  custom:container-demuxer-webm: 4f35f7cbe854078d1ac9338744f61a02 -> 
  custom:container-demuxer-ogg: 62fdf1f143b41e24485cea50d1cbac27 -> 
  custom:video-encoder-webm-vp8: eb34c28f22e8b96e1ab97ce403110664 -> 
  custom:video-decoder-webm-vp8: 9c59270c3fd7afecdb556c50c9e8de78 -> 
  custom:graphics/normal-map-encoding: 01000000000000000000000000000000 -> 02000000000000000000000000000000
  custom:audio-decoder-ogg-vorbis: bf7c407c2cedff20999df2af8eb42d56 -> 
  custom:audio-encoder-webm-vorbis: bf7c407c2cedff20999df2af8eb42d56 -> 
========================================================================
Received Import Request.
  Time since last request: 86.998822 seconds.
  path: Assets/_Assets/Fonts/futura_xblkcnit_bt/futura_xblkcn_bt/readme.txt
  artifactKey: Guid(e53f0b6accf97e348ae25a24689aa548) Importer(815301076,1909f56bfc062723c751e8b465ee728b)
Start importing Assets/_Assets/Fonts/futura_xblkcnit_bt/futura_xblkcn_bt/readme.txt using Guid(e53f0b6accf97e348ae25a24689aa548) Importer(815301076,1909f56bfc062723c751e8b465ee728b)  -> (artifact id: '40a5bf24b1b2c4d2ab0f8dbf08f3215d') in 0.203760 seconds 
  Import took 0.318401 seconds .

========================================================================
Received Import Request.
  Time since last request: 113.402862 seconds.
  path: Assets/_Assets/Audio/Death Enemy.wav
  artifactKey: Guid(788a57ef9e3d4fa459ed7e7c85ff5603) Importer(815301076,1909f56bfc062723c751e8b465ee728b)
Start importing Assets/_Assets/Audio/Death Enemy.wav using Guid(788a57ef9e3d4fa459ed7e7c85ff5603) Importer(815301076,1909f56bfc062723c751e8b465ee728b)  -> (artifact id: '6e30834feb15f3f868e5c184490f2452') in 0.400156 seconds 
  Import took 0.489651 seconds .

========================================================================
Received Import Request.
  Time since last request: 0.001124 seconds.
  path: Assets/_Assets/Prefabs/Enemies/Enemy Grpahics Parent 3.prefab
  artifactKey: Guid(a7e60a248d37b3f409a4c23ec15ba225) Importer(815301076,1909f56bfc062723c751e8b465ee728b)
Start importing Assets/_Assets/Prefabs/Enemies/Enemy Grpahics Parent 3.prefab using Guid(a7e60a248d37b3f409a4c23ec15ba225) Importer(815301076,1909f56bfc062723c751e8b465ee728b)  -> (artifact id: '2d6972f49651f373fdd9d6e8f7d17db5') in 5.047023 seconds 
  Import took 5.138493 seconds .

========================================================================
Received Prepare
Registering precompiled user dll's ...
Registered in 0.017585 seconds.
Begin MonoManager ReloadAssembly
Native extension for WindowsStandalone target not found
Refreshing native plugins compatible for Editor in 5.99 ms, found 5 plugins.
Preloading 0 native plugins for Editor in 0.00 ms.
GPGSUpgrader start
UnityEngine.StackTraceUtility:ExtractStackTrace ()
UnityEngine.DebugLogHandler:LogFormat (UnityEngine.LogType,UnityEngine.Object,string,object[])
UnityEngine.Logger:Log (UnityEngine.LogType,object)
UnityEngine.Debug:Log (object)
GooglePlayGames.Editor.GPGSUpgrader:.cctor () (at Assets/GooglePlayGames/Editor/GPGSUpgrader.cs:38)
System.Runtime.CompilerServices.RuntimeHelpers:RunClassConstructor (System.RuntimeTypeHandle)
UnityEditor.EditorAssemblies:ProcessInitializeOnLoadAttributes (System.Type[])

(Filename: Assets/GooglePlayGames/Editor/GPGSUpgrader.cs Line: 38)

GPGSUpgrader done
UnityEngine.StackTraceUtility:ExtractStackTrace ()
UnityEngine.DebugLogHandler:LogFormat (UnityEngine.LogType,UnityEngine.Object,string,object[])
UnityEngine.Logger:Log (UnityEngine.LogType,object)
UnityEngine.Debug:Log (object)
GooglePlayGames.Editor.GPGSUpgrader:.cctor () (at Assets/GooglePlayGames/Editor/GPGSUpgrader.cs:105)
System.Runtime.CompilerServices.RuntimeHelpers:RunClassConstructor (System.RuntimeTypeHandle)
UnityEditor.EditorAssemblies:ProcessInitializeOnLoadAttributes (System.Type[])

(Filename: Assets/GooglePlayGames/Editor/GPGSUpgrader.cs Line: 105)

Mono: successfully reloaded assembly
- Completed reload, in  3.546 seconds
Domain Reload Profiling:
	ReloadAssembly (3547ms)
		BeginReloadAssembly (222ms)
			ExecutionOrderSort (0ms)
			DisableScriptedObjects (11ms)
			BackupInstance (0ms)
			ReleaseScriptingObjects (0ms)
			CreateAndSetChildDomain (89ms)
		EndReloadAssembly (3210ms)
			LoadAssemblies (228ms)
			RebuildTransferFunctionScriptingTraits (0ms)
			SetupTypeCache (735ms)
			ReleaseScriptCaches (2ms)
			RebuildScriptCaches (97ms)
			SetupLoadedEditorAssemblies (1752ms)
				LogAssemblyErrors (0ms)
				InitializePlatformSupportModulesInManaged (6ms)
				SetLoadedEditorAssemblies (1ms)
				RefreshPlugins (6ms)
				BeforeProcessingInitializeOnLoad (243ms)
				ProcessInitializeOnLoadAttributes (1396ms)
				ProcessInitializeOnLoadMethodAttributes (92ms)
				AfterProcessingInitializeOnLoad (8ms)
				EditorAssembliesLoaded (1ms)
			ExecutionOrderSort2 (0ms)
			AwakeInstancesAfterBackupRestoration (42ms)
Platform modules already initialized, skipping
Switching build target platform(19) subTarget(0) extendedPlatform(0) -> platform(13) subTarget(537395200) extendedPlatform(0)
Refreshing native plugins compatible for Editor in 7.52 ms, found 5 plugins.
Preloading 0 native plugins for Editor in 0.00 ms.
Unloading 4171 Unused Serialized files (Serialized files now loaded: 0)
System memory in use before: 186.7 MB.
System memory in use after: 186.9 MB.

Unloading 519 unused Assets to reduce memory usage. Loaded Objects now: 4580.
Total: 14.574800 ms (FindLiveObjects: 0.727700 ms CreateObjectMapping: 0.384400 ms MarkObjects: 13.168300 ms  DeleteObjects: 0.292300 ms)

AssetImportParameters requested are different than current active one (requested -> active):
  custom:framework-win-MediaFoundation: 216162199b28c13a410421893ffa2e32 -> 
  custom:video-decoder-ogg-theora: a1e56fd34408186e4bbccfd4996cb3dc -> 
  custom:container-muxer-webm: aa71ff27fc2769a1b78a27578f13a17b -> 
  custom:container-demuxer-webm: 4f35f7cbe854078d1ac9338744f61a02 -> 
  custom:container-demuxer-ogg: 62fdf1f143b41e24485cea50d1cbac27 -> 
  custom:video-encoder-webm-vp8: eb34c28f22e8b96e1ab97ce403110664 -> 
  custom:video-decoder-webm-vp8: 9c59270c3fd7afecdb556c50c9e8de78 -> 
  custom:graphics/normal-map-encoding: 01000000000000000000000000000000 -> 02000000000000000000000000000000
  custom:audio-decoder-ogg-vorbis: bf7c407c2cedff20999df2af8eb42d56 -> 
  custom:audio-encoder-webm-vorbis: bf7c407c2cedff20999df2af8eb42d56 -> 
========================================================================
Received Import Request.
  Time since last request: 24.928038 seconds.
  path: Assets/Scenes/Initial Scene.unity
  artifactKey: Guid(8b6270e23368b8f47bea204f35f06b43) Importer(815301076,1909f56bfc062723c751e8b465ee728b)
Start importing Assets/Scenes/Initial Scene.unity using Guid(8b6270e23368b8f47bea204f35f06b43) Importer(815301076,1909f56bfc062723c751e8b465ee728b)  -> (artifact id: '0f40afeb0314b8710ae8689c95375f21') in 0.032768 seconds 
  Import took 0.140897 seconds .

========================================================================
Received Prepare
Registering precompiled user dll's ...
Registered in 0.017379 seconds.
Begin MonoManager ReloadAssembly
Native extension for WindowsStandalone target not found
Refreshing native plugins compatible for Editor in 5.34 ms, found 5 plugins.
Preloading 0 native plugins for Editor in 0.00 ms.
GPGSUpgrader start
UnityEngine.StackTraceUtility:ExtractStackTrace ()
UnityEngine.DebugLogHandler:LogFormat (UnityEngine.LogType,UnityEngine.Object,string,object[])
UnityEngine.Logger:Log (UnityEngine.LogType,object)
UnityEngine.Debug:Log (object)
GooglePlayGames.Editor.GPGSUpgrader:.cctor () (at Assets/GooglePlayGames/Editor/GPGSUpgrader.cs:38)
System.Runtime.CompilerServices.RuntimeHelpers:RunClassConstructor (System.RuntimeTypeHandle)
UnityEditor.EditorAssemblies:ProcessInitializeOnLoadAttributes (System.Type[])

(Filename: Assets/GooglePlayGames/Editor/GPGSUpgrader.cs Line: 38)

GPGSUpgrader done
UnityEngine.StackTraceUtility:ExtractStackTrace ()
UnityEngine.DebugLogHandler:LogFormat (UnityEngine.LogType,UnityEngine.Object,string,object[])
UnityEngine.Logger:Log (UnityEngine.LogType,object)
UnityEngine.Debug:Log (object)
GooglePlayGames.Editor.GPGSUpgrader:.cctor () (at Assets/GooglePlayGames/Editor/GPGSUpgrader.cs:105)
System.Runtime.CompilerServices.RuntimeHelpers:RunClassConstructor (System.RuntimeTypeHandle)
UnityEditor.EditorAssemblies:ProcessInitializeOnLoadAttributes (System.Type[])

(Filename: Assets/GooglePlayGames/Editor/GPGSUpgrader.cs Line: 105)

Mono: successfully reloaded assembly
- Completed reload, in  3.571 seconds
Domain Reload Profiling:
	ReloadAssembly (3572ms)
		BeginReloadAssembly (240ms)
			ExecutionOrderSort (0ms)
			DisableScriptedObjects (10ms)
			BackupInstance (0ms)
			ReleaseScriptingObjects (0ms)
			CreateAndSetChildDomain (94ms)
		EndReloadAssembly (3206ms)
			LoadAssemblies (224ms)
			RebuildTransferFunctionScriptingTraits (0ms)
			SetupTypeCache (735ms)
			ReleaseScriptCaches (3ms)
			RebuildScriptCaches (91ms)
			SetupLoadedEditorAssemblies (1705ms)
				LogAssemblyErrors (0ms)
				InitializePlatformSupportModulesInManaged (6ms)
				SetLoadedEditorAssemblies (1ms)
				RefreshPlugins (5ms)
				BeforeProcessingInitializeOnLoad (222ms)
				ProcessInitializeOnLoadAttributes (1376ms)
				ProcessInitializeOnLoadMethodAttributes (86ms)
				AfterProcessingInitializeOnLoad (8ms)
				EditorAssembliesLoaded (1ms)
			ExecutionOrderSort2 (0ms)
			AwakeInstancesAfterBackupRestoration (43ms)
Platform modules already initialized, skipping
Switching build target platform(19) subTarget(0) extendedPlatform(0) -> platform(13) subTarget(537395200) extendedPlatform(0)
Refreshing native plugins compatible for Editor in 6.70 ms, found 5 plugins.
Preloading 0 native plugins for Editor in 0.00 ms.
Unloading 4171 Unused Serialized files (Serialized files now loaded: 0)
System memory in use before: 186.7 MB.
System memory in use after: 186.9 MB.

Unloading 518 unused Assets to reduce memory usage. Loaded Objects now: 4582.
Total: 18.904700 ms (FindLiveObjects: 0.778600 ms CreateObjectMapping: 0.553400 ms MarkObjects: 17.208600 ms  DeleteObjects: 0.361800 ms)

AssetImportParameters requested are different than current active one (requested -> active):
  custom:framework-win-MediaFoundation: 216162199b28c13a410421893ffa2e32 -> 
  custom:video-decoder-ogg-theora: a1e56fd34408186e4bbccfd4996cb3dc -> 
  custom:container-muxer-webm: aa71ff27fc2769a1b78a27578f13a17b -> 
  custom:container-demuxer-webm: 4f35f7cbe854078d1ac9338744f61a02 -> 
  custom:container-demuxer-ogg: 62fdf1f143b41e24485cea50d1cbac27 -> 
  custom:video-encoder-webm-vp8: eb34c28f22e8b96e1ab97ce403110664 -> 
  custom:video-decoder-webm-vp8: 9c59270c3fd7afecdb556c50c9e8de78 -> 
  custom:graphics/normal-map-encoding: 01000000000000000000000000000000 -> 02000000000000000000000000000000
  custom:audio-decoder-ogg-vorbis: bf7c407c2cedff20999df2af8eb42d56 -> 
  custom:audio-encoder-webm-vorbis: bf7c407c2cedff20999df2af8eb42d56 -> 
========================================================================
Received Import Request.
  Time since last request: 103.850169 seconds.
  path: Assets/_Assets/Scriptable Objects/PlayerData/Player Data.asset
  artifactKey: Guid(e8274db418ab89f42b503eac970bd4b3) Importer(815301076,1909f56bfc062723c751e8b465ee728b)
Start importing Assets/_Assets/Scriptable Objects/PlayerData/Player Data.asset using Guid(e8274db418ab89f42b503eac970bd4b3) Importer(815301076,1909f56bfc062723c751e8b465ee728b)  -> (artifact id: 'b37ffab736a96cc98ad7796e3b833dc1') in 0.377950 seconds 
  Import took 0.406886 seconds .

========================================================================
Received Import Request.
  Time since last request: 13.579922 seconds.
  path: Assets/_Assets/Scriptable Objects/Level Data/Level 2.asset
  artifactKey: Guid(d12d917bac7aa18448ca91c1d705f932) Importer(815301076,1909f56bfc062723c751e8b465ee728b)
Start importing Assets/_Assets/Scriptable Objects/Level Data/Level 2.asset using Guid(d12d917bac7aa18448ca91c1d705f932) Importer(815301076,1909f56bfc062723c751e8b465ee728b)  -> (artifact id: 'bf556c61de32ef0795c85fc0ada72f6e') in 1.308834 seconds 
  Import took 1.376209 seconds .

========================================================================
Received Import Request.
  Time since last request: 0.000994 seconds.
  path: Assets/_Assets/Scriptable Objects/Level Data/Level 11.asset
  artifactKey: Guid(c4e06d3d6e9fc86449f0b72a1dc7e4cc) Importer(815301076,1909f56bfc062723c751e8b465ee728b)
Start importing Assets/_Assets/Scriptable Objects/Level Data/Level 11.asset using Guid(c4e06d3d6e9fc86449f0b72a1dc7e4cc) Importer(815301076,1909f56bfc062723c751e8b465ee728b)  -> (artifact id: '9c1bcf3227971043e7d8a43f87912e66') in 0.367467 seconds 
  Import took 0.400025 seconds .

========================================================================
Received Import Request.
  Time since last request: 0.000946 seconds.
  path: Assets/_Assets/Scriptable Objects/Level Data/Level 10.asset
  artifactKey: Guid(028587fa15e5cbe408ff47fa8bfb5505) Importer(815301076,1909f56bfc062723c751e8b465ee728b)
Start importing Assets/_Assets/Scriptable Objects/Level Data/Level 10.asset using Guid(028587fa15e5cbe408ff47fa8bfb5505) Importer(815301076,1909f56bfc062723c751e8b465ee728b)  -> (artifact id: '10becfbc8aafb6869f8ebc1bf6e0cac0') in 0.361813 seconds 
  Import took 0.395006 seconds .

========================================================================
Received Import Request.
  Time since last request: 0.000942 seconds.
  path: Assets/_Assets/Scriptable Objects/Level Data/Level 6.asset
  artifactKey: Guid(033b34c58bd0fae449cf1c963f5f9851) Importer(815301076,1909f56bfc062723c751e8b465ee728b)
Start importing Assets/_Assets/Scriptable Objects/Level Data/Level 6.asset using Guid(033b34c58bd0fae449cf1c963f5f9851) Importer(815301076,1909f56bfc062723c751e8b465ee728b)  -> (artifact id: '1f4e498cb8271c745ead5575d2fd63b7') in 0.236150 seconds 
  Import took 0.297678 seconds .

========================================================================
Received Import Request.
  Time since last request: 0.001239 seconds.
  path: Assets/_Assets/Scriptable Objects/Level Data/Level 14.asset
  artifactKey: Guid(aa5a125db9e7a5b4a9b103e621365e7e) Importer(815301076,1909f56bfc062723c751e8b465ee728b)
Start importing Assets/_Assets/Scriptable Objects/Level Data/Level 14.asset using Guid(aa5a125db9e7a5b4a9b103e621365e7e) Importer(815301076,1909f56bfc062723c751e8b465ee728b)  -> (artifact id: 'bd71153c046c2ad3df92a42de94ead31') in 0.295563 seconds 
  Import took 0.334015 seconds .

========================================================================
Received Import Request.
  Time since last request: 0.000590 seconds.
  path: Assets/_Assets/Scriptable Objects/Level Data/Level 17.asset
  artifactKey: Guid(4dfea828c5b64a34fa8d2c76494d73b7) Importer(815301076,1909f56bfc062723c751e8b465ee728b)
Start importing Assets/_Assets/Scriptable Objects/Level Data/Level 17.asset using Guid(4dfea828c5b64a34fa8d2c76494d73b7) Importer(815301076,1909f56bfc062723c751e8b465ee728b)  -> (artifact id: '87f76ed94236e61f598360665e6cbec0') in 0.319985 seconds 
  Import took 0.367874 seconds .

========================================================================
Received Import Request.
  Time since last request: 0.001016 seconds.
  path: Assets/_Assets/Scriptable Objects/Level Data/Level 19.asset
  artifactKey: Guid(85fa8d42f6216124199d33b7608efe2e) Importer(815301076,1909f56bfc062723c751e8b465ee728b)
Start importing Assets/_Assets/Scriptable Objects/Level Data/Level 19.asset using Guid(85fa8d42f6216124199d33b7608efe2e) Importer(815301076,1909f56bfc062723c751e8b465ee728b)  -> (artifact id: '6d13c62354effcf05533e3d89b30c286') in 0.349861 seconds 
  Import took 0.439878 seconds .

========================================================================
Received Import Request.
  Time since last request: 0.000927 seconds.
  path: Assets/_Assets/Scriptable Objects/Level Data/Level 15.asset
  artifactKey: Guid(4e4a743a6abcf644c930a5c1af675734) Importer(815301076,1909f56bfc062723c751e8b465ee728b)
Start importing Assets/_Assets/Scriptable Objects/Level Data/Level 15.asset using Guid(4e4a743a6abcf644c930a5c1af675734) Importer(815301076,1909f56bfc062723c751e8b465ee728b)  -> (artifact id: '75ab9c6d9384bf468747d5f26b6f0336') in 0.179209 seconds 
  Import took 0.245675 seconds .

========================================================================
Received Import Request.
  Time since last request: 0.000928 seconds.
  path: Assets/_Assets/Scriptable Objects/Level Data/Level 21.asset
  artifactKey: Guid(69d5b1702fb7fbf43a5b72a88201bfb3) Importer(815301076,1909f56bfc062723c751e8b465ee728b)
Start importing Assets/_Assets/Scriptable Objects/Level Data/Level 21.asset using Guid(69d5b1702fb7fbf43a5b72a88201bfb3) Importer(815301076,1909f56bfc062723c751e8b465ee728b)  -> (artifact id: '791b8e108f2f500429ee3822978d6b3c') in 0.230708 seconds 
  Import took 0.292896 seconds .

========================================================================
Received Import Request.
  Time since last request: 0.000833 seconds.
  path: Assets/_Assets/Scriptable Objects/Level Data/Level 3.asset
  artifactKey: Guid(6c1a7b17cb8a74343bbb50408af0efb8) Importer(815301076,1909f56bfc062723c751e8b465ee728b)
Start importing Assets/_Assets/Scriptable Objects/Level Data/Level 3.asset using Guid(6c1a7b17cb8a74343bbb50408af0efb8) Importer(815301076,1909f56bfc062723c751e8b465ee728b)  -> (artifact id: '3b6ae371941986a8177675b83c88d411') in 0.264053 seconds 
  Import took 0.331781 seconds .

========================================================================
Received Import Request.
  Time since last request: 0.000902 seconds.
  path: Assets/_Assets/Scriptable Objects/Level Data/Level 20.asset
  artifactKey: Guid(eaecef2dfc0de904ca45809c438249f3) Importer(815301076,1909f56bfc062723c751e8b465ee728b)
Start importing Assets/_Assets/Scriptable Objects/Level Data/Level 20.asset using Guid(eaecef2dfc0de904ca45809c438249f3) Importer(815301076,1909f56bfc062723c751e8b465ee728b)  -> (artifact id: '959ecb70a635ea52ccddb42bf4c134ef') in 0.308258 seconds 
  Import took 0.378736 seconds .

========================================================================
Received Import Request.
  Time since last request: 0.001125 seconds.
  path: Assets/_Assets/Scriptable Objects/Level Data/Level 5.asset
  artifactKey: Guid(44d5f59e5ad39b747be1b4997f451a56) Importer(815301076,1909f56bfc062723c751e8b465ee728b)
Start importing Assets/_Assets/Scriptable Objects/Level Data/Level 5.asset using Guid(44d5f59e5ad39b747be1b4997f451a56) Importer(815301076,1909f56bfc062723c751e8b465ee728b)  -> (artifact id: 'c27dabec1cdf18007667328f8355cd44') in 0.236159 seconds 
  Import took 0.275594 seconds .

========================================================================
Received Import Request.
  Time since last request: 0.001043 seconds.
  path: Assets/_Assets/Scriptable Objects/Level Data/Level 9.asset
  artifactKey: Guid(8c6a47b9b0189564692184acd915fb24) Importer(815301076,1909f56bfc062723c751e8b465ee728b)
Start importing Assets/_Assets/Scriptable Objects/Level Data/Level 9.asset using Guid(8c6a47b9b0189564692184acd915fb24) Importer(815301076,1909f56bfc062723c751e8b465ee728b)  -> (artifact id: 'f0727f095ab37bba9c38e5817d432683') in 0.330277 seconds 
  Import took 0.388628 seconds .

========================================================================
Received Import Request.
  Time since last request: 0.001017 seconds.
  path: Assets/_Assets/Scriptable Objects/Level Data/Level 18.asset
  artifactKey: Guid(9fcd92cd0b910ad4eac497687cea356f) Importer(815301076,1909f56bfc062723c751e8b465ee728b)
Start importing Assets/_Assets/Scriptable Objects/Level Data/Level 18.asset using Guid(9fcd92cd0b910ad4eac497687cea356f) Importer(815301076,1909f56bfc062723c751e8b465ee728b)  -> (artifact id: 'a5b1c38595bc1193a8303512fd49e5c4') in 0.168333 seconds 
  Import took 0.250943 seconds .

========================================================================
Received Import Request.
  Time since last request: 0.000894 seconds.
  path: Assets/_Assets/Scriptable Objects/Level Data/Level 4.asset
  artifactKey: Guid(88396ca6241481043824b4616ead8163) Importer(815301076,1909f56bfc062723c751e8b465ee728b)
Start importing Assets/_Assets/Scriptable Objects/Level Data/Level 4.asset using Guid(88396ca6241481043824b4616ead8163) Importer(815301076,1909f56bfc062723c751e8b465ee728b)  -> (artifact id: 'b7b304518f7ee313230d3a463883d8fc') in 0.189456 seconds 
  Import took 0.233163 seconds .

========================================================================
Received Import Request.
  Time since last request: 0.000537 seconds.
  path: Assets/_Assets/Scriptable Objects/Level Data/Level 12.asset
  artifactKey: Guid(2ff6587ada0efd64fa98e54369ffab7f) Importer(815301076,1909f56bfc062723c751e8b465ee728b)
Start importing Assets/_Assets/Scriptable Objects/Level Data/Level 12.asset using Guid(2ff6587ada0efd64fa98e54369ffab7f) Importer(815301076,1909f56bfc062723c751e8b465ee728b)  -> (artifact id: '5553ab0a45999601b848e36405a0de9a') in 0.139352 seconds 
  Import took 0.178004 seconds .

========================================================================
Received Import Request.
  Time since last request: 0.000688 seconds.
  path: Assets/_Assets/Scriptable Objects/Level Data/Level 7.asset
  artifactKey: Guid(3be545d6dfb5ea647a84a7e725913b9c) Importer(815301076,1909f56bfc062723c751e8b465ee728b)
Start importing Assets/_Assets/Scriptable Objects/Level Data/Level 7.asset using Guid(3be545d6dfb5ea647a84a7e725913b9c) Importer(815301076,1909f56bfc062723c751e8b465ee728b)  -> (artifact id: 'a2fb3157ab91c4097b2ed3b72d93bb32') in 0.103435 seconds 
  Import took 0.148458 seconds .

========================================================================
Received Prepare
Refreshing native plugins compatible for Editor in 195.53 ms, found 5 plugins.
Preloading 0 native plugins for Editor in 0.00 ms.
Unloading 377 Unused Serialized files (Serialized files now loaded: 0)
System memory in use before: 113.8 MB.
System memory in use after: 114.0 MB.

Unloading 377 unused Assets to reduce memory usage. Loaded Objects now: 4582.
Total: 24.503400 ms (FindLiveObjects: 1.074600 ms CreateObjectMapping: 0.493600 ms MarkObjects: 22.678100 ms  DeleteObjects: 0.255100 ms)

AssetImportParameters requested are different than current active one (requested -> active):
  custom:framework-win-MediaFoundation: 216162199b28c13a410421893ffa2e32 -> 
  custom:video-decoder-ogg-theora: a1e56fd34408186e4bbccfd4996cb3dc -> 
  custom:container-muxer-webm: aa71ff27fc2769a1b78a27578f13a17b -> 
  custom:container-demuxer-webm: 4f35f7cbe854078d1ac9338744f61a02 -> 
  custom:container-demuxer-ogg: 62fdf1f143b41e24485cea50d1cbac27 -> 
  custom:video-encoder-webm-vp8: eb34c28f22e8b96e1ab97ce403110664 -> 
  custom:video-decoder-webm-vp8: 9c59270c3fd7afecdb556c50c9e8de78 -> 
  custom:audio-decoder-ogg-vorbis: bf7c407c2cedff20999df2af8eb42d56 -> 
  custom:audio-encoder-webm-vorbis: bf7c407c2cedff20999df2af8eb42d56 -> 
