Using pre-set license
Built from '2020.3/staging' branch; Version is '2020.3.23f1 (c5d91304a876) revision 12966163'; Using compiler version '192528614'; Build Type 'Release'
OS: 'Windows 10 Home Single Language; OS build 22000.346; Version 2009; 64bit' Language: 'en' Physical Memory: 8070 MB
BatchMode: 1, IsHumanControllingUs: 0, StartBugReporterOnCrash: 0, Is64bit: 1, IsPro: 0

COMMAND LINE ARGUMENTS:
C:\Program Files\Unity\Hub\Editor\2020.3.23f1\Editor\Unity.exe
-adb2
-batchMode
-noUpm
-name
AssetImportWorker1
-projectPath
G:/Unity Games Projects/Git Repos/Ink-Shield-Clone/Sheild Master
-logFile
Logs/AssetImportWorker1.log
-srvPort
59322
Successfully changed project path to: G:/Unity Games Projects/Git Repos/Ink-Shield-Clone/Sheild Master
G:/Unity Games Projects/Git Repos/Ink-Shield-Clone/Sheild Master
Using Asset Import Pipeline V2.
Refreshing native plugins compatible for Editor in 363.33 ms, found 2 plugins.
Preloading 0 native plugins for Editor in 0.00 ms.
Initialize engine version: 2020.3.23f1 (c5d91304a876)
[Subsystems] Discovering subsystems at path C:/Program Files/Unity/Hub/Editor/2020.3.23f1/Editor/Data/Resources/UnitySubsystems
[Subsystems] Discovering subsystems at path G:/Unity Games Projects/Git Repos/Ink-Shield-Clone/Sheild Master/Assets
GfxDevice: creating device client; threaded=0
Direct3D:
    Version:  Direct3D 11.0 [level 11.1]
    Renderer: Intel(R) UHD Graphics 620 (ID=0x3ea0)
    Vendor:   
    VRAM:     4035 MB
    Driver:   30.0.100.9976
Initialize mono
Mono path[0] = 'C:/Program Files/Unity/Hub/Editor/2020.3.23f1/Editor/Data/Managed'
Mono path[1] = 'C:/Program Files/Unity/Hub/Editor/2020.3.23f1/Editor/Data/MonoBleedingEdge/lib/mono/unityjit'
Mono config path = 'C:/Program Files/Unity/Hub/Editor/2020.3.23f1/Editor/Data/MonoBleedingEdge/etc'
Using monoOptions --debugger-agent=transport=dt_socket,embedding=1,server=y,suspend=n,address=127.0.0.1:56868
Begin MonoManager ReloadAssembly
Registering precompiled unity dll's ...
Register platform support module: C:/Program Files/Unity/Hub/Editor/2020.3.23f1/Editor/Data/PlaybackEngines/WindowsStandaloneSupport/UnityEditor.WindowsStandalone.Extensions.dll
Registered in 0.002569 seconds.
Native extension for WindowsStandalone target not found
Refreshing native plugins compatible for Editor in 166.34 ms, found 2 plugins.
Preloading 0 native plugins for Editor in 0.00 ms.
Mono: successfully reloaded assembly
- Completed reload, in  1.602 seconds
Domain Reload Profiling:
	ReloadAssembly (1602ms)
		BeginReloadAssembly (130ms)
			ExecutionOrderSort (0ms)
			DisableScriptedObjects (0ms)
			BackupInstance (0ms)
			ReleaseScriptingObjects (0ms)
			CreateAndSetChildDomain (1ms)
		EndReloadAssembly (1297ms)
			LoadAssemblies (126ms)
			RebuildTransferFunctionScriptingTraits (0ms)
			SetupTypeCache (404ms)
			ReleaseScriptCaches (0ms)
			RebuildScriptCaches (95ms)
			SetupLoadedEditorAssemblies (441ms)
				LogAssemblyErrors (0ms)
				InitializePlatformSupportModulesInManaged (13ms)
				SetLoadedEditorAssemblies (1ms)
				RefreshPlugins (166ms)
				BeforeProcessingInitializeOnLoad (26ms)
				ProcessInitializeOnLoadAttributes (185ms)
				ProcessInitializeOnLoadMethodAttributes (50ms)
				AfterProcessingInitializeOnLoad (0ms)
				EditorAssembliesLoaded (0ms)
			ExecutionOrderSort2 (0ms)
			AwakeInstancesAfterBackupRestoration (0ms)
Platform modules already initialized, skipping
Registering precompiled user dll's ...
Registered in 0.010251 seconds.
Begin MonoManager ReloadAssembly
Native extension for WindowsStandalone target not found
Refreshing native plugins compatible for Editor in 215.26 ms, found 2 plugins.
Preloading 0 native plugins for Editor in 0.00 ms.
Mono: successfully reloaded assembly
- Completed reload, in  4.876 seconds
Domain Reload Profiling:
	ReloadAssembly (4877ms)
		BeginReloadAssembly (297ms)
			ExecutionOrderSort (0ms)
			DisableScriptedObjects (12ms)
			BackupInstance (0ms)
			ReleaseScriptingObjects (0ms)
			CreateAndSetChildDomain (42ms)
		EndReloadAssembly (4403ms)
			LoadAssemblies (290ms)
			RebuildTransferFunctionScriptingTraits (0ms)
			SetupTypeCache (1010ms)
			ReleaseScriptCaches (1ms)
			RebuildScriptCaches (104ms)
			SetupLoadedEditorAssemblies (2602ms)
				LogAssemblyErrors (0ms)
				InitializePlatformSupportModulesInManaged (9ms)
				SetLoadedEditorAssemblies (1ms)
				RefreshPlugins (215ms)
				BeforeProcessingInitializeOnLoad (186ms)
				ProcessInitializeOnLoadAttributes (2169ms)
				ProcessInitializeOnLoadMethodAttributes (14ms)
				AfterProcessingInitializeOnLoad (8ms)
				EditorAssembliesLoaded (0ms)
			ExecutionOrderSort2 (0ms)
			AwakeInstancesAfterBackupRestoration (12ms)
Platform modules already initialized, skipping
========================================================================
Worker process is ready to serve import requests
Launched and connected shader compiler UnityShaderCompiler.exe after 0.19 seconds
Refreshing native plugins compatible for Editor in 3.06 ms, found 2 plugins.
Preloading 0 native plugins for Editor in 0.00 ms.
Unloading 3803 Unused Serialized files (Serialized files now loaded: 0)
System memory in use before: 161.8 MB.
System memory in use after: 162.0 MB.

Unloading 207 unused Assets to reduce memory usage. Loaded Objects now: 4067.
Total: 10.067500 ms (FindLiveObjects: 0.660900 ms CreateObjectMapping: 0.356900 ms MarkObjects: 8.807300 ms  DeleteObjects: 0.240100 ms)

AssetImportParameters requested are different than current active one (requested -> active):
  custom:framework-win-MediaFoundation: 216162199b28c13a410421893ffa2e32 -> 
  custom:video-decoder-ogg-theora: a1e56fd34408186e4bbccfd4996cb3dc -> 
  custom:container-muxer-webm: aa71ff27fc2769a1b78a27578f13a17b -> 
  custom:container-demuxer-webm: 4f35f7cbe854078d1ac9338744f61a02 -> 
  custom:container-demuxer-ogg: 62fdf1f143b41e24485cea50d1cbac27 -> 
  custom:video-encoder-webm-vp8: eb34c28f22e8b96e1ab97ce403110664 -> 
  custom:video-decoder-webm-vp8: 9c59270c3fd7afecdb556c50c9e8de78 -> 
  custom:audio-decoder-ogg-vorbis: bf7c407c2cedff20999df2af8eb42d56 -> 
  custom:audio-encoder-webm-vorbis: bf7c407c2cedff20999df2af8eb42d56 -> 
========================================================================
Received Import Request.
  path: Assets/_Assets/FBX/Items/Props/SHIELD MASTER/building 2/building.fbx
  artifactKey: Guid(7b1f49bf4762067479a4c765bb1f806b) Importer(815301076,1909f56bfc062723c751e8b465ee728b)
Start importing Assets/_Assets/FBX/Items/Props/SHIELD MASTER/building 2/building.fbx using Guid(7b1f49bf4762067479a4c765bb1f806b) Importer(815301076,1909f56bfc062723c751e8b465ee728b)  -> (artifact id: '8971f5ab0f3e743b8288284ec6301ef2') in 1.016453 seconds 
  Import took 1.155088 seconds .

========================================================================
Received Import Request.
  Time since last request: 8.057397 seconds.
  path: Assets/_Assets/FBX/Items/Props/SHIELD MASTER/building 1/BUILDING.fbx
  artifactKey: Guid(fead9f9d5cb44b84eb59d8f50b5ac9f3) Importer(815301076,1909f56bfc062723c751e8b465ee728b)
Start importing Assets/_Assets/FBX/Items/Props/SHIELD MASTER/building 1/BUILDING.fbx using Guid(fead9f9d5cb44b84eb59d8f50b5ac9f3) Importer(815301076,1909f56bfc062723c751e8b465ee728b)  -> (artifact id: 'defd13cfb2d0048fa90572d069fb0550') in 0.113495 seconds 
  Import took 0.187513 seconds .

========================================================================
Received Import Request.
  Time since last request: 12.283278 seconds.
  path: Assets/_Assets/FBX/Items/Props/SHIELD MASTER/building 3/building.fbx
  artifactKey: Guid(5074081109ab714418d0386ce52e8b70) Importer(815301076,1909f56bfc062723c751e8b465ee728b)
Start importing Assets/_Assets/FBX/Items/Props/SHIELD MASTER/building 3/building.fbx using Guid(5074081109ab714418d0386ce52e8b70) Importer(815301076,1909f56bfc062723c751e8b465ee728b)  -> (artifact id: '2a802c7f4196a150bbe0d43512a2e6ba') in 0.076666 seconds 
  Import took 0.145770 seconds .

========================================================================
Received Import Request.
  Time since last request: 56.035336 seconds.
  path: Assets/_Assets/FBX/Items/Props/building 2/building.fbx
  artifactKey: Guid(034d6e42afa6d0c4c83e02cae8ecb8ff) Importer(815301076,1909f56bfc062723c751e8b465ee728b)
Start importing Assets/_Assets/FBX/Items/Props/building 2/building.fbx using Guid(034d6e42afa6d0c4c83e02cae8ecb8ff) Importer(815301076,1909f56bfc062723c751e8b465ee728b)  -> (artifact id: '0e4ae253a08199277179358374ead9ea') in 0.253180 seconds 
  Import took 0.419397 seconds .

========================================================================
Received Import Request.
  Time since last request: 11.805291 seconds.
  path: Assets/_Assets/FBX/Items/Props/SHIELD MASTER/building 3/building.fbx
  artifactKey: Guid(5074081109ab714418d0386ce52e8b70) Importer(815301076,1909f56bfc062723c751e8b465ee728b)
Start importing Assets/_Assets/FBX/Items/Props/SHIELD MASTER/building 3/building.fbx using Guid(5074081109ab714418d0386ce52e8b70) Importer(815301076,1909f56bfc062723c751e8b465ee728b)  -> (artifact id: 'ca837eadd8d7830212c3ff26370212f2') in 0.048589 seconds 
  Import took 0.172464 seconds .

========================================================================
Received Import Request.
  Time since last request: 7.668952 seconds.
  path: Assets/_Assets/FBX/Items/Props/SHIELD MASTER/building 3/building.fbx
  artifactKey: Guid(5074081109ab714418d0386ce52e8b70) Importer(815301076,1909f56bfc062723c751e8b465ee728b)
Start importing Assets/_Assets/FBX/Items/Props/SHIELD MASTER/building 3/building.fbx using Guid(5074081109ab714418d0386ce52e8b70) Importer(815301076,1909f56bfc062723c751e8b465ee728b)  -> (artifact id: '8aca35f4ea0cda980a3f2d59e0e16955') in 0.084938 seconds 
  Import took 0.115171 seconds .

========================================================================
Received Import Request.
  Time since last request: 11.917077 seconds.
  path: Assets/_Assets/FBX/Items/Props/SHIELD MASTER/building 3/building.fbx
  artifactKey: Guid(5074081109ab714418d0386ce52e8b70) Importer(815301076,1909f56bfc062723c751e8b465ee728b)
Start importing Assets/_Assets/FBX/Items/Props/SHIELD MASTER/building 3/building.fbx using Guid(5074081109ab714418d0386ce52e8b70) Importer(815301076,1909f56bfc062723c751e8b465ee728b)  -> (artifact id: 'b01da9424597888e7aab3e07cec84637') in 0.092980 seconds 
  Import took 0.295880 seconds .

========================================================================
Received Import Request.
  Time since last request: 7.436409 seconds.
  path: Assets/_Assets/FBX/Items/Props/SHIELD MASTER/building 3/building.fbx
  artifactKey: Guid(5074081109ab714418d0386ce52e8b70) Importer(815301076,1909f56bfc062723c751e8b465ee728b)
Start importing Assets/_Assets/FBX/Items/Props/SHIELD MASTER/building 3/building.fbx using Guid(5074081109ab714418d0386ce52e8b70) Importer(815301076,1909f56bfc062723c751e8b465ee728b)  -> (artifact id: '341f02c1d566d73987f309a075b538ad') in 0.067366 seconds 
  Import took 0.160167 seconds .

========================================================================
Received Import Request.
  Time since last request: 24.123327 seconds.
  path: Assets/_Assets/FBX/Items/Props/building 2/building.fbx
  artifactKey: Guid(034d6e42afa6d0c4c83e02cae8ecb8ff) Importer(815301076,1909f56bfc062723c751e8b465ee728b)
Start importing Assets/_Assets/FBX/Items/Props/building 2/building.fbx using Guid(034d6e42afa6d0c4c83e02cae8ecb8ff) Importer(815301076,1909f56bfc062723c751e8b465ee728b)  -> (artifact id: '2284cd776e83d24d7d1291361ccb6bf0') in 0.222590 seconds 
  Import took 0.316322 seconds .

========================================================================
Received Import Request.
  Time since last request: 5.045073 seconds.
  path: Assets/_Assets/FBX/Items/Props/building 2/building.fbx
  artifactKey: Guid(034d6e42afa6d0c4c83e02cae8ecb8ff) Importer(815301076,1909f56bfc062723c751e8b465ee728b)
Start importing Assets/_Assets/FBX/Items/Props/building 2/building.fbx using Guid(034d6e42afa6d0c4c83e02cae8ecb8ff) Importer(815301076,1909f56bfc062723c751e8b465ee728b)  -> (artifact id: 'feb04456388c4079c29f34435d015e35') in 0.253021 seconds 
  Import took 0.267573 seconds .

========================================================================
Received Import Request.
  Time since last request: 36.463183 seconds.
  path: Assets/_Assets/FBX/Items/Props/building 2/building.fbx
  artifactKey: Guid(034d6e42afa6d0c4c83e02cae8ecb8ff) Importer(815301076,1909f56bfc062723c751e8b465ee728b)
Start importing Assets/_Assets/FBX/Items/Props/building 2/building.fbx using Guid(034d6e42afa6d0c4c83e02cae8ecb8ff) Importer(815301076,1909f56bfc062723c751e8b465ee728b)  -> (artifact id: '89748570fdae395392a29d27589fed1f') in 0.227981 seconds 
  Import took 0.240331 seconds .

========================================================================
Received Import Request.
  Time since last request: 13.654448 seconds.
  path: Assets/_Assets/FBX/Items/Props/building 2/building.fbx
  artifactKey: Guid(034d6e42afa6d0c4c83e02cae8ecb8ff) Importer(815301076,1909f56bfc062723c751e8b465ee728b)
Start importing Assets/_Assets/FBX/Items/Props/building 2/building.fbx using Guid(034d6e42afa6d0c4c83e02cae8ecb8ff) Importer(815301076,1909f56bfc062723c751e8b465ee728b)  -> (artifact id: '67513864d8a7ccb7fb99a90cd7a2f684') in 0.207925 seconds 
  Import took 0.285410 seconds .

========================================================================
Received Import Request.
  Time since last request: 30.443736 seconds.
  path: Assets/_Assets/FBX/Items/Props/SHIELD MASTER/building 3/building.fbx
  artifactKey: Guid(5074081109ab714418d0386ce52e8b70) Importer(815301076,1909f56bfc062723c751e8b465ee728b)
Start importing Assets/_Assets/FBX/Items/Props/SHIELD MASTER/building 3/building.fbx using Guid(5074081109ab714418d0386ce52e8b70) Importer(815301076,1909f56bfc062723c751e8b465ee728b)  -> (artifact id: '49ced9e5d61f3a6b19d9c98240a99795') in 0.076804 seconds 
  Import took 0.092553 seconds .

========================================================================
Received Import Request.
  Time since last request: 50.841709 seconds.
  path: Assets/_Assets/FBX/Items/Props/SHIELD MASTER/building 3/building.fbx
  artifactKey: Guid(5074081109ab714418d0386ce52e8b70) Importer(815301076,1909f56bfc062723c751e8b465ee728b)
Start importing Assets/_Assets/FBX/Items/Props/SHIELD MASTER/building 3/building.fbx using Guid(5074081109ab714418d0386ce52e8b70) Importer(815301076,1909f56bfc062723c751e8b465ee728b)  -> (artifact id: '5765018eb14f2d220b963e1d09338f12') in 0.062143 seconds 
  Import took 0.142260 seconds .

========================================================================
Received Import Request.
  Time since last request: 9.980657 seconds.
  path: Assets/_Assets/FBX/Items/Props/SHIELD MASTER/building 3/building.fbx
  artifactKey: Guid(5074081109ab714418d0386ce52e8b70) Importer(815301076,1909f56bfc062723c751e8b465ee728b)
Start importing Assets/_Assets/FBX/Items/Props/SHIELD MASTER/building 3/building.fbx using Guid(5074081109ab714418d0386ce52e8b70) Importer(815301076,1909f56bfc062723c751e8b465ee728b)  -> (artifact id: 'eb0af821385761f474380b9ed156343b') in 0.064351 seconds 
  Import took 0.134838 seconds .

========================================================================
Received Import Request.
  Time since last request: 52.272902 seconds.
  path: Assets/_Assets/FBX/Items/Props/SHIELD MASTER/building 3/building.fbx
  artifactKey: Guid(5074081109ab714418d0386ce52e8b70) Importer(815301076,1909f56bfc062723c751e8b465ee728b)
Start importing Assets/_Assets/FBX/Items/Props/SHIELD MASTER/building 3/building.fbx using Guid(5074081109ab714418d0386ce52e8b70) Importer(815301076,1909f56bfc062723c751e8b465ee728b)  -> (artifact id: '7cfda63b24a3bacdbe544e5d291dd882') in 0.077849 seconds 
  Import took 0.251906 seconds .

========================================================================
Received Import Request.
  Time since last request: 283.650149 seconds.
  path: Assets/_Assets/FBX/Items/Props/SHIELD MASTER/building 3/textures/building_building _Normal.png
  artifactKey: Guid(43fc7a9d585881e4b983b0fc2d284618) Importer(815301076,1909f56bfc062723c751e8b465ee728b)
Start importing Assets/_Assets/FBX/Items/Props/SHIELD MASTER/building 3/textures/building_building _Normal.png using Guid(43fc7a9d585881e4b983b0fc2d284618) Importer(815301076,1909f56bfc062723c751e8b465ee728b)  -> (artifact id: '6cab54ec865880d1c78c1ff74938306d') in 0.115107 seconds 
  Import took 0.185788 seconds .

========================================================================
Received Import Request.
  Time since last request: 128.223293 seconds.
  path: Assets/_Assets/Prefabs/Items/pf_Building 3.prefab
  artifactKey: Guid(4797c390ef8e9a84a8157ff9b97fce1f) Importer(815301076,1909f56bfc062723c751e8b465ee728b)
Start importing Assets/_Assets/Prefabs/Items/pf_Building 3.prefab using Guid(4797c390ef8e9a84a8157ff9b97fce1f) Importer(815301076,1909f56bfc062723c751e8b465ee728b)  -> (artifact id: 'a817788bf36b4195bedffae84f223efd') in 0.113120 seconds 
  Import took 0.170808 seconds .

========================================================================
Received Import Request.
  Time since last request: 7.916067 seconds.
  path: Assets/_Assets/Prefabs/Level Prefabs/pf_Level 17.prefab
  artifactKey: Guid(687a0ea4cdbdd254692fb21f18232049) Importer(815301076,1909f56bfc062723c751e8b465ee728b)
Start importing Assets/_Assets/Prefabs/Level Prefabs/pf_Level 17.prefab using Guid(687a0ea4cdbdd254692fb21f18232049) Importer(815301076,1909f56bfc062723c751e8b465ee728b)  -> (artifact id: '7878db3c8b07e61bbbe5282587848c72') in 0.969108 seconds 
  Import took 1.054950 seconds .

========================================================================
Received Import Request.
  Time since last request: 8.134587 seconds.
  path: Assets/_Assets/Scriptable Objects/Level Data/Level 15.asset
  artifactKey: Guid(4e4a743a6abcf644c930a5c1af675734) Importer(815301076,1909f56bfc062723c751e8b465ee728b)
Start importing Assets/_Assets/Scriptable Objects/Level Data/Level 15.asset using Guid(4e4a743a6abcf644c930a5c1af675734) Importer(815301076,1909f56bfc062723c751e8b465ee728b)  -> (artifact id: 'd861e58503bf0951cfed290f0892c5cf') in 0.153613 seconds 
  Import took 0.167281 seconds .

========================================================================
Received Import Request.
  Time since last request: 0.667116 seconds.
  path: Assets/_Assets/Scriptable Objects/Level Data/Level 16.asset
  artifactKey: Guid(ef41b7a28aa0a674f9bbe312a53033a6) Importer(815301076,1909f56bfc062723c751e8b465ee728b)
Start importing Assets/_Assets/Scriptable Objects/Level Data/Level 16.asset using Guid(ef41b7a28aa0a674f9bbe312a53033a6) Importer(815301076,1909f56bfc062723c751e8b465ee728b)  -> (artifact id: '025cc497711d81884e30f85220fde9ae') in 0.090629 seconds 
  Import took 0.141493 seconds .

========================================================================
Received Import Request.
  Time since last request: 0.417001 seconds.
  path: Assets/_Assets/Scriptable Objects/Level Data/Level 17.asset
  artifactKey: Guid(4dfea828c5b64a34fa8d2c76494d73b7) Importer(815301076,1909f56bfc062723c751e8b465ee728b)
Start importing Assets/_Assets/Scriptable Objects/Level Data/Level 17.asset using Guid(4dfea828c5b64a34fa8d2c76494d73b7) Importer(815301076,1909f56bfc062723c751e8b465ee728b)  -> (artifact id: '7629d21264cfe93bd5a0b68e3d18b37b') in 0.097173 seconds 
  Import took 0.137261 seconds .

========================================================================
Received Import Request.
  Time since last request: 121.860622 seconds.
  path: Assets/_Assets/FBX/Items/Props/SHIELD MASTER/trees/textures/trees1_branches_Normal.png
  artifactKey: Guid(df2ae856e6fb9f5469d3af1583c5ab56) Importer(815301076,1909f56bfc062723c751e8b465ee728b)
Start importing Assets/_Assets/FBX/Items/Props/SHIELD MASTER/trees/textures/trees1_branches_Normal.png using Guid(df2ae856e6fb9f5469d3af1583c5ab56) Importer(815301076,1909f56bfc062723c751e8b465ee728b)  -> (artifact id: '55c79160dcca641a411de71da1b05c8b') in 0.067486 seconds 
  Import took 0.119139 seconds .

========================================================================
Received Import Request.
  Time since last request: 1.844744 seconds.
  path: Assets/_Assets/FBX/Items/Props/SHIELD MASTER/trees/textures/trees1_tree1_Normal.png
  artifactKey: Guid(a1fa8bad9aef8514e88d862cc6c2e366) Importer(815301076,1909f56bfc062723c751e8b465ee728b)
Start importing Assets/_Assets/FBX/Items/Props/SHIELD MASTER/trees/textures/trees1_tree1_Normal.png using Guid(a1fa8bad9aef8514e88d862cc6c2e366) Importer(815301076,1909f56bfc062723c751e8b465ee728b)  -> (artifact id: '49aac48701616beb2a11c6e8094b7b59') in 0.090919 seconds 
  Import took 0.114649 seconds .

========================================================================
Received Import Request.
  Time since last request: 20.283974 seconds.
  path: Assets/_Assets/FBX/Items/Props/SHIELD MASTER/trees/textures/trees1_tree1_Normal.png
  artifactKey: Guid(a1fa8bad9aef8514e88d862cc6c2e366) Importer(815301076,1909f56bfc062723c751e8b465ee728b)
Start importing Assets/_Assets/FBX/Items/Props/SHIELD MASTER/trees/textures/trees1_tree1_Normal.png using Guid(a1fa8bad9aef8514e88d862cc6c2e366) Importer(815301076,1909f56bfc062723c751e8b465ee728b)  -> (artifact id: '7d0f3e9e171da09c1172326a19e28c45') in 0.051076 seconds 
  Import took 0.079744 seconds .

========================================================================
Received Import Request.
  Time since last request: 14.845705 seconds.
  path: Assets/_Assets/FBX/Items/Props/SHIELD MASTER/trees/textures/trees1_tree1_Normal.png
  artifactKey: Guid(a1fa8bad9aef8514e88d862cc6c2e366) Importer(815301076,1909f56bfc062723c751e8b465ee728b)
Start importing Assets/_Assets/FBX/Items/Props/SHIELD MASTER/trees/textures/trees1_tree1_Normal.png using Guid(a1fa8bad9aef8514e88d862cc6c2e366) Importer(815301076,1909f56bfc062723c751e8b465ee728b)  -> (artifact id: '640e54208fd8b7c285bd5bfa6025a02f') in 0.050787 seconds 
  Import took 0.092476 seconds .

========================================================================
Received Import Request.
  Time since last request: 32.831963 seconds.
  path: Assets/_Assets/FBX/Items/Props/SHIELD MASTER/trees/textures/trees1_branches_Normal.png
  artifactKey: Guid(df2ae856e6fb9f5469d3af1583c5ab56) Importer(815301076,1909f56bfc062723c751e8b465ee728b)
Start importing Assets/_Assets/FBX/Items/Props/SHIELD MASTER/trees/textures/trees1_branches_Normal.png using Guid(df2ae856e6fb9f5469d3af1583c5ab56) Importer(815301076,1909f56bfc062723c751e8b465ee728b)  -> (artifact id: 'd8447d5e704fd4ebce74459b747ef254') in 0.040784 seconds 
  Import took 0.057128 seconds .

========================================================================
Received Import Request.
  Time since last request: 7.887661 seconds.
  path: Assets/_Assets/FBX/Items/Props/trees/textures
  artifactKey: Guid(c1ee6997903c5d14783d461e36acfd5e) Importer(815301076,1909f56bfc062723c751e8b465ee728b)
Start importing Assets/_Assets/FBX/Items/Props/trees/textures using Guid(c1ee6997903c5d14783d461e36acfd5e) Importer(815301076,1909f56bfc062723c751e8b465ee728b)  -> (artifact id: '49a1355222642a91af4270e851778178') in 0.004348 seconds 
  Import took 0.015960 seconds .

========================================================================
Received Import Request.
  Time since last request: 62.343424 seconds.
  path: Assets/_Assets/Prefabs/Items/pf_tree2.prefab
  artifactKey: Guid(241bb47c944b2d64ea1e22ec3edbcdaa) Importer(815301076,1909f56bfc062723c751e8b465ee728b)
Start importing Assets/_Assets/Prefabs/Items/pf_tree2.prefab using Guid(241bb47c944b2d64ea1e22ec3edbcdaa) Importer(815301076,1909f56bfc062723c751e8b465ee728b)  -> (artifact id: 'e92c5e4f7cd6fd8e8186fde1ed1a97e3') in 0.037909 seconds 
  Import took 0.055312 seconds .

========================================================================
Received Import Request.
  Time since last request: 16.242829 seconds.
  path: Assets/_Assets/Prefabs/Items/pf_tree3.prefab
  artifactKey: Guid(de39f118090019344a14ea1da9abd7da) Importer(815301076,1909f56bfc062723c751e8b465ee728b)
Start importing Assets/_Assets/Prefabs/Items/pf_tree3.prefab using Guid(de39f118090019344a14ea1da9abd7da) Importer(815301076,1909f56bfc062723c751e8b465ee728b)  -> (artifact id: '487b6992ccb59791fe49778ef54d9bca') in 0.051189 seconds 
  Import took 0.069247 seconds .

========================================================================
Received Prepare
Registering precompiled user dll's ...
Registered in 0.013539 seconds.
Begin MonoManager ReloadAssembly
Native extension for WindowsStandalone target not found
Refreshing native plugins compatible for Editor in 3.37 ms, found 2 plugins.
Preloading 0 native plugins for Editor in 0.00 ms.
Mono: successfully reloaded assembly
- Completed reload, in  2.826 seconds
Domain Reload Profiling:
	ReloadAssembly (2826ms)
		BeginReloadAssembly (247ms)
			ExecutionOrderSort (0ms)
			DisableScriptedObjects (11ms)
			BackupInstance (0ms)
			ReleaseScriptingObjects (0ms)
			CreateAndSetChildDomain (78ms)
		EndReloadAssembly (2463ms)
			LoadAssemblies (230ms)
			RebuildTransferFunctionScriptingTraits (0ms)
			SetupTypeCache (627ms)
			ReleaseScriptCaches (2ms)
			RebuildScriptCaches (83ms)
			SetupLoadedEditorAssemblies (1225ms)
				LogAssemblyErrors (0ms)
				InitializePlatformSupportModulesInManaged (8ms)
				SetLoadedEditorAssemblies (1ms)
				RefreshPlugins (3ms)
				BeforeProcessingInitializeOnLoad (188ms)
				ProcessInitializeOnLoadAttributes (1002ms)
				ProcessInitializeOnLoadMethodAttributes (14ms)
				AfterProcessingInitializeOnLoad (8ms)
				EditorAssembliesLoaded (0ms)
			ExecutionOrderSort2 (0ms)
			AwakeInstancesAfterBackupRestoration (26ms)
Platform modules already initialized, skipping
Switching build target platform(19) subTarget(0) extendedPlatform(0) -> platform(13) subTarget(537395200) extendedPlatform(0)
Refreshing native plugins compatible for Editor in 7.58 ms, found 2 plugins.
Preloading 0 native plugins for Editor in 0.00 ms.
Unloading 3679 Unused Serialized files (Serialized files now loaded: 0)
System memory in use before: 158.9 MB.
System memory in use after: 159.1 MB.

Unloading 200 unused Assets to reduce memory usage. Loaded Objects now: 4154.
Total: 12.867500 ms (FindLiveObjects: 1.413400 ms CreateObjectMapping: 0.945200 ms MarkObjects: 10.373800 ms  DeleteObjects: 0.131700 ms)

AssetImportParameters requested are different than current active one (requested -> active):
  custom:framework-win-MediaFoundation: 216162199b28c13a410421893ffa2e32 -> 
  custom:video-decoder-ogg-theora: a1e56fd34408186e4bbccfd4996cb3dc -> 
  custom:container-muxer-webm: aa71ff27fc2769a1b78a27578f13a17b -> 
  custom:container-demuxer-webm: 4f35f7cbe854078d1ac9338744f61a02 -> 
  custom:container-demuxer-ogg: 62fdf1f143b41e24485cea50d1cbac27 -> 
  custom:video-encoder-webm-vp8: eb34c28f22e8b96e1ab97ce403110664 -> 
  custom:video-decoder-webm-vp8: 9c59270c3fd7afecdb556c50c9e8de78 -> 
  custom:graphics/normal-map-encoding: 01000000000000000000000000000000 -> 02000000000000000000000000000000
  custom:audio-decoder-ogg-vorbis: bf7c407c2cedff20999df2af8eb42d56 -> 
  custom:audio-encoder-webm-vorbis: bf7c407c2cedff20999df2af8eb42d56 -> 
========================================================================
Received Import Request.
  Time since last request: 85.379225 seconds.
  path: Assets/_Assets/FBX/Items/Props/trees/trees1.fbx
  artifactKey: Guid(6392191ce259cd146a31c0636648bc7a) Importer(815301076,1909f56bfc062723c751e8b465ee728b)
Start importing Assets/_Assets/FBX/Items/Props/trees/trees1.fbx using Guid(6392191ce259cd146a31c0636648bc7a) Importer(815301076,1909f56bfc062723c751e8b465ee728b)  -> (artifact id: '45b4e4f2ace62e4b720a04af73accf1d') in 1.557463 seconds 
  Import took 1.641496 seconds .

========================================================================
Received Import Request.
  Time since last request: 3.011801 seconds.
  path: Assets/_Assets/FBX/Items/Props/trees/Materials
  artifactKey: Guid(e304350664f9c4a47baf72bdfad41ae1) Importer(815301076,1909f56bfc062723c751e8b465ee728b)
Start importing Assets/_Assets/FBX/Items/Props/trees/Materials using Guid(e304350664f9c4a47baf72bdfad41ae1) Importer(815301076,1909f56bfc062723c751e8b465ee728b)  -> (artifact id: '05d047cd1ccbd9323c53b57085931195') in 0.136610 seconds 
  Import took 0.156007 seconds .

========================================================================
Received Import Request.
  Time since last request: 45.752344 seconds.
  path: Assets/Scenes/Game Scene.unity
  artifactKey: Guid(18859b39fb58bee45a3d5400e3aa211e) Importer(815301076,1909f56bfc062723c751e8b465ee728b)
Start importing Assets/Scenes/Game Scene.unity using Guid(18859b39fb58bee45a3d5400e3aa211e) Importer(815301076,1909f56bfc062723c751e8b465ee728b)  -> (artifact id: 'a9875308a8a7ad2ed22e46adf23c366a') in 0.006398 seconds 
  Import took 0.052624 seconds .

========================================================================
Received Prepare
Registering precompiled user dll's ...
Registered in 0.010960 seconds.
Begin MonoManager ReloadAssembly
Native extension for WindowsStandalone target not found
Refreshing native plugins compatible for Editor in 4.43 ms, found 2 plugins.
Preloading 0 native plugins for Editor in 0.00 ms.
Mono: successfully reloaded assembly
- Completed reload, in  3.247 seconds
Domain Reload Profiling:
	ReloadAssembly (3247ms)
		BeginReloadAssembly (267ms)
			ExecutionOrderSort (0ms)
			DisableScriptedObjects (16ms)
			BackupInstance (0ms)
			ReleaseScriptingObjects (0ms)
			CreateAndSetChildDomain (91ms)
		EndReloadAssembly (2838ms)
			LoadAssemblies (249ms)
			RebuildTransferFunctionScriptingTraits (0ms)
			SetupTypeCache (821ms)
			ReleaseScriptCaches (2ms)
			RebuildScriptCaches (119ms)
			SetupLoadedEditorAssemblies (1323ms)
				LogAssemblyErrors (0ms)
				InitializePlatformSupportModulesInManaged (9ms)
				SetLoadedEditorAssemblies (1ms)
				RefreshPlugins (5ms)
				BeforeProcessingInitializeOnLoad (210ms)
				ProcessInitializeOnLoadAttributes (1070ms)
				ProcessInitializeOnLoadMethodAttributes (19ms)
				AfterProcessingInitializeOnLoad (8ms)
				EditorAssembliesLoaded (1ms)
			ExecutionOrderSort2 (0ms)
			AwakeInstancesAfterBackupRestoration (37ms)
Platform modules already initialized, skipping
Switching build target platform(19) subTarget(0) extendedPlatform(0) -> platform(13) subTarget(537395200) extendedPlatform(0)
Refreshing native plugins compatible for Editor in 3.87 ms, found 2 plugins.
Preloading 0 native plugins for Editor in 0.00 ms.
Unloading 3679 Unused Serialized files (Serialized files now loaded: 0)
System memory in use before: 159.1 MB.
System memory in use after: 159.3 MB.

Unloading 200 unused Assets to reduce memory usage. Loaded Objects now: 4192.
Total: 9.112300 ms (FindLiveObjects: 0.643700 ms CreateObjectMapping: 0.298700 ms MarkObjects: 8.011100 ms  DeleteObjects: 0.156800 ms)

AssetImportParameters requested are different than current active one (requested -> active):
  custom:framework-win-MediaFoundation: 216162199b28c13a410421893ffa2e32 -> 
  custom:video-decoder-ogg-theora: a1e56fd34408186e4bbccfd4996cb3dc -> 
  custom:container-muxer-webm: aa71ff27fc2769a1b78a27578f13a17b -> 
  custom:container-demuxer-webm: 4f35f7cbe854078d1ac9338744f61a02 -> 
  custom:container-demuxer-ogg: 62fdf1f143b41e24485cea50d1cbac27 -> 
  custom:video-encoder-webm-vp8: eb34c28f22e8b96e1ab97ce403110664 -> 
  custom:video-decoder-webm-vp8: 9c59270c3fd7afecdb556c50c9e8de78 -> 
  custom:graphics/normal-map-encoding: 01000000000000000000000000000000 -> 02000000000000000000000000000000
  custom:audio-decoder-ogg-vorbis: bf7c407c2cedff20999df2af8eb42d56 -> 
  custom:audio-encoder-webm-vorbis: bf7c407c2cedff20999df2af8eb42d56 -> 
========================================================================
Received Import Request.
  Time since last request: 14.779819 seconds.
  path: Assets/_Assets/Scripts/Player Scripts/PlayerController.cs
  artifactKey: Guid(37d27dfd44b689d40a5ba884d3848e32) Importer(815301076,1909f56bfc062723c751e8b465ee728b)
Start importing Assets/_Assets/Scripts/Player Scripts/PlayerController.cs using Guid(37d27dfd44b689d40a5ba884d3848e32) Importer(815301076,1909f56bfc062723c751e8b465ee728b)  -> (artifact id: '331549ca2036cb93d666fd7c1f193b22') in 0.019873 seconds 
  Import took 0.056511 seconds .

========================================================================
Received Prepare
Refreshing native plugins compatible for Editor in 66.28 ms, found 2 plugins.
Preloading 0 native plugins for Editor in 0.00 ms.
Unloading 197 Unused Serialized files (Serialized files now loaded: 0)
System memory in use before: 90.8 MB.
System memory in use after: 91.1 MB.

Unloading 197 unused Assets to reduce memory usage. Loaded Objects now: 4192.
Total: 9.212500 ms (FindLiveObjects: 0.799500 ms CreateObjectMapping: 0.505700 ms MarkObjects: 7.769300 ms  DeleteObjects: 0.133900 ms)

AssetImportParameters requested are different than current active one (requested -> active):
  custom:framework-win-MediaFoundation: 216162199b28c13a410421893ffa2e32 -> 
  custom:video-decoder-ogg-theora: a1e56fd34408186e4bbccfd4996cb3dc -> 
  custom:container-muxer-webm: aa71ff27fc2769a1b78a27578f13a17b -> 
  custom:container-demuxer-webm: 4f35f7cbe854078d1ac9338744f61a02 -> 
  custom:container-demuxer-ogg: 62fdf1f143b41e24485cea50d1cbac27 -> 
  custom:video-encoder-webm-vp8: eb34c28f22e8b96e1ab97ce403110664 -> 
  custom:video-decoder-webm-vp8: 9c59270c3fd7afecdb556c50c9e8de78 -> 
  custom:audio-decoder-ogg-vorbis: bf7c407c2cedff20999df2af8eb42d56 -> 
  custom:audio-encoder-webm-vorbis: bf7c407c2cedff20999df2af8eb42d56 -> 
========================================================================
Received Import Request.
  Time since last request: 435.646865 seconds.
  path: Assets/_Assets/Scripts/Player Scripts/PlayerInventroy.cs
  artifactKey: Guid(8d0153e74dbd7284e8b05d7f58a82ca7) Importer(815301076,1909f56bfc062723c751e8b465ee728b)
Start importing Assets/_Assets/Scripts/Player Scripts/PlayerInventroy.cs using Guid(8d0153e74dbd7284e8b05d7f58a82ca7) Importer(815301076,1909f56bfc062723c751e8b465ee728b)  -> (artifact id: '681976cf76e61679bef3e96d07165189') in 0.007479 seconds 
  Import took 0.150176 seconds .

========================================================================
Received Import Request.
  Time since last request: 2.263006 seconds.
  path: Assets/Scenes/Main Menu.unity
  artifactKey: Guid(625db5eaf937cfe41889282f5f04f354) Importer(815301076,1909f56bfc062723c751e8b465ee728b)
Start importing Assets/Scenes/Main Menu.unity using Guid(625db5eaf937cfe41889282f5f04f354) Importer(815301076,1909f56bfc062723c751e8b465ee728b)  -> (artifact id: 'db5ce791bbdbe352dfb53e4df9f2fbb3') in 0.084806 seconds 
  Import took 0.181862 seconds .

========================================================================
Received Prepare
Registering precompiled user dll's ...
Registered in 0.253352 seconds.
Begin MonoManager ReloadAssembly
Native extension for WindowsStandalone target not found
Refreshing native plugins compatible for Editor in 7.25 ms, found 2 plugins.
Preloading 0 native plugins for Editor in 0.00 ms.
Mono: successfully reloaded assembly
- Completed reload, in  6.924 seconds
Domain Reload Profiling:
	ReloadAssembly (6960ms)
		BeginReloadAssembly (1450ms)
			ExecutionOrderSort (0ms)
			DisableScriptedObjects (218ms)
			BackupInstance (0ms)
			ReleaseScriptingObjects (0ms)
			CreateAndSetChildDomain (689ms)
		EndReloadAssembly (5203ms)
			LoadAssemblies (406ms)
			RebuildTransferFunctionScriptingTraits (1ms)
			SetupTypeCache (1415ms)
			ReleaseScriptCaches (3ms)
			RebuildScriptCaches (129ms)
			SetupLoadedEditorAssemblies (2125ms)
				LogAssemblyErrors (0ms)
				InitializePlatformSupportModulesInManaged (18ms)
				SetLoadedEditorAssemblies (4ms)
				RefreshPlugins (7ms)
				BeforeProcessingInitializeOnLoad (420ms)
				ProcessInitializeOnLoadAttributes (1627ms)
				ProcessInitializeOnLoadMethodAttributes (31ms)
				AfterProcessingInitializeOnLoad (16ms)
				EditorAssembliesLoaded (1ms)
			ExecutionOrderSort2 (0ms)
			AwakeInstancesAfterBackupRestoration (47ms)
Platform modules already initialized, skipping
Switching build target platform(19) subTarget(0) extendedPlatform(0) -> platform(13) subTarget(537395200) extendedPlatform(0)
Refreshing native plugins compatible for Editor in 7.89 ms, found 2 plugins.
Preloading 0 native plugins for Editor in 0.00 ms.
Unloading 3679 Unused Serialized files (Serialized files now loaded: 0)
System memory in use before: 159.1 MB.
System memory in use after: 159.3 MB.

Unloading 200 unused Assets to reduce memory usage. Loaded Objects now: 4194.
Total: 22.622300 ms (FindLiveObjects: 2.027400 ms CreateObjectMapping: 1.317900 ms MarkObjects: 18.993300 ms  DeleteObjects: 0.279500 ms)

AssetImportParameters requested are different than current active one (requested -> active):
  custom:framework-win-MediaFoundation: 216162199b28c13a410421893ffa2e32 -> 
  custom:video-decoder-ogg-theora: a1e56fd34408186e4bbccfd4996cb3dc -> 
  custom:container-muxer-webm: aa71ff27fc2769a1b78a27578f13a17b -> 
  custom:container-demuxer-webm: 4f35f7cbe854078d1ac9338744f61a02 -> 
  custom:container-demuxer-ogg: 62fdf1f143b41e24485cea50d1cbac27 -> 
  custom:video-encoder-webm-vp8: eb34c28f22e8b96e1ab97ce403110664 -> 
  custom:video-decoder-webm-vp8: 9c59270c3fd7afecdb556c50c9e8de78 -> 
  custom:graphics/normal-map-encoding: 01000000000000000000000000000000 -> 02000000000000000000000000000000
  custom:audio-decoder-ogg-vorbis: bf7c407c2cedff20999df2af8eb42d56 -> 
  custom:audio-encoder-webm-vorbis: bf7c407c2cedff20999df2af8eb42d56 -> 
========================================================================
Received Prepare
Refreshing native plugins compatible for Editor in 200.42 ms, found 2 plugins.
Preloading 0 native plugins for Editor in 0.00 ms.
Unloading 197 Unused Serialized files (Serialized files now loaded: 0)
System memory in use before: 90.9 MB.
System memory in use after: 91.1 MB.

Unloading 197 unused Assets to reduce memory usage. Loaded Objects now: 4194.
Total: 21.153400 ms (FindLiveObjects: 1.241000 ms CreateObjectMapping: 0.828400 ms MarkObjects: 18.664000 ms  DeleteObjects: 0.413200 ms)

AssetImportParameters requested are different than current active one (requested -> active):
  custom:framework-win-MediaFoundation: 216162199b28c13a410421893ffa2e32 -> 
  custom:video-decoder-ogg-theora: a1e56fd34408186e4bbccfd4996cb3dc -> 
  custom:container-muxer-webm: aa71ff27fc2769a1b78a27578f13a17b -> 
  custom:container-demuxer-webm: 4f35f7cbe854078d1ac9338744f61a02 -> 
  custom:container-demuxer-ogg: 62fdf1f143b41e24485cea50d1cbac27 -> 
  custom:video-encoder-webm-vp8: eb34c28f22e8b96e1ab97ce403110664 -> 
  custom:video-decoder-webm-vp8: 9c59270c3fd7afecdb556c50c9e8de78 -> 
  custom:audio-decoder-ogg-vorbis: bf7c407c2cedff20999df2af8eb42d56 -> 
  custom:audio-encoder-webm-vorbis: bf7c407c2cedff20999df2af8eb42d56 -> 
========================================================================
Received Import Request.
  Time since last request: 1035.537270 seconds.
  path: Assets/_Assets/FBX/Models
  artifactKey: Guid(fcacbfc5feffe324b8ea1d3832dc9d96) Importer(815301076,1909f56bfc062723c751e8b465ee728b)
Start importing Assets/_Assets/FBX/Models using Guid(fcacbfc5feffe324b8ea1d3832dc9d96) Importer(815301076,1909f56bfc062723c751e8b465ee728b)  -> (artifact id: 'ab3b4e2637c2a62e4199d346830c9474') in 0.234171 seconds 
  Import took 0.884863 seconds .

========================================================================
Received Import Request.
  Time since last request: 10.478481 seconds.
  path: Assets/_Assets/FBX/Items/Props/building 3/textures
  artifactKey: Guid(4a0dc77dd08e8734c8d556461bbf65e6) Importer(815301076,1909f56bfc062723c751e8b465ee728b)
Start importing Assets/_Assets/FBX/Items/Props/building 3/textures using Guid(4a0dc77dd08e8734c8d556461bbf65e6) Importer(815301076,1909f56bfc062723c751e8b465ee728b)  -> (artifact id: '0edd0610afb2b33250c0d153c7fc5dcf') in 0.047880 seconds 
  Import took 0.276558 seconds .

========================================================================
Received Import Request.
  Time since last request: 26.348501 seconds.
  path: Assets/_Assets/FBX/Items/Props/building 2/textures
  artifactKey: Guid(91b448a876014fe448771d45a91b3be6) Importer(815301076,1909f56bfc062723c751e8b465ee728b)
Start importing Assets/_Assets/FBX/Items/Props/building 2/textures using Guid(91b448a876014fe448771d45a91b3be6) Importer(815301076,1909f56bfc062723c751e8b465ee728b)  -> (artifact id: 'ba702d998bb8a106880d8578eec5cf17') in 0.101331 seconds 
  Import took 0.302527 seconds .

========================================================================
Received Import Request.
  Time since last request: 7.615088 seconds.
  path: Assets/_Assets/FBX/Items/Props/building 1/textures
  artifactKey: Guid(4857a796882a675458c70886a4318919) Importer(815301076,1909f56bfc062723c751e8b465ee728b)
Start importing Assets/_Assets/FBX/Items/Props/building 1/textures using Guid(4857a796882a675458c70886a4318919) Importer(815301076,1909f56bfc062723c751e8b465ee728b)  -> (artifact id: 'e350d368ebf42e7fc7708ac40d70171e') in 0.048010 seconds 
  Import took 0.140362 seconds .

========================================================================
Received Import Request.
  Time since last request: 4.085659 seconds.
  path: Assets/_Assets/FBX/Items/Props/building 1/Materials
  artifactKey: Guid(a88f4e30e550a2e4dbe6e56e81a9f5d9) Importer(815301076,1909f56bfc062723c751e8b465ee728b)
Start importing Assets/_Assets/FBX/Items/Props/building 1/Materials using Guid(a88f4e30e550a2e4dbe6e56e81a9f5d9) Importer(815301076,1909f56bfc062723c751e8b465ee728b)  -> (artifact id: '237edc307b47d8dfc748a118f582f741') in 0.005591 seconds 
  Import took 0.020948 seconds .

========================================================================
Received Import Request.
  Time since last request: 13.540760 seconds.
  path: Assets/_Assets/FBX/Items/Props/building 2/Materials
  artifactKey: Guid(0ba44f582166eba4b907ff2ceda9bd46) Importer(815301076,1909f56bfc062723c751e8b465ee728b)
Start importing Assets/_Assets/FBX/Items/Props/building 2/Materials using Guid(0ba44f582166eba4b907ff2ceda9bd46) Importer(815301076,1909f56bfc062723c751e8b465ee728b)  -> (artifact id: '033e2a19646164609976a9864a23c3f4') in 0.005478 seconds 
  Import took 0.241072 seconds .

========================================================================
Received Import Request.
  Time since last request: 3.823982 seconds.
  path: Assets/_Assets/FBX/Items/Props/building 3/Materials
  artifactKey: Guid(8f0bf8d6924f42b41a299ce08b0990df) Importer(815301076,1909f56bfc062723c751e8b465ee728b)
Start importing Assets/_Assets/FBX/Items/Props/building 3/Materials using Guid(8f0bf8d6924f42b41a299ce08b0990df) Importer(815301076,1909f56bfc062723c751e8b465ee728b)  -> (artifact id: 'b6a14e11ddc242a5bbce4391fee6ca2c') in 0.005840 seconds 
  Import took 0.119224 seconds .

========================================================================
Received Import Request.
  Time since last request: 9.368867 seconds.
  path: Assets/_Assets/FBX/Items/Props/building 3
  artifactKey: Guid(2c9eb6e3980312e4782008d09c987a69) Importer(815301076,1909f56bfc062723c751e8b465ee728b)
Start importing Assets/_Assets/FBX/Items/Props/building 3 using Guid(2c9eb6e3980312e4782008d09c987a69) Importer(815301076,1909f56bfc062723c751e8b465ee728b)  -> (artifact id: '2b7f57285b474af3efcbc49e7b0eb1a9') in 0.043439 seconds 
  Import took 0.145352 seconds .

========================================================================
Received Import Request.
  Time since last request: 40.472474 seconds.
  path: Assets/_Assets/FBX/Items/Props/building 2
  artifactKey: Guid(4cb3439607696804681869da44e74387) Importer(815301076,1909f56bfc062723c751e8b465ee728b)
Start importing Assets/_Assets/FBX/Items/Props/building 2 using Guid(4cb3439607696804681869da44e74387) Importer(815301076,1909f56bfc062723c751e8b465ee728b)  -> (artifact id: '4b352ae48510b4d3988363cf36b17ad1') in 0.060078 seconds 
  Import took 0.257284 seconds .

========================================================================
Received Import Request.
  Time since last request: 6.280782 seconds.
  path: Assets/_Assets/FBX/Items/Props/SHIELD MASTER/building 1
  artifactKey: Guid(ad4c034c3baf43e43ba7e60599e86e77) Importer(815301076,1909f56bfc062723c751e8b465ee728b)
Start importing Assets/_Assets/FBX/Items/Props/SHIELD MASTER/building 1 using Guid(ad4c034c3baf43e43ba7e60599e86e77) Importer(815301076,1909f56bfc062723c751e8b465ee728b)  -> (artifact id: 'fab063609d698765f47ce7bfdd49bdba') in 0.059635 seconds 
  Import took 0.220170 seconds .

========================================================================
Received Import Request.
  Time since last request: 0.343523 seconds.
  path: Assets/_Assets/FBX/Items/Props/SHIELD MASTER/building 2
  artifactKey: Guid(99edd78f370d51e4d8ddef6e4bc32164) Importer(815301076,1909f56bfc062723c751e8b465ee728b)
Start importing Assets/_Assets/FBX/Items/Props/SHIELD MASTER/building 2 using Guid(99edd78f370d51e4d8ddef6e4bc32164) Importer(815301076,1909f56bfc062723c751e8b465ee728b)  -> (artifact id: 'd63748a9c71e927a5712df888a21fe2f') in 0.074367 seconds 
  Import took 0.189724 seconds .

========================================================================
Received Import Request.
  Time since last request: 15.296844 seconds.
  path: Assets/_Assets/FBX/Items/Props/trees
  artifactKey: Guid(f28befcca5ac1f3429739d37b5ea7434) Importer(815301076,1909f56bfc062723c751e8b465ee728b)
Start importing Assets/_Assets/FBX/Items/Props/trees using Guid(f28befcca5ac1f3429739d37b5ea7434) Importer(815301076,1909f56bfc062723c751e8b465ee728b)  -> (artifact id: '1c8db314e05071a06359e80c9ba0b64c') in 0.037088 seconds 
  Import took 0.116093 seconds .

========================================================================
Received Import Request.
  Time since last request: 10.706598 seconds.
  path: Assets/_Assets/FBX/Items/Props/SHIELD MASTER
  artifactKey: Guid(d47e67e347d806d49b7a6d4a6f76d3cb) Importer(815301076,1909f56bfc062723c751e8b465ee728b)
Start importing Assets/_Assets/FBX/Items/Props/SHIELD MASTER using Guid(d47e67e347d806d49b7a6d4a6f76d3cb) Importer(815301076,1909f56bfc062723c751e8b465ee728b)  -> (artifact id: 'f5453d31ebed2ccac8c33b33b43beab8') in 0.067008 seconds 
  Import took 0.145959 seconds .

========================================================================
Received Prepare
Registering precompiled user dll's ...
Registered in 0.200801 seconds.
Begin MonoManager ReloadAssembly
Native extension for WindowsStandalone target not found
Refreshing native plugins compatible for Editor in 3.49 ms, found 2 plugins.
Preloading 0 native plugins for Editor in 0.00 ms.
Mono: successfully reloaded assembly
- Completed reload, in  6.699 seconds
Domain Reload Profiling:
	ReloadAssembly (6703ms)
		BeginReloadAssembly (1386ms)
			ExecutionOrderSort (0ms)
			DisableScriptedObjects (93ms)
			BackupInstance (0ms)
			ReleaseScriptingObjects (0ms)
			CreateAndSetChildDomain (811ms)
		EndReloadAssembly (5088ms)
			LoadAssemblies (634ms)
			RebuildTransferFunctionScriptingTraits (1ms)
			SetupTypeCache (1783ms)
			ReleaseScriptCaches (5ms)
			RebuildScriptCaches (240ms)
			SetupLoadedEditorAssemblies (1580ms)
				LogAssemblyErrors (0ms)
				InitializePlatformSupportModulesInManaged (9ms)
				SetLoadedEditorAssemblies (1ms)
				RefreshPlugins (4ms)
				BeforeProcessingInitializeOnLoad (253ms)
				ProcessInitializeOnLoadAttributes (1281ms)
				ProcessInitializeOnLoadMethodAttributes (19ms)
				AfterProcessingInitializeOnLoad (11ms)
				EditorAssembliesLoaded (1ms)
			ExecutionOrderSort2 (0ms)
			AwakeInstancesAfterBackupRestoration (42ms)
Platform modules already initialized, skipping
Switching build target platform(19) subTarget(0) extendedPlatform(0) -> platform(13) subTarget(537395200) extendedPlatform(0)
Refreshing native plugins compatible for Editor in 15.54 ms, found 2 plugins.
Preloading 0 native plugins for Editor in 0.00 ms.
Unloading 3679 Unused Serialized files (Serialized files now loaded: 0)
System memory in use before: 159.1 MB.
System memory in use after: 159.4 MB.

Unloading 200 unused Assets to reduce memory usage. Loaded Objects now: 4196.
Total: 30.833300 ms (FindLiveObjects: 3.732700 ms CreateObjectMapping: 2.262500 ms MarkObjects: 24.132200 ms  DeleteObjects: 0.698100 ms)

AssetImportParameters requested are different than current active one (requested -> active):
  custom:framework-win-MediaFoundation: 216162199b28c13a410421893ffa2e32 -> 
  custom:video-decoder-ogg-theora: a1e56fd34408186e4bbccfd4996cb3dc -> 
  custom:container-muxer-webm: aa71ff27fc2769a1b78a27578f13a17b -> 
  custom:container-demuxer-webm: 4f35f7cbe854078d1ac9338744f61a02 -> 
  custom:container-demuxer-ogg: 62fdf1f143b41e24485cea50d1cbac27 -> 
  custom:video-encoder-webm-vp8: eb34c28f22e8b96e1ab97ce403110664 -> 
  custom:video-decoder-webm-vp8: 9c59270c3fd7afecdb556c50c9e8de78 -> 
  custom:graphics/normal-map-encoding: 01000000000000000000000000000000 -> 02000000000000000000000000000000
  custom:audio-decoder-ogg-vorbis: bf7c407c2cedff20999df2af8eb42d56 -> 
  custom:audio-encoder-webm-vorbis: bf7c407c2cedff20999df2af8eb42d56 -> 
========================================================================
Received Prepare
Registering precompiled user dll's ...
Registered in 0.048038 seconds.
Begin MonoManager ReloadAssembly
Native extension for WindowsStandalone target not found
Refreshing native plugins compatible for Editor in 4.01 ms, found 2 plugins.
Preloading 0 native plugins for Editor in 0.00 ms.
Mono: successfully reloaded assembly
- Completed reload, in  6.140 seconds
Domain Reload Profiling:
	ReloadAssembly (6141ms)
		BeginReloadAssembly (658ms)
			ExecutionOrderSort (0ms)
			DisableScriptedObjects (33ms)
			BackupInstance (0ms)
			ReleaseScriptingObjects (0ms)
			CreateAndSetChildDomain (222ms)
		EndReloadAssembly (5153ms)
			LoadAssemblies (600ms)
			RebuildTransferFunctionScriptingTraits (0ms)
			SetupTypeCache (2012ms)
			ReleaseScriptCaches (3ms)
			RebuildScriptCaches (307ms)
			SetupLoadedEditorAssemblies (1589ms)
				LogAssemblyErrors (0ms)
				InitializePlatformSupportModulesInManaged (9ms)
				SetLoadedEditorAssemblies (1ms)
				RefreshPlugins (4ms)
				BeforeProcessingInitializeOnLoad (336ms)
				ProcessInitializeOnLoadAttributes (1201ms)
				ProcessInitializeOnLoadMethodAttributes (26ms)
				AfterProcessingInitializeOnLoad (11ms)
				EditorAssembliesLoaded (1ms)
			ExecutionOrderSort2 (0ms)
			AwakeInstancesAfterBackupRestoration (35ms)
Platform modules already initialized, skipping
Switching build target platform(19) subTarget(0) extendedPlatform(0) -> platform(13) subTarget(537395200) extendedPlatform(0)
Refreshing native plugins compatible for Editor in 13.41 ms, found 2 plugins.
Preloading 0 native plugins for Editor in 0.00 ms.
Unloading 3679 Unused Serialized files (Serialized files now loaded: 0)
System memory in use before: 159.1 MB.
System memory in use after: 159.4 MB.

Unloading 200 unused Assets to reduce memory usage. Loaded Objects now: 4198.
Total: 22.307400 ms (FindLiveObjects: 1.613200 ms CreateObjectMapping: 1.107000 ms MarkObjects: 19.335600 ms  DeleteObjects: 0.247900 ms)

AssetImportParameters requested are different than current active one (requested -> active):
  custom:framework-win-MediaFoundation: 216162199b28c13a410421893ffa2e32 -> 
  custom:video-decoder-ogg-theora: a1e56fd34408186e4bbccfd4996cb3dc -> 
  custom:container-muxer-webm: aa71ff27fc2769a1b78a27578f13a17b -> 
  custom:container-demuxer-webm: 4f35f7cbe854078d1ac9338744f61a02 -> 
  custom:container-demuxer-ogg: 62fdf1f143b41e24485cea50d1cbac27 -> 
  custom:video-encoder-webm-vp8: eb34c28f22e8b96e1ab97ce403110664 -> 
  custom:video-decoder-webm-vp8: 9c59270c3fd7afecdb556c50c9e8de78 -> 
  custom:graphics/normal-map-encoding: 01000000000000000000000000000000 -> 02000000000000000000000000000000
  custom:audio-decoder-ogg-vorbis: bf7c407c2cedff20999df2af8eb42d56 -> 
  custom:audio-encoder-webm-vorbis: bf7c407c2cedff20999df2af8eb42d56 -> 
========================================================================
Received Prepare
Registering precompiled user dll's ...
Registered in 0.030080 seconds.
Begin MonoManager ReloadAssembly
Native extension for WindowsStandalone target not found
Refreshing native plugins compatible for Editor in 4.37 ms, found 2 plugins.
Preloading 0 native plugins for Editor in 0.00 ms.
Mono: successfully reloaded assembly
- Completed reload, in  3.540 seconds
Domain Reload Profiling:
	ReloadAssembly (3541ms)
		BeginReloadAssembly (285ms)
			ExecutionOrderSort (0ms)
			DisableScriptedObjects (10ms)
			BackupInstance (0ms)
			ReleaseScriptingObjects (0ms)
			CreateAndSetChildDomain (101ms)
		EndReloadAssembly (3143ms)
			LoadAssemblies (240ms)
			RebuildTransferFunctionScriptingTraits (0ms)
			SetupTypeCache (767ms)
			ReleaseScriptCaches (2ms)
			RebuildScriptCaches (125ms)
			SetupLoadedEditorAssemblies (1475ms)
				LogAssemblyErrors (0ms)
				InitializePlatformSupportModulesInManaged (9ms)
				SetLoadedEditorAssemblies (1ms)
				RefreshPlugins (5ms)
				BeforeProcessingInitializeOnLoad (199ms)
				ProcessInitializeOnLoadAttributes (1203ms)
				ProcessInitializeOnLoadMethodAttributes (36ms)
				AfterProcessingInitializeOnLoad (20ms)
				EditorAssembliesLoaded (1ms)
			ExecutionOrderSort2 (0ms)
			AwakeInstancesAfterBackupRestoration (75ms)
Platform modules already initialized, skipping
Switching build target platform(19) subTarget(0) extendedPlatform(0) -> platform(13) subTarget(537395200) extendedPlatform(0)
Refreshing native plugins compatible for Editor in 4.22 ms, found 2 plugins.
Preloading 0 native plugins for Editor in 0.00 ms.
Unloading 3679 Unused Serialized files (Serialized files now loaded: 0)
System memory in use before: 159.1 MB.
System memory in use after: 159.4 MB.

Unloading 200 unused Assets to reduce memory usage. Loaded Objects now: 4200.
Total: 8.457800 ms (FindLiveObjects: 0.655800 ms CreateObjectMapping: 0.311800 ms MarkObjects: 7.341900 ms  DeleteObjects: 0.146000 ms)

AssetImportParameters requested are different than current active one (requested -> active):
  custom:framework-win-MediaFoundation: 216162199b28c13a410421893ffa2e32 -> 
  custom:video-decoder-ogg-theora: a1e56fd34408186e4bbccfd4996cb3dc -> 
  custom:container-muxer-webm: aa71ff27fc2769a1b78a27578f13a17b -> 
  custom:container-demuxer-webm: 4f35f7cbe854078d1ac9338744f61a02 -> 
  custom:container-demuxer-ogg: 62fdf1f143b41e24485cea50d1cbac27 -> 
  custom:video-encoder-webm-vp8: eb34c28f22e8b96e1ab97ce403110664 -> 
  custom:video-decoder-webm-vp8: 9c59270c3fd7afecdb556c50c9e8de78 -> 
  custom:graphics/normal-map-encoding: 01000000000000000000000000000000 -> 02000000000000000000000000000000
  custom:audio-decoder-ogg-vorbis: bf7c407c2cedff20999df2af8eb42d56 -> 
  custom:audio-encoder-webm-vorbis: bf7c407c2cedff20999df2af8eb42d56 -> 
AssetImportWorkerClient::OnTransportError - code=2 error=End of file
